ARM GAS  C:\Users\JASON\AppData\Local\Temp\ccwG0VHB.s 			page 1


   1              		.syntax unified
   2              		.cpu cortex-m3
   3              		.fpu softvfp
   4              		.eabi_attribute 20, 1
   5              		.eabi_attribute 21, 1
   6              		.eabi_attribute 23, 3
   7              		.eabi_attribute 24, 1
   8              		.eabi_attribute 25, 1
   9              		.eabi_attribute 26, 1
  10              		.eabi_attribute 30, 1
  11              		.eabi_attribute 34, 1
  12              		.eabi_attribute 18, 4
  13              		.thumb
  14              		.syntax unified
  15              		.file	"button.c"
  16              		.text
  17              	.Ltext0:
  18              		.cfi_sections	.debug_frame
  19              		.section	.text.BUTTON_Init,"ax",%progbits
  20              		.align	2
  21              		.global	BUTTON_Init
  22              		.thumb
  23              		.thumb_func
  24              		.type	BUTTON_Init, %function
  25              	BUTTON_Init:
  26              	.LFB110:
  27              		.file 1 "source\\bsw\\LabBoard\\button.c"
   1:source\bsw\LabBoard/button.c **** /**
   2:source\bsw\LabBoard/button.c **** * \file button.c
   3:source\bsw\LabBoard/button.c **** * \author P. Fromm
   4:source\bsw\LabBoard/button.c **** * \date 29.7.17
   5:source\bsw\LabBoard/button.c **** *
   6:source\bsw\LabBoard/button.c **** * \brief Simple button driver
   7:source\bsw\LabBoard/button.c **** *
   8:source\bsw\LabBoard/button.c **** * \copyright Copyright ©2016
   9:source\bsw\LabBoard/button.c **** * Department of electrical engineering and information technology, Hochschule Darmstadt - Universit
  10:source\bsw\LabBoard/button.c **** * Permission to use, copy, modify, and distribute this software and its documentation for education
  11:source\bsw\LabBoard/button.c **** * (unless permitted by h_da) and official h_da projects, is hereby granted for enrolled students of
  12:source\bsw\LabBoard/button.c **** * this paragraph and the following paragraph appear in all copies, modifications, and distributions
  13:source\bsw\LabBoard/button.c **** * Contact Prof.Dr.-Ing. Peter Fromm, peter.fromm@h-da.de, Birkenweg 8 64295 Darmstadt - GERMANY for
  14:source\bsw\LabBoard/button.c **** *
  15:source\bsw\LabBoard/button.c **** * \warning This software is a PROTOTYPE version and is not designed or intended for use in producti
  16:source\bsw\LabBoard/button.c **** * The user represents and warrants that it will NOT use or redistribute the Software for such purpo
  17:source\bsw\LabBoard/button.c **** * This prototype is for research purposes only. This software is provided "AS IS," without a warran
  18:source\bsw\LabBoard/button.c **** */
  19:source\bsw\LabBoard/button.c **** 
  20:source\bsw\LabBoard/button.c **** /*****************************************************************************/
  21:source\bsw\LabBoard/button.c **** /* Include files                                                             */
  22:source\bsw\LabBoard/button.c **** /*****************************************************************************/
  23:source\bsw\LabBoard/button.c **** #include "project.h"
  24:source\bsw\LabBoard/button.c **** #include "button.h"
  25:source\bsw\LabBoard/button.c **** 
  26:source\bsw\LabBoard/button.c **** #include "button_1.h"
  27:source\bsw\LabBoard/button.c **** #include "button_2.h"
  28:source\bsw\LabBoard/button.c **** #include "button_3.h"
  29:source\bsw\LabBoard/button.c **** #include "button_4.h"
  30:source\bsw\LabBoard/button.c **** 
ARM GAS  C:\Users\JASON\AppData\Local\Temp\ccwG0VHB.s 			page 2


  31:source\bsw\LabBoard/button.c **** 
  32:source\bsw\LabBoard/button.c **** /*****************************************************************************/
  33:source\bsw\LabBoard/button.c **** /* Local pre-processor symbols/macros ('#define')                            */
  34:source\bsw\LabBoard/button.c **** /*****************************************************************************/
  35:source\bsw\LabBoard/button.c **** 
  36:source\bsw\LabBoard/button.c **** /*****************************************************************************/
  37:source\bsw\LabBoard/button.c **** /* Global variable definitions (declared in header file with 'extern')       */
  38:source\bsw\LabBoard/button.c **** /*****************************************************************************/
  39:source\bsw\LabBoard/button.c **** 
  40:source\bsw\LabBoard/button.c **** /*****************************************************************************/
  41:source\bsw\LabBoard/button.c **** /* Local type definitions ('typedef')                                        */
  42:source\bsw\LabBoard/button.c **** /*****************************************************************************/
  43:source\bsw\LabBoard/button.c **** 
  44:source\bsw\LabBoard/button.c **** /*****************************************************************************/
  45:source\bsw\LabBoard/button.c **** /* Local variable definitions ('static')                                     */
  46:source\bsw\LabBoard/button.c **** /*****************************************************************************/
  47:source\bsw\LabBoard/button.c **** 
  48:source\bsw\LabBoard/button.c **** 
  49:source\bsw\LabBoard/button.c **** 
  50:source\bsw\LabBoard/button.c **** /*****************************************************************************/
  51:source\bsw\LabBoard/button.c **** /* Local function prototypes ('static')                                      */
  52:source\bsw\LabBoard/button.c **** /*****************************************************************************/
  53:source\bsw\LabBoard/button.c **** 
  54:source\bsw\LabBoard/button.c **** 
  55:source\bsw\LabBoard/button.c **** /*****************************************************************************/
  56:source\bsw\LabBoard/button.c **** /* Function implementation - global ('extern') and local ('static')          */
  57:source\bsw\LabBoard/button.c **** /*****************************************************************************/
  58:source\bsw\LabBoard/button.c **** 
  59:source\bsw\LabBoard/button.c **** /**
  60:source\bsw\LabBoard/button.c ****  * Initialize Button
  61:source\bsw\LabBoard/button.c ****  * @return RC_SUCCESS if ok
  62:source\bsw\LabBoard/button.c ****  */
  63:source\bsw\LabBoard/button.c **** RC_t BUTTON_Init(cyisraddress address)
  64:source\bsw\LabBoard/button.c **** {
  28              		.loc 1 64 0
  29              		.cfi_startproc
  30              		@ args = 0, pretend = 0, frame = 0
  31              		@ frame_needed = 0, uses_anonymous_args = 0
  32              	.LVL0:
  65:source\bsw\LabBoard/button.c ****  
  66:source\bsw\LabBoard/button.c ****     if (address != 0)
  33              		.loc 1 66 0
  34 0000 20B1     		cbz	r0, .L4
  64:source\bsw\LabBoard/button.c ****  
  35              		.loc 1 64 0
  36 0002 08B5     		push	{r3, lr}
  37              		.cfi_def_cfa_offset 8
  38              		.cfi_offset 3, -8
  39              		.cfi_offset 14, -4
  40              	.LBB2:
  67:source\bsw\LabBoard/button.c ****     {
  68:source\bsw\LabBoard/button.c ****         isr_Button_StartEx(address);
  41              		.loc 1 68 0
  42 0004 FFF7FEFF 		bl	isr_Button_StartEx
  43              	.LVL1:
  44              	.LBE2:
  69:source\bsw\LabBoard/button.c ****     }
ARM GAS  C:\Users\JASON\AppData\Local\Temp\ccwG0VHB.s 			page 3


  70:source\bsw\LabBoard/button.c ****     
  71:source\bsw\LabBoard/button.c ****     return RC_SUCCESS;
  72:source\bsw\LabBoard/button.c **** }
  45              		.loc 1 72 0
  46 0008 0020     		movs	r0, #0
  47 000a 08BD     		pop	{r3, pc}
  48              	.LVL2:
  49              	.L4:
  50              		.cfi_def_cfa_offset 0
  51              		.cfi_restore 3
  52              		.cfi_restore 14
  53 000c 0020     		movs	r0, #0
  54              	.LVL3:
  55 000e 7047     		bx	lr
  56              		.cfi_endproc
  57              	.LFE110:
  58              		.size	BUTTON_Init, .-BUTTON_Init
  59              		.section	.text.BUTTON_IsPressed,"ax",%progbits
  60              		.align	2
  61              		.global	BUTTON_IsPressed
  62              		.thumb
  63              		.thumb_func
  64              		.type	BUTTON_IsPressed, %function
  65              	BUTTON_IsPressed:
  66              	.LFB111:
  73:source\bsw\LabBoard/button.c **** 
  74:source\bsw\LabBoard/button.c **** /**
  75:source\bsw\LabBoard/button.c ****  * Initialize Button
  76:source\bsw\LabBoard/button.c ****  * @param BUTTON_id_t button - check if the corresponding button is pressed
  77:source\bsw\LabBoard/button.c ****  * @return TRUE if button is pressed
  78:source\bsw\LabBoard/button.c ****  */
  79:source\bsw\LabBoard/button.c **** boolean_t BUTTON_IsPressed(BUTTON_id_t button)
  80:source\bsw\LabBoard/button.c **** {
  67              		.loc 1 80 0
  68              		.cfi_startproc
  69              		@ args = 0, pretend = 0, frame = 0
  70              		@ frame_needed = 0, uses_anonymous_args = 0
  71              	.LVL4:
  72 0000 08B5     		push	{r3, lr}
  73              		.cfi_def_cfa_offset 8
  74              		.cfi_offset 3, -8
  75              		.cfi_offset 14, -4
  76              	.LVL5:
  81:source\bsw\LabBoard/button.c ****     boolean_t result = FALSE;
  82:source\bsw\LabBoard/button.c ****     
  83:source\bsw\LabBoard/button.c ****     switch (button)
  77              		.loc 1 83 0
  78 0002 0328     		cmp	r0, #3
  79 0004 1BD8     		bhi	.L12
  80 0006 DFE800F0 		tbb	[pc, r0]
  81              	.L8:
  82 000a 02       		.byte	(.L7-.L8)/2
  83 000b 08       		.byte	(.L9-.L8)/2
  84 000c 0E       		.byte	(.L10-.L8)/2
  85 000d 14       		.byte	(.L11-.L8)/2
  86              		.p2align 1
  87              	.L7:
ARM GAS  C:\Users\JASON\AppData\Local\Temp\ccwG0VHB.s 			page 4


  88              	.LBB3:
  84:source\bsw\LabBoard/button.c ****     {
  85:source\bsw\LabBoard/button.c ****         case BUTTON_1 : if (BUTTON_1_Read() == 1) result = TRUE; break;
  89              		.loc 1 85 0
  90 000e FFF7FEFF 		bl	BUTTON_1_Read
  91              	.LVL6:
  92 0012 0128     		cmp	r0, #1
  93 0014 15D0     		beq	.L13
  94              	.LBE3:
  81:source\bsw\LabBoard/button.c ****     boolean_t result = FALSE;
  95              		.loc 1 81 0
  96 0016 0020     		movs	r0, #0
  97 0018 08BD     		pop	{r3, pc}
  98              	.LVL7:
  99              	.L9:
 100              	.LBB4:
  86:source\bsw\LabBoard/button.c ****         case BUTTON_2 : if (BUTTON_2_Read() == 1) result = TRUE; break;
 101              		.loc 1 86 0
 102 001a FFF7FEFF 		bl	BUTTON_2_Read
 103              	.LVL8:
 104 001e 0128     		cmp	r0, #1
 105 0020 11D0     		beq	.L14
 106              	.LBE4:
  81:source\bsw\LabBoard/button.c ****     boolean_t result = FALSE;
 107              		.loc 1 81 0
 108 0022 0020     		movs	r0, #0
 109 0024 08BD     		pop	{r3, pc}
 110              	.LVL9:
 111              	.L10:
 112              	.LBB5:
  87:source\bsw\LabBoard/button.c ****         case BUTTON_3 : if (BUTTON_3_Read() == 1) result = TRUE; break;
 113              		.loc 1 87 0
 114 0026 FFF7FEFF 		bl	BUTTON_3_Read
 115              	.LVL10:
 116 002a 0128     		cmp	r0, #1
 117 002c 0DD0     		beq	.L15
 118              	.LBE5:
  81:source\bsw\LabBoard/button.c ****     
 119              		.loc 1 81 0
 120 002e 0020     		movs	r0, #0
 121 0030 08BD     		pop	{r3, pc}
 122              	.LVL11:
 123              	.L11:
 124              	.LBB6:
  88:source\bsw\LabBoard/button.c ****         case BUTTON_4 : if (BUTTON_4_Read() == 1) result = TRUE; break;
 125              		.loc 1 88 0
 126 0032 FFF7FEFF 		bl	BUTTON_4_Read
 127              	.LVL12:
 128 0036 0128     		cmp	r0, #1
 129 0038 09D0     		beq	.L16
 130              	.LBE6:
  81:source\bsw\LabBoard/button.c ****     
 131              		.loc 1 81 0
 132 003a 0020     		movs	r0, #0
 133 003c 08BD     		pop	{r3, pc}
 134              	.LVL13:
 135              	.L12:
ARM GAS  C:\Users\JASON\AppData\Local\Temp\ccwG0VHB.s 			page 5


 136 003e 0020     		movs	r0, #0
 137              	.LVL14:
 138 0040 08BD     		pop	{r3, pc}
 139              	.L13:
 140              	.LBB7:
  85:source\bsw\LabBoard/button.c ****         case BUTTON_2 : if (BUTTON_2_Read() == 1) result = TRUE; break;
 141              		.loc 1 85 0
 142 0042 0120     		movs	r0, #1
 143 0044 08BD     		pop	{r3, pc}
 144              	.L14:
 145              	.LBE7:
 146              	.LBB8:
  86:source\bsw\LabBoard/button.c ****         case BUTTON_3 : if (BUTTON_3_Read() == 1) result = TRUE; break;
 147              		.loc 1 86 0
 148 0046 0120     		movs	r0, #1
 149 0048 08BD     		pop	{r3, pc}
 150              	.L15:
 151              	.LBE8:
 152              	.LBB9:
  87:source\bsw\LabBoard/button.c ****         case BUTTON_4 : if (BUTTON_4_Read() == 1) result = TRUE; break;
 153              		.loc 1 87 0
 154 004a 0120     		movs	r0, #1
 155 004c 08BD     		pop	{r3, pc}
 156              	.L16:
 157              	.LBE9:
 158              	.LBB10:
 159              		.loc 1 88 0
 160 004e 0120     		movs	r0, #1
 161              	.LVL15:
 162              	.LBE10:
  89:source\bsw\LabBoard/button.c ****     }
  90:source\bsw\LabBoard/button.c ****     
  91:source\bsw\LabBoard/button.c ****     return result;
  92:source\bsw\LabBoard/button.c **** }
 163              		.loc 1 92 0
 164 0050 08BD     		pop	{r3, pc}
 165              		.cfi_endproc
 166              	.LFE111:
 167              		.size	BUTTON_IsPressed, .-BUTTON_IsPressed
 168 0052 00BF     		.text
 169              	.Letext0:
 170              		.file 2 "c:\\program files (x86)\\cypress\\psoc creator\\4.4\\psoc creator\\import\\gnu\\arm\\5.4.
 171              		.file 3 "c:\\program files (x86)\\cypress\\psoc creator\\4.4\\psoc creator\\import\\gnu\\arm\\5.4.
 172              		.file 4 "Generated_Source\\PSoC5/cytypes.h"
 173              		.file 5 "Generated_Source\\PSoC5/ErikaOS_common_ee_types.inc"
 174              		.file 6 "Generated_Source\\PSoC5/ErikaOS_cortex_mx_ee_cpu.inc"
 175              		.file 7 ".\\source\\bsw/global.h"
 176              		.file 8 "source\\bsw\\LabBoard\\button.h"
 177              		.file 9 "Generated_Source\\PSoC5/ErikaOS_ee_oo_intfunc.inc"
 178              		.file 10 "Generated_Source\\PSoC5/ErikaOS_cortex_mx_ee_context.inc"
 179              		.file 11 "Generated_Source\\PSoC5/ErikaOS_common_ee_primitives.inc"
 180              		.file 12 "Generated_Source\\PSoC5/core_cm3.h"
 181              		.section	.debug_info,"",%progbits
 182              	.Ldebug_info0:
 183 0000 76030000 		.4byte	0x376
 184 0004 0400     		.2byte	0x4
 185 0006 00000000 		.4byte	.Ldebug_abbrev0
ARM GAS  C:\Users\JASON\AppData\Local\Temp\ccwG0VHB.s 			page 6


 186 000a 04       		.byte	0x4
 187 000b 01       		.uleb128 0x1
 188 000c 21030000 		.4byte	.LASF70
 189 0010 0C       		.byte	0xc
 190 0011 BB010000 		.4byte	.LASF71
 191 0015 70020000 		.4byte	.LASF72
 192 0019 60000000 		.4byte	.Ldebug_ranges0+0x60
 193 001d 00000000 		.4byte	0
 194 0021 00000000 		.4byte	.Ldebug_line0
 195 0025 02       		.uleb128 0x2
 196 0026 01       		.byte	0x1
 197 0027 06       		.byte	0x6
 198 0028 4D020000 		.4byte	.LASF0
 199 002c 02       		.uleb128 0x2
 200 002d 01       		.byte	0x1
 201 002e 08       		.byte	0x8
 202 002f 26020000 		.4byte	.LASF1
 203 0033 02       		.uleb128 0x2
 204 0034 02       		.byte	0x2
 205 0035 05       		.byte	0x5
 206 0036 39000000 		.4byte	.LASF2
 207 003a 02       		.uleb128 0x2
 208 003b 02       		.byte	0x2
 209 003c 07       		.byte	0x7
 210 003d 0E030000 		.4byte	.LASF3
 211 0041 03       		.uleb128 0x3
 212 0042 52040000 		.4byte	.LASF9
 213 0046 02       		.byte	0x2
 214 0047 3F       		.byte	0x3f
 215 0048 4C000000 		.4byte	0x4c
 216 004c 02       		.uleb128 0x2
 217 004d 04       		.byte	0x4
 218 004e 05       		.byte	0x5
 219 004f A0010000 		.4byte	.LASF4
 220 0053 02       		.uleb128 0x2
 221 0054 04       		.byte	0x4
 222 0055 07       		.byte	0x7
 223 0056 03040000 		.4byte	.LASF5
 224 005a 02       		.uleb128 0x2
 225 005b 08       		.byte	0x8
 226 005c 05       		.byte	0x5
 227 005d 55010000 		.4byte	.LASF6
 228 0061 02       		.uleb128 0x2
 229 0062 08       		.byte	0x8
 230 0063 07       		.byte	0x7
 231 0064 59020000 		.4byte	.LASF7
 232 0068 04       		.uleb128 0x4
 233 0069 04       		.byte	0x4
 234 006a 05       		.byte	0x5
 235 006b 696E7400 		.ascii	"int\000"
 236 006f 02       		.uleb128 0x2
 237 0070 04       		.byte	0x4
 238 0071 07       		.byte	0x7
 239 0072 BE020000 		.4byte	.LASF8
 240 0076 03       		.uleb128 0x3
 241 0077 D5030000 		.4byte	.LASF10
 242 007b 03       		.byte	0x3
ARM GAS  C:\Users\JASON\AppData\Local\Temp\ccwG0VHB.s 			page 7


 243 007c 2C       		.byte	0x2c
 244 007d 41000000 		.4byte	0x41
 245 0081 02       		.uleb128 0x2
 246 0082 04       		.byte	0x4
 247 0083 04       		.byte	0x4
 248 0084 41010000 		.4byte	.LASF11
 249 0088 02       		.uleb128 0x2
 250 0089 08       		.byte	0x8
 251 008a 04       		.byte	0x4
 252 008b 15040000 		.4byte	.LASF12
 253 008f 02       		.uleb128 0x2
 254 0090 01       		.byte	0x1
 255 0091 08       		.byte	0x8
 256 0092 BB030000 		.4byte	.LASF13
 257 0096 05       		.uleb128 0x5
 258 0097 40020000 		.4byte	.LASF14
 259 009b 04       		.byte	0x4
 260 009c A402     		.2byte	0x2a4
 261 009e A2000000 		.4byte	0xa2
 262 00a2 06       		.uleb128 0x6
 263 00a3 04       		.byte	0x4
 264 00a4 A8000000 		.4byte	0xa8
 265 00a8 07       		.uleb128 0x7
 266 00a9 02       		.uleb128 0x2
 267 00aa 08       		.byte	0x8
 268 00ab 04       		.byte	0x4
 269 00ac 34020000 		.4byte	.LASF15
 270 00b0 03       		.uleb128 0x3
 271 00b1 FD020000 		.4byte	.LASF16
 272 00b5 05       		.byte	0x5
 273 00b6 53       		.byte	0x53
 274 00b7 68000000 		.4byte	0x68
 275 00bb 03       		.uleb128 0x3
 276 00bc 9C000000 		.4byte	.LASF17
 277 00c0 05       		.byte	0x5
 278 00c1 54       		.byte	0x54
 279 00c2 6F000000 		.4byte	0x6f
 280 00c6 03       		.uleb128 0x3
 281 00c7 2E040000 		.4byte	.LASF18
 282 00cb 06       		.byte	0x6
 283 00cc 4D       		.byte	0x4d
 284 00cd BB000000 		.4byte	0xbb
 285 00d1 03       		.uleb128 0x3
 286 00d2 80000000 		.4byte	.LASF19
 287 00d6 06       		.byte	0x6
 288 00d7 4F       		.byte	0x4f
 289 00d8 BB000000 		.4byte	0xbb
 290 00dc 03       		.uleb128 0x3
 291 00dd BF000000 		.4byte	.LASF20
 292 00e1 06       		.byte	0x6
 293 00e2 78       		.byte	0x78
 294 00e3 B0000000 		.4byte	0xb0
 295 00e7 02       		.uleb128 0x2
 296 00e8 04       		.byte	0x4
 297 00e9 07       		.byte	0x7
 298 00ea 69000000 		.4byte	.LASF21
 299 00ee 03       		.uleb128 0x3
ARM GAS  C:\Users\JASON\AppData\Local\Temp\ccwG0VHB.s 			page 8


 300 00ef 1C020000 		.4byte	.LASF22
 301 00f3 07       		.byte	0x7
 302 00f4 9C       		.byte	0x9c
 303 00f5 2C000000 		.4byte	0x2c
 304 00f9 08       		.uleb128 0x8
 305 00fa 01       		.byte	0x1
 306 00fb 25000000 		.4byte	0x25
 307 00ff 07       		.byte	0x7
 308 0100 CF       		.byte	0xcf
 309 0101 A2010000 		.4byte	0x1a2
 310 0105 09       		.uleb128 0x9
 311 0106 1A000000 		.4byte	.LASF23
 312 010a 00       		.byte	0
 313 010b 0A       		.uleb128 0xa
 314 010c B2040000 		.4byte	.LASF24
 315 0110 7F       		.sleb128 -1
 316 0111 0A       		.uleb128 0xa
 317 0112 D9020000 		.4byte	.LASF25
 318 0116 7E       		.sleb128 -2
 319 0117 0A       		.uleb128 0xa
 320 0118 72000000 		.4byte	.LASF26
 321 011c 7D       		.sleb128 -3
 322 011d 0A       		.uleb128 0xa
 323 011e BB040000 		.4byte	.LASF27
 324 0122 7C       		.sleb128 -4
 325 0123 0A       		.uleb128 0xa
 326 0124 24010000 		.4byte	.LASF28
 327 0128 7B       		.sleb128 -5
 328 0129 0A       		.uleb128 0xa
 329 012a 43000000 		.4byte	.LASF29
 330 012e 7A       		.sleb128 -6
 331 012f 0A       		.uleb128 0xa
 332 0130 A9010000 		.4byte	.LASF30
 333 0134 79       		.sleb128 -7
 334 0135 0A       		.uleb128 0xa
 335 0136 C0030000 		.4byte	.LASF31
 336 013a 78       		.sleb128 -8
 337 013b 0A       		.uleb128 0xa
 338 013c E7020000 		.4byte	.LASF32
 339 0140 77       		.sleb128 -9
 340 0141 0A       		.uleb128 0xa
 341 0142 DF010000 		.4byte	.LASF33
 342 0146 76       		.sleb128 -10
 343 0147 0A       		.uleb128 0xa
 344 0148 E8040000 		.4byte	.LASF34
 345 014c 75       		.sleb128 -11
 346 014d 0A       		.uleb128 0xa
 347 014e CB020000 		.4byte	.LASF35
 348 0152 74       		.sleb128 -12
 349 0153 0A       		.uleb128 0xa
 350 0154 1C040000 		.4byte	.LASF36
 351 0158 73       		.sleb128 -13
 352 0159 0A       		.uleb128 0xa
 353 015a 07000000 		.4byte	.LASF37
 354 015e 72       		.sleb128 -14
 355 015f 0A       		.uleb128 0xa
 356 0160 25000000 		.4byte	.LASF38
ARM GAS  C:\Users\JASON\AppData\Local\Temp\ccwG0VHB.s 			page 9


 357 0164 71       		.sleb128 -15
 358 0165 0A       		.uleb128 0xa
 359 0166 F9010000 		.4byte	.LASF39
 360 016a 70       		.sleb128 -16
 361 016b 0A       		.uleb128 0xa
 362 016c 88000000 		.4byte	.LASF40
 363 0170 6F       		.sleb128 -17
 364 0171 0A       		.uleb128 0xa
 365 0172 54000000 		.4byte	.LASF41
 366 0176 6E       		.sleb128 -18
 367 0177 0A       		.uleb128 0xa
 368 0178 7C010000 		.4byte	.LASF42
 369 017c 6D       		.sleb128 -19
 370 017d 0A       		.uleb128 0xa
 371 017e DD030000 		.4byte	.LASF43
 372 0182 6C       		.sleb128 -20
 373 0183 0A       		.uleb128 0xa
 374 0184 0A020000 		.4byte	.LASF44
 375 0188 6B       		.sleb128 -21
 376 0189 0A       		.uleb128 0xa
 377 018a 80040000 		.4byte	.LASF45
 378 018e 6A       		.sleb128 -22
 379 018f 0A       		.uleb128 0xa
 380 0190 CE000000 		.4byte	.LASF46
 381 0194 69       		.sleb128 -23
 382 0195 0A       		.uleb128 0xa
 383 0196 8F010000 		.4byte	.LASF47
 384 019a 68       		.sleb128 -24
 385 019b 0A       		.uleb128 0xa
 386 019c A6000000 		.4byte	.LASF48
 387 01a0 67       		.sleb128 -25
 388 01a1 00       		.byte	0
 389 01a2 03       		.uleb128 0x3
 390 01a3 E3040000 		.4byte	.LASF49
 391 01a7 07       		.byte	0x7
 392 01a8 EA       		.byte	0xea
 393 01a9 F9000000 		.4byte	0xf9
 394 01ad 0B       		.uleb128 0xb
 395 01ae 06030000 		.4byte	.LASF73
 396 01b2 01       		.byte	0x1
 397 01b3 2C000000 		.4byte	0x2c
 398 01b7 08       		.byte	0x8
 399 01b8 59       		.byte	0x59
 400 01b9 D6010000 		.4byte	0x1d6
 401 01bd 09       		.uleb128 0x9
 402 01be 5C040000 		.4byte	.LASF50
 403 01c2 00       		.byte	0
 404 01c3 09       		.uleb128 0x9
 405 01c4 65040000 		.4byte	.LASF51
 406 01c8 01       		.byte	0x1
 407 01c9 09       		.uleb128 0x9
 408 01ca 6E040000 		.4byte	.LASF52
 409 01ce 02       		.byte	0x2
 410 01cf 09       		.uleb128 0x9
 411 01d0 77040000 		.4byte	.LASF53
 412 01d4 03       		.byte	0x3
 413 01d5 00       		.byte	0
ARM GAS  C:\Users\JASON\AppData\Local\Temp\ccwG0VHB.s 			page 10


 414 01d6 03       		.uleb128 0x3
 415 01d7 ED010000 		.4byte	.LASF54
 416 01db 08       		.byte	0x8
 417 01dc 5F       		.byte	0x5f
 418 01dd AD010000 		.4byte	0x1ad
 419 01e1 0C       		.uleb128 0xc
 420 01e2 AF030000 		.4byte	.LASF55
 421 01e6 01       		.byte	0x1
 422 01e7 3F       		.byte	0x3f
 423 01e8 A2010000 		.4byte	0x1a2
 424 01ec 00000000 		.4byte	.LFB110
 425 01f0 10000000 		.4byte	.LFE110-.LFB110
 426 01f4 01       		.uleb128 0x1
 427 01f5 9C       		.byte	0x9c
 428 01f6 36020000 		.4byte	0x236
 429 01fa 0D       		.uleb128 0xd
 430 01fb C6000000 		.4byte	.LASF57
 431 01ff 01       		.byte	0x1
 432 0200 3F       		.byte	0x3f
 433 0201 96000000 		.4byte	0x96
 434 0205 00000000 		.4byte	.LLST0
 435 0209 0E       		.uleb128 0xe
 436 020a 04000000 		.4byte	.LBB2
 437 020e 04000000 		.4byte	.LBE2-.LBB2
 438 0212 0F       		.uleb128 0xf
 439 0213 92040000 		.4byte	.LASF59
 440 0217 01       		.byte	0x1
 441 0218 44       		.byte	0x44
 442 0219 68000000 		.4byte	0x68
 443 021d 23020000 		.4byte	0x223
 444 0221 10       		.uleb128 0x10
 445 0222 00       		.byte	0
 446 0223 11       		.uleb128 0x11
 447 0224 08000000 		.4byte	.LVL1
 448 0228 42030000 		.4byte	0x342
 449 022c 12       		.uleb128 0x12
 450 022d 01       		.uleb128 0x1
 451 022e 50       		.byte	0x50
 452 022f 03       		.uleb128 0x3
 453 0230 F3       		.byte	0xf3
 454 0231 01       		.uleb128 0x1
 455 0232 50       		.byte	0x50
 456 0233 00       		.byte	0
 457 0234 00       		.byte	0
 458 0235 00       		.byte	0
 459 0236 0C       		.uleb128 0xc
 460 0237 FA000000 		.4byte	.LASF56
 461 023b 01       		.byte	0x1
 462 023c 4F       		.byte	0x4f
 463 023d EE000000 		.4byte	0xee
 464 0241 00000000 		.4byte	.LFB111
 465 0245 52000000 		.4byte	.LFE111-.LFB111
 466 0249 01       		.uleb128 0x1
 467 024a 9C       		.byte	0x9c
 468 024b FA020000 		.4byte	0x2fa
 469 024f 0D       		.uleb128 0xd
 470 0250 D8010000 		.4byte	.LASF58
ARM GAS  C:\Users\JASON\AppData\Local\Temp\ccwG0VHB.s 			page 11


 471 0254 01       		.byte	0x1
 472 0255 4F       		.byte	0x4f
 473 0256 D6010000 		.4byte	0x1d6
 474 025a 3A000000 		.4byte	.LLST1
 475 025e 13       		.uleb128 0x13
 476 025f 00000000 		.4byte	.LASF74
 477 0263 01       		.byte	0x1
 478 0264 51       		.byte	0x51
 479 0265 EE000000 		.4byte	0xee
 480 0269 BF000000 		.4byte	.LLST2
 481 026d 14       		.uleb128 0x14
 482 026e 00000000 		.4byte	.Ldebug_ranges0+0
 483 0272 91020000 		.4byte	0x291
 484 0276 0F       		.uleb128 0xf
 485 0277 47010000 		.4byte	.LASF60
 486 027b 01       		.byte	0x1
 487 027c 55       		.byte	0x55
 488 027d 68000000 		.4byte	0x68
 489 0281 87020000 		.4byte	0x287
 490 0285 10       		.uleb128 0x10
 491 0286 00       		.byte	0
 492 0287 15       		.uleb128 0x15
 493 0288 12000000 		.4byte	.LVL6
 494 028c 4D030000 		.4byte	0x34d
 495 0290 00       		.byte	0
 496 0291 14       		.uleb128 0x14
 497 0292 18000000 		.4byte	.Ldebug_ranges0+0x18
 498 0296 B5020000 		.4byte	0x2b5
 499 029a 0F       		.uleb128 0xf
 500 029b 44040000 		.4byte	.LASF61
 501 029f 01       		.byte	0x1
 502 02a0 56       		.byte	0x56
 503 02a1 68000000 		.4byte	0x68
 504 02a5 AB020000 		.4byte	0x2ab
 505 02a9 10       		.uleb128 0x10
 506 02aa 00       		.byte	0
 507 02ab 15       		.uleb128 0x15
 508 02ac 1E000000 		.4byte	.LVL8
 509 02b0 58030000 		.4byte	0x358
 510 02b4 00       		.byte	0
 511 02b5 14       		.uleb128 0x14
 512 02b6 30000000 		.4byte	.Ldebug_ranges0+0x30
 513 02ba D9020000 		.4byte	0x2d9
 514 02be 0F       		.uleb128 0xf
 515 02bf 33010000 		.4byte	.LASF62
 516 02c3 01       		.byte	0x1
 517 02c4 57       		.byte	0x57
 518 02c5 68000000 		.4byte	0x68
 519 02c9 CF020000 		.4byte	0x2cf
 520 02cd 10       		.uleb128 0x10
 521 02ce 00       		.byte	0
 522 02cf 15       		.uleb128 0x15
 523 02d0 2A000000 		.4byte	.LVL10
 524 02d4 63030000 		.4byte	0x363
 525 02d8 00       		.byte	0
 526 02d9 16       		.uleb128 0x16
 527 02da 48000000 		.4byte	.Ldebug_ranges0+0x48
ARM GAS  C:\Users\JASON\AppData\Local\Temp\ccwG0VHB.s 			page 12


 528 02de 0F       		.uleb128 0xf
 529 02df 36040000 		.4byte	.LASF63
 530 02e3 01       		.byte	0x1
 531 02e4 58       		.byte	0x58
 532 02e5 68000000 		.4byte	0x68
 533 02e9 EF020000 		.4byte	0x2ef
 534 02ed 10       		.uleb128 0x10
 535 02ee 00       		.byte	0
 536 02ef 15       		.uleb128 0x15
 537 02f0 36000000 		.4byte	.LVL12
 538 02f4 6E030000 		.4byte	0x36e
 539 02f8 00       		.byte	0
 540 02f9 00       		.byte	0
 541 02fa 17       		.uleb128 0x17
 542 02fb CB040000 		.4byte	.LASF64
 543 02ff 09       		.byte	0x9
 544 0300 40       		.byte	0x40
 545 0301 C6000000 		.4byte	0xc6
 546 0305 17       		.uleb128 0x17
 547 0306 63010000 		.4byte	.LASF65
 548 030a 09       		.byte	0x9
 549 030b 47       		.byte	0x47
 550 030c D1000000 		.4byte	0xd1
 551 0310 17       		.uleb128 0x17
 552 0311 F0030000 		.4byte	.LASF66
 553 0315 09       		.byte	0x9
 554 0316 4A       		.byte	0x4a
 555 0317 C6000000 		.4byte	0xc6
 556 031b 17       		.uleb128 0x17
 557 031c 0B010000 		.4byte	.LASF67
 558 0320 0A       		.byte	0xa
 559 0321 48       		.byte	0x48
 560 0322 DC000000 		.4byte	0xdc
 561 0326 17       		.uleb128 0x17
 562 0327 E5000000 		.4byte	.LASF68
 563 032b 0B       		.byte	0xb
 564 032c 44       		.byte	0x44
 565 032d C6000000 		.4byte	0xc6
 566 0331 18       		.uleb128 0x18
 567 0332 A5040000 		.4byte	.LASF69
 568 0336 0C       		.byte	0xc
 569 0337 1207     		.2byte	0x712
 570 0339 3D030000 		.4byte	0x33d
 571 033d 19       		.uleb128 0x19
 572 033e 76000000 		.4byte	0x76
 573 0342 1A       		.uleb128 0x1a
 574 0343 92040000 		.4byte	.LASF59
 575 0347 92040000 		.4byte	.LASF59
 576 034b 01       		.byte	0x1
 577 034c 44       		.byte	0x44
 578 034d 1A       		.uleb128 0x1a
 579 034e 47010000 		.4byte	.LASF60
 580 0352 47010000 		.4byte	.LASF60
 581 0356 01       		.byte	0x1
 582 0357 55       		.byte	0x55
 583 0358 1A       		.uleb128 0x1a
 584 0359 44040000 		.4byte	.LASF61
ARM GAS  C:\Users\JASON\AppData\Local\Temp\ccwG0VHB.s 			page 13


 585 035d 44040000 		.4byte	.LASF61
 586 0361 01       		.byte	0x1
 587 0362 56       		.byte	0x56
 588 0363 1A       		.uleb128 0x1a
 589 0364 33010000 		.4byte	.LASF62
 590 0368 33010000 		.4byte	.LASF62
 591 036c 01       		.byte	0x1
 592 036d 57       		.byte	0x57
 593 036e 1A       		.uleb128 0x1a
 594 036f 36040000 		.4byte	.LASF63
 595 0373 36040000 		.4byte	.LASF63
 596 0377 01       		.byte	0x1
 597 0378 58       		.byte	0x58
 598 0379 00       		.byte	0
 599              		.section	.debug_abbrev,"",%progbits
 600              	.Ldebug_abbrev0:
 601 0000 01       		.uleb128 0x1
 602 0001 11       		.uleb128 0x11
 603 0002 01       		.byte	0x1
 604 0003 25       		.uleb128 0x25
 605 0004 0E       		.uleb128 0xe
 606 0005 13       		.uleb128 0x13
 607 0006 0B       		.uleb128 0xb
 608 0007 03       		.uleb128 0x3
 609 0008 0E       		.uleb128 0xe
 610 0009 1B       		.uleb128 0x1b
 611 000a 0E       		.uleb128 0xe
 612 000b 55       		.uleb128 0x55
 613 000c 17       		.uleb128 0x17
 614 000d 11       		.uleb128 0x11
 615 000e 01       		.uleb128 0x1
 616 000f 10       		.uleb128 0x10
 617 0010 17       		.uleb128 0x17
 618 0011 00       		.byte	0
 619 0012 00       		.byte	0
 620 0013 02       		.uleb128 0x2
 621 0014 24       		.uleb128 0x24
 622 0015 00       		.byte	0
 623 0016 0B       		.uleb128 0xb
 624 0017 0B       		.uleb128 0xb
 625 0018 3E       		.uleb128 0x3e
 626 0019 0B       		.uleb128 0xb
 627 001a 03       		.uleb128 0x3
 628 001b 0E       		.uleb128 0xe
 629 001c 00       		.byte	0
 630 001d 00       		.byte	0
 631 001e 03       		.uleb128 0x3
 632 001f 16       		.uleb128 0x16
 633 0020 00       		.byte	0
 634 0021 03       		.uleb128 0x3
 635 0022 0E       		.uleb128 0xe
 636 0023 3A       		.uleb128 0x3a
 637 0024 0B       		.uleb128 0xb
 638 0025 3B       		.uleb128 0x3b
 639 0026 0B       		.uleb128 0xb
 640 0027 49       		.uleb128 0x49
 641 0028 13       		.uleb128 0x13
ARM GAS  C:\Users\JASON\AppData\Local\Temp\ccwG0VHB.s 			page 14


 642 0029 00       		.byte	0
 643 002a 00       		.byte	0
 644 002b 04       		.uleb128 0x4
 645 002c 24       		.uleb128 0x24
 646 002d 00       		.byte	0
 647 002e 0B       		.uleb128 0xb
 648 002f 0B       		.uleb128 0xb
 649 0030 3E       		.uleb128 0x3e
 650 0031 0B       		.uleb128 0xb
 651 0032 03       		.uleb128 0x3
 652 0033 08       		.uleb128 0x8
 653 0034 00       		.byte	0
 654 0035 00       		.byte	0
 655 0036 05       		.uleb128 0x5
 656 0037 16       		.uleb128 0x16
 657 0038 00       		.byte	0
 658 0039 03       		.uleb128 0x3
 659 003a 0E       		.uleb128 0xe
 660 003b 3A       		.uleb128 0x3a
 661 003c 0B       		.uleb128 0xb
 662 003d 3B       		.uleb128 0x3b
 663 003e 05       		.uleb128 0x5
 664 003f 49       		.uleb128 0x49
 665 0040 13       		.uleb128 0x13
 666 0041 00       		.byte	0
 667 0042 00       		.byte	0
 668 0043 06       		.uleb128 0x6
 669 0044 0F       		.uleb128 0xf
 670 0045 00       		.byte	0
 671 0046 0B       		.uleb128 0xb
 672 0047 0B       		.uleb128 0xb
 673 0048 49       		.uleb128 0x49
 674 0049 13       		.uleb128 0x13
 675 004a 00       		.byte	0
 676 004b 00       		.byte	0
 677 004c 07       		.uleb128 0x7
 678 004d 15       		.uleb128 0x15
 679 004e 00       		.byte	0
 680 004f 27       		.uleb128 0x27
 681 0050 19       		.uleb128 0x19
 682 0051 00       		.byte	0
 683 0052 00       		.byte	0
 684 0053 08       		.uleb128 0x8
 685 0054 04       		.uleb128 0x4
 686 0055 01       		.byte	0x1
 687 0056 0B       		.uleb128 0xb
 688 0057 0B       		.uleb128 0xb
 689 0058 49       		.uleb128 0x49
 690 0059 13       		.uleb128 0x13
 691 005a 3A       		.uleb128 0x3a
 692 005b 0B       		.uleb128 0xb
 693 005c 3B       		.uleb128 0x3b
 694 005d 0B       		.uleb128 0xb
 695 005e 01       		.uleb128 0x1
 696 005f 13       		.uleb128 0x13
 697 0060 00       		.byte	0
 698 0061 00       		.byte	0
ARM GAS  C:\Users\JASON\AppData\Local\Temp\ccwG0VHB.s 			page 15


 699 0062 09       		.uleb128 0x9
 700 0063 28       		.uleb128 0x28
 701 0064 00       		.byte	0
 702 0065 03       		.uleb128 0x3
 703 0066 0E       		.uleb128 0xe
 704 0067 1C       		.uleb128 0x1c
 705 0068 0B       		.uleb128 0xb
 706 0069 00       		.byte	0
 707 006a 00       		.byte	0
 708 006b 0A       		.uleb128 0xa
 709 006c 28       		.uleb128 0x28
 710 006d 00       		.byte	0
 711 006e 03       		.uleb128 0x3
 712 006f 0E       		.uleb128 0xe
 713 0070 1C       		.uleb128 0x1c
 714 0071 0D       		.uleb128 0xd
 715 0072 00       		.byte	0
 716 0073 00       		.byte	0
 717 0074 0B       		.uleb128 0xb
 718 0075 04       		.uleb128 0x4
 719 0076 01       		.byte	0x1
 720 0077 03       		.uleb128 0x3
 721 0078 0E       		.uleb128 0xe
 722 0079 0B       		.uleb128 0xb
 723 007a 0B       		.uleb128 0xb
 724 007b 49       		.uleb128 0x49
 725 007c 13       		.uleb128 0x13
 726 007d 3A       		.uleb128 0x3a
 727 007e 0B       		.uleb128 0xb
 728 007f 3B       		.uleb128 0x3b
 729 0080 0B       		.uleb128 0xb
 730 0081 01       		.uleb128 0x1
 731 0082 13       		.uleb128 0x13
 732 0083 00       		.byte	0
 733 0084 00       		.byte	0
 734 0085 0C       		.uleb128 0xc
 735 0086 2E       		.uleb128 0x2e
 736 0087 01       		.byte	0x1
 737 0088 3F       		.uleb128 0x3f
 738 0089 19       		.uleb128 0x19
 739 008a 03       		.uleb128 0x3
 740 008b 0E       		.uleb128 0xe
 741 008c 3A       		.uleb128 0x3a
 742 008d 0B       		.uleb128 0xb
 743 008e 3B       		.uleb128 0x3b
 744 008f 0B       		.uleb128 0xb
 745 0090 27       		.uleb128 0x27
 746 0091 19       		.uleb128 0x19
 747 0092 49       		.uleb128 0x49
 748 0093 13       		.uleb128 0x13
 749 0094 11       		.uleb128 0x11
 750 0095 01       		.uleb128 0x1
 751 0096 12       		.uleb128 0x12
 752 0097 06       		.uleb128 0x6
 753 0098 40       		.uleb128 0x40
 754 0099 18       		.uleb128 0x18
 755 009a 9742     		.uleb128 0x2117
ARM GAS  C:\Users\JASON\AppData\Local\Temp\ccwG0VHB.s 			page 16


 756 009c 19       		.uleb128 0x19
 757 009d 01       		.uleb128 0x1
 758 009e 13       		.uleb128 0x13
 759 009f 00       		.byte	0
 760 00a0 00       		.byte	0
 761 00a1 0D       		.uleb128 0xd
 762 00a2 05       		.uleb128 0x5
 763 00a3 00       		.byte	0
 764 00a4 03       		.uleb128 0x3
 765 00a5 0E       		.uleb128 0xe
 766 00a6 3A       		.uleb128 0x3a
 767 00a7 0B       		.uleb128 0xb
 768 00a8 3B       		.uleb128 0x3b
 769 00a9 0B       		.uleb128 0xb
 770 00aa 49       		.uleb128 0x49
 771 00ab 13       		.uleb128 0x13
 772 00ac 02       		.uleb128 0x2
 773 00ad 17       		.uleb128 0x17
 774 00ae 00       		.byte	0
 775 00af 00       		.byte	0
 776 00b0 0E       		.uleb128 0xe
 777 00b1 0B       		.uleb128 0xb
 778 00b2 01       		.byte	0x1
 779 00b3 11       		.uleb128 0x11
 780 00b4 01       		.uleb128 0x1
 781 00b5 12       		.uleb128 0x12
 782 00b6 06       		.uleb128 0x6
 783 00b7 00       		.byte	0
 784 00b8 00       		.byte	0
 785 00b9 0F       		.uleb128 0xf
 786 00ba 2E       		.uleb128 0x2e
 787 00bb 01       		.byte	0x1
 788 00bc 3F       		.uleb128 0x3f
 789 00bd 19       		.uleb128 0x19
 790 00be 03       		.uleb128 0x3
 791 00bf 0E       		.uleb128 0xe
 792 00c0 3A       		.uleb128 0x3a
 793 00c1 0B       		.uleb128 0xb
 794 00c2 3B       		.uleb128 0x3b
 795 00c3 0B       		.uleb128 0xb
 796 00c4 49       		.uleb128 0x49
 797 00c5 13       		.uleb128 0x13
 798 00c6 3C       		.uleb128 0x3c
 799 00c7 19       		.uleb128 0x19
 800 00c8 01       		.uleb128 0x1
 801 00c9 13       		.uleb128 0x13
 802 00ca 00       		.byte	0
 803 00cb 00       		.byte	0
 804 00cc 10       		.uleb128 0x10
 805 00cd 18       		.uleb128 0x18
 806 00ce 00       		.byte	0
 807 00cf 00       		.byte	0
 808 00d0 00       		.byte	0
 809 00d1 11       		.uleb128 0x11
 810 00d2 898201   		.uleb128 0x4109
 811 00d5 01       		.byte	0x1
 812 00d6 11       		.uleb128 0x11
ARM GAS  C:\Users\JASON\AppData\Local\Temp\ccwG0VHB.s 			page 17


 813 00d7 01       		.uleb128 0x1
 814 00d8 31       		.uleb128 0x31
 815 00d9 13       		.uleb128 0x13
 816 00da 00       		.byte	0
 817 00db 00       		.byte	0
 818 00dc 12       		.uleb128 0x12
 819 00dd 8A8201   		.uleb128 0x410a
 820 00e0 00       		.byte	0
 821 00e1 02       		.uleb128 0x2
 822 00e2 18       		.uleb128 0x18
 823 00e3 9142     		.uleb128 0x2111
 824 00e5 18       		.uleb128 0x18
 825 00e6 00       		.byte	0
 826 00e7 00       		.byte	0
 827 00e8 13       		.uleb128 0x13
 828 00e9 34       		.uleb128 0x34
 829 00ea 00       		.byte	0
 830 00eb 03       		.uleb128 0x3
 831 00ec 0E       		.uleb128 0xe
 832 00ed 3A       		.uleb128 0x3a
 833 00ee 0B       		.uleb128 0xb
 834 00ef 3B       		.uleb128 0x3b
 835 00f0 0B       		.uleb128 0xb
 836 00f1 49       		.uleb128 0x49
 837 00f2 13       		.uleb128 0x13
 838 00f3 02       		.uleb128 0x2
 839 00f4 17       		.uleb128 0x17
 840 00f5 00       		.byte	0
 841 00f6 00       		.byte	0
 842 00f7 14       		.uleb128 0x14
 843 00f8 0B       		.uleb128 0xb
 844 00f9 01       		.byte	0x1
 845 00fa 55       		.uleb128 0x55
 846 00fb 17       		.uleb128 0x17
 847 00fc 01       		.uleb128 0x1
 848 00fd 13       		.uleb128 0x13
 849 00fe 00       		.byte	0
 850 00ff 00       		.byte	0
 851 0100 15       		.uleb128 0x15
 852 0101 898201   		.uleb128 0x4109
 853 0104 00       		.byte	0
 854 0105 11       		.uleb128 0x11
 855 0106 01       		.uleb128 0x1
 856 0107 31       		.uleb128 0x31
 857 0108 13       		.uleb128 0x13
 858 0109 00       		.byte	0
 859 010a 00       		.byte	0
 860 010b 16       		.uleb128 0x16
 861 010c 0B       		.uleb128 0xb
 862 010d 01       		.byte	0x1
 863 010e 55       		.uleb128 0x55
 864 010f 17       		.uleb128 0x17
 865 0110 00       		.byte	0
 866 0111 00       		.byte	0
 867 0112 17       		.uleb128 0x17
 868 0113 34       		.uleb128 0x34
 869 0114 00       		.byte	0
ARM GAS  C:\Users\JASON\AppData\Local\Temp\ccwG0VHB.s 			page 18


 870 0115 03       		.uleb128 0x3
 871 0116 0E       		.uleb128 0xe
 872 0117 3A       		.uleb128 0x3a
 873 0118 0B       		.uleb128 0xb
 874 0119 3B       		.uleb128 0x3b
 875 011a 0B       		.uleb128 0xb
 876 011b 49       		.uleb128 0x49
 877 011c 13       		.uleb128 0x13
 878 011d 3F       		.uleb128 0x3f
 879 011e 19       		.uleb128 0x19
 880 011f 3C       		.uleb128 0x3c
 881 0120 19       		.uleb128 0x19
 882 0121 00       		.byte	0
 883 0122 00       		.byte	0
 884 0123 18       		.uleb128 0x18
 885 0124 34       		.uleb128 0x34
 886 0125 00       		.byte	0
 887 0126 03       		.uleb128 0x3
 888 0127 0E       		.uleb128 0xe
 889 0128 3A       		.uleb128 0x3a
 890 0129 0B       		.uleb128 0xb
 891 012a 3B       		.uleb128 0x3b
 892 012b 05       		.uleb128 0x5
 893 012c 49       		.uleb128 0x49
 894 012d 13       		.uleb128 0x13
 895 012e 3F       		.uleb128 0x3f
 896 012f 19       		.uleb128 0x19
 897 0130 3C       		.uleb128 0x3c
 898 0131 19       		.uleb128 0x19
 899 0132 00       		.byte	0
 900 0133 00       		.byte	0
 901 0134 19       		.uleb128 0x19
 902 0135 35       		.uleb128 0x35
 903 0136 00       		.byte	0
 904 0137 49       		.uleb128 0x49
 905 0138 13       		.uleb128 0x13
 906 0139 00       		.byte	0
 907 013a 00       		.byte	0
 908 013b 1A       		.uleb128 0x1a
 909 013c 2E       		.uleb128 0x2e
 910 013d 00       		.byte	0
 911 013e 3F       		.uleb128 0x3f
 912 013f 19       		.uleb128 0x19
 913 0140 3C       		.uleb128 0x3c
 914 0141 19       		.uleb128 0x19
 915 0142 6E       		.uleb128 0x6e
 916 0143 0E       		.uleb128 0xe
 917 0144 03       		.uleb128 0x3
 918 0145 0E       		.uleb128 0xe
 919 0146 3A       		.uleb128 0x3a
 920 0147 0B       		.uleb128 0xb
 921 0148 3B       		.uleb128 0x3b
 922 0149 0B       		.uleb128 0xb
 923 014a 00       		.byte	0
 924 014b 00       		.byte	0
 925 014c 00       		.byte	0
 926              		.section	.debug_loc,"",%progbits
ARM GAS  C:\Users\JASON\AppData\Local\Temp\ccwG0VHB.s 			page 19


 927              	.Ldebug_loc0:
 928              	.LLST0:
 929 0000 00000000 		.4byte	.LVL0
 930 0004 07000000 		.4byte	.LVL1-1
 931 0008 0100     		.2byte	0x1
 932 000a 50       		.byte	0x50
 933 000b 07000000 		.4byte	.LVL1-1
 934 000f 0C000000 		.4byte	.LVL2
 935 0013 0400     		.2byte	0x4
 936 0015 F3       		.byte	0xf3
 937 0016 01       		.uleb128 0x1
 938 0017 50       		.byte	0x50
 939 0018 9F       		.byte	0x9f
 940 0019 0C000000 		.4byte	.LVL2
 941 001d 0E000000 		.4byte	.LVL3
 942 0021 0100     		.2byte	0x1
 943 0023 50       		.byte	0x50
 944 0024 0E000000 		.4byte	.LVL3
 945 0028 10000000 		.4byte	.LFE110
 946 002c 0400     		.2byte	0x4
 947 002e F3       		.byte	0xf3
 948 002f 01       		.uleb128 0x1
 949 0030 50       		.byte	0x50
 950 0031 9F       		.byte	0x9f
 951 0032 00000000 		.4byte	0
 952 0036 00000000 		.4byte	0
 953              	.LLST1:
 954 003a 00000000 		.4byte	.LVL4
 955 003e 11000000 		.4byte	.LVL6-1
 956 0042 0100     		.2byte	0x1
 957 0044 50       		.byte	0x50
 958 0045 11000000 		.4byte	.LVL6-1
 959 0049 1A000000 		.4byte	.LVL7
 960 004d 0400     		.2byte	0x4
 961 004f F3       		.byte	0xf3
 962 0050 01       		.uleb128 0x1
 963 0051 50       		.byte	0x50
 964 0052 9F       		.byte	0x9f
 965 0053 1A000000 		.4byte	.LVL7
 966 0057 1D000000 		.4byte	.LVL8-1
 967 005b 0100     		.2byte	0x1
 968 005d 50       		.byte	0x50
 969 005e 1D000000 		.4byte	.LVL8-1
 970 0062 26000000 		.4byte	.LVL9
 971 0066 0400     		.2byte	0x4
 972 0068 F3       		.byte	0xf3
 973 0069 01       		.uleb128 0x1
 974 006a 50       		.byte	0x50
 975 006b 9F       		.byte	0x9f
 976 006c 26000000 		.4byte	.LVL9
 977 0070 29000000 		.4byte	.LVL10-1
 978 0074 0100     		.2byte	0x1
 979 0076 50       		.byte	0x50
 980 0077 29000000 		.4byte	.LVL10-1
 981 007b 32000000 		.4byte	.LVL11
 982 007f 0400     		.2byte	0x4
 983 0081 F3       		.byte	0xf3
ARM GAS  C:\Users\JASON\AppData\Local\Temp\ccwG0VHB.s 			page 20


 984 0082 01       		.uleb128 0x1
 985 0083 50       		.byte	0x50
 986 0084 9F       		.byte	0x9f
 987 0085 32000000 		.4byte	.LVL11
 988 0089 35000000 		.4byte	.LVL12-1
 989 008d 0100     		.2byte	0x1
 990 008f 50       		.byte	0x50
 991 0090 35000000 		.4byte	.LVL12-1
 992 0094 3E000000 		.4byte	.LVL13
 993 0098 0400     		.2byte	0x4
 994 009a F3       		.byte	0xf3
 995 009b 01       		.uleb128 0x1
 996 009c 50       		.byte	0x50
 997 009d 9F       		.byte	0x9f
 998 009e 3E000000 		.4byte	.LVL13
 999 00a2 40000000 		.4byte	.LVL14
 1000 00a6 0100     		.2byte	0x1
 1001 00a8 50       		.byte	0x50
 1002 00a9 40000000 		.4byte	.LVL14
 1003 00ad 52000000 		.4byte	.LFE111
 1004 00b1 0400     		.2byte	0x4
 1005 00b3 F3       		.byte	0xf3
 1006 00b4 01       		.uleb128 0x1
 1007 00b5 50       		.byte	0x50
 1008 00b6 9F       		.byte	0x9f
 1009 00b7 00000000 		.4byte	0
 1010 00bb 00000000 		.4byte	0
 1011              	.LLST2:
 1012 00bf 02000000 		.4byte	.LVL5
 1013 00c3 50000000 		.4byte	.LVL15
 1014 00c7 0200     		.2byte	0x2
 1015 00c9 30       		.byte	0x30
 1016 00ca 9F       		.byte	0x9f
 1017 00cb 50000000 		.4byte	.LVL15
 1018 00cf 52000000 		.4byte	.LFE111
 1019 00d3 0100     		.2byte	0x1
 1020 00d5 50       		.byte	0x50
 1021 00d6 00000000 		.4byte	0
 1022 00da 00000000 		.4byte	0
 1023              		.section	.debug_aranges,"",%progbits
 1024 0000 24000000 		.4byte	0x24
 1025 0004 0200     		.2byte	0x2
 1026 0006 00000000 		.4byte	.Ldebug_info0
 1027 000a 04       		.byte	0x4
 1028 000b 00       		.byte	0
 1029 000c 0000     		.2byte	0
 1030 000e 0000     		.2byte	0
 1031 0010 00000000 		.4byte	.LFB110
 1032 0014 10000000 		.4byte	.LFE110-.LFB110
 1033 0018 00000000 		.4byte	.LFB111
 1034 001c 52000000 		.4byte	.LFE111-.LFB111
 1035 0020 00000000 		.4byte	0
 1036 0024 00000000 		.4byte	0
 1037              		.section	.debug_ranges,"",%progbits
 1038              	.Ldebug_ranges0:
 1039 0000 0E000000 		.4byte	.LBB3
 1040 0004 16000000 		.4byte	.LBE3
ARM GAS  C:\Users\JASON\AppData\Local\Temp\ccwG0VHB.s 			page 21


 1041 0008 42000000 		.4byte	.LBB7
 1042 000c 46000000 		.4byte	.LBE7
 1043 0010 00000000 		.4byte	0
 1044 0014 00000000 		.4byte	0
 1045 0018 1A000000 		.4byte	.LBB4
 1046 001c 22000000 		.4byte	.LBE4
 1047 0020 46000000 		.4byte	.LBB8
 1048 0024 4A000000 		.4byte	.LBE8
 1049 0028 00000000 		.4byte	0
 1050 002c 00000000 		.4byte	0
 1051 0030 26000000 		.4byte	.LBB5
 1052 0034 2E000000 		.4byte	.LBE5
 1053 0038 4A000000 		.4byte	.LBB9
 1054 003c 4E000000 		.4byte	.LBE9
 1055 0040 00000000 		.4byte	0
 1056 0044 00000000 		.4byte	0
 1057 0048 32000000 		.4byte	.LBB6
 1058 004c 3A000000 		.4byte	.LBE6
 1059 0050 4E000000 		.4byte	.LBB10
 1060 0054 50000000 		.4byte	.LBE10
 1061 0058 00000000 		.4byte	0
 1062 005c 00000000 		.4byte	0
 1063 0060 00000000 		.4byte	.LFB110
 1064 0064 10000000 		.4byte	.LFE110
 1065 0068 00000000 		.4byte	.LFB111
 1066 006c 52000000 		.4byte	.LFE111
 1067 0070 00000000 		.4byte	0
 1068 0074 00000000 		.4byte	0
 1069              		.section	.debug_line,"",%progbits
 1070              	.Ldebug_line0:
 1071 0000 66020000 		.section	.debug_str,"MS",%progbits,1
 1071      02002B02 
 1071      00000201 
 1071      FB0E0D00 
 1071      01010101 
 1072              	.LASF74:
 1073 0000 72657375 		.ascii	"result\000"
 1073      6C7400
 1074              	.LASF37:
 1075 0007 52435F45 		.ascii	"RC_ERROR_READ_ONLY\000"
 1075      52524F52 
 1075      5F524541 
 1075      445F4F4E 
 1075      4C5900
 1076              	.LASF23:
 1077 001a 52435F53 		.ascii	"RC_SUCCESS\000"
 1077      55434345 
 1077      535300
 1078              	.LASF38:
 1079 0025 52435F45 		.ascii	"RC_ERROR_WRITE_ONLY\000"
 1079      52524F52 
 1079      5F575249 
 1079      54455F4F 
 1079      4E4C5900 
 1080              	.LASF2:
 1081 0039 73686F72 		.ascii	"short int\000"
 1081      7420696E 
ARM GAS  C:\Users\JASON\AppData\Local\Temp\ccwG0VHB.s 			page 22


 1081      7400
 1082              	.LASF29:
 1083 0043 52435F45 		.ascii	"RC_ERROR_OVERRUN\000"
 1083      52524F52 
 1083      5F4F5645 
 1083      5252554E 
 1083      00
 1084              	.LASF41:
 1085 0054 52435F45 		.ascii	"RC_ERROR_WRITE_FAILS\000"
 1085      52524F52 
 1085      5F575249 
 1085      54455F46 
 1085      41494C53 
 1086              	.LASF21:
 1087 0069 73697A65 		.ascii	"sizetype\000"
 1087      74797065 
 1087      00
 1088              	.LASF26:
 1089 0072 52435F45 		.ascii	"RC_ERROR_ZERO\000"
 1089      52524F52 
 1089      5F5A4552 
 1089      4F00
 1090              	.LASF19:
 1091 0080 45455F46 		.ascii	"EE_FREG\000"
 1091      52454700 
 1092              	.LASF40:
 1093 0088 52435F45 		.ascii	"RC_ERROR_READ_FAILS\000"
 1093      52524F52 
 1093      5F524541 
 1093      445F4641 
 1093      494C5300 
 1094              	.LASF17:
 1095 009c 45455F55 		.ascii	"EE_UINT32\000"
 1095      494E5433 
 1095      3200
 1096              	.LASF48:
 1097 00a6 52435F45 		.ascii	"RC_ERROR_NOT_IMPLEMENTED\000"
 1097      52524F52 
 1097      5F4E4F54 
 1097      5F494D50 
 1097      4C454D45 
 1098              	.LASF20:
 1099 00bf 45455F54 		.ascii	"EE_TID\000"
 1099      494400
 1100              	.LASF57:
 1101 00c6 61646472 		.ascii	"address\000"
 1101      65737300 
 1102              	.LASF46:
 1103 00ce 52435F45 		.ascii	"RC_ERROR_INVALID_STATE\000"
 1103      52524F52 
 1103      5F494E56 
 1103      414C4944 
 1103      5F535441 
 1104              	.LASF68:
 1105 00e5 45455F49 		.ascii	"EE_IRQ_nesting_level\000"
 1105      52515F6E 
 1105      65737469 
ARM GAS  C:\Users\JASON\AppData\Local\Temp\ccwG0VHB.s 			page 23


 1105      6E675F6C 
 1105      6576656C 
 1106              	.LASF56:
 1107 00fa 42555454 		.ascii	"BUTTON_IsPressed\000"
 1107      4F4E5F49 
 1107      73507265 
 1107      73736564 
 1107      00
 1108              	.LASF67:
 1109 010b 45455F73 		.ascii	"EE_std_endcycle_next_tid\000"
 1109      74645F65 
 1109      6E646379 
 1109      636C655F 
 1109      6E657874 
 1110              	.LASF28:
 1111 0124 52435F45 		.ascii	"RC_ERROR_RANGE\000"
 1111      52524F52 
 1111      5F52414E 
 1111      474500
 1112              	.LASF62:
 1113 0133 42555454 		.ascii	"BUTTON_3_Read\000"
 1113      4F4E5F33 
 1113      5F526561 
 1113      6400
 1114              	.LASF11:
 1115 0141 666C6F61 		.ascii	"float\000"
 1115      7400
 1116              	.LASF60:
 1117 0147 42555454 		.ascii	"BUTTON_1_Read\000"
 1117      4F4E5F31 
 1117      5F526561 
 1117      6400
 1118              	.LASF6:
 1119 0155 6C6F6E67 		.ascii	"long long int\000"
 1119      206C6F6E 
 1119      6720696E 
 1119      7400
 1120              	.LASF65:
 1121 0163 45455F6F 		.ascii	"EE_oo_IRQ_suspend_status\000"
 1121      6F5F4952 
 1121      515F7375 
 1121      7370656E 
 1121      645F7374 
 1122              	.LASF42:
 1123 017c 52435F45 		.ascii	"RC_ERROR_NOT_MATCH\000"
 1123      52524F52 
 1123      5F4E4F54 
 1123      5F4D4154 
 1123      434800
 1124              	.LASF47:
 1125 018f 52435F45 		.ascii	"RC_ERROR_UNKNOWN\000"
 1125      52524F52 
 1125      5F554E4B 
 1125      4E4F574E 
 1125      00
 1126              	.LASF4:
 1127 01a0 6C6F6E67 		.ascii	"long int\000"
ARM GAS  C:\Users\JASON\AppData\Local\Temp\ccwG0VHB.s 			page 24


 1127      20696E74 
 1127      00
 1128              	.LASF30:
 1129 01a9 52435F45 		.ascii	"RC_ERROR_UNDERRUN\000"
 1129      52524F52 
 1129      5F554E44 
 1129      45525255 
 1129      4E00
 1130              	.LASF71:
 1131 01bb 736F7572 		.ascii	"source\\bsw\\LabBoard\\button.c\000"
 1131      63655C62 
 1131      73775C4C 
 1131      6162426F 
 1131      6172645C 
 1132              	.LASF58:
 1133 01d8 62757474 		.ascii	"button\000"
 1133      6F6E00
 1134              	.LASF33:
 1135 01df 52435F45 		.ascii	"RC_ERROR_BUSY\000"
 1135      52524F52 
 1135      5F425553 
 1135      5900
 1136              	.LASF54:
 1137 01ed 42555454 		.ascii	"BUTTON_id_t\000"
 1137      4F4E5F69 
 1137      645F7400 
 1138              	.LASF39:
 1139 01f9 52435F45 		.ascii	"RC_ERROR_INVALID\000"
 1139      52524F52 
 1139      5F494E56 
 1139      414C4944 
 1139      00
 1140              	.LASF44:
 1141 020a 52435F45 		.ascii	"RC_ERROR_BAD_DATA\000"
 1141      52524F52 
 1141      5F424144 
 1141      5F444154 
 1141      4100
 1142              	.LASF22:
 1143 021c 626F6F6C 		.ascii	"boolean_t\000"
 1143      65616E5F 
 1143      7400
 1144              	.LASF1:
 1145 0226 756E7369 		.ascii	"unsigned char\000"
 1145      676E6564 
 1145      20636861 
 1145      7200
 1146              	.LASF15:
 1147 0234 6C6F6E67 		.ascii	"long double\000"
 1147      20646F75 
 1147      626C6500 
 1148              	.LASF14:
 1149 0240 63796973 		.ascii	"cyisraddress\000"
 1149      72616464 
 1149      72657373 
 1149      00
 1150              	.LASF0:
ARM GAS  C:\Users\JASON\AppData\Local\Temp\ccwG0VHB.s 			page 25


 1151 024d 7369676E 		.ascii	"signed char\000"
 1151      65642063 
 1151      68617200 
 1152              	.LASF7:
 1153 0259 6C6F6E67 		.ascii	"long long unsigned int\000"
 1153      206C6F6E 
 1153      6720756E 
 1153      7369676E 
 1153      65642069 
 1154              	.LASF72:
 1155 0270 433A5C4A 		.ascii	"C:\\Jason\\EIT\\Semester_02\\01_EAA\\Lab\\Assignmen"
 1155      61736F6E 
 1155      5C454954 
 1155      5C53656D 
 1155      65737465 
 1156 029d 745F315C 		.ascii	"t_1\\01_Electronic_GasPedal.cydsn\000"
 1156      30315F45 
 1156      6C656374 
 1156      726F6E69 
 1156      635F4761 
 1157              	.LASF8:
 1158 02be 756E7369 		.ascii	"unsigned int\000"
 1158      676E6564 
 1158      20696E74 
 1158      00
 1159              	.LASF35:
 1160 02cb 52435F45 		.ascii	"RC_ERROR_OPEN\000"
 1160      52524F52 
 1160      5F4F5045 
 1160      4E00
 1161              	.LASF25:
 1162 02d9 52435F45 		.ascii	"RC_ERROR_NULL\000"
 1162      52524F52 
 1162      5F4E554C 
 1162      4C00
 1163              	.LASF32:
 1164 02e7 52435F45 		.ascii	"RC_ERROR_BUFFER_EMTPY\000"
 1164      52524F52 
 1164      5F425546 
 1164      4645525F 
 1164      454D5450 
 1165              	.LASF16:
 1166 02fd 45455F49 		.ascii	"EE_INT32\000"
 1166      4E543332 
 1166      00
 1167              	.LASF73:
 1168 0306 65427574 		.ascii	"eButton\000"
 1168      746F6E00 
 1169              	.LASF3:
 1170 030e 73686F72 		.ascii	"short unsigned int\000"
 1170      7420756E 
 1170      7369676E 
 1170      65642069 
 1170      6E7400
 1171              	.LASF70:
 1172 0321 474E5520 		.ascii	"GNU C11 5.4.1 20160609 (release) [ARM/embedded-5-br"
 1172      43313120 
ARM GAS  C:\Users\JASON\AppData\Local\Temp\ccwG0VHB.s 			page 26


 1172      352E342E 
 1172      31203230 
 1172      31363036 
 1173 0354 616E6368 		.ascii	"anch revision 237715] -mcpu=cortex-m3 -mthumb -g -O"
 1173      20726576 
 1173      6973696F 
 1173      6E203233 
 1173      37373135 
 1174 0387 67202D66 		.ascii	"g -ffunction-sections -ffat-lto-objects\000"
 1174      66756E63 
 1174      74696F6E 
 1174      2D736563 
 1174      74696F6E 
 1175              	.LASF55:
 1176 03af 42555454 		.ascii	"BUTTON_Init\000"
 1176      4F4E5F49 
 1176      6E697400 
 1177              	.LASF13:
 1178 03bb 63686172 		.ascii	"char\000"
 1178      00
 1179              	.LASF31:
 1180 03c0 52435F45 		.ascii	"RC_ERROR_BUFFER_FULL\000"
 1180      52524F52 
 1180      5F425546 
 1180      4645525F 
 1180      46554C4C 
 1181              	.LASF10:
 1182 03d5 696E7433 		.ascii	"int32_t\000"
 1182      325F7400 
 1183              	.LASF43:
 1184 03dd 52435F45 		.ascii	"RC_ERROR_BAD_PARAM\000"
 1184      52524F52 
 1184      5F424144 
 1184      5F504152 
 1184      414D00
 1185              	.LASF66:
 1186 03f0 45455F41 		.ascii	"EE_ApplicationMode\000"
 1186      70706C69 
 1186      63617469 
 1186      6F6E4D6F 
 1186      646500
 1187              	.LASF5:
 1188 0403 6C6F6E67 		.ascii	"long unsigned int\000"
 1188      20756E73 
 1188      69676E65 
 1188      6420696E 
 1188      7400
 1189              	.LASF12:
 1190 0415 646F7562 		.ascii	"double\000"
 1190      6C6500
 1191              	.LASF36:
 1192 041c 52435F45 		.ascii	"RC_ERROR_CHECKSUM\000"
 1192      52524F52 
 1192      5F434845 
 1192      434B5355 
 1192      4D00
 1193              	.LASF18:
ARM GAS  C:\Users\JASON\AppData\Local\Temp\ccwG0VHB.s 			page 27


 1194 042e 45455F55 		.ascii	"EE_UREG\000"
 1194      52454700 
 1195              	.LASF63:
 1196 0436 42555454 		.ascii	"BUTTON_4_Read\000"
 1196      4F4E5F34 
 1196      5F526561 
 1196      6400
 1197              	.LASF61:
 1198 0444 42555454 		.ascii	"BUTTON_2_Read\000"
 1198      4F4E5F32 
 1198      5F526561 
 1198      6400
 1199              	.LASF9:
 1200 0452 5F5F696E 		.ascii	"__int32_t\000"
 1200      7433325F 
 1200      7400
 1201              	.LASF50:
 1202 045c 42555454 		.ascii	"BUTTON_1\000"
 1202      4F4E5F31 
 1202      00
 1203              	.LASF51:
 1204 0465 42555454 		.ascii	"BUTTON_2\000"
 1204      4F4E5F32 
 1204      00
 1205              	.LASF52:
 1206 046e 42555454 		.ascii	"BUTTON_3\000"
 1206      4F4E5F33 
 1206      00
 1207              	.LASF53:
 1208 0477 42555454 		.ascii	"BUTTON_4\000"
 1208      4F4E5F34 
 1208      00
 1209              	.LASF45:
 1210 0480 52435F45 		.ascii	"RC_ERROR_CANCELED\000"
 1210      52524F52 
 1210      5F43414E 
 1210      43454C45 
 1210      4400
 1211              	.LASF59:
 1212 0492 6973725F 		.ascii	"isr_Button_StartEx\000"
 1212      42757474 
 1212      6F6E5F53 
 1212      74617274 
 1212      457800
 1213              	.LASF69:
 1214 04a5 49544D5F 		.ascii	"ITM_RxBuffer\000"
 1214      52784275 
 1214      66666572 
 1214      00
 1215              	.LASF24:
 1216 04b2 52435F45 		.ascii	"RC_ERROR\000"
 1216      52524F52 
 1216      00
 1217              	.LASF27:
 1218 04bb 52435F45 		.ascii	"RC_ERROR_MEMORY\000"
 1218      52524F52 
 1218      5F4D454D 
ARM GAS  C:\Users\JASON\AppData\Local\Temp\ccwG0VHB.s 			page 28


 1218      4F525900 
 1219              	.LASF64:
 1220 04cb 45455F6F 		.ascii	"EE_oo_IRQ_disable_count\000"
 1220      6F5F4952 
 1220      515F6469 
 1220      7361626C 
 1220      655F636F 
 1221              	.LASF49:
 1222 04e3 52435F74 		.ascii	"RC_t\000"
 1222      00
 1223              	.LASF34:
 1224 04e8 52435F45 		.ascii	"RC_ERROR_TIME_OUT\000"
 1224      52524F52 
 1224      5F54494D 
 1224      455F4F55 
 1224      5400
 1225              		.ident	"GCC: (GNU Tools for ARM Embedded Processors) 5.4.1 20160609 (release) [ARM/embedded-5-bran
