ARM GAS  C:\Users\JASON\AppData\Local\Temp\ccFmCDWc.s 			page 1


   1              		.syntax unified
   2              		.cpu cortex-m3
   3              		.fpu softvfp
   4              		.eabi_attribute 20, 1
   5              		.eabi_attribute 21, 1
   6              		.eabi_attribute 23, 3
   7              		.eabi_attribute 24, 1
   8              		.eabi_attribute 25, 1
   9              		.eabi_attribute 26, 1
  10              		.eabi_attribute 30, 1
  11              		.eabi_attribute 34, 1
  12              		.eabi_attribute 18, 4
  13              		.thumb
  14              		.syntax unified
  15              		.file	"ErikaOS_eecfg.c"
  16              		.text
  17              	.Ltext0:
  18              		.cfi_sections	.debug_frame
  19              		.global	EE_oo_autostart_task_data
  20              		.comm	EE_ApplicationMode,4,4
  21              		.global	EE_oo_action_ROM
  22              		.comm	EE_oo_counter_object_RAM,32,4
  23              		.global	EE_oo_counter_object_ROM
  24              		.global	EE_ALARM_ID
  25              		.global	EE_ALARM_NAME
  26              		.global	EE_alarm_ROM
  27              		.global	EE_counter_RAM
  28              		.global	EE_counter_ROM
  29              		.global	EE_th_is_extended
  30              		.global	EE_th_waswaiting
  31              		.global	EE_th_event_waitmask
  32              		.global	EE_th_event_active
  33              		.global	EE_th_terminate_nextask
  34              		.global	EE_rq_free
  35              		.comm	EE_rq_pairs_tid,20,4
  36              		.global	EE_rq_pairs_next
  37              		.global	EE_rq_link
  38              		.global	EE_th_rnact_max
  39              		.global	EE_th_rnact
  40              		.global	EE_rq_bitmask
  41              		.global	EE_rq_queues_tail
  42              		.global	EE_rq_queues_head
  43              		.global	EE_sys_ceiling
  44              		.global	EE_stkfirst
  45              		.global	EE_th_next
  46              		.global	EE_th_status
  47              		.global	EE_th_dispatch_prio
  48              		.global	EE_EVENT_ID
  49              		.global	EE_EVENT_NAME
  50              		.global	EE_TASK_NAME
  51              		.global	EE_th_ready_prio
  52              		.global	EE_terminate_real_th_body
  53              		.comm	EE_terminate_data,20,4
  54              		.global	EE_hal_thread_body
  55              		.global	EE_cortex_mx_IRQ_tos
  56              		.global	EE_cortex_mx_active_tos
  57              		.global	EE_cortex_mx_system_tos
ARM GAS  C:\Users\JASON\AppData\Local\Temp\ccFmCDWc.s 			page 2


  58              		.global	EE_std_thread_tos
  59              		.comm	EE_cortex_mx_stack_9,512,4
  60              		.comm	EE_cortex_mx_stack_5,1000,4
  61              		.comm	EE_cortex_mx_stack_4,1000,4
  62              		.comm	EE_cortex_mx_stack_3,1000,4
  63              		.section	.rodata
  64              		.align	2
  65              		.type	EE_oo_autostart_task_data, %object
  66              		.size	EE_oo_autostart_task_data, 8
  67              	EE_oo_autostart_task_data:
  68 0000 01000000 		.word	1
  69 0004 08000000 		.word	EE_oo_autostart_task_mode_OSDEFAULTAPPMODE
  70              		.type	EE_oo_autostart_task_mode_OSDEFAULTAPPMODE, %object
  71              		.size	EE_oo_autostart_task_mode_OSDEFAULTAPPMODE, 4
  72              	EE_oo_autostart_task_mode_OSDEFAULTAPPMODE:
  73 0008 00000000 		.space	4
  74              		.type	EE_oo_action_ROM, %object
  75              		.size	EE_oo_action_ROM, 40
  76              	EE_oo_action_ROM:
  77 000c 01       		.byte	1
  78 000d 000000   		.space	3
  79 0010 02000000 		.word	2
  80 0014 04000000 		.word	4
  81 0018 00000000 		.word	0
  82 001c FFFFFFFF 		.word	-1
  83 0020 00       		.byte	0
  84 0021 000000   		.space	3
  85 0024 04000000 		.word	4
  86 0028 00000000 		.word	0
  87 002c 00000000 		.word	0
  88 0030 FFFFFFFF 		.word	-1
  89              		.type	EE_oo_counter_object_ROM, %object
  90              		.size	EE_oo_counter_object_ROM, 24
  91              	EE_oo_counter_object_ROM:
  92 0034 00000000 		.word	0
  93 0038 00000000 		.word	0
  94 003c 00       		.byte	0
  95 003d 000000   		.space	3
  96 0040 00000000 		.word	0
  97 0044 01000000 		.word	1
  98 0048 00       		.byte	0
  99 0049 000000   		.space	3
 100              		.type	EE_ALARM_ID, %object
 101              		.size	EE_ALARM_ID, 8
 102              	EE_ALARM_ID:
 103 004c 00000000 		.word	0
 104 0050 01000000 		.word	1
 105              		.type	EE_alarm_ROM, %object
 106              		.size	EE_alarm_ROM, 8
 107              	EE_alarm_ROM:
 108 0054 00000000 		.word	0
 109 0058 01000000 		.word	1
 110              		.type	EE_counter_ROM, %object
 111              		.size	EE_counter_ROM, 12
 112              	EE_counter_ROM:
 113 005c 10270000 		.word	10000
 114 0060 01000000 		.word	1
ARM GAS  C:\Users\JASON\AppData\Local\Temp\ccFmCDWc.s 			page 3


 115 0064 00000000 		.word	0
 116              		.type	EE_th_is_extended, %object
 117              		.size	EE_th_is_extended, 20
 118              	EE_th_is_extended:
 119 0068 00000000 		.word	0
 120 006c 00000000 		.word	0
 121 0070 01000000 		.word	1
 122 0074 01000000 		.word	1
 123 0078 00000000 		.word	0
 124              		.type	EE_th_rnact_max, %object
 125              		.size	EE_th_rnact_max, 20
 126              	EE_th_rnact_max:
 127 007c 01000000 		.word	1
 128 0080 01000000 		.word	1
 129 0084 01000000 		.word	1
 130 0088 01000000 		.word	1
 131 008c 01000000 		.word	1
 132              		.type	EE_th_dispatch_prio, %object
 133              		.size	EE_th_dispatch_prio, 20
 134              	EE_th_dispatch_prio:
 135 0090 80000000 		.word	128
 136 0094 01000000 		.word	1
 137 0098 20000000 		.word	32
 138 009c 08000000 		.word	8
 139 00a0 04000000 		.word	4
 140              		.type	EE_EVENT_ID, %object
 141              		.size	EE_EVENT_ID, 12
 142              	EE_EVENT_ID:
 143 00a4 01000000 		.word	1
 144 00a8 02000000 		.word	2
 145 00ac 04000000 		.word	4
 146              		.type	EE_th_ready_prio, %object
 147              		.size	EE_th_ready_prio, 20
 148              	EE_th_ready_prio:
 149 00b0 01000000 		.word	1
 150 00b4 01000000 		.word	1
 151 00b8 20000000 		.word	32
 152 00bc 08000000 		.word	8
 153 00c0 04000000 		.word	4
 154              		.type	EE_terminate_real_th_body, %object
 155              		.size	EE_terminate_real_th_body, 20
 156              	EE_terminate_real_th_body:
 157 00c4 00000000 		.word	Functsk_init
 158 00c8 00000000 		.word	Functsk_background
 159 00cc 00000000 		.word	Functsk_inputoutput
 160 00d0 00000000 		.word	Functsk_control
 161 00d4 00000000 		.word	Functsk_system
 162              		.type	EE_hal_thread_body, %object
 163              		.size	EE_hal_thread_body, 20
 164              	EE_hal_thread_body:
 165 00d8 00000000 		.word	EE_oo_thread_stub
 166 00dc 00000000 		.word	EE_oo_thread_stub
 167 00e0 00000000 		.word	EE_oo_thread_stub
 168 00e4 00000000 		.word	EE_oo_thread_stub
 169 00e8 00000000 		.word	EE_oo_thread_stub
 170              		.type	EE_std_thread_tos, %object
 171              		.size	EE_std_thread_tos, 24
ARM GAS  C:\Users\JASON\AppData\Local\Temp\ccFmCDWc.s 			page 4


 172              	EE_std_thread_tos:
 173 00ec 00000000 		.word	0
 174 00f0 00000000 		.word	0
 175 00f4 00000000 		.word	0
 176 00f8 01000000 		.word	1
 177 00fc 02000000 		.word	2
 178 0100 03000000 		.word	3
 179              		.data
 180              		.align	2
 181              		.type	EE_ALARM_NAME, %object
 182              		.size	EE_ALARM_NAME, 8
 183              	EE_ALARM_NAME:
 184 0000 00000000 		.word	.LC0
 185 0004 10000000 		.word	.LC1
 186              		.type	EE_counter_RAM, %object
 187              		.size	EE_counter_RAM, 8
 188              	EE_counter_RAM:
 189 0008 00000000 		.word	0
 190 000c FFFFFFFF 		.word	-1
 191              		.type	EE_th_terminate_nextask, %object
 192              		.size	EE_th_terminate_nextask, 20
 193              	EE_th_terminate_nextask:
 194 0010 FFFFFFFF 		.word	-1
 195 0014 FFFFFFFF 		.word	-1
 196 0018 FFFFFFFF 		.word	-1
 197 001c FFFFFFFF 		.word	-1
 198 0020 FFFFFFFF 		.word	-1
 199              		.type	EE_rq_pairs_next, %object
 200              		.size	EE_rq_pairs_next, 20
 201              	EE_rq_pairs_next:
 202 0024 01000000 		.word	1
 203 0028 02000000 		.word	2
 204 002c 03000000 		.word	3
 205 0030 04000000 		.word	4
 206 0034 FFFFFFFF 		.word	-1
 207              		.type	EE_rq_link, %object
 208              		.size	EE_rq_link, 20
 209              	EE_rq_link:
 210 0038 00000000 		.word	0
 211 003c 00000000 		.word	0
 212 0040 05000000 		.word	5
 213 0044 03000000 		.word	3
 214 0048 02000000 		.word	2
 215              		.type	EE_th_rnact, %object
 216              		.size	EE_th_rnact, 20
 217              	EE_th_rnact:
 218 004c 01000000 		.word	1
 219 0050 01000000 		.word	1
 220 0054 01000000 		.word	1
 221 0058 01000000 		.word	1
 222 005c 01000000 		.word	1
 223              		.type	EE_rq_queues_tail, %object
 224              		.size	EE_rq_queues_tail, 64
 225              	EE_rq_queues_tail:
 226 0060 FFFFFFFF 		.word	-1
 227 0064 FFFFFFFF 		.word	-1
 228 0068 FFFFFFFF 		.word	-1
ARM GAS  C:\Users\JASON\AppData\Local\Temp\ccFmCDWc.s 			page 5


 229 006c FFFFFFFF 		.word	-1
 230 0070 FFFFFFFF 		.word	-1
 231 0074 FFFFFFFF 		.word	-1
 232 0078 FFFFFFFF 		.word	-1
 233 007c FFFFFFFF 		.word	-1
 234 0080 FFFFFFFF 		.word	-1
 235 0084 FFFFFFFF 		.word	-1
 236 0088 FFFFFFFF 		.word	-1
 237 008c FFFFFFFF 		.word	-1
 238 0090 FFFFFFFF 		.word	-1
 239 0094 FFFFFFFF 		.word	-1
 240 0098 FFFFFFFF 		.word	-1
 241 009c FFFFFFFF 		.word	-1
 242              		.type	EE_rq_queues_head, %object
 243              		.size	EE_rq_queues_head, 64
 244              	EE_rq_queues_head:
 245 00a0 FFFFFFFF 		.word	-1
 246 00a4 FFFFFFFF 		.word	-1
 247 00a8 FFFFFFFF 		.word	-1
 248 00ac FFFFFFFF 		.word	-1
 249 00b0 FFFFFFFF 		.word	-1
 250 00b4 FFFFFFFF 		.word	-1
 251 00b8 FFFFFFFF 		.word	-1
 252 00bc FFFFFFFF 		.word	-1
 253 00c0 FFFFFFFF 		.word	-1
 254 00c4 FFFFFFFF 		.word	-1
 255 00c8 FFFFFFFF 		.word	-1
 256 00cc FFFFFFFF 		.word	-1
 257 00d0 FFFFFFFF 		.word	-1
 258 00d4 FFFFFFFF 		.word	-1
 259 00d8 FFFFFFFF 		.word	-1
 260 00dc FFFFFFFF 		.word	-1
 261              		.type	EE_stkfirst, %object
 262              		.size	EE_stkfirst, 4
 263              	EE_stkfirst:
 264 00e0 FFFFFFFF 		.word	-1
 265              		.type	EE_th_next, %object
 266              		.size	EE_th_next, 20
 267              	EE_th_next:
 268 00e4 FFFFFFFF 		.word	-1
 269 00e8 FFFFFFFF 		.word	-1
 270 00ec FFFFFFFF 		.word	-1
 271 00f0 FFFFFFFF 		.word	-1
 272 00f4 FFFFFFFF 		.word	-1
 273              		.type	EE_th_status, %object
 274              		.size	EE_th_status, 20
 275              	EE_th_status:
 276 00f8 03000000 		.word	3
 277 00fc 03000000 		.word	3
 278 0100 03000000 		.word	3
 279 0104 03000000 		.word	3
 280 0108 03000000 		.word	3
 281              		.type	EE_EVENT_NAME, %object
 282              		.size	EE_EVENT_NAME, 12
 283              	EE_EVENT_NAME:
 284 010c 20000000 		.word	.LC2
 285 0110 34000000 		.word	.LC3
ARM GAS  C:\Users\JASON\AppData\Local\Temp\ccFmCDWc.s 			page 6


 286 0114 44000000 		.word	.LC4
 287              		.type	EE_TASK_NAME, %object
 288              		.size	EE_TASK_NAME, 20
 289              	EE_TASK_NAME:
 290 0118 54000000 		.word	.LC5
 291 011c 60000000 		.word	.LC6
 292 0120 70000000 		.word	.LC7
 293 0124 80000000 		.word	.LC8
 294 0128 8C000000 		.word	.LC9
 295              		.type	EE_cortex_mx_IRQ_tos, %object
 296              		.size	EE_cortex_mx_IRQ_tos, 4
 297              	EE_cortex_mx_IRQ_tos:
 298 012c 00020000 		.word	EE_cortex_mx_stack_9+512
 299              		.type	EE_cortex_mx_system_tos, %object
 300              		.size	EE_cortex_mx_system_tos, 16
 301              	EE_cortex_mx_system_tos:
 302 0130 00000000 		.word	0
 303 0134 C0030000 		.word	EE_cortex_mx_stack_3+960
 304 0138 C0030000 		.word	EE_cortex_mx_stack_4+960
 305 013c C0030000 		.word	EE_cortex_mx_stack_5+960
 306              		.section	.rodata.str1.4,"aMS",%progbits,1
 307              		.align	2
 308              	.LC0:
 309 0000 616C726D 		.ascii	"alrm_cyclic_1ms\000"
 309      5F637963 
 309      6C69635F 
 309      316D7300 
 310              	.LC1:
 311 0010 616C726D 		.ascii	"alrm_system_1ms\000"
 311      5F737973 
 311      74656D5F 
 311      316D7300 
 312              	.LC2:
 313 0020 65765F6A 		.ascii	"ev_joystick_onData\000"
 313      6F797374 
 313      69636B5F 
 313      6F6E4461 
 313      746100
 314 0033 00       		.space	1
 315              	.LC3:
 316 0034 65765F73 		.ascii	"ev_speed_onData\000"
 316      70656564 
 316      5F6F6E44 
 316      61746100 
 317              	.LC4:
 318 0044 65765F63 		.ascii	"ev_cyclic_1ms\000"
 318      79636C69 
 318      635F316D 
 318      7300
 319 0052 0000     		.space	2
 320              	.LC5:
 321 0054 74736B5F 		.ascii	"tsk_init\000"
 321      696E6974 
 321      00
 322 005d 000000   		.space	3
 323              	.LC6:
 324 0060 74736B5F 		.ascii	"tsk_background\000"
ARM GAS  C:\Users\JASON\AppData\Local\Temp\ccFmCDWc.s 			page 7


 324      6261636B 
 324      67726F75 
 324      6E6400
 325 006f 00       		.space	1
 326              	.LC7:
 327 0070 74736B5F 		.ascii	"tsk_inputoutput\000"
 327      696E7075 
 327      746F7574 
 327      70757400 
 328              	.LC8:
 329 0080 74736B5F 		.ascii	"tsk_control\000"
 329      636F6E74 
 329      726F6C00 
 330              	.LC9:
 331 008c 74736B5F 		.ascii	"tsk_system\000"
 331      73797374 
 331      656D00
 332              		.bss
 333              		.align	2
 334              		.type	EE_th_waswaiting, %object
 335              		.size	EE_th_waswaiting, 20
 336              	EE_th_waswaiting:
 337 0000 00000000 		.space	20
 337      00000000 
 337      00000000 
 337      00000000 
 337      00000000 
 338              		.type	EE_th_event_waitmask, %object
 339              		.size	EE_th_event_waitmask, 20
 340              	EE_th_event_waitmask:
 341 0014 00000000 		.space	20
 341      00000000 
 341      00000000 
 341      00000000 
 341      00000000 
 342              		.type	EE_th_event_active, %object
 343              		.size	EE_th_event_active, 20
 344              	EE_th_event_active:
 345 0028 00000000 		.space	20
 345      00000000 
 345      00000000 
 345      00000000 
 345      00000000 
 346              		.type	EE_rq_free, %object
 347              		.size	EE_rq_free, 4
 348              	EE_rq_free:
 349 003c 00000000 		.space	4
 350              		.type	EE_rq_bitmask, %object
 351              		.size	EE_rq_bitmask, 2
 352              	EE_rq_bitmask:
 353 0040 0000     		.space	2
 354 0042 0000     		.space	2
 355              		.type	EE_sys_ceiling, %object
 356              		.size	EE_sys_ceiling, 4
 357              	EE_sys_ceiling:
 358 0044 00000000 		.space	4
 359              		.type	EE_cortex_mx_active_tos, %object
ARM GAS  C:\Users\JASON\AppData\Local\Temp\ccFmCDWc.s 			page 8


 360              		.size	EE_cortex_mx_active_tos, 4
 361              	EE_cortex_mx_active_tos:
 362 0048 00000000 		.space	4
 363              		.text
 364              	.Letext0:
 365              		.file 1 "Generated_Source\\PSoC5\\ErikaOS_common_ee_types.inc"
 366              		.file 2 "Generated_Source\\PSoC5\\ErikaOS_cortex_mx_ee_cpu.inc"
 367              		.file 3 "Generated_Source\\PSoC5\\ErikaOS_ee_oo_common.inc"
 368              		.file 4 "Generated_Source\\PSoC5\\ErikaOS_common_ee_hal_structs.inc"
 369              		.file 5 "Generated_Source\\PSoC5\\ErikaOS_eecfg.c"
 370              		.file 6 "Generated_Source\\PSoC5\\ErikaOS_ee_oo_intfunc.inc"
 371              		.file 7 "Generated_Source\\PSoC5\\ErikaOS_cortex_mx_ee_context.inc"
 372              		.file 8 "Generated_Source\\PSoC5\\ErikaOS_common_ee_primitives.inc"
 373              		.section	.debug_info,"",%progbits
 374              	.Ldebug_info0:
 375 0000 D4080000 		.4byte	0x8d4
 376 0004 0400     		.2byte	0x4
 377 0006 00000000 		.4byte	.Ldebug_abbrev0
 378 000a 04       		.byte	0x4
 379 000b 01       		.uleb128 0x1
 380 000c 74050000 		.4byte	.LASF114
 381 0010 0C       		.byte	0xc
 382 0011 C9000000 		.4byte	.LASF115
 383 0015 1D000000 		.4byte	.LASF116
 384 0019 00000000 		.4byte	.Ldebug_line0
 385 001d 02       		.uleb128 0x2
 386 001e 01       		.byte	0x1
 387 001f 06       		.byte	0x6
 388 0020 84010000 		.4byte	.LASF0
 389 0024 02       		.uleb128 0x2
 390 0025 01       		.byte	0x1
 391 0026 08       		.byte	0x8
 392 0027 D7040000 		.4byte	.LASF1
 393 002b 02       		.uleb128 0x2
 394 002c 02       		.byte	0x2
 395 002d 05       		.byte	0x5
 396 002e 1C050000 		.4byte	.LASF2
 397 0032 02       		.uleb128 0x2
 398 0033 02       		.byte	0x2
 399 0034 07       		.byte	0x7
 400 0035 E8020000 		.4byte	.LASF3
 401 0039 02       		.uleb128 0x2
 402 003a 04       		.byte	0x4
 403 003b 05       		.byte	0x5
 404 003c 0B020000 		.4byte	.LASF4
 405 0040 02       		.uleb128 0x2
 406 0041 04       		.byte	0x4
 407 0042 07       		.byte	0x7
 408 0043 A6020000 		.4byte	.LASF5
 409 0047 02       		.uleb128 0x2
 410 0048 08       		.byte	0x8
 411 0049 05       		.byte	0x5
 412 004a 76010000 		.4byte	.LASF6
 413 004e 02       		.uleb128 0x2
 414 004f 08       		.byte	0x8
 415 0050 07       		.byte	0x7
 416 0051 AC000000 		.4byte	.LASF7
ARM GAS  C:\Users\JASON\AppData\Local\Temp\ccFmCDWc.s 			page 9


 417 0055 03       		.uleb128 0x3
 418 0056 04       		.byte	0x4
 419 0057 05       		.byte	0x5
 420 0058 696E7400 		.ascii	"int\000"
 421 005c 02       		.uleb128 0x2
 422 005d 04       		.byte	0x4
 423 005e 07       		.byte	0x7
 424 005f 6E020000 		.4byte	.LASF8
 425 0063 02       		.uleb128 0x2
 426 0064 08       		.byte	0x8
 427 0065 04       		.byte	0x4
 428 0066 25040000 		.4byte	.LASF9
 429 006a 04       		.uleb128 0x4
 430 006b A4040000 		.4byte	.LASF10
 431 006f 01       		.byte	0x1
 432 0070 52       		.byte	0x52
 433 0071 32000000 		.4byte	0x32
 434 0075 04       		.uleb128 0x4
 435 0076 7D070000 		.4byte	.LASF11
 436 007a 01       		.byte	0x1
 437 007b 53       		.byte	0x53
 438 007c 55000000 		.4byte	0x55
 439 0080 04       		.uleb128 0x4
 440 0081 73070000 		.4byte	.LASF12
 441 0085 01       		.byte	0x1
 442 0086 54       		.byte	0x54
 443 0087 5C000000 		.4byte	0x5c
 444 008b 04       		.uleb128 0x4
 445 008c C8070000 		.4byte	.LASF13
 446 0090 01       		.byte	0x1
 447 0091 64       		.byte	0x64
 448 0092 96000000 		.4byte	0x96
 449 0096 05       		.uleb128 0x5
 450 0097 04       		.byte	0x4
 451 0098 06       		.uleb128 0x6
 452 0099 04       		.byte	0x4
 453 009a 9E000000 		.4byte	0x9e
 454 009e 07       		.uleb128 0x7
 455 009f 04       		.uleb128 0x4
 456 00a0 A8030000 		.4byte	.LASF14
 457 00a4 01       		.byte	0x1
 458 00a5 70       		.byte	0x70
 459 00a6 98000000 		.4byte	0x98
 460 00aa 04       		.uleb128 0x4
 461 00ab 0E060000 		.4byte	.LASF15
 462 00af 01       		.byte	0x1
 463 00b0 73       		.byte	0x73
 464 00b1 98000000 		.4byte	0x98
 465 00b5 04       		.uleb128 0x4
 466 00b6 7B020000 		.4byte	.LASF16
 467 00ba 02       		.byte	0x2
 468 00bb 4D       		.byte	0x4d
 469 00bc 80000000 		.4byte	0x80
 470 00c0 04       		.uleb128 0x4
 471 00c1 47040000 		.4byte	.LASF17
 472 00c5 02       		.byte	0x2
 473 00c6 4E       		.byte	0x4e
ARM GAS  C:\Users\JASON\AppData\Local\Temp\ccFmCDWc.s 			page 10


 474 00c7 75000000 		.4byte	0x75
 475 00cb 04       		.uleb128 0x4
 476 00cc E2070000 		.4byte	.LASF18
 477 00d0 02       		.byte	0x2
 478 00d1 4F       		.byte	0x4f
 479 00d2 80000000 		.4byte	0x80
 480 00d6 04       		.uleb128 0x4
 481 00d7 8B000000 		.4byte	.LASF19
 482 00db 02       		.byte	0x2
 483 00dc 54       		.byte	0x54
 484 00dd B5000000 		.4byte	0xb5
 485 00e1 04       		.uleb128 0x4
 486 00e2 61020000 		.4byte	.LASF20
 487 00e6 02       		.byte	0x2
 488 00e7 78       		.byte	0x78
 489 00e8 75000000 		.4byte	0x75
 490 00ec 08       		.uleb128 0x8
 491 00ed 28010000 		.4byte	.LASF61
 492 00f1 04       		.byte	0x4
 493 00f2 04       		.byte	0x4
 494 00f3 4D       		.byte	0x4d
 495 00f4 05010000 		.4byte	0x105
 496 00f8 09       		.uleb128 0x9
 497 00f9 B4070000 		.4byte	.LASF28
 498 00fd 04       		.byte	0x4
 499 00fe 4E       		.byte	0x4e
 500 00ff 8B000000 		.4byte	0x8b
 501 0103 00       		.byte	0
 502 0104 00       		.byte	0
 503 0105 0A       		.uleb128 0xa
 504 0106 0C040000 		.4byte	.LASF21
 505 010a 03       		.byte	0x3
 506 010b 1101     		.2byte	0x111
 507 010d 6A000000 		.4byte	0x6a
 508 0111 0A       		.uleb128 0xa
 509 0112 1F010000 		.4byte	.LASF22
 510 0116 03       		.byte	0x3
 511 0117 F701     		.2byte	0x1f7
 512 0119 E1000000 		.4byte	0xe1
 513 011d 0A       		.uleb128 0xa
 514 011e A7010000 		.4byte	.LASF23
 515 0122 03       		.byte	0x3
 516 0123 2C02     		.2byte	0x22c
 517 0125 B5000000 		.4byte	0xb5
 518 0129 0A       		.uleb128 0xa
 519 012a 6B000000 		.4byte	.LASF24
 520 012e 03       		.byte	0x3
 521 012f 3502     		.2byte	0x235
 522 0131 B5000000 		.4byte	0xb5
 523 0135 0A       		.uleb128 0xa
 524 0136 67060000 		.4byte	.LASF25
 525 013a 03       		.byte	0x3
 526 013b 5D02     		.2byte	0x25d
 527 013d B5000000 		.4byte	0xb5
 528 0141 0A       		.uleb128 0xa
 529 0142 80000000 		.4byte	.LASF26
 530 0146 03       		.byte	0x3
ARM GAS  C:\Users\JASON\AppData\Local\Temp\ccFmCDWc.s 			page 11


 531 0147 6302     		.2byte	0x263
 532 0149 B5000000 		.4byte	0xb5
 533 014d 0A       		.uleb128 0xa
 534 014e B9030000 		.4byte	.LASF27
 535 0152 03       		.byte	0x3
 536 0153 6C02     		.2byte	0x26c
 537 0155 B5000000 		.4byte	0xb5
 538 0159 0B       		.uleb128 0xb
 539 015a 0C       		.byte	0xc
 540 015b 03       		.byte	0x3
 541 015c 7202     		.2byte	0x272
 542 015e 8A010000 		.4byte	0x18a
 543 0162 0C       		.uleb128 0xc
 544 0163 2F010000 		.4byte	.LASF29
 545 0167 03       		.byte	0x3
 546 0168 7302     		.2byte	0x273
 547 016a 29010000 		.4byte	0x129
 548 016e 00       		.byte	0
 549 016f 0C       		.uleb128 0xc
 550 0170 4F040000 		.4byte	.LASF30
 551 0174 03       		.byte	0x3
 552 0175 7402     		.2byte	0x274
 553 0177 29010000 		.4byte	0x129
 554 017b 04       		.byte	0x4
 555 017c 0C       		.uleb128 0xc
 556 017d 58020000 		.4byte	.LASF31
 557 0181 03       		.byte	0x3
 558 0182 7502     		.2byte	0x275
 559 0184 29010000 		.4byte	0x129
 560 0188 08       		.byte	0x8
 561 0189 00       		.byte	0
 562 018a 0A       		.uleb128 0xa
 563 018b 5D050000 		.4byte	.LASF32
 564 018f 03       		.byte	0x3
 565 0190 7A02     		.2byte	0x27a
 566 0192 59010000 		.4byte	0x159
 567 0196 0B       		.uleb128 0xb
 568 0197 08       		.byte	0x8
 569 0198 03       		.byte	0x3
 570 0199 7D02     		.2byte	0x27d
 571 019b BA010000 		.4byte	0x1ba
 572 019f 0C       		.uleb128 0xc
 573 01a0 68020000 		.4byte	.LASF33
 574 01a4 03       		.byte	0x3
 575 01a5 7E02     		.2byte	0x27e
 576 01a7 29010000 		.4byte	0x129
 577 01ab 00       		.byte	0
 578 01ac 0C       		.uleb128 0xc
 579 01ad 61060000 		.4byte	.LASF34
 580 01b1 03       		.byte	0x3
 581 01b2 7F02     		.2byte	0x27f
 582 01b4 35010000 		.4byte	0x135
 583 01b8 04       		.byte	0x4
 584 01b9 00       		.byte	0
 585 01ba 0A       		.uleb128 0xa
 586 01bb E8010000 		.4byte	.LASF35
 587 01bf 03       		.byte	0x3
ARM GAS  C:\Users\JASON\AppData\Local\Temp\ccFmCDWc.s 			page 12


 588 01c0 8002     		.2byte	0x280
 589 01c2 96010000 		.4byte	0x196
 590 01c6 0D       		.uleb128 0xd
 591 01c7 01       		.byte	0x1
 592 01c8 24000000 		.4byte	0x24
 593 01cc 03       		.byte	0x3
 594 01cd 8A02     		.2byte	0x28a
 595 01cf E0010000 		.4byte	0x1e0
 596 01d3 0E       		.uleb128 0xe
 597 01d4 E5040000 		.4byte	.LASF36
 598 01d8 00       		.byte	0
 599 01d9 0E       		.uleb128 0xe
 600 01da AE040000 		.4byte	.LASF37
 601 01de 01       		.byte	0x1
 602 01df 00       		.byte	0
 603 01e0 0A       		.uleb128 0xa
 604 01e1 13030000 		.4byte	.LASF38
 605 01e5 03       		.byte	0x3
 606 01e6 8D02     		.2byte	0x28d
 607 01e8 C6010000 		.4byte	0x1c6
 608 01ec 0A       		.uleb128 0xa
 609 01ed 3F030000 		.4byte	.LASF39
 610 01f1 03       		.byte	0x3
 611 01f2 9002     		.2byte	0x290
 612 01f4 E0010000 		.4byte	0x1e0
 613 01f8 0B       		.uleb128 0xb
 614 01f9 0C       		.byte	0xc
 615 01fa 03       		.byte	0x3
 616 01fb 9402     		.2byte	0x294
 617 01fd 27020000 		.4byte	0x227
 618 0201 0F       		.uleb128 0xf
 619 0202 6300     		.ascii	"c\000"
 620 0204 03       		.byte	0x3
 621 0205 9602     		.2byte	0x296
 622 0207 4D010000 		.4byte	0x14d
 623 020b 00       		.byte	0
 624 020c 0C       		.uleb128 0xc
 625 020d BE060000 		.4byte	.LASF40
 626 0211 03       		.byte	0x3
 627 0212 9802     		.2byte	0x298
 628 0214 35010000 		.4byte	0x135
 629 0218 04       		.byte	0x4
 630 0219 0C       		.uleb128 0xc
 631 021a E3020000 		.4byte	.LASF41
 632 021e 03       		.byte	0x3
 633 021f 9A02     		.2byte	0x29a
 634 0221 EC010000 		.4byte	0x1ec
 635 0225 08       		.byte	0x8
 636 0226 00       		.byte	0
 637 0227 0A       		.uleb128 0xa
 638 0228 F0000000 		.4byte	.LASF42
 639 022c 03       		.byte	0x3
 640 022d 9B02     		.2byte	0x29b
 641 022f F8010000 		.4byte	0x1f8
 642 0233 0B       		.uleb128 0xb
 643 0234 10       		.byte	0x10
 644 0235 03       		.byte	0x3
ARM GAS  C:\Users\JASON\AppData\Local\Temp\ccFmCDWc.s 			page 13


 645 0236 9F02     		.2byte	0x29f
 646 0238 71020000 		.4byte	0x271
 647 023c 0C       		.uleb128 0xc
 648 023d 5C040000 		.4byte	.LASF43
 649 0241 03       		.byte	0x3
 650 0242 A002     		.2byte	0x2a0
 651 0244 D6000000 		.4byte	0xd6
 652 0248 00       		.byte	0
 653 0249 0C       		.uleb128 0xc
 654 024a AB070000 		.4byte	.LASF44
 655 024e 03       		.byte	0x3
 656 024f A102     		.2byte	0x2a1
 657 0251 29010000 		.4byte	0x129
 658 0255 04       		.byte	0x4
 659 0256 0C       		.uleb128 0xc
 660 0257 C3000000 		.4byte	.LASF45
 661 025b 03       		.byte	0x3
 662 025c A202     		.2byte	0x2a2
 663 025e 29010000 		.4byte	0x129
 664 0262 08       		.byte	0x8
 665 0263 0C       		.uleb128 0xc
 666 0264 00000000 		.4byte	.LASF46
 667 0268 03       		.byte	0x3
 668 0269 A302     		.2byte	0x2a3
 669 026b 35010000 		.4byte	0x135
 670 026f 0C       		.byte	0xc
 671 0270 00       		.byte	0
 672 0271 0A       		.uleb128 0xa
 673 0272 61040000 		.4byte	.LASF47
 674 0276 03       		.byte	0x3
 675 0277 A402     		.2byte	0x2a4
 676 0279 33020000 		.4byte	0x233
 677 027d 0D       		.uleb128 0xd
 678 027e 01       		.byte	0x1
 679 027f 24000000 		.4byte	0x24
 680 0283 03       		.byte	0x3
 681 0284 A702     		.2byte	0x2a7
 682 0286 A3020000 		.4byte	0x2a3
 683 028a 0E       		.uleb128 0xe
 684 028b 7E060000 		.4byte	.LASF48
 685 028f 00       		.byte	0
 686 0290 0E       		.uleb128 0xe
 687 0291 C6060000 		.4byte	.LASF49
 688 0295 01       		.byte	0x1
 689 0296 0E       		.uleb128 0xe
 690 0297 9D060000 		.4byte	.LASF50
 691 029b 02       		.byte	0x2
 692 029c 0E       		.uleb128 0xe
 693 029d 40060000 		.4byte	.LASF51
 694 02a1 03       		.byte	0x3
 695 02a2 00       		.byte	0
 696 02a3 0A       		.uleb128 0xa
 697 02a4 90010000 		.4byte	.LASF52
 698 02a8 03       		.byte	0x3
 699 02a9 AC02     		.2byte	0x2ac
 700 02ab 7D020000 		.4byte	0x27d
 701 02af 0A       		.uleb128 0xa
ARM GAS  C:\Users\JASON\AppData\Local\Temp\ccFmCDWc.s 			page 14


 702 02b0 22070000 		.4byte	.LASF53
 703 02b4 03       		.byte	0x3
 704 02b5 AF02     		.2byte	0x2af
 705 02b7 A3020000 		.4byte	0x2a3
 706 02bb 0B       		.uleb128 0xb
 707 02bc 14       		.byte	0x14
 708 02bd 03       		.byte	0x3
 709 02be B202     		.2byte	0x2b2
 710 02c0 04030000 		.4byte	0x304
 711 02c4 0C       		.uleb128 0xc
 712 02c5 F8060000 		.4byte	.LASF54
 713 02c9 03       		.byte	0x3
 714 02ca B302     		.2byte	0x2b3
 715 02cc AF020000 		.4byte	0x2af
 716 02d0 00       		.byte	0
 717 02d1 0C       		.uleb128 0xc
 718 02d2 BC070000 		.4byte	.LASF55
 719 02d6 03       		.byte	0x3
 720 02d7 B402     		.2byte	0x2b4
 721 02d9 11010000 		.4byte	0x111
 722 02dd 04       		.byte	0x4
 723 02de 0C       		.uleb128 0xc
 724 02df 02060000 		.4byte	.LASF56
 725 02e3 03       		.byte	0x3
 726 02e4 B602     		.2byte	0x2b6
 727 02e6 1D010000 		.4byte	0x11d
 728 02ea 08       		.byte	0x8
 729 02eb 0F       		.uleb128 0xf
 730 02ec 6600     		.ascii	"f\000"
 731 02ee 03       		.byte	0x3
 732 02ef B802     		.2byte	0x2b8
 733 02f1 9F000000 		.4byte	0x9f
 734 02f5 0C       		.byte	0xc
 735 02f6 0C       		.uleb128 0xc
 736 02f7 13050000 		.4byte	.LASF57
 737 02fb 03       		.byte	0x3
 738 02fc BA02     		.2byte	0x2ba
 739 02fe 4D010000 		.4byte	0x14d
 740 0302 10       		.byte	0x10
 741 0303 00       		.byte	0
 742 0304 0A       		.uleb128 0xa
 743 0305 8E040000 		.4byte	.LASF58
 744 0309 03       		.byte	0x3
 745 030a BB02     		.2byte	0x2bb
 746 030c BB020000 		.4byte	0x2bb
 747 0310 0B       		.uleb128 0xb
 748 0311 04       		.byte	0x4
 749 0312 03       		.byte	0x3
 750 0313 BD02     		.2byte	0x2bd
 751 0315 27030000 		.4byte	0x327
 752 0319 0C       		.uleb128 0xc
 753 031a DE030000 		.4byte	.LASF59
 754 031e 03       		.byte	0x3
 755 031f BF02     		.2byte	0x2bf
 756 0321 41010000 		.4byte	0x141
 757 0325 00       		.byte	0
 758 0326 00       		.byte	0
ARM GAS  C:\Users\JASON\AppData\Local\Temp\ccFmCDWc.s 			page 15


 759 0327 0A       		.uleb128 0xa
 760 0328 83020000 		.4byte	.LASF60
 761 032c 03       		.byte	0x3
 762 032d C402     		.2byte	0x2c4
 763 032f 10030000 		.4byte	0x310
 764 0333 10       		.uleb128 0x10
 765 0334 C9020000 		.4byte	.LASF62
 766 0338 08       		.byte	0x8
 767 0339 03       		.byte	0x3
 768 033a 0E04     		.2byte	0x40e
 769 033c 5A030000 		.4byte	0x35a
 770 0340 0F       		.uleb128 0xf
 771 0341 6E7400   		.ascii	"nt\000"
 772 0344 03       		.byte	0x3
 773 0345 0F04     		.2byte	0x40f
 774 0347 B5000000 		.4byte	0xb5
 775 034b 00       		.byte	0
 776 034c 0C       		.uleb128 0xc
 777 034d 04070000 		.4byte	.LASF63
 778 0351 03       		.byte	0x3
 779 0352 1004     		.2byte	0x410
 780 0354 6A030000 		.4byte	0x36a
 781 0358 04       		.byte	0x4
 782 0359 00       		.byte	0
 783 035a 11       		.uleb128 0x11
 784 035b 65030000 		.4byte	0x365
 785 035f 65030000 		.4byte	0x365
 786 0363 12       		.uleb128 0x12
 787 0364 00       		.byte	0
 788 0365 13       		.uleb128 0x13
 789 0366 E1000000 		.4byte	0xe1
 790 036a 06       		.uleb128 0x6
 791 036b 04       		.byte	0x4
 792 036c 5A030000 		.4byte	0x35a
 793 0370 11       		.uleb128 0x11
 794 0371 65030000 		.4byte	0x365
 795 0375 80030000 		.4byte	0x380
 796 0379 14       		.uleb128 0x14
 797 037a 80030000 		.4byte	0x380
 798 037e 00       		.byte	0
 799 037f 00       		.byte	0
 800 0380 02       		.uleb128 0x2
 801 0381 04       		.byte	0x4
 802 0382 07       		.byte	0x7
 803 0383 1C040000 		.4byte	.LASF64
 804 0387 15       		.uleb128 0x15
 805 0388 3F010000 		.4byte	.LASF117
 806 038c 05       		.byte	0x5
 807 038d 6507     		.2byte	0x765
 808 038f 99030000 		.4byte	0x399
 809 0393 05       		.uleb128 0x5
 810 0394 03       		.byte	0x3
 811 0395 08000000 		.4byte	EE_oo_autostart_task_mode_OSDEFAULTAPPMODE
 812 0399 13       		.uleb128 0x13
 813 039a 70030000 		.4byte	0x370
 814 039e 11       		.uleb128 0x11
 815 039f AE030000 		.4byte	0x3ae
ARM GAS  C:\Users\JASON\AppData\Local\Temp\ccFmCDWc.s 			page 16


 816 03a3 AE030000 		.4byte	0x3ae
 817 03a7 14       		.uleb128 0x14
 818 03a8 80030000 		.4byte	0x380
 819 03ac 04       		.byte	0x4
 820 03ad 00       		.byte	0
 821 03ae 13       		.uleb128 0x13
 822 03af AA000000 		.4byte	0xaa
 823 03b3 16       		.uleb128 0x16
 824 03b4 D6060000 		.4byte	.LASF65
 825 03b8 05       		.byte	0x5
 826 03b9 D2       		.byte	0xd2
 827 03ba C4030000 		.4byte	0x3c4
 828 03be 05       		.uleb128 0x5
 829 03bf 03       		.byte	0x3
 830 03c0 00000000 		.4byte	EE_hal_thread_body
 831 03c4 13       		.uleb128 0x13
 832 03c5 9E030000 		.4byte	0x39e
 833 03c9 11       		.uleb128 0x11
 834 03ca D9030000 		.4byte	0x3d9
 835 03ce D9030000 		.4byte	0x3d9
 836 03d2 14       		.uleb128 0x14
 837 03d3 80030000 		.4byte	0x380
 838 03d7 05       		.byte	0x5
 839 03d8 00       		.byte	0
 840 03d9 13       		.uleb128 0x13
 841 03da B5000000 		.4byte	0xb5
 842 03de 16       		.uleb128 0x16
 843 03df 2E060000 		.4byte	.LASF66
 844 03e3 05       		.byte	0x5
 845 03e4 71       		.byte	0x71
 846 03e5 EF030000 		.4byte	0x3ef
 847 03e9 05       		.uleb128 0x5
 848 03ea 03       		.byte	0x3
 849 03eb 00000000 		.4byte	EE_std_thread_tos
 850 03ef 13       		.uleb128 0x13
 851 03f0 C9030000 		.4byte	0x3c9
 852 03f4 11       		.uleb128 0x11
 853 03f5 80000000 		.4byte	0x80
 854 03f9 04040000 		.4byte	0x404
 855 03fd 14       		.uleb128 0x14
 856 03fe 80030000 		.4byte	0x380
 857 0402 04       		.byte	0x4
 858 0403 00       		.byte	0
 859 0404 16       		.uleb128 0x16
 860 0405 86070000 		.4byte	.LASF67
 861 0409 05       		.byte	0x5
 862 040a ED       		.byte	0xed
 863 040b F4030000 		.4byte	0x3f4
 864 040f 05       		.uleb128 0x5
 865 0410 03       		.byte	0x3
 866 0411 00000000 		.4byte	EE_terminate_data
 867 0415 16       		.uleb128 0x16
 868 0416 F9040000 		.4byte	.LASF68
 869 041a 05       		.byte	0x5
 870 041b F0       		.byte	0xf0
 871 041c 26040000 		.4byte	0x426
 872 0420 05       		.uleb128 0x5
ARM GAS  C:\Users\JASON\AppData\Local\Temp\ccFmCDWc.s 			page 17


 873 0421 03       		.byte	0x3
 874 0422 00000000 		.4byte	EE_terminate_real_th_body
 875 0426 13       		.uleb128 0x13
 876 0427 9E030000 		.4byte	0x39e
 877 042b 11       		.uleb128 0x11
 878 042c EC000000 		.4byte	0xec
 879 0430 3B040000 		.4byte	0x43b
 880 0434 14       		.uleb128 0x14
 881 0435 80030000 		.4byte	0x380
 882 0439 03       		.byte	0x3
 883 043a 00       		.byte	0
 884 043b 16       		.uleb128 0x16
 885 043c BF040000 		.4byte	.LASF69
 886 0440 05       		.byte	0x5
 887 0441 8D       		.byte	0x8d
 888 0442 2B040000 		.4byte	0x42b
 889 0446 05       		.uleb128 0x5
 890 0447 03       		.byte	0x3
 891 0448 00000000 		.4byte	EE_cortex_mx_system_tos
 892 044c 16       		.uleb128 0x16
 893 044d D0010000 		.4byte	.LASF70
 894 0451 05       		.byte	0x5
 895 0452 A9       		.byte	0xa9
 896 0453 B5000000 		.4byte	0xb5
 897 0457 05       		.uleb128 0x5
 898 0458 03       		.byte	0x3
 899 0459 00000000 		.4byte	EE_cortex_mx_active_tos
 900 045d 11       		.uleb128 0x11
 901 045e D9030000 		.4byte	0x3d9
 902 0462 6D040000 		.4byte	0x46d
 903 0466 14       		.uleb128 0x14
 904 0467 80030000 		.4byte	0x380
 905 046b 04       		.byte	0x4
 906 046c 00       		.byte	0
 907 046d 17       		.uleb128 0x17
 908 046e 8D060000 		.4byte	.LASF71
 909 0472 05       		.byte	0x5
 910 0473 E202     		.2byte	0x2e2
 911 0475 7F040000 		.4byte	0x47f
 912 0479 05       		.uleb128 0x5
 913 047a 03       		.byte	0x3
 914 047b 00000000 		.4byte	EE_th_rnact_max
 915 047f 13       		.uleb128 0x13
 916 0480 5D040000 		.4byte	0x45d
 917 0484 17       		.uleb128 0x17
 918 0485 31070000 		.4byte	.LASF72
 919 0489 05       		.byte	0x5
 920 048a 0C01     		.2byte	0x10c
 921 048c 96040000 		.4byte	0x496
 922 0490 05       		.uleb128 0x5
 923 0491 03       		.byte	0x3
 924 0492 00000000 		.4byte	EE_th_ready_prio
 925 0496 13       		.uleb128 0x13
 926 0497 5D040000 		.4byte	0x45d
 927 049b 17       		.uleb128 0x17
 928 049c 55030000 		.4byte	.LASF73
 929 04a0 05       		.byte	0x5
ARM GAS  C:\Users\JASON\AppData\Local\Temp\ccFmCDWc.s 			page 18


 930 04a1 4502     		.2byte	0x245
 931 04a3 AD040000 		.4byte	0x4ad
 932 04a7 05       		.uleb128 0x5
 933 04a8 03       		.byte	0x3
 934 04a9 00000000 		.4byte	EE_th_dispatch_prio
 935 04ad 13       		.uleb128 0x13
 936 04ae 5D040000 		.4byte	0x45d
 937 04b2 11       		.uleb128 0x11
 938 04b3 C2040000 		.4byte	0x4c2
 939 04b7 C2040000 		.4byte	0x4c2
 940 04bb 14       		.uleb128 0x14
 941 04bc 80030000 		.4byte	0x380
 942 04c0 04       		.byte	0x4
 943 04c1 00       		.byte	0
 944 04c2 06       		.uleb128 0x6
 945 04c3 04       		.byte	0x4
 946 04c4 CF040000 		.4byte	0x4cf
 947 04c8 02       		.uleb128 0x2
 948 04c9 01       		.byte	0x1
 949 04ca 08       		.byte	0x8
 950 04cb 79060000 		.4byte	.LASF74
 951 04cf 13       		.uleb128 0x13
 952 04d0 C8040000 		.4byte	0x4c8
 953 04d4 17       		.uleb128 0x17
 954 04d5 50050000 		.4byte	.LASF75
 955 04d9 05       		.byte	0x5
 956 04da 2801     		.2byte	0x128
 957 04dc B2040000 		.4byte	0x4b2
 958 04e0 05       		.uleb128 0x5
 959 04e1 03       		.byte	0x3
 960 04e2 00000000 		.4byte	EE_TASK_NAME
 961 04e6 11       		.uleb128 0x11
 962 04e7 C2040000 		.4byte	0x4c2
 963 04eb F6040000 		.4byte	0x4f6
 964 04ef 14       		.uleb128 0x14
 965 04f0 80030000 		.4byte	0x380
 966 04f4 02       		.byte	0x2
 967 04f5 00       		.byte	0
 968 04f6 17       		.uleb128 0x17
 969 04f7 B5010000 		.4byte	.LASF76
 970 04fb 05       		.byte	0x5
 971 04fc 8101     		.2byte	0x181
 972 04fe E6040000 		.4byte	0x4e6
 973 0502 05       		.uleb128 0x5
 974 0503 03       		.byte	0x3
 975 0504 00000000 		.4byte	EE_EVENT_NAME
 976 0508 11       		.uleb128 0x11
 977 0509 C2040000 		.4byte	0x4c2
 978 050d 18050000 		.4byte	0x518
 979 0511 14       		.uleb128 0x14
 980 0512 80030000 		.4byte	0x380
 981 0516 01       		.byte	0x1
 982 0517 00       		.byte	0
 983 0518 17       		.uleb128 0x17
 984 0519 98020000 		.4byte	.LASF77
 985 051d 05       		.byte	0x5
 986 051e 3D06     		.2byte	0x63d
ARM GAS  C:\Users\JASON\AppData\Local\Temp\ccFmCDWc.s 			page 19


 987 0520 08050000 		.4byte	0x508
 988 0524 05       		.uleb128 0x5
 989 0525 03       		.byte	0x3
 990 0526 00000000 		.4byte	EE_ALARM_NAME
 991 052a 11       		.uleb128 0x11
 992 052b 3A050000 		.4byte	0x53a
 993 052f 3A050000 		.4byte	0x53a
 994 0533 14       		.uleb128 0x14
 995 0534 80030000 		.4byte	0x380
 996 0538 02       		.byte	0x2
 997 0539 00       		.byte	0
 998 053a 13       		.uleb128 0x13
 999 053b 40000000 		.4byte	0x40
 1000 053f 17       		.uleb128 0x17
 1001 0540 FF010000 		.4byte	.LASF78
 1002 0544 05       		.byte	0x5
 1003 0545 E201     		.2byte	0x1e2
 1004 0547 51050000 		.4byte	0x551
 1005 054b 05       		.uleb128 0x5
 1006 054c 03       		.byte	0x3
 1007 054d 00000000 		.4byte	EE_EVENT_ID
 1008 0551 13       		.uleb128 0x13
 1009 0552 2A050000 		.4byte	0x52a
 1010 0556 11       		.uleb128 0x11
 1011 0557 3A050000 		.4byte	0x53a
 1012 055b 66050000 		.4byte	0x566
 1013 055f 14       		.uleb128 0x14
 1014 0560 80030000 		.4byte	0x380
 1015 0564 01       		.byte	0x1
 1016 0565 00       		.byte	0
 1017 0566 17       		.uleb128 0x17
 1018 0567 6A010000 		.4byte	.LASF79
 1019 056b 05       		.byte	0x5
 1020 056c 5906     		.2byte	0x659
 1021 056e 78050000 		.4byte	0x578
 1022 0572 05       		.uleb128 0x5
 1023 0573 03       		.byte	0x3
 1024 0574 00000000 		.4byte	EE_ALARM_ID
 1025 0578 13       		.uleb128 0x13
 1026 0579 56050000 		.4byte	0x556
 1027 057d 11       		.uleb128 0x11
 1028 057e B5000000 		.4byte	0xb5
 1029 0582 8D050000 		.4byte	0x58d
 1030 0586 14       		.uleb128 0x14
 1031 0587 80030000 		.4byte	0x380
 1032 058b 04       		.byte	0x4
 1033 058c 00       		.byte	0
 1034 058d 17       		.uleb128 0x17
 1035 058e 32030000 		.4byte	.LASF80
 1036 0592 05       		.byte	0x5
 1037 0593 8102     		.2byte	0x281
 1038 0595 7D050000 		.4byte	0x57d
 1039 0599 05       		.uleb128 0x5
 1040 059a 03       		.byte	0x3
 1041 059b 00000000 		.4byte	EE_th_status
 1042 059f 11       		.uleb128 0x11
 1043 05a0 E1000000 		.4byte	0xe1
ARM GAS  C:\Users\JASON\AppData\Local\Temp\ccFmCDWc.s 			page 20


 1044 05a4 AF050000 		.4byte	0x5af
 1045 05a8 14       		.uleb128 0x14
 1046 05a9 80030000 		.4byte	0x380
 1047 05ad 04       		.byte	0x4
 1048 05ae 00       		.byte	0
 1049 05af 17       		.uleb128 0x17
 1050 05b0 EE040000 		.4byte	.LASF81
 1051 05b4 05       		.byte	0x5
 1052 05b5 9D02     		.2byte	0x29d
 1053 05b7 9F050000 		.4byte	0x59f
 1054 05bb 05       		.uleb128 0x5
 1055 05bc 03       		.byte	0x3
 1056 05bd 00000000 		.4byte	EE_th_next
 1057 05c1 17       		.uleb128 0x17
 1058 05c2 42070000 		.4byte	.LASF82
 1059 05c6 05       		.byte	0x5
 1060 05c7 C702     		.2byte	0x2c7
 1061 05c9 7D050000 		.4byte	0x57d
 1062 05cd 05       		.uleb128 0x5
 1063 05ce 03       		.byte	0x3
 1064 05cf 00000000 		.4byte	EE_th_rnact
 1065 05d3 17       		.uleb128 0x17
 1066 05d4 05000000 		.4byte	.LASF83
 1067 05d8 05       		.byte	0x5
 1068 05d9 7703     		.2byte	0x377
 1069 05db 9F050000 		.4byte	0x59f
 1070 05df 05       		.uleb128 0x5
 1071 05e0 03       		.byte	0x3
 1072 05e1 00000000 		.4byte	EE_th_terminate_nextask
 1073 05e5 17       		.uleb128 0x17
 1074 05e6 74000000 		.4byte	.LASF84
 1075 05ea 05       		.byte	0x5
 1076 05eb B902     		.2byte	0x2b9
 1077 05ed E1000000 		.4byte	0xe1
 1078 05f1 05       		.uleb128 0x5
 1079 05f2 03       		.byte	0x3
 1080 05f3 00000000 		.4byte	EE_stkfirst
 1081 05f7 17       		.uleb128 0x17
 1082 05f8 E9060000 		.4byte	.LASF85
 1083 05fc 05       		.byte	0x5
 1084 05fd BC02     		.2byte	0x2bc
 1085 05ff B5000000 		.4byte	0xb5
 1086 0603 05       		.uleb128 0x5
 1087 0604 03       		.byte	0x3
 1088 0605 00000000 		.4byte	EE_sys_ceiling
 1089 0609 17       		.uleb128 0x17
 1090 060a 3C040000 		.4byte	.LASF86
 1091 060e 05       		.byte	0x5
 1092 060f FD02     		.2byte	0x2fd
 1093 0611 7D050000 		.4byte	0x57d
 1094 0615 05       		.uleb128 0x5
 1095 0616 03       		.byte	0x3
 1096 0617 00000000 		.4byte	EE_rq_link
 1097 061b 11       		.uleb128 0x11
 1098 061c C0000000 		.4byte	0xc0
 1099 0620 2B060000 		.4byte	0x62b
 1100 0624 14       		.uleb128 0x14
ARM GAS  C:\Users\JASON\AppData\Local\Temp\ccFmCDWc.s 			page 21


 1101 0625 80030000 		.4byte	0x380
 1102 0629 0F       		.byte	0xf
 1103 062a 00       		.byte	0
 1104 062b 17       		.uleb128 0x17
 1105 062c 14020000 		.4byte	.LASF87
 1106 0630 05       		.byte	0x5
 1107 0631 BF02     		.2byte	0x2bf
 1108 0633 1B060000 		.4byte	0x61b
 1109 0637 05       		.uleb128 0x5
 1110 0638 03       		.byte	0x3
 1111 0639 00000000 		.4byte	EE_rq_queues_head
 1112 063d 17       		.uleb128 0x17
 1113 063e 1C060000 		.4byte	.LASF88
 1114 0642 05       		.byte	0x5
 1115 0643 C102     		.2byte	0x2c1
 1116 0645 1B060000 		.4byte	0x61b
 1117 0649 05       		.uleb128 0x5
 1118 064a 03       		.byte	0x3
 1119 064b 00000000 		.4byte	EE_rq_queues_tail
 1120 064f 11       		.uleb128 0x11
 1121 0650 C0000000 		.4byte	0xc0
 1122 0654 5F060000 		.4byte	0x65f
 1123 0658 14       		.uleb128 0x14
 1124 0659 80030000 		.4byte	0x380
 1125 065d 04       		.byte	0x4
 1126 065e 00       		.byte	0
 1127 065f 17       		.uleb128 0x17
 1128 0660 0E010000 		.4byte	.LASF89
 1129 0664 05       		.byte	0x5
 1130 0665 1B03     		.2byte	0x31b
 1131 0667 4F060000 		.4byte	0x64f
 1132 066b 05       		.uleb128 0x5
 1133 066c 03       		.byte	0x3
 1134 066d 00000000 		.4byte	EE_rq_pairs_next
 1135 0671 17       		.uleb128 0x17
 1136 0672 4E070000 		.4byte	.LASF90
 1137 0676 05       		.byte	0x5
 1138 0677 7003     		.2byte	0x370
 1139 0679 9F050000 		.4byte	0x59f
 1140 067d 05       		.uleb128 0x5
 1141 067e 03       		.byte	0x3
 1142 067f 00000000 		.4byte	EE_rq_pairs_tid
 1143 0683 17       		.uleb128 0x17
 1144 0684 53060000 		.4byte	.LASF91
 1145 0688 05       		.byte	0x5
 1146 0689 C402     		.2byte	0x2c4
 1147 068b 05010000 		.4byte	0x105
 1148 068f 05       		.uleb128 0x5
 1149 0690 03       		.byte	0x3
 1150 0691 00000000 		.4byte	EE_rq_bitmask
 1151 0695 17       		.uleb128 0x17
 1152 0696 31040000 		.4byte	.LASF92
 1153 069a 05       		.byte	0x5
 1154 069b 7303     		.2byte	0x373
 1155 069d C0000000 		.4byte	0xc0
 1156 06a1 05       		.uleb128 0x5
 1157 06a2 03       		.byte	0x3
ARM GAS  C:\Users\JASON\AppData\Local\Temp\ccFmCDWc.s 			page 22


 1158 06a3 00000000 		.4byte	EE_rq_free
 1159 06a7 17       		.uleb128 0x17
 1160 06a8 98070000 		.4byte	.LASF93
 1161 06ac 05       		.byte	0x5
 1162 06ad 9A03     		.2byte	0x39a
 1163 06af 7D050000 		.4byte	0x57d
 1164 06b3 05       		.uleb128 0x5
 1165 06b4 03       		.byte	0x3
 1166 06b5 00000000 		.4byte	EE_th_event_active
 1167 06b9 17       		.uleb128 0x17
 1168 06ba 26050000 		.4byte	.LASF94
 1169 06be 05       		.byte	0x5
 1170 06bf B603     		.2byte	0x3b6
 1171 06c1 7D050000 		.4byte	0x57d
 1172 06c5 05       		.uleb128 0x5
 1173 06c6 03       		.byte	0x3
 1174 06c7 00000000 		.4byte	EE_th_event_waitmask
 1175 06cb 11       		.uleb128 0x11
 1176 06cc D6000000 		.4byte	0xd6
 1177 06d0 DB060000 		.4byte	0x6db
 1178 06d4 14       		.uleb128 0x14
 1179 06d5 80030000 		.4byte	0x380
 1180 06d9 04       		.byte	0x4
 1181 06da 00       		.byte	0
 1182 06db 17       		.uleb128 0x17
 1183 06dc B8020000 		.4byte	.LASF95
 1184 06e0 05       		.byte	0x5
 1185 06e1 D203     		.2byte	0x3d2
 1186 06e3 CB060000 		.4byte	0x6cb
 1187 06e7 05       		.uleb128 0x5
 1188 06e8 03       		.byte	0x3
 1189 06e9 00000000 		.4byte	EE_th_waswaiting
 1190 06ed 17       		.uleb128 0x17
 1191 06ee D0070000 		.4byte	.LASF96
 1192 06f2 05       		.byte	0x5
 1193 06f3 EE03     		.2byte	0x3ee
 1194 06f5 FF060000 		.4byte	0x6ff
 1195 06f9 05       		.uleb128 0x5
 1196 06fa 03       		.byte	0x3
 1197 06fb 00000000 		.4byte	EE_th_is_extended
 1198 06ff 13       		.uleb128 0x13
 1199 0700 5D040000 		.4byte	0x45d
 1200 0704 11       		.uleb128 0x11
 1201 0705 14070000 		.4byte	0x714
 1202 0709 14070000 		.4byte	0x714
 1203 070d 14       		.uleb128 0x14
 1204 070e 80030000 		.4byte	0x380
 1205 0712 00       		.byte	0
 1206 0713 00       		.byte	0
 1207 0714 13       		.uleb128 0x13
 1208 0715 8A010000 		.4byte	0x18a
 1209 0719 17       		.uleb128 0x17
 1210 071a 7F040000 		.4byte	.LASF97
 1211 071e 05       		.byte	0x5
 1212 071f FF05     		.2byte	0x5ff
 1213 0721 2B070000 		.4byte	0x72b
 1214 0725 05       		.uleb128 0x5
ARM GAS  C:\Users\JASON\AppData\Local\Temp\ccFmCDWc.s 			page 23


 1215 0726 03       		.byte	0x3
 1216 0727 00000000 		.4byte	EE_counter_ROM
 1217 072b 13       		.uleb128 0x13
 1218 072c 04070000 		.4byte	0x704
 1219 0730 11       		.uleb128 0x11
 1220 0731 40070000 		.4byte	0x740
 1221 0735 40070000 		.4byte	0x740
 1222 0739 14       		.uleb128 0x14
 1223 073a 80030000 		.4byte	0x380
 1224 073e 01       		.byte	0x1
 1225 073f 00       		.byte	0
 1226 0740 13       		.uleb128 0x13
 1227 0741 27020000 		.4byte	0x227
 1228 0745 17       		.uleb128 0x17
 1229 0746 C5030000 		.4byte	.LASF98
 1230 074a 05       		.byte	0x5
 1231 074b 9606     		.2byte	0x696
 1232 074d 57070000 		.4byte	0x757
 1233 0751 05       		.uleb128 0x5
 1234 0752 03       		.byte	0x3
 1235 0753 00000000 		.4byte	EE_oo_counter_object_ROM
 1236 0757 13       		.uleb128 0x13
 1237 0758 30070000 		.4byte	0x730
 1238 075c 11       		.uleb128 0x11
 1239 075d 6C070000 		.4byte	0x76c
 1240 0761 6C070000 		.4byte	0x76c
 1241 0765 14       		.uleb128 0x14
 1242 0766 80030000 		.4byte	0x380
 1243 076a 01       		.byte	0x1
 1244 076b 00       		.byte	0
 1245 076c 13       		.uleb128 0x13
 1246 076d 04030000 		.4byte	0x304
 1247 0771 17       		.uleb128 0x17
 1248 0772 FB030000 		.4byte	.LASF99
 1249 0776 05       		.byte	0x5
 1250 0777 BA06     		.2byte	0x6ba
 1251 0779 83070000 		.4byte	0x783
 1252 077d 05       		.uleb128 0x5
 1253 077e 03       		.byte	0x3
 1254 077f 00000000 		.4byte	EE_oo_action_ROM
 1255 0783 13       		.uleb128 0x13
 1256 0784 5C070000 		.4byte	0x75c
 1257 0788 11       		.uleb128 0x11
 1258 0789 98070000 		.4byte	0x798
 1259 078d 98070000 		.4byte	0x798
 1260 0791 14       		.uleb128 0x14
 1261 0792 80030000 		.4byte	0x380
 1262 0796 01       		.byte	0x1
 1263 0797 00       		.byte	0
 1264 0798 13       		.uleb128 0x13
 1265 0799 27030000 		.4byte	0x327
 1266 079d 17       		.uleb128 0x17
 1267 079e C3010000 		.4byte	.LASF100
 1268 07a2 05       		.byte	0x5
 1269 07a3 2006     		.2byte	0x620
 1270 07a5 AF070000 		.4byte	0x7af
 1271 07a9 05       		.uleb128 0x5
ARM GAS  C:\Users\JASON\AppData\Local\Temp\ccFmCDWc.s 			page 24


 1272 07aa 03       		.byte	0x3
 1273 07ab 00000000 		.4byte	EE_alarm_ROM
 1274 07af 13       		.uleb128 0x13
 1275 07b0 88070000 		.4byte	0x788
 1276 07b4 11       		.uleb128 0x11
 1277 07b5 BA010000 		.4byte	0x1ba
 1278 07b9 C4070000 		.4byte	0x7c4
 1279 07bd 14       		.uleb128 0x14
 1280 07be 80030000 		.4byte	0x380
 1281 07c2 00       		.byte	0
 1282 07c3 00       		.byte	0
 1283 07c4 17       		.uleb128 0x17
 1284 07c5 AF060000 		.4byte	.LASF101
 1285 07c9 05       		.byte	0x5
 1286 07ca 0C06     		.2byte	0x60c
 1287 07cc B4070000 		.4byte	0x7b4
 1288 07d0 05       		.uleb128 0x5
 1289 07d1 03       		.byte	0x3
 1290 07d2 00000000 		.4byte	EE_counter_RAM
 1291 07d6 11       		.uleb128 0x11
 1292 07d7 71020000 		.4byte	0x271
 1293 07db E6070000 		.4byte	0x7e6
 1294 07df 14       		.uleb128 0x14
 1295 07e0 80030000 		.4byte	0x380
 1296 07e4 01       		.byte	0x1
 1297 07e5 00       		.byte	0
 1298 07e6 17       		.uleb128 0x17
 1299 07e7 09070000 		.4byte	.LASF102
 1300 07eb 05       		.byte	0x5
 1301 07ec B106     		.2byte	0x6b1
 1302 07ee D6070000 		.4byte	0x7d6
 1303 07f2 05       		.uleb128 0x5
 1304 07f3 03       		.byte	0x3
 1305 07f4 00000000 		.4byte	EE_oo_counter_object_RAM
 1306 07f8 11       		.uleb128 0x11
 1307 07f9 08080000 		.4byte	0x808
 1308 07fd 08080000 		.4byte	0x808
 1309 0801 14       		.uleb128 0x14
 1310 0802 80030000 		.4byte	0x380
 1311 0806 00       		.byte	0
 1312 0807 00       		.byte	0
 1313 0808 13       		.uleb128 0x13
 1314 0809 33030000 		.4byte	0x333
 1315 080d 17       		.uleb128 0x17
 1316 080e EA070000 		.4byte	.LASF103
 1317 0812 05       		.byte	0x5
 1318 0813 9607     		.2byte	0x796
 1319 0815 1F080000 		.4byte	0x81f
 1320 0819 05       		.uleb128 0x5
 1321 081a 03       		.byte	0x3
 1322 081b 00000000 		.4byte	EE_oo_autostart_task_data
 1323 081f 13       		.uleb128 0x13
 1324 0820 F8070000 		.4byte	0x7f8
 1325 0824 18       		.uleb128 0x18
 1326 0825 FB020000 		.4byte	.LASF104
 1327 0829 06       		.byte	0x6
 1328 082a 40       		.byte	0x40
ARM GAS  C:\Users\JASON\AppData\Local\Temp\ccFmCDWc.s 			page 25


 1329 082b B5000000 		.4byte	0xb5
 1330 082f 18       		.uleb128 0x18
 1331 0830 26020000 		.4byte	.LASF105
 1332 0834 06       		.byte	0x6
 1333 0835 47       		.byte	0x47
 1334 0836 CB000000 		.4byte	0xcb
 1335 083a 17       		.uleb128 0x17
 1336 083b E8030000 		.4byte	.LASF106
 1337 083f 05       		.byte	0x5
 1338 0840 5C07     		.2byte	0x75c
 1339 0842 B5000000 		.4byte	0xb5
 1340 0846 05       		.uleb128 0x5
 1341 0847 03       		.byte	0x3
 1342 0848 00000000 		.4byte	EE_ApplicationMode
 1343 084c 18       		.uleb128 0x18
 1344 084d 3F020000 		.4byte	.LASF107
 1345 0851 07       		.byte	0x7
 1346 0852 48       		.byte	0x48
 1347 0853 E1000000 		.4byte	0xe1
 1348 0857 18       		.uleb128 0x18
 1349 0858 5E070000 		.4byte	.LASF108
 1350 085c 08       		.byte	0x8
 1351 085d 44       		.byte	0x44
 1352 085e B5000000 		.4byte	0xb5
 1353 0862 16       		.uleb128 0x16
 1354 0863 97000000 		.4byte	.LASF109
 1355 0867 05       		.byte	0x5
 1356 0868 AD       		.byte	0xad
 1357 0869 EC000000 		.4byte	0xec
 1358 086d 05       		.uleb128 0x5
 1359 086e 03       		.byte	0x3
 1360 086f 00000000 		.4byte	EE_cortex_mx_IRQ_tos
 1361 0873 11       		.uleb128 0x11
 1362 0874 55000000 		.4byte	0x55
 1363 0878 83080000 		.4byte	0x883
 1364 087c 14       		.uleb128 0x14
 1365 087d 80030000 		.4byte	0x380
 1366 0881 F9       		.byte	0xf9
 1367 0882 00       		.byte	0
 1368 0883 16       		.uleb128 0x16
 1369 0884 3B050000 		.4byte	.LASF110
 1370 0888 05       		.byte	0x5
 1371 0889 19       		.byte	0x19
 1372 088a 73080000 		.4byte	0x873
 1373 088e 05       		.uleb128 0x5
 1374 088f 03       		.byte	0x3
 1375 0890 00000000 		.4byte	EE_cortex_mx_stack_3
 1376 0894 16       		.uleb128 0x16
 1377 0895 69030000 		.4byte	.LASF111
 1378 0899 05       		.byte	0x5
 1379 089a 1D       		.byte	0x1d
 1380 089b 73080000 		.4byte	0x873
 1381 089f 05       		.uleb128 0x5
 1382 08a0 03       		.byte	0x3
 1383 08a1 00000000 		.4byte	EE_cortex_mx_stack_4
 1384 08a5 16       		.uleb128 0x16
 1385 08a6 7E030000 		.4byte	.LASF112
ARM GAS  C:\Users\JASON\AppData\Local\Temp\ccFmCDWc.s 			page 26


 1386 08aa 05       		.byte	0x5
 1387 08ab 21       		.byte	0x21
 1388 08ac 73080000 		.4byte	0x873
 1389 08b0 05       		.uleb128 0x5
 1390 08b1 03       		.byte	0x3
 1391 08b2 00000000 		.4byte	EE_cortex_mx_stack_5
 1392 08b6 11       		.uleb128 0x11
 1393 08b7 55000000 		.4byte	0x55
 1394 08bb C6080000 		.4byte	0x8c6
 1395 08bf 14       		.uleb128 0x14
 1396 08c0 80030000 		.4byte	0x380
 1397 08c4 7F       		.byte	0x7f
 1398 08c5 00       		.byte	0
 1399 08c6 16       		.uleb128 0x16
 1400 08c7 93030000 		.4byte	.LASF113
 1401 08cb 05       		.byte	0x5
 1402 08cc 32       		.byte	0x32
 1403 08cd B6080000 		.4byte	0x8b6
 1404 08d1 05       		.uleb128 0x5
 1405 08d2 03       		.byte	0x3
 1406 08d3 00000000 		.4byte	EE_cortex_mx_stack_9
 1407 08d7 00       		.byte	0
 1408              		.section	.debug_abbrev,"",%progbits
 1409              	.Ldebug_abbrev0:
 1410 0000 01       		.uleb128 0x1
 1411 0001 11       		.uleb128 0x11
 1412 0002 01       		.byte	0x1
 1413 0003 25       		.uleb128 0x25
 1414 0004 0E       		.uleb128 0xe
 1415 0005 13       		.uleb128 0x13
 1416 0006 0B       		.uleb128 0xb
 1417 0007 03       		.uleb128 0x3
 1418 0008 0E       		.uleb128 0xe
 1419 0009 1B       		.uleb128 0x1b
 1420 000a 0E       		.uleb128 0xe
 1421 000b 10       		.uleb128 0x10
 1422 000c 17       		.uleb128 0x17
 1423 000d 00       		.byte	0
 1424 000e 00       		.byte	0
 1425 000f 02       		.uleb128 0x2
 1426 0010 24       		.uleb128 0x24
 1427 0011 00       		.byte	0
 1428 0012 0B       		.uleb128 0xb
 1429 0013 0B       		.uleb128 0xb
 1430 0014 3E       		.uleb128 0x3e
 1431 0015 0B       		.uleb128 0xb
 1432 0016 03       		.uleb128 0x3
 1433 0017 0E       		.uleb128 0xe
 1434 0018 00       		.byte	0
 1435 0019 00       		.byte	0
 1436 001a 03       		.uleb128 0x3
 1437 001b 24       		.uleb128 0x24
 1438 001c 00       		.byte	0
 1439 001d 0B       		.uleb128 0xb
 1440 001e 0B       		.uleb128 0xb
 1441 001f 3E       		.uleb128 0x3e
 1442 0020 0B       		.uleb128 0xb
ARM GAS  C:\Users\JASON\AppData\Local\Temp\ccFmCDWc.s 			page 27


 1443 0021 03       		.uleb128 0x3
 1444 0022 08       		.uleb128 0x8
 1445 0023 00       		.byte	0
 1446 0024 00       		.byte	0
 1447 0025 04       		.uleb128 0x4
 1448 0026 16       		.uleb128 0x16
 1449 0027 00       		.byte	0
 1450 0028 03       		.uleb128 0x3
 1451 0029 0E       		.uleb128 0xe
 1452 002a 3A       		.uleb128 0x3a
 1453 002b 0B       		.uleb128 0xb
 1454 002c 3B       		.uleb128 0x3b
 1455 002d 0B       		.uleb128 0xb
 1456 002e 49       		.uleb128 0x49
 1457 002f 13       		.uleb128 0x13
 1458 0030 00       		.byte	0
 1459 0031 00       		.byte	0
 1460 0032 05       		.uleb128 0x5
 1461 0033 0F       		.uleb128 0xf
 1462 0034 00       		.byte	0
 1463 0035 0B       		.uleb128 0xb
 1464 0036 0B       		.uleb128 0xb
 1465 0037 00       		.byte	0
 1466 0038 00       		.byte	0
 1467 0039 06       		.uleb128 0x6
 1468 003a 0F       		.uleb128 0xf
 1469 003b 00       		.byte	0
 1470 003c 0B       		.uleb128 0xb
 1471 003d 0B       		.uleb128 0xb
 1472 003e 49       		.uleb128 0x49
 1473 003f 13       		.uleb128 0x13
 1474 0040 00       		.byte	0
 1475 0041 00       		.byte	0
 1476 0042 07       		.uleb128 0x7
 1477 0043 15       		.uleb128 0x15
 1478 0044 00       		.byte	0
 1479 0045 27       		.uleb128 0x27
 1480 0046 19       		.uleb128 0x19
 1481 0047 00       		.byte	0
 1482 0048 00       		.byte	0
 1483 0049 08       		.uleb128 0x8
 1484 004a 13       		.uleb128 0x13
 1485 004b 01       		.byte	0x1
 1486 004c 03       		.uleb128 0x3
 1487 004d 0E       		.uleb128 0xe
 1488 004e 0B       		.uleb128 0xb
 1489 004f 0B       		.uleb128 0xb
 1490 0050 3A       		.uleb128 0x3a
 1491 0051 0B       		.uleb128 0xb
 1492 0052 3B       		.uleb128 0x3b
 1493 0053 0B       		.uleb128 0xb
 1494 0054 01       		.uleb128 0x1
 1495 0055 13       		.uleb128 0x13
 1496 0056 00       		.byte	0
 1497 0057 00       		.byte	0
 1498 0058 09       		.uleb128 0x9
 1499 0059 0D       		.uleb128 0xd
ARM GAS  C:\Users\JASON\AppData\Local\Temp\ccFmCDWc.s 			page 28


 1500 005a 00       		.byte	0
 1501 005b 03       		.uleb128 0x3
 1502 005c 0E       		.uleb128 0xe
 1503 005d 3A       		.uleb128 0x3a
 1504 005e 0B       		.uleb128 0xb
 1505 005f 3B       		.uleb128 0x3b
 1506 0060 0B       		.uleb128 0xb
 1507 0061 49       		.uleb128 0x49
 1508 0062 13       		.uleb128 0x13
 1509 0063 38       		.uleb128 0x38
 1510 0064 0B       		.uleb128 0xb
 1511 0065 00       		.byte	0
 1512 0066 00       		.byte	0
 1513 0067 0A       		.uleb128 0xa
 1514 0068 16       		.uleb128 0x16
 1515 0069 00       		.byte	0
 1516 006a 03       		.uleb128 0x3
 1517 006b 0E       		.uleb128 0xe
 1518 006c 3A       		.uleb128 0x3a
 1519 006d 0B       		.uleb128 0xb
 1520 006e 3B       		.uleb128 0x3b
 1521 006f 05       		.uleb128 0x5
 1522 0070 49       		.uleb128 0x49
 1523 0071 13       		.uleb128 0x13
 1524 0072 00       		.byte	0
 1525 0073 00       		.byte	0
 1526 0074 0B       		.uleb128 0xb
 1527 0075 13       		.uleb128 0x13
 1528 0076 01       		.byte	0x1
 1529 0077 0B       		.uleb128 0xb
 1530 0078 0B       		.uleb128 0xb
 1531 0079 3A       		.uleb128 0x3a
 1532 007a 0B       		.uleb128 0xb
 1533 007b 3B       		.uleb128 0x3b
 1534 007c 05       		.uleb128 0x5
 1535 007d 01       		.uleb128 0x1
 1536 007e 13       		.uleb128 0x13
 1537 007f 00       		.byte	0
 1538 0080 00       		.byte	0
 1539 0081 0C       		.uleb128 0xc
 1540 0082 0D       		.uleb128 0xd
 1541 0083 00       		.byte	0
 1542 0084 03       		.uleb128 0x3
 1543 0085 0E       		.uleb128 0xe
 1544 0086 3A       		.uleb128 0x3a
 1545 0087 0B       		.uleb128 0xb
 1546 0088 3B       		.uleb128 0x3b
 1547 0089 05       		.uleb128 0x5
 1548 008a 49       		.uleb128 0x49
 1549 008b 13       		.uleb128 0x13
 1550 008c 38       		.uleb128 0x38
 1551 008d 0B       		.uleb128 0xb
 1552 008e 00       		.byte	0
 1553 008f 00       		.byte	0
 1554 0090 0D       		.uleb128 0xd
 1555 0091 04       		.uleb128 0x4
 1556 0092 01       		.byte	0x1
ARM GAS  C:\Users\JASON\AppData\Local\Temp\ccFmCDWc.s 			page 29


 1557 0093 0B       		.uleb128 0xb
 1558 0094 0B       		.uleb128 0xb
 1559 0095 49       		.uleb128 0x49
 1560 0096 13       		.uleb128 0x13
 1561 0097 3A       		.uleb128 0x3a
 1562 0098 0B       		.uleb128 0xb
 1563 0099 3B       		.uleb128 0x3b
 1564 009a 05       		.uleb128 0x5
 1565 009b 01       		.uleb128 0x1
 1566 009c 13       		.uleb128 0x13
 1567 009d 00       		.byte	0
 1568 009e 00       		.byte	0
 1569 009f 0E       		.uleb128 0xe
 1570 00a0 28       		.uleb128 0x28
 1571 00a1 00       		.byte	0
 1572 00a2 03       		.uleb128 0x3
 1573 00a3 0E       		.uleb128 0xe
 1574 00a4 1C       		.uleb128 0x1c
 1575 00a5 0B       		.uleb128 0xb
 1576 00a6 00       		.byte	0
 1577 00a7 00       		.byte	0
 1578 00a8 0F       		.uleb128 0xf
 1579 00a9 0D       		.uleb128 0xd
 1580 00aa 00       		.byte	0
 1581 00ab 03       		.uleb128 0x3
 1582 00ac 08       		.uleb128 0x8
 1583 00ad 3A       		.uleb128 0x3a
 1584 00ae 0B       		.uleb128 0xb
 1585 00af 3B       		.uleb128 0x3b
 1586 00b0 05       		.uleb128 0x5
 1587 00b1 49       		.uleb128 0x49
 1588 00b2 13       		.uleb128 0x13
 1589 00b3 38       		.uleb128 0x38
 1590 00b4 0B       		.uleb128 0xb
 1591 00b5 00       		.byte	0
 1592 00b6 00       		.byte	0
 1593 00b7 10       		.uleb128 0x10
 1594 00b8 13       		.uleb128 0x13
 1595 00b9 01       		.byte	0x1
 1596 00ba 03       		.uleb128 0x3
 1597 00bb 0E       		.uleb128 0xe
 1598 00bc 0B       		.uleb128 0xb
 1599 00bd 0B       		.uleb128 0xb
 1600 00be 3A       		.uleb128 0x3a
 1601 00bf 0B       		.uleb128 0xb
 1602 00c0 3B       		.uleb128 0x3b
 1603 00c1 05       		.uleb128 0x5
 1604 00c2 01       		.uleb128 0x1
 1605 00c3 13       		.uleb128 0x13
 1606 00c4 00       		.byte	0
 1607 00c5 00       		.byte	0
 1608 00c6 11       		.uleb128 0x11
 1609 00c7 01       		.uleb128 0x1
 1610 00c8 01       		.byte	0x1
 1611 00c9 49       		.uleb128 0x49
 1612 00ca 13       		.uleb128 0x13
 1613 00cb 01       		.uleb128 0x1
ARM GAS  C:\Users\JASON\AppData\Local\Temp\ccFmCDWc.s 			page 30


 1614 00cc 13       		.uleb128 0x13
 1615 00cd 00       		.byte	0
 1616 00ce 00       		.byte	0
 1617 00cf 12       		.uleb128 0x12
 1618 00d0 21       		.uleb128 0x21
 1619 00d1 00       		.byte	0
 1620 00d2 00       		.byte	0
 1621 00d3 00       		.byte	0
 1622 00d4 13       		.uleb128 0x13
 1623 00d5 26       		.uleb128 0x26
 1624 00d6 00       		.byte	0
 1625 00d7 49       		.uleb128 0x49
 1626 00d8 13       		.uleb128 0x13
 1627 00d9 00       		.byte	0
 1628 00da 00       		.byte	0
 1629 00db 14       		.uleb128 0x14
 1630 00dc 21       		.uleb128 0x21
 1631 00dd 00       		.byte	0
 1632 00de 49       		.uleb128 0x49
 1633 00df 13       		.uleb128 0x13
 1634 00e0 2F       		.uleb128 0x2f
 1635 00e1 0B       		.uleb128 0xb
 1636 00e2 00       		.byte	0
 1637 00e3 00       		.byte	0
 1638 00e4 15       		.uleb128 0x15
 1639 00e5 34       		.uleb128 0x34
 1640 00e6 00       		.byte	0
 1641 00e7 03       		.uleb128 0x3
 1642 00e8 0E       		.uleb128 0xe
 1643 00e9 3A       		.uleb128 0x3a
 1644 00ea 0B       		.uleb128 0xb
 1645 00eb 3B       		.uleb128 0x3b
 1646 00ec 05       		.uleb128 0x5
 1647 00ed 49       		.uleb128 0x49
 1648 00ee 13       		.uleb128 0x13
 1649 00ef 02       		.uleb128 0x2
 1650 00f0 18       		.uleb128 0x18
 1651 00f1 00       		.byte	0
 1652 00f2 00       		.byte	0
 1653 00f3 16       		.uleb128 0x16
 1654 00f4 34       		.uleb128 0x34
 1655 00f5 00       		.byte	0
 1656 00f6 03       		.uleb128 0x3
 1657 00f7 0E       		.uleb128 0xe
 1658 00f8 3A       		.uleb128 0x3a
 1659 00f9 0B       		.uleb128 0xb
 1660 00fa 3B       		.uleb128 0x3b
 1661 00fb 0B       		.uleb128 0xb
 1662 00fc 49       		.uleb128 0x49
 1663 00fd 13       		.uleb128 0x13
 1664 00fe 3F       		.uleb128 0x3f
 1665 00ff 19       		.uleb128 0x19
 1666 0100 02       		.uleb128 0x2
 1667 0101 18       		.uleb128 0x18
 1668 0102 00       		.byte	0
 1669 0103 00       		.byte	0
 1670 0104 17       		.uleb128 0x17
ARM GAS  C:\Users\JASON\AppData\Local\Temp\ccFmCDWc.s 			page 31


 1671 0105 34       		.uleb128 0x34
 1672 0106 00       		.byte	0
 1673 0107 03       		.uleb128 0x3
 1674 0108 0E       		.uleb128 0xe
 1675 0109 3A       		.uleb128 0x3a
 1676 010a 0B       		.uleb128 0xb
 1677 010b 3B       		.uleb128 0x3b
 1678 010c 05       		.uleb128 0x5
 1679 010d 49       		.uleb128 0x49
 1680 010e 13       		.uleb128 0x13
 1681 010f 3F       		.uleb128 0x3f
 1682 0110 19       		.uleb128 0x19
 1683 0111 02       		.uleb128 0x2
 1684 0112 18       		.uleb128 0x18
 1685 0113 00       		.byte	0
 1686 0114 00       		.byte	0
 1687 0115 18       		.uleb128 0x18
 1688 0116 34       		.uleb128 0x34
 1689 0117 00       		.byte	0
 1690 0118 03       		.uleb128 0x3
 1691 0119 0E       		.uleb128 0xe
 1692 011a 3A       		.uleb128 0x3a
 1693 011b 0B       		.uleb128 0xb
 1694 011c 3B       		.uleb128 0x3b
 1695 011d 0B       		.uleb128 0xb
 1696 011e 49       		.uleb128 0x49
 1697 011f 13       		.uleb128 0x13
 1698 0120 3F       		.uleb128 0x3f
 1699 0121 19       		.uleb128 0x19
 1700 0122 3C       		.uleb128 0x3c
 1701 0123 19       		.uleb128 0x19
 1702 0124 00       		.byte	0
 1703 0125 00       		.byte	0
 1704 0126 00       		.byte	0
 1705              		.section	.debug_aranges,"",%progbits
 1706 0000 14000000 		.4byte	0x14
 1707 0004 0200     		.2byte	0x2
 1708 0006 00000000 		.4byte	.Ldebug_info0
 1709 000a 04       		.byte	0x4
 1710 000b 00       		.byte	0
 1711 000c 0000     		.2byte	0
 1712 000e 0000     		.2byte	0
 1713 0010 00000000 		.4byte	0
 1714 0014 00000000 		.4byte	0
 1715              		.section	.debug_line,"",%progbits
 1716              	.Ldebug_line0:
 1717 0000 28010000 		.section	.debug_str,"MS",%progbits,1
 1717      02002201 
 1717      00000201 
 1717      FB0E0D00 
 1717      01010101 
 1718              	.LASF46:
 1719 0000 6E657874 		.ascii	"next\000"
 1719      00
 1720              	.LASF83:
 1721 0005 45455F74 		.ascii	"EE_th_terminate_nextask\000"
 1721      685F7465 
ARM GAS  C:\Users\JASON\AppData\Local\Temp\ccFmCDWc.s 			page 32


 1721      726D696E 
 1721      6174655F 
 1721      6E657874 
 1722              	.LASF116:
 1723 001d 433A5C4A 		.ascii	"C:\\Jason\\EIT\\Semester_02\\01_EAA\\Lab\\Assignmen"
 1723      61736F6E 
 1723      5C454954 
 1723      5C53656D 
 1723      65737465 
 1724 004a 745F315C 		.ascii	"t_1\\01_Electronic_GasPedal.cydsn\000"
 1724      30315F45 
 1724      6C656374 
 1724      726F6E69 
 1724      635F4761 
 1725              	.LASF24:
 1726 006b 5469636B 		.ascii	"TickType\000"
 1726      54797065 
 1726      00
 1727              	.LASF84:
 1728 0074 45455F73 		.ascii	"EE_stkfirst\000"
 1728      746B6669 
 1728      72737400 
 1729              	.LASF26:
 1730 0080 41637469 		.ascii	"ActionType\000"
 1730      6F6E5479 
 1730      706500
 1731              	.LASF19:
 1732 008b 45455F54 		.ascii	"EE_TYPEBOOL\000"
 1732      59504542 
 1732      4F4F4C00 
 1733              	.LASF109:
 1734 0097 45455F63 		.ascii	"EE_cortex_mx_IRQ_tos\000"
 1734      6F727465 
 1734      785F6D78 
 1734      5F495251 
 1734      5F746F73 
 1735              	.LASF7:
 1736 00ac 6C6F6E67 		.ascii	"long long unsigned int\000"
 1736      206C6F6E 
 1736      6720756E 
 1736      7369676E 
 1736      65642069 
 1737              	.LASF45:
 1738 00c3 64656C74 		.ascii	"delta\000"
 1738      6100
 1739              	.LASF115:
 1740 00c9 47656E65 		.ascii	"Generated_Source\\PSoC5\\ErikaOS_eecfg.c\000"
 1740      72617465 
 1740      645F536F 
 1740      75726365 
 1740      5C50536F 
 1741              	.LASF42:
 1742 00f0 45455F6F 		.ascii	"EE_oo_counter_object_ROM_type\000"
 1742      6F5F636F 
 1742      756E7465 
 1742      725F6F62 
 1742      6A656374 
ARM GAS  C:\Users\JASON\AppData\Local\Temp\ccFmCDWc.s 			page 33


 1743              	.LASF89:
 1744 010e 45455F72 		.ascii	"EE_rq_pairs_next\000"
 1744      715F7061 
 1744      6972735F 
 1744      6E657874 
 1744      00
 1745              	.LASF22:
 1746 011f 5461736B 		.ascii	"TaskType\000"
 1746      54797065 
 1746      00
 1747              	.LASF61:
 1748 0128 45455F54 		.ascii	"EE_TOS\000"
 1748      4F5300
 1749              	.LASF29:
 1750 012f 6D617861 		.ascii	"maxallowedvalue\000"
 1750      6C6C6F77 
 1750      65647661 
 1750      6C756500 
 1751              	.LASF117:
 1752 013f 45455F6F 		.ascii	"EE_oo_autostart_task_mode_OSDEFAULTAPPMODE\000"
 1752      6F5F6175 
 1752      746F7374 
 1752      6172745F 
 1752      7461736B 
 1753              	.LASF79:
 1754 016a 45455F41 		.ascii	"EE_ALARM_ID\000"
 1754      4C41524D 
 1754      5F494400 
 1755              	.LASF6:
 1756 0176 6C6F6E67 		.ascii	"long long int\000"
 1756      206C6F6E 
 1756      6720696E 
 1756      7400
 1757              	.LASF0:
 1758 0184 7369676E 		.ascii	"signed char\000"
 1758      65642063 
 1758      68617200 
 1759              	.LASF52:
 1760 0190 45455F6F 		.ascii	"EE_oo_action_kind_type\000"
 1760      6F5F6163 
 1760      74696F6E 
 1760      5F6B696E 
 1760      645F7479 
 1761              	.LASF23:
 1762 01a7 4576656E 		.ascii	"EventMaskType\000"
 1762      744D6173 
 1762      6B547970 
 1762      6500
 1763              	.LASF76:
 1764 01b5 45455F45 		.ascii	"EE_EVENT_NAME\000"
 1764      56454E54 
 1764      5F4E414D 
 1764      4500
 1765              	.LASF100:
 1766 01c3 45455F61 		.ascii	"EE_alarm_ROM\000"
 1766      6C61726D 
 1766      5F524F4D 
ARM GAS  C:\Users\JASON\AppData\Local\Temp\ccFmCDWc.s 			page 34


 1766      00
 1767              	.LASF70:
 1768 01d0 45455F63 		.ascii	"EE_cortex_mx_active_tos\000"
 1768      6F727465 
 1768      785F6D78 
 1768      5F616374 
 1768      6976655F 
 1769              	.LASF35:
 1770 01e8 45455F6F 		.ascii	"EE_oo_counter_RAM_type\000"
 1770      6F5F636F 
 1770      756E7465 
 1770      725F5241 
 1770      4D5F7479 
 1771              	.LASF78:
 1772 01ff 45455F45 		.ascii	"EE_EVENT_ID\000"
 1772      56454E54 
 1772      5F494400 
 1773              	.LASF4:
 1774 020b 6C6F6E67 		.ascii	"long int\000"
 1774      20696E74 
 1774      00
 1775              	.LASF87:
 1776 0214 45455F72 		.ascii	"EE_rq_queues_head\000"
 1776      715F7175 
 1776      65756573 
 1776      5F686561 
 1776      6400
 1777              	.LASF105:
 1778 0226 45455F6F 		.ascii	"EE_oo_IRQ_suspend_status\000"
 1778      6F5F4952 
 1778      515F7375 
 1778      7370656E 
 1778      645F7374 
 1779              	.LASF107:
 1780 023f 45455F73 		.ascii	"EE_std_endcycle_next_tid\000"
 1780      74645F65 
 1780      6E646379 
 1780      636C655F 
 1780      6E657874 
 1781              	.LASF31:
 1782 0258 6D696E63 		.ascii	"mincycle\000"
 1782      79636C65 
 1782      00
 1783              	.LASF20:
 1784 0261 45455F54 		.ascii	"EE_TID\000"
 1784      494400
 1785              	.LASF33:
 1786 0268 76616C75 		.ascii	"value\000"
 1786      6500
 1787              	.LASF8:
 1788 026e 756E7369 		.ascii	"unsigned int\000"
 1788      676E6564 
 1788      20696E74 
 1788      00
 1789              	.LASF16:
 1790 027b 45455F55 		.ascii	"EE_UREG\000"
 1790      52454700 
ARM GAS  C:\Users\JASON\AppData\Local\Temp\ccFmCDWc.s 			page 35


 1791              	.LASF60:
 1792 0283 45455F6F 		.ascii	"EE_oo_alarm_ROM_type\000"
 1792      6F5F616C 
 1792      61726D5F 
 1792      524F4D5F 
 1792      74797065 
 1793              	.LASF77:
 1794 0298 45455F41 		.ascii	"EE_ALARM_NAME\000"
 1794      4C41524D 
 1794      5F4E414D 
 1794      4500
 1795              	.LASF5:
 1796 02a6 6C6F6E67 		.ascii	"long unsigned int\000"
 1796      20756E73 
 1796      69676E65 
 1796      6420696E 
 1796      7400
 1797              	.LASF95:
 1798 02b8 45455F74 		.ascii	"EE_th_waswaiting\000"
 1798      685F7761 
 1798      73776169 
 1798      74696E67 
 1798      00
 1799              	.LASF62:
 1800 02c9 45455F6F 		.ascii	"EE_oo_autostart_task_type\000"
 1800      6F5F6175 
 1800      746F7374 
 1800      6172745F 
 1800      7461736B 
 1801              	.LASF41:
 1802 02e3 6B696E64 		.ascii	"kind\000"
 1802      00
 1803              	.LASF3:
 1804 02e8 73686F72 		.ascii	"short unsigned int\000"
 1804      7420756E 
 1804      7369676E 
 1804      65642069 
 1804      6E7400
 1805              	.LASF104:
 1806 02fb 45455F6F 		.ascii	"EE_oo_IRQ_disable_count\000"
 1806      6F5F4952 
 1806      515F6469 
 1806      7361626C 
 1806      655F636F 
 1807              	.LASF38:
 1808 0313 45455F6F 		.ascii	"EE_oo_counter_object_kind_type\000"
 1808      6F5F636F 
 1808      756E7465 
 1808      725F6F62 
 1808      6A656374 
 1809              	.LASF80:
 1810 0332 45455F74 		.ascii	"EE_th_status\000"
 1810      685F7374 
 1810      61747573 
 1810      00
 1811              	.LASF39:
 1812 033f 436F756E 		.ascii	"CounterObjectKindType\000"
ARM GAS  C:\Users\JASON\AppData\Local\Temp\ccFmCDWc.s 			page 36


 1812      7465724F 
 1812      626A6563 
 1812      744B696E 
 1812      64547970 
 1813              	.LASF73:
 1814 0355 45455F74 		.ascii	"EE_th_dispatch_prio\000"
 1814      685F6469 
 1814      73706174 
 1814      63685F70 
 1814      72696F00 
 1815              	.LASF111:
 1816 0369 45455F63 		.ascii	"EE_cortex_mx_stack_4\000"
 1816      6F727465 
 1816      785F6D78 
 1816      5F737461 
 1816      636B5F34 
 1817              	.LASF112:
 1818 037e 45455F63 		.ascii	"EE_cortex_mx_stack_5\000"
 1818      6F727465 
 1818      785F6D78 
 1818      5F737461 
 1818      636B5F35 
 1819              	.LASF113:
 1820 0393 45455F63 		.ascii	"EE_cortex_mx_stack_9\000"
 1820      6F727465 
 1820      785F6D78 
 1820      5F737461 
 1820      636B5F39 
 1821              	.LASF14:
 1822 03a8 45455F56 		.ascii	"EE_VOID_CALLBACK\000"
 1822      4F49445F 
 1822      43414C4C 
 1822      4241434B 
 1822      00
 1823              	.LASF27:
 1824 03b9 436F756E 		.ascii	"CounterType\000"
 1824      74657254 
 1824      79706500 
 1825              	.LASF98:
 1826 03c5 45455F6F 		.ascii	"EE_oo_counter_object_ROM\000"
 1826      6F5F636F 
 1826      756E7465 
 1826      725F6F62 
 1826      6A656374 
 1827              	.LASF59:
 1828 03de 61637469 		.ascii	"action_id\000"
 1828      6F6E5F69 
 1828      6400
 1829              	.LASF106:
 1830 03e8 45455F41 		.ascii	"EE_ApplicationMode\000"
 1830      70706C69 
 1830      63617469 
 1830      6F6E4D6F 
 1830      646500
 1831              	.LASF99:
 1832 03fb 45455F6F 		.ascii	"EE_oo_action_ROM\000"
 1832      6F5F6163 
ARM GAS  C:\Users\JASON\AppData\Local\Temp\ccFmCDWc.s 			page 37


 1832      74696F6E 
 1832      5F524F4D 
 1832      00
 1833              	.LASF21:
 1834 040c 45455F54 		.ascii	"EE_TYPE_RQ_MASK\000"
 1834      5950455F 
 1834      52515F4D 
 1834      41534B00 
 1835              	.LASF64:
 1836 041c 73697A65 		.ascii	"sizetype\000"
 1836      74797065 
 1836      00
 1837              	.LASF9:
 1838 0425 6C6F6E67 		.ascii	"long double\000"
 1838      20646F75 
 1838      626C6500 
 1839              	.LASF92:
 1840 0431 45455F72 		.ascii	"EE_rq_free\000"
 1840      715F6672 
 1840      656500
 1841              	.LASF86:
 1842 043c 45455F72 		.ascii	"EE_rq_link\000"
 1842      715F6C69 
 1842      6E6B00
 1843              	.LASF17:
 1844 0447 45455F53 		.ascii	"EE_SREG\000"
 1844      52454700 
 1845              	.LASF30:
 1846 044f 7469636B 		.ascii	"ticksperbase\000"
 1846      73706572 
 1846      62617365 
 1846      00
 1847              	.LASF43:
 1848 045c 75736564 		.ascii	"used\000"
 1848      00
 1849              	.LASF47:
 1850 0461 45455F6F 		.ascii	"EE_oo_counter_object_RAM_type\000"
 1850      6F5F636F 
 1850      756E7465 
 1850      725F6F62 
 1850      6A656374 
 1851              	.LASF97:
 1852 047f 45455F63 		.ascii	"EE_counter_ROM\000"
 1852      6F756E74 
 1852      65725F52 
 1852      4F4D00
 1853              	.LASF58:
 1854 048e 45455F6F 		.ascii	"EE_oo_action_ROM_type\000"
 1854      6F5F6163 
 1854      74696F6E 
 1854      5F524F4D 
 1854      5F747970 
 1855              	.LASF10:
 1856 04a4 45455F55 		.ascii	"EE_UINT16\000"
 1856      494E5431 
 1856      3600
 1857              	.LASF37:
ARM GAS  C:\Users\JASON\AppData\Local\Temp\ccFmCDWc.s 			page 38


 1858 04ae 45455F53 		.ascii	"EE_SCHEDULETABLE\000"
 1858      43484544 
 1858      554C4554 
 1858      41424C45 
 1858      00
 1859              	.LASF69:
 1860 04bf 45455F63 		.ascii	"EE_cortex_mx_system_tos\000"
 1860      6F727465 
 1860      785F6D78 
 1860      5F737973 
 1860      74656D5F 
 1861              	.LASF1:
 1862 04d7 756E7369 		.ascii	"unsigned char\000"
 1862      676E6564 
 1862      20636861 
 1862      7200
 1863              	.LASF36:
 1864 04e5 45455F41 		.ascii	"EE_ALARM\000"
 1864      4C41524D 
 1864      00
 1865              	.LASF81:
 1866 04ee 45455F74 		.ascii	"EE_th_next\000"
 1866      685F6E65 
 1866      787400
 1867              	.LASF68:
 1868 04f9 45455F74 		.ascii	"EE_terminate_real_th_body\000"
 1868      65726D69 
 1868      6E617465 
 1868      5F726561 
 1868      6C5F7468 
 1869              	.LASF57:
 1870 0513 696E6363 		.ascii	"inccount\000"
 1870      6F756E74 
 1870      00
 1871              	.LASF2:
 1872 051c 73686F72 		.ascii	"short int\000"
 1872      7420696E 
 1872      7400
 1873              	.LASF94:
 1874 0526 45455F74 		.ascii	"EE_th_event_waitmask\000"
 1874      685F6576 
 1874      656E745F 
 1874      77616974 
 1874      6D61736B 
 1875              	.LASF110:
 1876 053b 45455F63 		.ascii	"EE_cortex_mx_stack_3\000"
 1876      6F727465 
 1876      785F6D78 
 1876      5F737461 
 1876      636B5F33 
 1877              	.LASF75:
 1878 0550 45455F54 		.ascii	"EE_TASK_NAME\000"
 1878      41534B5F 
 1878      4E414D45 
 1878      00
 1879              	.LASF32:
 1880 055d 45455F6F 		.ascii	"EE_oo_counter_ROM_type\000"
ARM GAS  C:\Users\JASON\AppData\Local\Temp\ccFmCDWc.s 			page 39


 1880      6F5F636F 
 1880      756E7465 
 1880      725F524F 
 1880      4D5F7479 
 1881              	.LASF114:
 1882 0574 474E5520 		.ascii	"GNU C11 5.4.1 20160609 (release) [ARM/embedded-5-br"
 1882      43313120 
 1882      352E342E 
 1882      31203230 
 1882      31363036 
 1883 05a7 616E6368 		.ascii	"anch revision 237715] -mcpu=cortex-m3 -mthumb -g -O"
 1883      20726576 
 1883      6973696F 
 1883      6E203233 
 1883      37373135 
 1884 05da 67202D66 		.ascii	"g -ffunction-sections -ffat-lto-objects\000"
 1884      66756E63 
 1884      74696F6E 
 1884      2D736563 
 1884      74696F6E 
 1885              	.LASF56:
 1886 0602 61637469 		.ascii	"action_mask\000"
 1886      6F6E5F6D 
 1886      61736B00 
 1887              	.LASF15:
 1888 060e 45455F54 		.ascii	"EE_THREAD_PTR\000"
 1888      48524541 
 1888      445F5054 
 1888      5200
 1889              	.LASF88:
 1890 061c 45455F72 		.ascii	"EE_rq_queues_tail\000"
 1890      715F7175 
 1890      65756573 
 1890      5F746169 
 1890      6C00
 1891              	.LASF66:
 1892 062e 45455F73 		.ascii	"EE_std_thread_tos\000"
 1892      74645F74 
 1892      68726561 
 1892      645F746F 
 1892      7300
 1893              	.LASF51:
 1894 0640 45455F41 		.ascii	"EE_ACTION_CALLBACK\000"
 1894      4354494F 
 1894      4E5F4341 
 1894      4C4C4241 
 1894      434B00
 1895              	.LASF91:
 1896 0653 45455F72 		.ascii	"EE_rq_bitmask\000"
 1896      715F6269 
 1896      746D6173 
 1896      6B00
 1897              	.LASF34:
 1898 0661 66697273 		.ascii	"first\000"
 1898      7400
 1899              	.LASF25:
 1900 0667 436F756E 		.ascii	"CounterObjectType\000"
ARM GAS  C:\Users\JASON\AppData\Local\Temp\ccFmCDWc.s 			page 40


 1900      7465724F 
 1900      626A6563 
 1900      74547970 
 1900      6500
 1901              	.LASF74:
 1902 0679 63686172 		.ascii	"char\000"
 1902      00
 1903              	.LASF48:
 1904 067e 45455F41 		.ascii	"EE_ACTION_TASK\000"
 1904      4354494F 
 1904      4E5F5441 
 1904      534B00
 1905              	.LASF71:
 1906 068d 45455F74 		.ascii	"EE_th_rnact_max\000"
 1906      685F726E 
 1906      6163745F 
 1906      6D617800 
 1907              	.LASF50:
 1908 069d 45455F41 		.ascii	"EE_ACTION_COUNTER\000"
 1908      4354494F 
 1908      4E5F434F 
 1908      554E5445 
 1908      5200
 1909              	.LASF101:
 1910 06af 45455F63 		.ascii	"EE_counter_RAM\000"
 1910      6F756E74 
 1910      65725F52 
 1910      414D00
 1911              	.LASF40:
 1912 06be 73706563 		.ascii	"spec_id\000"
 1912      5F696400 
 1913              	.LASF49:
 1914 06c6 45455F41 		.ascii	"EE_ACTION_EVENT\000"
 1914      4354494F 
 1914      4E5F4556 
 1914      454E5400 
 1915              	.LASF65:
 1916 06d6 45455F68 		.ascii	"EE_hal_thread_body\000"
 1916      616C5F74 
 1916      68726561 
 1916      645F626F 
 1916      647900
 1917              	.LASF85:
 1918 06e9 45455F73 		.ascii	"EE_sys_ceiling\000"
 1918      79735F63 
 1918      65696C69 
 1918      6E6700
 1919              	.LASF54:
 1920 06f8 61637469 		.ascii	"action_kind\000"
 1920      6F6E5F6B 
 1920      696E6400 
 1921              	.LASF63:
 1922 0704 7461736B 		.ascii	"task\000"
 1922      00
 1923              	.LASF102:
 1924 0709 45455F6F 		.ascii	"EE_oo_counter_object_RAM\000"
 1924      6F5F636F 
ARM GAS  C:\Users\JASON\AppData\Local\Temp\ccFmCDWc.s 			page 41


 1924      756E7465 
 1924      725F6F62 
 1924      6A656374 
 1925              	.LASF53:
 1926 0722 41637469 		.ascii	"ActionKindType\000"
 1926      6F6E4B69 
 1926      6E645479 
 1926      706500
 1927              	.LASF72:
 1928 0731 45455F74 		.ascii	"EE_th_ready_prio\000"
 1928      685F7265 
 1928      6164795F 
 1928      7072696F 
 1928      00
 1929              	.LASF82:
 1930 0742 45455F74 		.ascii	"EE_th_rnact\000"
 1930      685F726E 
 1930      61637400 
 1931              	.LASF90:
 1932 074e 45455F72 		.ascii	"EE_rq_pairs_tid\000"
 1932      715F7061 
 1932      6972735F 
 1932      74696400 
 1933              	.LASF108:
 1934 075e 45455F49 		.ascii	"EE_IRQ_nesting_level\000"
 1934      52515F6E 
 1934      65737469 
 1934      6E675F6C 
 1934      6576656C 
 1935              	.LASF12:
 1936 0773 45455F55 		.ascii	"EE_UINT32\000"
 1936      494E5433 
 1936      3200
 1937              	.LASF11:
 1938 077d 45455F49 		.ascii	"EE_INT32\000"
 1938      4E543332 
 1938      00
 1939              	.LASF67:
 1940 0786 45455F74 		.ascii	"EE_terminate_data\000"
 1940      65726D69 
 1940      6E617465 
 1940      5F646174 
 1940      6100
 1941              	.LASF93:
 1942 0798 45455F74 		.ascii	"EE_th_event_active\000"
 1942      685F6576 
 1942      656E745F 
 1942      61637469 
 1942      766500
 1943              	.LASF44:
 1944 07ab 636E7463 		.ascii	"cntcycle\000"
 1944      79636C65 
 1944      00
 1945              	.LASF28:
 1946 07b4 5359535F 		.ascii	"SYS_tos\000"
 1946      746F7300 
 1947              	.LASF55:
ARM GAS  C:\Users\JASON\AppData\Local\Temp\ccFmCDWc.s 			page 42


 1948 07bc 61637469 		.ascii	"action_task\000"
 1948      6F6E5F74 
 1948      61736B00 
 1949              	.LASF13:
 1950 07c8 45455F41 		.ascii	"EE_ADDR\000"
 1950      44445200 
 1951              	.LASF96:
 1952 07d0 45455F74 		.ascii	"EE_th_is_extended\000"
 1952      685F6973 
 1952      5F657874 
 1952      656E6465 
 1952      6400
 1953              	.LASF18:
 1954 07e2 45455F46 		.ascii	"EE_FREG\000"
 1954      52454700 
 1955              	.LASF103:
 1956 07ea 45455F6F 		.ascii	"EE_oo_autostart_task_data\000"
 1956      6F5F6175 
 1956      746F7374 
 1956      6172745F 
 1956      7461736B 
 1957              		.ident	"GCC: (GNU Tools for ARM Embedded Processors) 5.4.1 20160609 (release) [ARM/embedded-5-bran
