ARM GAS  C:\Users\JASON\AppData\Local\Temp\ccociDC5.s 			page 1


   1              		.syntax unified
   2              		.cpu cortex-m3
   3              		.fpu softvfp
   4              		.eabi_attribute 20, 1
   5              		.eabi_attribute 21, 1
   6              		.eabi_attribute 23, 3
   7              		.eabi_attribute 24, 1
   8              		.eabi_attribute 25, 1
   9              		.eabi_attribute 26, 1
  10              		.eabi_attribute 30, 1
  11              		.eabi_attribute 34, 1
  12              		.eabi_attribute 18, 4
  13              		.thumb
  14              		.syntax unified
  15              		.file	"sc_engine_type.c"
  16              		.text
  17              	.Ltext0:
  18              		.cfi_sections	.debug_frame
  19              		.section	.text.SC_ENGINE_driverOut,"ax",%progbits
  20              		.align	2
  21              		.global	SC_ENGINE_driverOut
  22              		.thumb
  23              		.thumb_func
  24              		.type	SC_ENGINE_driverOut, %function
  25              	SC_ENGINE_driverOut:
  26              	.LFB110:
  27              		.file 1 "source\\rte\\sc_engine_type.c"
   1:source\rte/sc_engine_type.c **** 
   2:source\rte/sc_engine_type.c **** 
   3:source\rte/sc_engine_type.c **** /*
   4:source\rte/sc_engine_type.c ****  * Filename: sc_engine_type.c
   5:source\rte/sc_engine_type.c ****  *
   6:source\rte/sc_engine_type.c ****  * Author: Autogenerated by H-DA RTE Generator, (c) Prof. Fromm
   7:source\rte/sc_engine_type.c ****  */
   8:source\rte/sc_engine_type.c **** 
   9:source\rte/sc_engine_type.c **** #include "project.h"
  10:source\rte/sc_engine_type.c **** #include "global.h"
  11:source\rte/sc_engine_type.c **** #include "rte.h"
  12:source\rte/sc_engine_type.c **** #include "rte_types.h"
  13:source\rte/sc_engine_type.c **** #include "sc_engine_type.h"
  14:source\rte/sc_engine_type.c **** 
  15:source\rte/sc_engine_type.c **** 
  16:source\rte/sc_engine_type.c **** 
  17:source\rte/sc_engine_type.c **** /* USER CODE START SC_ENGINE_INCLUDE */
  18:source\rte/sc_engine_type.c **** 
  19:source\rte/sc_engine_type.c **** /* USER CODE END SC_ENGINE_INCLUDE */
  20:source\rte/sc_engine_type.c **** 
  21:source\rte/sc_engine_type.c **** 
  22:source\rte/sc_engine_type.c **** /*
  23:source\rte/sc_engine_type.c **** * description: Signalclass representing the engine.
  24:source\rte/sc_engine_type.c **** * name: sc_engine
  25:source\rte/sc_engine_type.c **** * shortname: engine
  26:source\rte/sc_engine_type.c **** */
  27:source\rte/sc_engine_type.c **** 
  28:source\rte/sc_engine_type.c **** /* USER CODE START SC_ENGINE_USERDEFINITIONS */
  29:source\rte/sc_engine_type.c **** 
  30:source\rte/sc_engine_type.c **** /* USER CODE END SC_ENGINE_USERDEFINITIONS */
ARM GAS  C:\Users\JASON\AppData\Local\Temp\ccociDC5.s 			page 2


  31:source\rte/sc_engine_type.c **** 
  32:source\rte/sc_engine_type.c **** 
  33:source\rte/sc_engine_type.c **** /*****************************************************************************************
  34:source\rte/sc_engine_type.c ****  *************** Port Wrapper Implementation for SC_ENGINE signal  ****************
  35:source\rte/sc_engine_type.c ****  *****************************************************************************************/
  36:source\rte/sc_engine_type.c ****  
  37:source\rte/sc_engine_type.c ****  
  38:source\rte/sc_engine_type.c **** /**
  39:source\rte/sc_engine_type.c ****  * Default OUT driver API
  40:source\rte/sc_engine_type.c ****  */
  41:source\rte/sc_engine_type.c **** inline RC_t SC_ENGINE_driverOut(const SC_ENGINE_data_t  *const data)
  42:source\rte/sc_engine_type.c **** {
  28              		.loc 1 42 0
  29              		.cfi_startproc
  30              		@ args = 0, pretend = 0, frame = 0
  31              		@ frame_needed = 0, uses_anonymous_args = 0
  32              		@ link register save eliminated.
  33              	.LVL0:
  43:source\rte/sc_engine_type.c **** 	/* USER CODE START driverOutSC_ENGINE */
  44:source\rte/sc_engine_type.c **** 
  45:source\rte/sc_engine_type.c **** 	//Scale application data to drive format
  46:source\rte/sc_engine_type.c **** 
  47:source\rte/sc_engine_type.c **** 	//Write scaled data to driver
  48:source\rte/sc_engine_type.c **** 
  49:source\rte/sc_engine_type.c **** 	return RC_SUCCESS;
  50:source\rte/sc_engine_type.c **** 	/* USER CODE END driverOutSC_ENGINE */
  51:source\rte/sc_engine_type.c **** }
  34              		.loc 1 51 0
  35 0000 0020     		movs	r0, #0
  36              	.LVL1:
  37 0002 7047     		bx	lr
  38              		.cfi_endproc
  39              	.LFE110:
  40              		.size	SC_ENGINE_driverOut, .-SC_ENGINE_driverOut
  41              		.text
  42              	.Letext0:
  43              		.file 2 "c:\\program files (x86)\\cypress\\psoc creator\\4.4\\psoc creator\\import\\gnu\\arm\\5.4.
  44              		.file 3 "c:\\program files (x86)\\cypress\\psoc creator\\4.4\\psoc creator\\import\\gnu\\arm\\5.4.
  45              		.file 4 "Generated_Source\\PSoC5/ErikaOS_common_ee_types.inc"
  46              		.file 5 "Generated_Source\\PSoC5/ErikaOS_cortex_mx_ee_cpu.inc"
  47              		.file 6 ".\\source\\bsw/global.h"
  48              		.file 7 "source\\rte\\sc_engine_type.h"
  49              		.file 8 "Generated_Source\\PSoC5/ErikaOS_ee_oo_intfunc.inc"
  50              		.file 9 "Generated_Source\\PSoC5/ErikaOS_cortex_mx_ee_context.inc"
  51              		.file 10 "Generated_Source\\PSoC5/ErikaOS_common_ee_primitives.inc"
  52              		.file 11 "Generated_Source\\PSoC5/core_cm3.h"
  53              		.section	.debug_info,"",%progbits
  54              	.Ldebug_info0:
  55 0000 43020000 		.4byte	0x243
  56 0004 0400     		.2byte	0x4
  57 0006 00000000 		.4byte	.Ldebug_abbrev0
  58 000a 04       		.byte	0x4
  59 000b 01       		.uleb128 0x1
  60 000c C3020000 		.4byte	.LASF57
  61 0010 0C       		.byte	0xc
  62 0011 B0030000 		.4byte	.LASF58
  63 0015 1A020000 		.4byte	.LASF59
ARM GAS  C:\Users\JASON\AppData\Local\Temp\ccociDC5.s 			page 3


  64 0019 00000000 		.4byte	.Ldebug_ranges0+0
  65 001d 00000000 		.4byte	0
  66 0021 00000000 		.4byte	.Ldebug_line0
  67 0025 02       		.uleb128 0x2
  68 0026 01       		.byte	0x1
  69 0027 06       		.byte	0x6
  70 0028 F7010000 		.4byte	.LASF0
  71 002c 03       		.uleb128 0x3
  72 002d A9010000 		.4byte	.LASF4
  73 0031 02       		.byte	0x2
  74 0032 1D       		.byte	0x1d
  75 0033 37000000 		.4byte	0x37
  76 0037 02       		.uleb128 0x2
  77 0038 01       		.byte	0x1
  78 0039 08       		.byte	0x8
  79 003a E2010000 		.4byte	.LASF1
  80 003e 02       		.uleb128 0x2
  81 003f 02       		.byte	0x2
  82 0040 05       		.byte	0x5
  83 0041 32000000 		.4byte	.LASF2
  84 0045 02       		.uleb128 0x2
  85 0046 02       		.byte	0x2
  86 0047 07       		.byte	0x7
  87 0048 B0020000 		.4byte	.LASF3
  88 004c 03       		.uleb128 0x3
  89 004d E6030000 		.4byte	.LASF5
  90 0051 02       		.byte	0x2
  91 0052 3F       		.byte	0x3f
  92 0053 57000000 		.4byte	0x57
  93 0057 02       		.uleb128 0x2
  94 0058 04       		.byte	0x4
  95 0059 05       		.byte	0x5
  96 005a 80010000 		.4byte	.LASF6
  97 005e 02       		.uleb128 0x2
  98 005f 04       		.byte	0x4
  99 0060 07       		.byte	0x7
 100 0061 9E030000 		.4byte	.LASF7
 101 0065 02       		.uleb128 0x2
 102 0066 08       		.byte	0x8
 103 0067 05       		.byte	0x5
 104 0068 35010000 		.4byte	.LASF8
 105 006c 02       		.uleb128 0x2
 106 006d 08       		.byte	0x8
 107 006e 07       		.byte	0x7
 108 006f 03020000 		.4byte	.LASF9
 109 0073 04       		.uleb128 0x4
 110 0074 04       		.byte	0x4
 111 0075 05       		.byte	0x5
 112 0076 696E7400 		.ascii	"int\000"
 113 007a 02       		.uleb128 0x2
 114 007b 04       		.byte	0x4
 115 007c 07       		.byte	0x7
 116 007d 68020000 		.4byte	.LASF10
 117 0081 03       		.uleb128 0x3
 118 0082 BA000000 		.4byte	.LASF11
 119 0086 03       		.byte	0x3
 120 0087 18       		.byte	0x18
ARM GAS  C:\Users\JASON\AppData\Local\Temp\ccociDC5.s 			page 4


 121 0088 2C000000 		.4byte	0x2c
 122 008c 03       		.uleb128 0x3
 123 008d 6B030000 		.4byte	.LASF12
 124 0091 03       		.byte	0x3
 125 0092 2C       		.byte	0x2c
 126 0093 4C000000 		.4byte	0x4c
 127 0097 02       		.uleb128 0x2
 128 0098 04       		.byte	0x4
 129 0099 04       		.byte	0x4
 130 009a 16010000 		.4byte	.LASF13
 131 009e 02       		.uleb128 0x2
 132 009f 08       		.byte	0x8
 133 00a0 04       		.byte	0x4
 134 00a1 02040000 		.4byte	.LASF14
 135 00a5 02       		.uleb128 0x2
 136 00a6 01       		.byte	0x1
 137 00a7 08       		.byte	0x8
 138 00a8 51030000 		.4byte	.LASF15
 139 00ac 02       		.uleb128 0x2
 140 00ad 08       		.byte	0x8
 141 00ae 04       		.byte	0x4
 142 00af D6010000 		.4byte	.LASF16
 143 00b3 03       		.uleb128 0x3
 144 00b4 A7020000 		.4byte	.LASF17
 145 00b8 04       		.byte	0x4
 146 00b9 53       		.byte	0x53
 147 00ba 73000000 		.4byte	0x73
 148 00be 03       		.uleb128 0x3
 149 00bf A9000000 		.4byte	.LASF18
 150 00c3 04       		.byte	0x4
 151 00c4 54       		.byte	0x54
 152 00c5 7A000000 		.4byte	0x7a
 153 00c9 03       		.uleb128 0x3
 154 00ca DE030000 		.4byte	.LASF19
 155 00ce 05       		.byte	0x5
 156 00cf 4D       		.byte	0x4d
 157 00d0 BE000000 		.4byte	0xbe
 158 00d4 03       		.uleb128 0x3
 159 00d5 79000000 		.4byte	.LASF20
 160 00d9 05       		.byte	0x5
 161 00da 4F       		.byte	0x4f
 162 00db BE000000 		.4byte	0xbe
 163 00df 03       		.uleb128 0x3
 164 00e0 B3000000 		.4byte	.LASF21
 165 00e4 05       		.byte	0x5
 166 00e5 78       		.byte	0x78
 167 00e6 B3000000 		.4byte	0xb3
 168 00ea 02       		.uleb128 0x2
 169 00eb 04       		.byte	0x4
 170 00ec 07       		.byte	0x7
 171 00ed 62000000 		.4byte	.LASF22
 172 00f1 05       		.uleb128 0x5
 173 00f2 01       		.byte	0x1
 174 00f3 25000000 		.4byte	0x25
 175 00f7 06       		.byte	0x6
 176 00f8 CF       		.byte	0xcf
 177 00f9 9A010000 		.4byte	0x19a
ARM GAS  C:\Users\JASON\AppData\Local\Temp\ccociDC5.s 			page 5


 178 00fd 06       		.uleb128 0x6
 179 00fe 13000000 		.4byte	.LASF23
 180 0102 00       		.byte	0
 181 0103 07       		.uleb128 0x7
 182 0104 27040000 		.4byte	.LASF24
 183 0108 7F       		.sleb128 -1
 184 0109 07       		.uleb128 0x7
 185 010a 83020000 		.4byte	.LASF25
 186 010e 7E       		.sleb128 -2
 187 010f 07       		.uleb128 0x7
 188 0110 6B000000 		.4byte	.LASF26
 189 0114 7D       		.sleb128 -3
 190 0115 07       		.uleb128 0x7
 191 0116 30040000 		.4byte	.LASF27
 192 011a 7C       		.sleb128 -4
 193 011b 07       		.uleb128 0x7
 194 011c 07010000 		.4byte	.LASF28
 195 0120 7B       		.sleb128 -5
 196 0121 07       		.uleb128 0x7
 197 0122 3C000000 		.4byte	.LASF29
 198 0126 7A       		.sleb128 -6
 199 0127 07       		.uleb128 0x7
 200 0128 89010000 		.4byte	.LASF30
 201 012c 79       		.sleb128 -7
 202 012d 07       		.uleb128 0x7
 203 012e 56030000 		.4byte	.LASF31
 204 0132 78       		.sleb128 -8
 205 0133 07       		.uleb128 0x7
 206 0134 91020000 		.4byte	.LASF32
 207 0138 77       		.sleb128 -9
 208 0139 07       		.uleb128 0x7
 209 013a 9B010000 		.4byte	.LASF33
 210 013e 76       		.sleb128 -10
 211 013f 07       		.uleb128 0x7
 212 0140 5D040000 		.4byte	.LASF34
 213 0144 75       		.sleb128 -11
 214 0145 07       		.uleb128 0x7
 215 0146 75020000 		.4byte	.LASF35
 216 014a 74       		.sleb128 -12
 217 014b 07       		.uleb128 0x7
 218 014c CC030000 		.4byte	.LASF36
 219 0150 73       		.sleb128 -13
 220 0151 07       		.uleb128 0x7
 221 0152 00000000 		.4byte	.LASF37
 222 0156 72       		.sleb128 -14
 223 0157 07       		.uleb128 0x7
 224 0158 1E000000 		.4byte	.LASF38
 225 015c 71       		.sleb128 -15
 226 015d 07       		.uleb128 0x7
 227 015e B3010000 		.4byte	.LASF39
 228 0162 70       		.sleb128 -16
 229 0163 07       		.uleb128 0x7
 230 0164 81000000 		.4byte	.LASF40
 231 0168 6F       		.sleb128 -17
 232 0169 07       		.uleb128 0x7
 233 016a 4D000000 		.4byte	.LASF41
 234 016e 6E       		.sleb128 -18
ARM GAS  C:\Users\JASON\AppData\Local\Temp\ccociDC5.s 			page 6


 235 016f 07       		.uleb128 0x7
 236 0170 5C010000 		.4byte	.LASF42
 237 0174 6D       		.sleb128 -19
 238 0175 07       		.uleb128 0x7
 239 0176 73030000 		.4byte	.LASF43
 240 017a 6C       		.sleb128 -20
 241 017b 07       		.uleb128 0x7
 242 017c C4010000 		.4byte	.LASF44
 243 0180 6B       		.sleb128 -21
 244 0181 07       		.uleb128 0x7
 245 0182 F0030000 		.4byte	.LASF45
 246 0186 6A       		.sleb128 -22
 247 0187 07       		.uleb128 0x7
 248 0188 C2000000 		.4byte	.LASF46
 249 018c 69       		.sleb128 -23
 250 018d 07       		.uleb128 0x7
 251 018e 6F010000 		.4byte	.LASF47
 252 0192 68       		.sleb128 -24
 253 0193 07       		.uleb128 0x7
 254 0194 1C010000 		.4byte	.LASF48
 255 0198 67       		.sleb128 -25
 256 0199 00       		.byte	0
 257 019a 03       		.uleb128 0x3
 258 019b 58040000 		.4byte	.LASF49
 259 019f 06       		.byte	0x6
 260 01a0 EA       		.byte	0xea
 261 01a1 F1000000 		.4byte	0xf1
 262 01a5 08       		.uleb128 0x8
 263 01a6 01       		.byte	0x1
 264 01a7 07       		.byte	0x7
 265 01a8 1F       		.byte	0x1f
 266 01a9 BA010000 		.4byte	0x1ba
 267 01ad 09       		.uleb128 0x9
 268 01ae F0010000 		.4byte	.LASF60
 269 01b2 07       		.byte	0x7
 270 01b3 21       		.byte	0x21
 271 01b4 81000000 		.4byte	0x81
 272 01b8 00       		.byte	0
 273 01b9 00       		.byte	0
 274 01ba 03       		.uleb128 0x3
 275 01bb 09040000 		.4byte	.LASF50
 276 01bf 07       		.byte	0x7
 277 01c0 24       		.byte	0x24
 278 01c1 A5010000 		.4byte	0x1a5
 279 01c5 0A       		.uleb128 0xa
 280 01c6 95000000 		.4byte	.LASF61
 281 01ca 01       		.byte	0x1
 282 01cb 29       		.byte	0x29
 283 01cc 9A010000 		.4byte	0x19a
 284 01d0 00000000 		.4byte	.LFB110
 285 01d4 04000000 		.4byte	.LFE110-.LFB110
 286 01d8 01       		.uleb128 0x1
 287 01d9 9C       		.byte	0x9c
 288 01da EE010000 		.4byte	0x1ee
 289 01de 0B       		.uleb128 0xb
 290 01df 86030000 		.4byte	.LASF62
 291 01e3 01       		.byte	0x1
ARM GAS  C:\Users\JASON\AppData\Local\Temp\ccociDC5.s 			page 7


 292 01e4 29       		.byte	0x29
 293 01e5 F9010000 		.4byte	0x1f9
 294 01e9 00000000 		.4byte	.LLST0
 295 01ed 00       		.byte	0
 296 01ee 0C       		.uleb128 0xc
 297 01ef 04       		.byte	0x4
 298 01f0 F4010000 		.4byte	0x1f4
 299 01f4 0D       		.uleb128 0xd
 300 01f5 BA010000 		.4byte	0x1ba
 301 01f9 0D       		.uleb128 0xd
 302 01fa EE010000 		.4byte	0x1ee
 303 01fe 0E       		.uleb128 0xe
 304 01ff 40040000 		.4byte	.LASF51
 305 0203 08       		.byte	0x8
 306 0204 40       		.byte	0x40
 307 0205 C9000000 		.4byte	0xc9
 308 0209 0E       		.uleb128 0xe
 309 020a 43010000 		.4byte	.LASF52
 310 020e 08       		.byte	0x8
 311 020f 47       		.byte	0x47
 312 0210 D4000000 		.4byte	0xd4
 313 0214 0E       		.uleb128 0xe
 314 0215 8B030000 		.4byte	.LASF53
 315 0219 08       		.byte	0x8
 316 021a 4A       		.byte	0x4a
 317 021b C9000000 		.4byte	0xc9
 318 021f 0E       		.uleb128 0xe
 319 0220 EE000000 		.4byte	.LASF54
 320 0224 09       		.byte	0x9
 321 0225 48       		.byte	0x48
 322 0226 DF000000 		.4byte	0xdf
 323 022a 0E       		.uleb128 0xe
 324 022b D9000000 		.4byte	.LASF55
 325 022f 0A       		.byte	0xa
 326 0230 44       		.byte	0x44
 327 0231 C9000000 		.4byte	0xc9
 328 0235 0F       		.uleb128 0xf
 329 0236 1A040000 		.4byte	.LASF56
 330 023a 0B       		.byte	0xb
 331 023b 1207     		.2byte	0x712
 332 023d 41020000 		.4byte	0x241
 333 0241 10       		.uleb128 0x10
 334 0242 8C000000 		.4byte	0x8c
 335 0246 00       		.byte	0
 336              		.section	.debug_abbrev,"",%progbits
 337              	.Ldebug_abbrev0:
 338 0000 01       		.uleb128 0x1
 339 0001 11       		.uleb128 0x11
 340 0002 01       		.byte	0x1
 341 0003 25       		.uleb128 0x25
 342 0004 0E       		.uleb128 0xe
 343 0005 13       		.uleb128 0x13
 344 0006 0B       		.uleb128 0xb
 345 0007 03       		.uleb128 0x3
 346 0008 0E       		.uleb128 0xe
 347 0009 1B       		.uleb128 0x1b
 348 000a 0E       		.uleb128 0xe
ARM GAS  C:\Users\JASON\AppData\Local\Temp\ccociDC5.s 			page 8


 349 000b 55       		.uleb128 0x55
 350 000c 17       		.uleb128 0x17
 351 000d 11       		.uleb128 0x11
 352 000e 01       		.uleb128 0x1
 353 000f 10       		.uleb128 0x10
 354 0010 17       		.uleb128 0x17
 355 0011 00       		.byte	0
 356 0012 00       		.byte	0
 357 0013 02       		.uleb128 0x2
 358 0014 24       		.uleb128 0x24
 359 0015 00       		.byte	0
 360 0016 0B       		.uleb128 0xb
 361 0017 0B       		.uleb128 0xb
 362 0018 3E       		.uleb128 0x3e
 363 0019 0B       		.uleb128 0xb
 364 001a 03       		.uleb128 0x3
 365 001b 0E       		.uleb128 0xe
 366 001c 00       		.byte	0
 367 001d 00       		.byte	0
 368 001e 03       		.uleb128 0x3
 369 001f 16       		.uleb128 0x16
 370 0020 00       		.byte	0
 371 0021 03       		.uleb128 0x3
 372 0022 0E       		.uleb128 0xe
 373 0023 3A       		.uleb128 0x3a
 374 0024 0B       		.uleb128 0xb
 375 0025 3B       		.uleb128 0x3b
 376 0026 0B       		.uleb128 0xb
 377 0027 49       		.uleb128 0x49
 378 0028 13       		.uleb128 0x13
 379 0029 00       		.byte	0
 380 002a 00       		.byte	0
 381 002b 04       		.uleb128 0x4
 382 002c 24       		.uleb128 0x24
 383 002d 00       		.byte	0
 384 002e 0B       		.uleb128 0xb
 385 002f 0B       		.uleb128 0xb
 386 0030 3E       		.uleb128 0x3e
 387 0031 0B       		.uleb128 0xb
 388 0032 03       		.uleb128 0x3
 389 0033 08       		.uleb128 0x8
 390 0034 00       		.byte	0
 391 0035 00       		.byte	0
 392 0036 05       		.uleb128 0x5
 393 0037 04       		.uleb128 0x4
 394 0038 01       		.byte	0x1
 395 0039 0B       		.uleb128 0xb
 396 003a 0B       		.uleb128 0xb
 397 003b 49       		.uleb128 0x49
 398 003c 13       		.uleb128 0x13
 399 003d 3A       		.uleb128 0x3a
 400 003e 0B       		.uleb128 0xb
 401 003f 3B       		.uleb128 0x3b
 402 0040 0B       		.uleb128 0xb
 403 0041 01       		.uleb128 0x1
 404 0042 13       		.uleb128 0x13
 405 0043 00       		.byte	0
ARM GAS  C:\Users\JASON\AppData\Local\Temp\ccociDC5.s 			page 9


 406 0044 00       		.byte	0
 407 0045 06       		.uleb128 0x6
 408 0046 28       		.uleb128 0x28
 409 0047 00       		.byte	0
 410 0048 03       		.uleb128 0x3
 411 0049 0E       		.uleb128 0xe
 412 004a 1C       		.uleb128 0x1c
 413 004b 0B       		.uleb128 0xb
 414 004c 00       		.byte	0
 415 004d 00       		.byte	0
 416 004e 07       		.uleb128 0x7
 417 004f 28       		.uleb128 0x28
 418 0050 00       		.byte	0
 419 0051 03       		.uleb128 0x3
 420 0052 0E       		.uleb128 0xe
 421 0053 1C       		.uleb128 0x1c
 422 0054 0D       		.uleb128 0xd
 423 0055 00       		.byte	0
 424 0056 00       		.byte	0
 425 0057 08       		.uleb128 0x8
 426 0058 13       		.uleb128 0x13
 427 0059 01       		.byte	0x1
 428 005a 0B       		.uleb128 0xb
 429 005b 0B       		.uleb128 0xb
 430 005c 3A       		.uleb128 0x3a
 431 005d 0B       		.uleb128 0xb
 432 005e 3B       		.uleb128 0x3b
 433 005f 0B       		.uleb128 0xb
 434 0060 01       		.uleb128 0x1
 435 0061 13       		.uleb128 0x13
 436 0062 00       		.byte	0
 437 0063 00       		.byte	0
 438 0064 09       		.uleb128 0x9
 439 0065 0D       		.uleb128 0xd
 440 0066 00       		.byte	0
 441 0067 03       		.uleb128 0x3
 442 0068 0E       		.uleb128 0xe
 443 0069 3A       		.uleb128 0x3a
 444 006a 0B       		.uleb128 0xb
 445 006b 3B       		.uleb128 0x3b
 446 006c 0B       		.uleb128 0xb
 447 006d 49       		.uleb128 0x49
 448 006e 13       		.uleb128 0x13
 449 006f 38       		.uleb128 0x38
 450 0070 0B       		.uleb128 0xb
 451 0071 00       		.byte	0
 452 0072 00       		.byte	0
 453 0073 0A       		.uleb128 0xa
 454 0074 2E       		.uleb128 0x2e
 455 0075 01       		.byte	0x1
 456 0076 3F       		.uleb128 0x3f
 457 0077 19       		.uleb128 0x19
 458 0078 03       		.uleb128 0x3
 459 0079 0E       		.uleb128 0xe
 460 007a 3A       		.uleb128 0x3a
 461 007b 0B       		.uleb128 0xb
 462 007c 3B       		.uleb128 0x3b
ARM GAS  C:\Users\JASON\AppData\Local\Temp\ccociDC5.s 			page 10


 463 007d 0B       		.uleb128 0xb
 464 007e 27       		.uleb128 0x27
 465 007f 19       		.uleb128 0x19
 466 0080 49       		.uleb128 0x49
 467 0081 13       		.uleb128 0x13
 468 0082 11       		.uleb128 0x11
 469 0083 01       		.uleb128 0x1
 470 0084 12       		.uleb128 0x12
 471 0085 06       		.uleb128 0x6
 472 0086 40       		.uleb128 0x40
 473 0087 18       		.uleb128 0x18
 474 0088 9742     		.uleb128 0x2117
 475 008a 19       		.uleb128 0x19
 476 008b 01       		.uleb128 0x1
 477 008c 13       		.uleb128 0x13
 478 008d 00       		.byte	0
 479 008e 00       		.byte	0
 480 008f 0B       		.uleb128 0xb
 481 0090 05       		.uleb128 0x5
 482 0091 00       		.byte	0
 483 0092 03       		.uleb128 0x3
 484 0093 0E       		.uleb128 0xe
 485 0094 3A       		.uleb128 0x3a
 486 0095 0B       		.uleb128 0xb
 487 0096 3B       		.uleb128 0x3b
 488 0097 0B       		.uleb128 0xb
 489 0098 49       		.uleb128 0x49
 490 0099 13       		.uleb128 0x13
 491 009a 02       		.uleb128 0x2
 492 009b 17       		.uleb128 0x17
 493 009c 00       		.byte	0
 494 009d 00       		.byte	0
 495 009e 0C       		.uleb128 0xc
 496 009f 0F       		.uleb128 0xf
 497 00a0 00       		.byte	0
 498 00a1 0B       		.uleb128 0xb
 499 00a2 0B       		.uleb128 0xb
 500 00a3 49       		.uleb128 0x49
 501 00a4 13       		.uleb128 0x13
 502 00a5 00       		.byte	0
 503 00a6 00       		.byte	0
 504 00a7 0D       		.uleb128 0xd
 505 00a8 26       		.uleb128 0x26
 506 00a9 00       		.byte	0
 507 00aa 49       		.uleb128 0x49
 508 00ab 13       		.uleb128 0x13
 509 00ac 00       		.byte	0
 510 00ad 00       		.byte	0
 511 00ae 0E       		.uleb128 0xe
 512 00af 34       		.uleb128 0x34
 513 00b0 00       		.byte	0
 514 00b1 03       		.uleb128 0x3
 515 00b2 0E       		.uleb128 0xe
 516 00b3 3A       		.uleb128 0x3a
 517 00b4 0B       		.uleb128 0xb
 518 00b5 3B       		.uleb128 0x3b
 519 00b6 0B       		.uleb128 0xb
ARM GAS  C:\Users\JASON\AppData\Local\Temp\ccociDC5.s 			page 11


 520 00b7 49       		.uleb128 0x49
 521 00b8 13       		.uleb128 0x13
 522 00b9 3F       		.uleb128 0x3f
 523 00ba 19       		.uleb128 0x19
 524 00bb 3C       		.uleb128 0x3c
 525 00bc 19       		.uleb128 0x19
 526 00bd 00       		.byte	0
 527 00be 00       		.byte	0
 528 00bf 0F       		.uleb128 0xf
 529 00c0 34       		.uleb128 0x34
 530 00c1 00       		.byte	0
 531 00c2 03       		.uleb128 0x3
 532 00c3 0E       		.uleb128 0xe
 533 00c4 3A       		.uleb128 0x3a
 534 00c5 0B       		.uleb128 0xb
 535 00c6 3B       		.uleb128 0x3b
 536 00c7 05       		.uleb128 0x5
 537 00c8 49       		.uleb128 0x49
 538 00c9 13       		.uleb128 0x13
 539 00ca 3F       		.uleb128 0x3f
 540 00cb 19       		.uleb128 0x19
 541 00cc 3C       		.uleb128 0x3c
 542 00cd 19       		.uleb128 0x19
 543 00ce 00       		.byte	0
 544 00cf 00       		.byte	0
 545 00d0 10       		.uleb128 0x10
 546 00d1 35       		.uleb128 0x35
 547 00d2 00       		.byte	0
 548 00d3 49       		.uleb128 0x49
 549 00d4 13       		.uleb128 0x13
 550 00d5 00       		.byte	0
 551 00d6 00       		.byte	0
 552 00d7 00       		.byte	0
 553              		.section	.debug_loc,"",%progbits
 554              	.Ldebug_loc0:
 555              	.LLST0:
 556 0000 00000000 		.4byte	.LVL0
 557 0004 02000000 		.4byte	.LVL1
 558 0008 0100     		.2byte	0x1
 559 000a 50       		.byte	0x50
 560 000b 02000000 		.4byte	.LVL1
 561 000f 04000000 		.4byte	.LFE110
 562 0013 0400     		.2byte	0x4
 563 0015 F3       		.byte	0xf3
 564 0016 01       		.uleb128 0x1
 565 0017 50       		.byte	0x50
 566 0018 9F       		.byte	0x9f
 567 0019 00000000 		.4byte	0
 568 001d 00000000 		.4byte	0
 569              		.section	.debug_aranges,"",%progbits
 570 0000 1C000000 		.4byte	0x1c
 571 0004 0200     		.2byte	0x2
 572 0006 00000000 		.4byte	.Ldebug_info0
 573 000a 04       		.byte	0x4
 574 000b 00       		.byte	0
 575 000c 0000     		.2byte	0
 576 000e 0000     		.2byte	0
ARM GAS  C:\Users\JASON\AppData\Local\Temp\ccociDC5.s 			page 12


 577 0010 00000000 		.4byte	.LFB110
 578 0014 04000000 		.4byte	.LFE110-.LFB110
 579 0018 00000000 		.4byte	0
 580 001c 00000000 		.4byte	0
 581              		.section	.debug_ranges,"",%progbits
 582              	.Ldebug_ranges0:
 583 0000 00000000 		.4byte	.LFB110
 584 0004 04000000 		.4byte	.LFE110
 585 0008 00000000 		.4byte	0
 586 000c 00000000 		.4byte	0
 587              		.section	.debug_line,"",%progbits
 588              	.Ldebug_line0:
 589 0000 3D020000 		.section	.debug_str,"MS",%progbits,1
 589      02002502 
 589      00000201 
 589      FB0E0D00 
 589      01010101 
 590              	.LASF37:
 591 0000 52435F45 		.ascii	"RC_ERROR_READ_ONLY\000"
 591      52524F52 
 591      5F524541 
 591      445F4F4E 
 591      4C5900
 592              	.LASF23:
 593 0013 52435F53 		.ascii	"RC_SUCCESS\000"
 593      55434345 
 593      535300
 594              	.LASF38:
 595 001e 52435F45 		.ascii	"RC_ERROR_WRITE_ONLY\000"
 595      52524F52 
 595      5F575249 
 595      54455F4F 
 595      4E4C5900 
 596              	.LASF2:
 597 0032 73686F72 		.ascii	"short int\000"
 597      7420696E 
 597      7400
 598              	.LASF29:
 599 003c 52435F45 		.ascii	"RC_ERROR_OVERRUN\000"
 599      52524F52 
 599      5F4F5645 
 599      5252554E 
 599      00
 600              	.LASF41:
 601 004d 52435F45 		.ascii	"RC_ERROR_WRITE_FAILS\000"
 601      52524F52 
 601      5F575249 
 601      54455F46 
 601      41494C53 
 602              	.LASF22:
 603 0062 73697A65 		.ascii	"sizetype\000"
 603      74797065 
 603      00
 604              	.LASF26:
 605 006b 52435F45 		.ascii	"RC_ERROR_ZERO\000"
 605      52524F52 
 605      5F5A4552 
ARM GAS  C:\Users\JASON\AppData\Local\Temp\ccociDC5.s 			page 13


 605      4F00
 606              	.LASF20:
 607 0079 45455F46 		.ascii	"EE_FREG\000"
 607      52454700 
 608              	.LASF40:
 609 0081 52435F45 		.ascii	"RC_ERROR_READ_FAILS\000"
 609      52524F52 
 609      5F524541 
 609      445F4641 
 609      494C5300 
 610              	.LASF61:
 611 0095 53435F45 		.ascii	"SC_ENGINE_driverOut\000"
 611      4E47494E 
 611      455F6472 
 611      69766572 
 611      4F757400 
 612              	.LASF18:
 613 00a9 45455F55 		.ascii	"EE_UINT32\000"
 613      494E5433 
 613      3200
 614              	.LASF21:
 615 00b3 45455F54 		.ascii	"EE_TID\000"
 615      494400
 616              	.LASF11:
 617 00ba 75696E74 		.ascii	"uint8_t\000"
 617      385F7400 
 618              	.LASF46:
 619 00c2 52435F45 		.ascii	"RC_ERROR_INVALID_STATE\000"
 619      52524F52 
 619      5F494E56 
 619      414C4944 
 619      5F535441 
 620              	.LASF55:
 621 00d9 45455F49 		.ascii	"EE_IRQ_nesting_level\000"
 621      52515F6E 
 621      65737469 
 621      6E675F6C 
 621      6576656C 
 622              	.LASF54:
 623 00ee 45455F73 		.ascii	"EE_std_endcycle_next_tid\000"
 623      74645F65 
 623      6E646379 
 623      636C655F 
 623      6E657874 
 624              	.LASF28:
 625 0107 52435F45 		.ascii	"RC_ERROR_RANGE\000"
 625      52524F52 
 625      5F52414E 
 625      474500
 626              	.LASF13:
 627 0116 666C6F61 		.ascii	"float\000"
 627      7400
 628              	.LASF48:
 629 011c 52435F45 		.ascii	"RC_ERROR_NOT_IMPLEMENTED\000"
 629      52524F52 
 629      5F4E4F54 
 629      5F494D50 
ARM GAS  C:\Users\JASON\AppData\Local\Temp\ccociDC5.s 			page 14


 629      4C454D45 
 630              	.LASF8:
 631 0135 6C6F6E67 		.ascii	"long long int\000"
 631      206C6F6E 
 631      6720696E 
 631      7400
 632              	.LASF52:
 633 0143 45455F6F 		.ascii	"EE_oo_IRQ_suspend_status\000"
 633      6F5F4952 
 633      515F7375 
 633      7370656E 
 633      645F7374 
 634              	.LASF42:
 635 015c 52435F45 		.ascii	"RC_ERROR_NOT_MATCH\000"
 635      52524F52 
 635      5F4E4F54 
 635      5F4D4154 
 635      434800
 636              	.LASF47:
 637 016f 52435F45 		.ascii	"RC_ERROR_UNKNOWN\000"
 637      52524F52 
 637      5F554E4B 
 637      4E4F574E 
 637      00
 638              	.LASF6:
 639 0180 6C6F6E67 		.ascii	"long int\000"
 639      20696E74 
 639      00
 640              	.LASF30:
 641 0189 52435F45 		.ascii	"RC_ERROR_UNDERRUN\000"
 641      52524F52 
 641      5F554E44 
 641      45525255 
 641      4E00
 642              	.LASF33:
 643 019b 52435F45 		.ascii	"RC_ERROR_BUSY\000"
 643      52524F52 
 643      5F425553 
 643      5900
 644              	.LASF4:
 645 01a9 5F5F7569 		.ascii	"__uint8_t\000"
 645      6E74385F 
 645      7400
 646              	.LASF39:
 647 01b3 52435F45 		.ascii	"RC_ERROR_INVALID\000"
 647      52524F52 
 647      5F494E56 
 647      414C4944 
 647      00
 648              	.LASF44:
 649 01c4 52435F45 		.ascii	"RC_ERROR_BAD_DATA\000"
 649      52524F52 
 649      5F424144 
 649      5F444154 
 649      4100
 650              	.LASF16:
 651 01d6 6C6F6E67 		.ascii	"long double\000"
ARM GAS  C:\Users\JASON\AppData\Local\Temp\ccociDC5.s 			page 15


 651      20646F75 
 651      626C6500 
 652              	.LASF1:
 653 01e2 756E7369 		.ascii	"unsigned char\000"
 653      676E6564 
 653      20636861 
 653      7200
 654              	.LASF60:
 655 01f0 656E6769 		.ascii	"engine\000"
 655      6E6500
 656              	.LASF0:
 657 01f7 7369676E 		.ascii	"signed char\000"
 657      65642063 
 657      68617200 
 658              	.LASF9:
 659 0203 6C6F6E67 		.ascii	"long long unsigned int\000"
 659      206C6F6E 
 659      6720756E 
 659      7369676E 
 659      65642069 
 660              	.LASF59:
 661 021a 433A5C4A 		.ascii	"C:\\Jason\\EIT\\Semester_02\\01_EAA\\Lab\\Assignmen"
 661      61736F6E 
 661      5C454954 
 661      5C53656D 
 661      65737465 
 662 0247 745F315C 		.ascii	"t_1\\01_Electronic_GasPedal.cydsn\000"
 662      30315F45 
 662      6C656374 
 662      726F6E69 
 662      635F4761 
 663              	.LASF10:
 664 0268 756E7369 		.ascii	"unsigned int\000"
 664      676E6564 
 664      20696E74 
 664      00
 665              	.LASF35:
 666 0275 52435F45 		.ascii	"RC_ERROR_OPEN\000"
 666      52524F52 
 666      5F4F5045 
 666      4E00
 667              	.LASF25:
 668 0283 52435F45 		.ascii	"RC_ERROR_NULL\000"
 668      52524F52 
 668      5F4E554C 
 668      4C00
 669              	.LASF32:
 670 0291 52435F45 		.ascii	"RC_ERROR_BUFFER_EMTPY\000"
 670      52524F52 
 670      5F425546 
 670      4645525F 
 670      454D5450 
 671              	.LASF17:
 672 02a7 45455F49 		.ascii	"EE_INT32\000"
 672      4E543332 
 672      00
 673              	.LASF3:
ARM GAS  C:\Users\JASON\AppData\Local\Temp\ccociDC5.s 			page 16


 674 02b0 73686F72 		.ascii	"short unsigned int\000"
 674      7420756E 
 674      7369676E 
 674      65642069 
 674      6E7400
 675              	.LASF57:
 676 02c3 474E5520 		.ascii	"GNU C11 5.4.1 20160609 (release) [ARM/embedded-5-br"
 676      43313120 
 676      352E342E 
 676      31203230 
 676      31363036 
 677 02f6 616E6368 		.ascii	"anch revision 237715] -mcpu=cortex-m3 -mthumb -g -O"
 677      20726576 
 677      6973696F 
 677      6E203233 
 677      37373135 
 678 0329 67202D66 		.ascii	"g -ffunction-sections -ffat-lto-objects\000"
 678      66756E63 
 678      74696F6E 
 678      2D736563 
 678      74696F6E 
 679              	.LASF15:
 680 0351 63686172 		.ascii	"char\000"
 680      00
 681              	.LASF31:
 682 0356 52435F45 		.ascii	"RC_ERROR_BUFFER_FULL\000"
 682      52524F52 
 682      5F425546 
 682      4645525F 
 682      46554C4C 
 683              	.LASF12:
 684 036b 696E7433 		.ascii	"int32_t\000"
 684      325F7400 
 685              	.LASF43:
 686 0373 52435F45 		.ascii	"RC_ERROR_BAD_PARAM\000"
 686      52524F52 
 686      5F424144 
 686      5F504152 
 686      414D00
 687              	.LASF62:
 688 0386 64617461 		.ascii	"data\000"
 688      00
 689              	.LASF53:
 690 038b 45455F41 		.ascii	"EE_ApplicationMode\000"
 690      70706C69 
 690      63617469 
 690      6F6E4D6F 
 690      646500
 691              	.LASF7:
 692 039e 6C6F6E67 		.ascii	"long unsigned int\000"
 692      20756E73 
 692      69676E65 
 692      6420696E 
 692      7400
 693              	.LASF58:
 694 03b0 736F7572 		.ascii	"source\\rte\\sc_engine_type.c\000"
 694      63655C72 
ARM GAS  C:\Users\JASON\AppData\Local\Temp\ccociDC5.s 			page 17


 694      74655C73 
 694      635F656E 
 694      67696E65 
 695              	.LASF36:
 696 03cc 52435F45 		.ascii	"RC_ERROR_CHECKSUM\000"
 696      52524F52 
 696      5F434845 
 696      434B5355 
 696      4D00
 697              	.LASF19:
 698 03de 45455F55 		.ascii	"EE_UREG\000"
 698      52454700 
 699              	.LASF5:
 700 03e6 5F5F696E 		.ascii	"__int32_t\000"
 700      7433325F 
 700      7400
 701              	.LASF45:
 702 03f0 52435F45 		.ascii	"RC_ERROR_CANCELED\000"
 702      52524F52 
 702      5F43414E 
 702      43454C45 
 702      4400
 703              	.LASF14:
 704 0402 646F7562 		.ascii	"double\000"
 704      6C6500
 705              	.LASF50:
 706 0409 53435F45 		.ascii	"SC_ENGINE_data_t\000"
 706      4E47494E 
 706      455F6461 
 706      74615F74 
 706      00
 707              	.LASF56:
 708 041a 49544D5F 		.ascii	"ITM_RxBuffer\000"
 708      52784275 
 708      66666572 
 708      00
 709              	.LASF24:
 710 0427 52435F45 		.ascii	"RC_ERROR\000"
 710      52524F52 
 710      00
 711              	.LASF27:
 712 0430 52435F45 		.ascii	"RC_ERROR_MEMORY\000"
 712      52524F52 
 712      5F4D454D 
 712      4F525900 
 713              	.LASF51:
 714 0440 45455F6F 		.ascii	"EE_oo_IRQ_disable_count\000"
 714      6F5F4952 
 714      515F6469 
 714      7361626C 
 714      655F636F 
 715              	.LASF49:
 716 0458 52435F74 		.ascii	"RC_t\000"
 716      00
 717              	.LASF34:
 718 045d 52435F45 		.ascii	"RC_ERROR_TIME_OUT\000"
 718      52524F52 
ARM GAS  C:\Users\JASON\AppData\Local\Temp\ccociDC5.s 			page 18


 718      5F54494D 
 718      455F4F55 
 718      5400
 719              		.ident	"GCC: (GNU Tools for ARM Embedded Processors) 5.4.1 20160609 (release) [ARM/embedded-5-bran
