ARM GAS  C:\Users\JASON\AppData\Local\Temp\ccilAVBh.s 			page 1


   1              		.syntax unified
   2              		.cpu cortex-m3
   3              		.fpu softvfp
   4              		.eabi_attribute 20, 1
   5              		.eabi_attribute 21, 1
   6              		.eabi_attribute 23, 3
   7              		.eabi_attribute 24, 1
   8              		.eabi_attribute 25, 1
   9              		.eabi_attribute 26, 1
  10              		.eabi_attribute 30, 1
  11              		.eabi_attribute 34, 1
  12              		.eabi_attribute 18, 4
  13              		.thumb
  14              		.syntax unified
  15              		.file	"sc_joystick_type.c"
  16              		.text
  17              	.Ltext0:
  18              		.cfi_sections	.debug_frame
  19              		.section	.text.SC_JOYSTICK_driverIn,"ax",%progbits
  20              		.align	2
  21              		.global	SC_JOYSTICK_driverIn
  22              		.thumb
  23              		.thumb_func
  24              		.type	SC_JOYSTICK_driverIn, %function
  25              	SC_JOYSTICK_driverIn:
  26              	.LFB110:
  27              		.file 1 "source\\rte\\sc_joystick_type.c"
   1:source\rte/sc_joystick_type.c **** 
   2:source\rte/sc_joystick_type.c **** 
   3:source\rte/sc_joystick_type.c **** /*
   4:source\rte/sc_joystick_type.c ****  * Filename: sc_joystick_type.c
   5:source\rte/sc_joystick_type.c ****  *
   6:source\rte/sc_joystick_type.c ****  * Author: Autogenerated by H-DA RTE Generator, (c) Prof. Fromm
   7:source\rte/sc_joystick_type.c ****  */
   8:source\rte/sc_joystick_type.c **** 
   9:source\rte/sc_joystick_type.c **** #include "project.h"
  10:source\rte/sc_joystick_type.c **** #include "global.h"
  11:source\rte/sc_joystick_type.c **** #include "rte.h"
  12:source\rte/sc_joystick_type.c **** #include "rte_types.h"
  13:source\rte/sc_joystick_type.c **** #include "sc_joystick_type.h"
  14:source\rte/sc_joystick_type.c **** 
  15:source\rte/sc_joystick_type.c **** 
  16:source\rte/sc_joystick_type.c **** 
  17:source\rte/sc_joystick_type.c **** /* USER CODE START SC_JOYSTICK_INCLUDE */
  18:source\rte/sc_joystick_type.c **** 
  19:source\rte/sc_joystick_type.c **** #include "joystick.h"
  20:source\rte/sc_joystick_type.c **** 
  21:source\rte/sc_joystick_type.c **** /* USER CODE END SC_JOYSTICK_INCLUDE */
  22:source\rte/sc_joystick_type.c **** 
  23:source\rte/sc_joystick_type.c **** 
  24:source\rte/sc_joystick_type.c **** /*
  25:source\rte/sc_joystick_type.c **** * description: Signalclass representing the user input.
  26:source\rte/sc_joystick_type.c **** * name: sc_joystick
  27:source\rte/sc_joystick_type.c **** * shortname: joystick
  28:source\rte/sc_joystick_type.c **** */
  29:source\rte/sc_joystick_type.c **** 
  30:source\rte/sc_joystick_type.c **** /* USER CODE START SC_JOYSTICK_USERDEFINITIONS */
ARM GAS  C:\Users\JASON\AppData\Local\Temp\ccilAVBh.s 			page 2


  31:source\rte/sc_joystick_type.c **** 
  32:source\rte/sc_joystick_type.c **** /* USER CODE END SC_JOYSTICK_USERDEFINITIONS */
  33:source\rte/sc_joystick_type.c **** 
  34:source\rte/sc_joystick_type.c **** 
  35:source\rte/sc_joystick_type.c **** /*****************************************************************************************
  36:source\rte/sc_joystick_type.c ****  *************** Port Wrapper Implementation for SC_JOYSTICK signal  ****************
  37:source\rte/sc_joystick_type.c ****  *****************************************************************************************/
  38:source\rte/sc_joystick_type.c ****  
  39:source\rte/sc_joystick_type.c ****  
  40:source\rte/sc_joystick_type.c **** 
  41:source\rte/sc_joystick_type.c **** /**
  42:source\rte/sc_joystick_type.c ****  * Default IN driver API
  43:source\rte/sc_joystick_type.c ****  */
  44:source\rte/sc_joystick_type.c **** inline RC_t SC_JOYSTICK_driverIn(SC_JOYSTICK_data_t *const data)
  45:source\rte/sc_joystick_type.c **** {
  28              		.loc 1 45 0
  29              		.cfi_startproc
  30              		@ args = 0, pretend = 0, frame = 0
  31              		@ frame_needed = 0, uses_anonymous_args = 0
  32              	.LVL0:
  33 0000 08B5     		push	{r3, lr}
  34              		.cfi_def_cfa_offset 8
  35              		.cfi_offset 3, -8
  36              		.cfi_offset 14, -4
  37              	.LVL1:
  46:source\rte/sc_joystick_type.c **** 	/* USER CODE START driverInSC_JOYSTICK */
  47:source\rte/sc_joystick_type.c ****     
  48:source\rte/sc_joystick_type.c ****     RC_t res = RC_SUCCESS;
  49:source\rte/sc_joystick_type.c ****     
  50:source\rte/sc_joystick_type.c **** 	//Read data from the MCAL driver
  51:source\rte/sc_joystick_type.c ****     
  52:source\rte/sc_joystick_type.c ****     /**
  53:source\rte/sc_joystick_type.c ****      * Reading the live joystick values along x and y directions.
  54:source\rte/sc_joystick_type.c ****      **/
  55:source\rte/sc_joystick_type.c ****     res = JOYSTICK_ReadPosition(&data->Joystick_X, &data->Joystick_Y);
  38              		.loc 1 55 0
  39 0002 411C     		adds	r1, r0, #1
  40 0004 FFF7FEFF 		bl	JOYSTICK_ReadPosition
  41              	.LVL2:
  56:source\rte/sc_joystick_type.c **** 
  57:source\rte/sc_joystick_type.c **** 	return res;
  58:source\rte/sc_joystick_type.c ****     
  59:source\rte/sc_joystick_type.c **** 	/* USER CODE END driverInSC_JOYSTICK */
  60:source\rte/sc_joystick_type.c **** }
  42              		.loc 1 60 0
  43 0008 08BD     		pop	{r3, pc}
  44              		.cfi_endproc
  45              	.LFE110:
  46              		.size	SC_JOYSTICK_driverIn, .-SC_JOYSTICK_driverIn
  47 000a 00BF     		.text
  48              	.Letext0:
  49              		.file 2 "c:\\program files (x86)\\cypress\\psoc creator\\4.4\\psoc creator\\import\\gnu\\arm\\5.4.
  50              		.file 3 "c:\\program files (x86)\\cypress\\psoc creator\\4.4\\psoc creator\\import\\gnu\\arm\\5.4.
  51              		.file 4 "Generated_Source\\PSoC5/ErikaOS_common_ee_types.inc"
  52              		.file 5 "Generated_Source\\PSoC5/ErikaOS_cortex_mx_ee_cpu.inc"
  53              		.file 6 ".\\source\\bsw/global.h"
  54              		.file 7 "source\\rte\\sc_joystick_type.h"
ARM GAS  C:\Users\JASON\AppData\Local\Temp\ccilAVBh.s 			page 3


  55              		.file 8 "Generated_Source\\PSoC5/ErikaOS_ee_oo_intfunc.inc"
  56              		.file 9 "Generated_Source\\PSoC5/ErikaOS_cortex_mx_ee_context.inc"
  57              		.file 10 "Generated_Source\\PSoC5/ErikaOS_common_ee_primitives.inc"
  58              		.file 11 "Generated_Source\\PSoC5/core_cm3.h"
  59              		.file 12 ".\\source\\bsw\\LabBoard/joystick.h"
  60              		.section	.debug_info,"",%progbits
  61              	.Ldebug_info0:
  62 0000 73020000 		.4byte	0x273
  63 0004 0400     		.2byte	0x4
  64 0006 00000000 		.4byte	.Ldebug_abbrev0
  65 000a 04       		.byte	0x4
  66 000b 01       		.uleb128 0x1
  67 000c D4020000 		.4byte	.LASF58
  68 0010 0C       		.byte	0xc
  69 0011 84030000 		.4byte	.LASF59
  70 0015 2B020000 		.4byte	.LASF60
  71 0019 00000000 		.4byte	.Ldebug_ranges0+0
  72 001d 00000000 		.4byte	0
  73 0021 00000000 		.4byte	.Ldebug_line0
  74 0025 02       		.uleb128 0x2
  75 0026 01       		.byte	0x1
  76 0027 06       		.byte	0x6
  77 0028 08020000 		.4byte	.LASF0
  78 002c 02       		.uleb128 0x2
  79 002d 01       		.byte	0x1
  80 002e 08       		.byte	0x8
  81 002f E7010000 		.4byte	.LASF1
  82 0033 02       		.uleb128 0x2
  83 0034 02       		.byte	0x2
  84 0035 05       		.byte	0x5
  85 0036 32000000 		.4byte	.LASF2
  86 003a 02       		.uleb128 0x2
  87 003b 02       		.byte	0x2
  88 003c 07       		.byte	0x7
  89 003d C1020000 		.4byte	.LASF3
  90 0041 03       		.uleb128 0x3
  91 0042 00040000 		.4byte	.LASF9
  92 0046 02       		.byte	0x2
  93 0047 3F       		.byte	0x3f
  94 0048 4C000000 		.4byte	0x4c
  95 004c 02       		.uleb128 0x2
  96 004d 04       		.byte	0x4
  97 004e 05       		.byte	0x5
  98 004f 64010000 		.4byte	.LASF4
  99 0053 02       		.uleb128 0x2
 100 0054 04       		.byte	0x4
 101 0055 07       		.byte	0x7
 102 0056 CD030000 		.4byte	.LASF5
 103 005a 02       		.uleb128 0x2
 104 005b 08       		.byte	0x8
 105 005c 05       		.byte	0x5
 106 005d 19010000 		.4byte	.LASF6
 107 0061 02       		.uleb128 0x2
 108 0062 08       		.byte	0x8
 109 0063 07       		.byte	0x7
 110 0064 14020000 		.4byte	.LASF7
 111 0068 04       		.uleb128 0x4
ARM GAS  C:\Users\JASON\AppData\Local\Temp\ccilAVBh.s 			page 4


 112 0069 04       		.byte	0x4
 113 006a 05       		.byte	0x5
 114 006b 696E7400 		.ascii	"int\000"
 115 006f 02       		.uleb128 0x2
 116 0070 04       		.byte	0x4
 117 0071 07       		.byte	0x7
 118 0072 79020000 		.4byte	.LASF8
 119 0076 03       		.uleb128 0x3
 120 0077 7C030000 		.4byte	.LASF10
 121 007b 03       		.byte	0x3
 122 007c 2C       		.byte	0x2c
 123 007d 41000000 		.4byte	0x41
 124 0081 02       		.uleb128 0x2
 125 0082 04       		.byte	0x4
 126 0083 04       		.byte	0x4
 127 0084 FA000000 		.4byte	.LASF11
 128 0088 02       		.uleb128 0x2
 129 0089 08       		.byte	0x8
 130 008a 04       		.byte	0x4
 131 008b DF030000 		.4byte	.LASF12
 132 008f 02       		.uleb128 0x2
 133 0090 01       		.byte	0x1
 134 0091 08       		.byte	0x8
 135 0092 62030000 		.4byte	.LASF13
 136 0096 02       		.uleb128 0x2
 137 0097 08       		.byte	0x8
 138 0098 04       		.byte	0x4
 139 0099 DB010000 		.4byte	.LASF14
 140 009d 03       		.uleb128 0x3
 141 009e B8020000 		.4byte	.LASF15
 142 00a2 04       		.byte	0x4
 143 00a3 53       		.byte	0x53
 144 00a4 68000000 		.4byte	0x68
 145 00a8 03       		.uleb128 0x3
 146 00a9 95000000 		.4byte	.LASF16
 147 00ad 04       		.byte	0x4
 148 00ae 54       		.byte	0x54
 149 00af 6F000000 		.4byte	0x6f
 150 00b3 03       		.uleb128 0x3
 151 00b4 F8030000 		.4byte	.LASF17
 152 00b8 05       		.byte	0x5
 153 00b9 4D       		.byte	0x4d
 154 00ba A8000000 		.4byte	0xa8
 155 00be 03       		.uleb128 0x3
 156 00bf 79000000 		.4byte	.LASF18
 157 00c3 05       		.byte	0x5
 158 00c4 4F       		.byte	0x4f
 159 00c5 A8000000 		.4byte	0xa8
 160 00c9 03       		.uleb128 0x3
 161 00ca 9F000000 		.4byte	.LASF19
 162 00ce 05       		.byte	0x5
 163 00cf 78       		.byte	0x78
 164 00d0 9D000000 		.4byte	0x9d
 165 00d4 02       		.uleb128 0x2
 166 00d5 04       		.byte	0x4
 167 00d6 07       		.byte	0x7
 168 00d7 62000000 		.4byte	.LASF20
ARM GAS  C:\Users\JASON\AppData\Local\Temp\ccilAVBh.s 			page 5


 169 00db 03       		.uleb128 0x3
 170 00dc 75040000 		.4byte	.LASF21
 171 00e0 06       		.byte	0x6
 172 00e1 90       		.byte	0x90
 173 00e2 25000000 		.4byte	0x25
 174 00e6 05       		.uleb128 0x5
 175 00e7 01       		.byte	0x1
 176 00e8 25000000 		.4byte	0x25
 177 00ec 06       		.byte	0x6
 178 00ed CF       		.byte	0xcf
 179 00ee 8F010000 		.4byte	0x18f
 180 00f2 06       		.uleb128 0x6
 181 00f3 13000000 		.4byte	.LASF22
 182 00f7 00       		.byte	0
 183 00f8 07       		.uleb128 0x7
 184 00f9 29040000 		.4byte	.LASF23
 185 00fd 7F       		.sleb128 -1
 186 00fe 07       		.uleb128 0x7
 187 00ff 94020000 		.4byte	.LASF24
 188 0103 7E       		.sleb128 -2
 189 0104 07       		.uleb128 0x7
 190 0105 6B000000 		.4byte	.LASF25
 191 0109 7D       		.sleb128 -3
 192 010a 07       		.uleb128 0x7
 193 010b 48040000 		.4byte	.LASF26
 194 010f 7C       		.sleb128 -4
 195 0110 07       		.uleb128 0x7
 196 0111 EB000000 		.4byte	.LASF27
 197 0115 7B       		.sleb128 -5
 198 0116 07       		.uleb128 0x7
 199 0117 3C000000 		.4byte	.LASF28
 200 011b 7A       		.sleb128 -6
 201 011c 07       		.uleb128 0x7
 202 011d 6D010000 		.4byte	.LASF29
 203 0121 79       		.sleb128 -7
 204 0122 07       		.uleb128 0x7
 205 0123 67030000 		.4byte	.LASF30
 206 0127 78       		.sleb128 -8
 207 0128 07       		.uleb128 0x7
 208 0129 A2020000 		.4byte	.LASF31
 209 012d 77       		.sleb128 -9
 210 012e 07       		.uleb128 0x7
 211 012f 7F010000 		.4byte	.LASF32
 212 0133 76       		.sleb128 -10
 213 0134 07       		.uleb128 0x7
 214 0135 7D040000 		.4byte	.LASF33
 215 0139 75       		.sleb128 -11
 216 013a 07       		.uleb128 0x7
 217 013b 86020000 		.4byte	.LASF34
 218 013f 74       		.sleb128 -12
 219 0140 07       		.uleb128 0x7
 220 0141 E6030000 		.4byte	.LASF35
 221 0145 73       		.sleb128 -13
 222 0146 07       		.uleb128 0x7
 223 0147 00000000 		.4byte	.LASF36
 224 014b 72       		.sleb128 -14
 225 014c 07       		.uleb128 0x7
ARM GAS  C:\Users\JASON\AppData\Local\Temp\ccilAVBh.s 			page 6


 226 014d 1E000000 		.4byte	.LASF37
 227 0151 71       		.sleb128 -15
 228 0152 07       		.uleb128 0x7
 229 0153 8D010000 		.4byte	.LASF38
 230 0157 70       		.sleb128 -16
 231 0158 07       		.uleb128 0x7
 232 0159 81000000 		.4byte	.LASF39
 233 015d 6F       		.sleb128 -17
 234 015e 07       		.uleb128 0x7
 235 015f 4D000000 		.4byte	.LASF40
 236 0163 6E       		.sleb128 -18
 237 0164 07       		.uleb128 0x7
 238 0165 40010000 		.4byte	.LASF41
 239 0169 6D       		.sleb128 -19
 240 016a 07       		.uleb128 0x7
 241 016b A2030000 		.4byte	.LASF42
 242 016f 6C       		.sleb128 -20
 243 0170 07       		.uleb128 0x7
 244 0171 9E010000 		.4byte	.LASF43
 245 0175 6B       		.sleb128 -21
 246 0176 07       		.uleb128 0x7
 247 0177 0A040000 		.4byte	.LASF44
 248 017b 6A       		.sleb128 -22
 249 017c 07       		.uleb128 0x7
 250 017d A6000000 		.4byte	.LASF45
 251 0181 69       		.sleb128 -23
 252 0182 07       		.uleb128 0x7
 253 0183 53010000 		.4byte	.LASF46
 254 0187 68       		.sleb128 -24
 255 0188 07       		.uleb128 0x7
 256 0189 00010000 		.4byte	.LASF47
 257 018d 67       		.sleb128 -25
 258 018e 00       		.byte	0
 259 018f 03       		.uleb128 0x3
 260 0190 70040000 		.4byte	.LASF48
 261 0194 06       		.byte	0x6
 262 0195 EA       		.byte	0xea
 263 0196 E6000000 		.4byte	0xe6
 264 019a 08       		.uleb128 0x8
 265 019b 02       		.byte	0x2
 266 019c 07       		.byte	0x7
 267 019d 1F       		.byte	0x1f
 268 019e BB010000 		.4byte	0x1bb
 269 01a2 09       		.uleb128 0x9
 270 01a3 B0010000 		.4byte	.LASF49
 271 01a7 07       		.byte	0x7
 272 01a8 21       		.byte	0x21
 273 01a9 DB000000 		.4byte	0xdb
 274 01ad 00       		.byte	0
 275 01ae 09       		.uleb128 0x9
 276 01af BB010000 		.4byte	.LASF50
 277 01b3 07       		.byte	0x7
 278 01b4 22       		.byte	0x22
 279 01b5 DB000000 		.4byte	0xdb
 280 01b9 01       		.byte	0x1
 281 01ba 00       		.byte	0
 282 01bb 03       		.uleb128 0x3
ARM GAS  C:\Users\JASON\AppData\Local\Temp\ccilAVBh.s 			page 7


 283 01bc F5010000 		.4byte	.LASF51
 284 01c0 07       		.byte	0x7
 285 01c1 25       		.byte	0x25
 286 01c2 9A010000 		.4byte	0x19a
 287 01c6 0A       		.uleb128 0xa
 288 01c7 C6010000 		.4byte	.LASF61
 289 01cb 01       		.byte	0x1
 290 01cc 2C       		.byte	0x2c
 291 01cd 8F010000 		.4byte	0x18f
 292 01d1 00000000 		.4byte	.LFB110
 293 01d5 0A000000 		.4byte	.LFE110-.LFB110
 294 01d9 01       		.uleb128 0x1
 295 01da 9C       		.byte	0x9c
 296 01db 18020000 		.4byte	0x218
 297 01df 0B       		.uleb128 0xb
 298 01e0 B5030000 		.4byte	.LASF62
 299 01e4 01       		.byte	0x1
 300 01e5 2C       		.byte	0x2c
 301 01e6 1E020000 		.4byte	0x21e
 302 01ea 00000000 		.4byte	.LLST0
 303 01ee 0C       		.uleb128 0xc
 304 01ef 72657300 		.ascii	"res\000"
 305 01f3 01       		.byte	0x1
 306 01f4 30       		.byte	0x30
 307 01f5 8F010000 		.4byte	0x18f
 308 01f9 21000000 		.4byte	.LLST1
 309 01fd 0D       		.uleb128 0xd
 310 01fe 08000000 		.4byte	.LVL2
 311 0202 6B020000 		.4byte	0x26b
 312 0206 0E       		.uleb128 0xe
 313 0207 01       		.uleb128 0x1
 314 0208 50       		.byte	0x50
 315 0209 03       		.uleb128 0x3
 316 020a F3       		.byte	0xf3
 317 020b 01       		.uleb128 0x1
 318 020c 50       		.byte	0x50
 319 020d 0E       		.uleb128 0xe
 320 020e 01       		.uleb128 0x1
 321 020f 51       		.byte	0x51
 322 0210 05       		.uleb128 0x5
 323 0211 F3       		.byte	0xf3
 324 0212 01       		.uleb128 0x1
 325 0213 50       		.byte	0x50
 326 0214 23       		.byte	0x23
 327 0215 01       		.uleb128 0x1
 328 0216 00       		.byte	0
 329 0217 00       		.byte	0
 330 0218 0F       		.uleb128 0xf
 331 0219 04       		.byte	0x4
 332 021a BB010000 		.4byte	0x1bb
 333 021e 10       		.uleb128 0x10
 334 021f 18020000 		.4byte	0x218
 335 0223 11       		.uleb128 0x11
 336 0224 58040000 		.4byte	.LASF52
 337 0228 08       		.byte	0x8
 338 0229 40       		.byte	0x40
 339 022a B3000000 		.4byte	0xb3
ARM GAS  C:\Users\JASON\AppData\Local\Temp\ccilAVBh.s 			page 8


 340 022e 11       		.uleb128 0x11
 341 022f 27010000 		.4byte	.LASF53
 342 0233 08       		.byte	0x8
 343 0234 47       		.byte	0x47
 344 0235 BE000000 		.4byte	0xbe
 345 0239 11       		.uleb128 0x11
 346 023a BA030000 		.4byte	.LASF54
 347 023e 08       		.byte	0x8
 348 023f 4A       		.byte	0x4a
 349 0240 B3000000 		.4byte	0xb3
 350 0244 11       		.uleb128 0x11
 351 0245 D2000000 		.4byte	.LASF55
 352 0249 09       		.byte	0x9
 353 024a 48       		.byte	0x48
 354 024b C9000000 		.4byte	0xc9
 355 024f 11       		.uleb128 0x11
 356 0250 BD000000 		.4byte	.LASF56
 357 0254 0A       		.byte	0xa
 358 0255 44       		.byte	0x44
 359 0256 B3000000 		.4byte	0xb3
 360 025a 12       		.uleb128 0x12
 361 025b 1C040000 		.4byte	.LASF57
 362 025f 0B       		.byte	0xb
 363 0260 1207     		.2byte	0x712
 364 0262 66020000 		.4byte	0x266
 365 0266 13       		.uleb128 0x13
 366 0267 76000000 		.4byte	0x76
 367 026b 14       		.uleb128 0x14
 368 026c 32040000 		.4byte	.LASF63
 369 0270 32040000 		.4byte	.LASF63
 370 0274 0C       		.byte	0xc
 371 0275 75       		.byte	0x75
 372 0276 00       		.byte	0
 373              		.section	.debug_abbrev,"",%progbits
 374              	.Ldebug_abbrev0:
 375 0000 01       		.uleb128 0x1
 376 0001 11       		.uleb128 0x11
 377 0002 01       		.byte	0x1
 378 0003 25       		.uleb128 0x25
 379 0004 0E       		.uleb128 0xe
 380 0005 13       		.uleb128 0x13
 381 0006 0B       		.uleb128 0xb
 382 0007 03       		.uleb128 0x3
 383 0008 0E       		.uleb128 0xe
 384 0009 1B       		.uleb128 0x1b
 385 000a 0E       		.uleb128 0xe
 386 000b 55       		.uleb128 0x55
 387 000c 17       		.uleb128 0x17
 388 000d 11       		.uleb128 0x11
 389 000e 01       		.uleb128 0x1
 390 000f 10       		.uleb128 0x10
 391 0010 17       		.uleb128 0x17
 392 0011 00       		.byte	0
 393 0012 00       		.byte	0
 394 0013 02       		.uleb128 0x2
 395 0014 24       		.uleb128 0x24
 396 0015 00       		.byte	0
ARM GAS  C:\Users\JASON\AppData\Local\Temp\ccilAVBh.s 			page 9


 397 0016 0B       		.uleb128 0xb
 398 0017 0B       		.uleb128 0xb
 399 0018 3E       		.uleb128 0x3e
 400 0019 0B       		.uleb128 0xb
 401 001a 03       		.uleb128 0x3
 402 001b 0E       		.uleb128 0xe
 403 001c 00       		.byte	0
 404 001d 00       		.byte	0
 405 001e 03       		.uleb128 0x3
 406 001f 16       		.uleb128 0x16
 407 0020 00       		.byte	0
 408 0021 03       		.uleb128 0x3
 409 0022 0E       		.uleb128 0xe
 410 0023 3A       		.uleb128 0x3a
 411 0024 0B       		.uleb128 0xb
 412 0025 3B       		.uleb128 0x3b
 413 0026 0B       		.uleb128 0xb
 414 0027 49       		.uleb128 0x49
 415 0028 13       		.uleb128 0x13
 416 0029 00       		.byte	0
 417 002a 00       		.byte	0
 418 002b 04       		.uleb128 0x4
 419 002c 24       		.uleb128 0x24
 420 002d 00       		.byte	0
 421 002e 0B       		.uleb128 0xb
 422 002f 0B       		.uleb128 0xb
 423 0030 3E       		.uleb128 0x3e
 424 0031 0B       		.uleb128 0xb
 425 0032 03       		.uleb128 0x3
 426 0033 08       		.uleb128 0x8
 427 0034 00       		.byte	0
 428 0035 00       		.byte	0
 429 0036 05       		.uleb128 0x5
 430 0037 04       		.uleb128 0x4
 431 0038 01       		.byte	0x1
 432 0039 0B       		.uleb128 0xb
 433 003a 0B       		.uleb128 0xb
 434 003b 49       		.uleb128 0x49
 435 003c 13       		.uleb128 0x13
 436 003d 3A       		.uleb128 0x3a
 437 003e 0B       		.uleb128 0xb
 438 003f 3B       		.uleb128 0x3b
 439 0040 0B       		.uleb128 0xb
 440 0041 01       		.uleb128 0x1
 441 0042 13       		.uleb128 0x13
 442 0043 00       		.byte	0
 443 0044 00       		.byte	0
 444 0045 06       		.uleb128 0x6
 445 0046 28       		.uleb128 0x28
 446 0047 00       		.byte	0
 447 0048 03       		.uleb128 0x3
 448 0049 0E       		.uleb128 0xe
 449 004a 1C       		.uleb128 0x1c
 450 004b 0B       		.uleb128 0xb
 451 004c 00       		.byte	0
 452 004d 00       		.byte	0
 453 004e 07       		.uleb128 0x7
ARM GAS  C:\Users\JASON\AppData\Local\Temp\ccilAVBh.s 			page 10


 454 004f 28       		.uleb128 0x28
 455 0050 00       		.byte	0
 456 0051 03       		.uleb128 0x3
 457 0052 0E       		.uleb128 0xe
 458 0053 1C       		.uleb128 0x1c
 459 0054 0D       		.uleb128 0xd
 460 0055 00       		.byte	0
 461 0056 00       		.byte	0
 462 0057 08       		.uleb128 0x8
 463 0058 13       		.uleb128 0x13
 464 0059 01       		.byte	0x1
 465 005a 0B       		.uleb128 0xb
 466 005b 0B       		.uleb128 0xb
 467 005c 3A       		.uleb128 0x3a
 468 005d 0B       		.uleb128 0xb
 469 005e 3B       		.uleb128 0x3b
 470 005f 0B       		.uleb128 0xb
 471 0060 01       		.uleb128 0x1
 472 0061 13       		.uleb128 0x13
 473 0062 00       		.byte	0
 474 0063 00       		.byte	0
 475 0064 09       		.uleb128 0x9
 476 0065 0D       		.uleb128 0xd
 477 0066 00       		.byte	0
 478 0067 03       		.uleb128 0x3
 479 0068 0E       		.uleb128 0xe
 480 0069 3A       		.uleb128 0x3a
 481 006a 0B       		.uleb128 0xb
 482 006b 3B       		.uleb128 0x3b
 483 006c 0B       		.uleb128 0xb
 484 006d 49       		.uleb128 0x49
 485 006e 13       		.uleb128 0x13
 486 006f 38       		.uleb128 0x38
 487 0070 0B       		.uleb128 0xb
 488 0071 00       		.byte	0
 489 0072 00       		.byte	0
 490 0073 0A       		.uleb128 0xa
 491 0074 2E       		.uleb128 0x2e
 492 0075 01       		.byte	0x1
 493 0076 3F       		.uleb128 0x3f
 494 0077 19       		.uleb128 0x19
 495 0078 03       		.uleb128 0x3
 496 0079 0E       		.uleb128 0xe
 497 007a 3A       		.uleb128 0x3a
 498 007b 0B       		.uleb128 0xb
 499 007c 3B       		.uleb128 0x3b
 500 007d 0B       		.uleb128 0xb
 501 007e 27       		.uleb128 0x27
 502 007f 19       		.uleb128 0x19
 503 0080 49       		.uleb128 0x49
 504 0081 13       		.uleb128 0x13
 505 0082 11       		.uleb128 0x11
 506 0083 01       		.uleb128 0x1
 507 0084 12       		.uleb128 0x12
 508 0085 06       		.uleb128 0x6
 509 0086 40       		.uleb128 0x40
 510 0087 18       		.uleb128 0x18
ARM GAS  C:\Users\JASON\AppData\Local\Temp\ccilAVBh.s 			page 11


 511 0088 9742     		.uleb128 0x2117
 512 008a 19       		.uleb128 0x19
 513 008b 01       		.uleb128 0x1
 514 008c 13       		.uleb128 0x13
 515 008d 00       		.byte	0
 516 008e 00       		.byte	0
 517 008f 0B       		.uleb128 0xb
 518 0090 05       		.uleb128 0x5
 519 0091 00       		.byte	0
 520 0092 03       		.uleb128 0x3
 521 0093 0E       		.uleb128 0xe
 522 0094 3A       		.uleb128 0x3a
 523 0095 0B       		.uleb128 0xb
 524 0096 3B       		.uleb128 0x3b
 525 0097 0B       		.uleb128 0xb
 526 0098 49       		.uleb128 0x49
 527 0099 13       		.uleb128 0x13
 528 009a 02       		.uleb128 0x2
 529 009b 17       		.uleb128 0x17
 530 009c 00       		.byte	0
 531 009d 00       		.byte	0
 532 009e 0C       		.uleb128 0xc
 533 009f 34       		.uleb128 0x34
 534 00a0 00       		.byte	0
 535 00a1 03       		.uleb128 0x3
 536 00a2 08       		.uleb128 0x8
 537 00a3 3A       		.uleb128 0x3a
 538 00a4 0B       		.uleb128 0xb
 539 00a5 3B       		.uleb128 0x3b
 540 00a6 0B       		.uleb128 0xb
 541 00a7 49       		.uleb128 0x49
 542 00a8 13       		.uleb128 0x13
 543 00a9 02       		.uleb128 0x2
 544 00aa 17       		.uleb128 0x17
 545 00ab 00       		.byte	0
 546 00ac 00       		.byte	0
 547 00ad 0D       		.uleb128 0xd
 548 00ae 898201   		.uleb128 0x4109
 549 00b1 01       		.byte	0x1
 550 00b2 11       		.uleb128 0x11
 551 00b3 01       		.uleb128 0x1
 552 00b4 31       		.uleb128 0x31
 553 00b5 13       		.uleb128 0x13
 554 00b6 00       		.byte	0
 555 00b7 00       		.byte	0
 556 00b8 0E       		.uleb128 0xe
 557 00b9 8A8201   		.uleb128 0x410a
 558 00bc 00       		.byte	0
 559 00bd 02       		.uleb128 0x2
 560 00be 18       		.uleb128 0x18
 561 00bf 9142     		.uleb128 0x2111
 562 00c1 18       		.uleb128 0x18
 563 00c2 00       		.byte	0
 564 00c3 00       		.byte	0
 565 00c4 0F       		.uleb128 0xf
 566 00c5 0F       		.uleb128 0xf
 567 00c6 00       		.byte	0
ARM GAS  C:\Users\JASON\AppData\Local\Temp\ccilAVBh.s 			page 12


 568 00c7 0B       		.uleb128 0xb
 569 00c8 0B       		.uleb128 0xb
 570 00c9 49       		.uleb128 0x49
 571 00ca 13       		.uleb128 0x13
 572 00cb 00       		.byte	0
 573 00cc 00       		.byte	0
 574 00cd 10       		.uleb128 0x10
 575 00ce 26       		.uleb128 0x26
 576 00cf 00       		.byte	0
 577 00d0 49       		.uleb128 0x49
 578 00d1 13       		.uleb128 0x13
 579 00d2 00       		.byte	0
 580 00d3 00       		.byte	0
 581 00d4 11       		.uleb128 0x11
 582 00d5 34       		.uleb128 0x34
 583 00d6 00       		.byte	0
 584 00d7 03       		.uleb128 0x3
 585 00d8 0E       		.uleb128 0xe
 586 00d9 3A       		.uleb128 0x3a
 587 00da 0B       		.uleb128 0xb
 588 00db 3B       		.uleb128 0x3b
 589 00dc 0B       		.uleb128 0xb
 590 00dd 49       		.uleb128 0x49
 591 00de 13       		.uleb128 0x13
 592 00df 3F       		.uleb128 0x3f
 593 00e0 19       		.uleb128 0x19
 594 00e1 3C       		.uleb128 0x3c
 595 00e2 19       		.uleb128 0x19
 596 00e3 00       		.byte	0
 597 00e4 00       		.byte	0
 598 00e5 12       		.uleb128 0x12
 599 00e6 34       		.uleb128 0x34
 600 00e7 00       		.byte	0
 601 00e8 03       		.uleb128 0x3
 602 00e9 0E       		.uleb128 0xe
 603 00ea 3A       		.uleb128 0x3a
 604 00eb 0B       		.uleb128 0xb
 605 00ec 3B       		.uleb128 0x3b
 606 00ed 05       		.uleb128 0x5
 607 00ee 49       		.uleb128 0x49
 608 00ef 13       		.uleb128 0x13
 609 00f0 3F       		.uleb128 0x3f
 610 00f1 19       		.uleb128 0x19
 611 00f2 3C       		.uleb128 0x3c
 612 00f3 19       		.uleb128 0x19
 613 00f4 00       		.byte	0
 614 00f5 00       		.byte	0
 615 00f6 13       		.uleb128 0x13
 616 00f7 35       		.uleb128 0x35
 617 00f8 00       		.byte	0
 618 00f9 49       		.uleb128 0x49
 619 00fa 13       		.uleb128 0x13
 620 00fb 00       		.byte	0
 621 00fc 00       		.byte	0
 622 00fd 14       		.uleb128 0x14
 623 00fe 2E       		.uleb128 0x2e
 624 00ff 00       		.byte	0
ARM GAS  C:\Users\JASON\AppData\Local\Temp\ccilAVBh.s 			page 13


 625 0100 3F       		.uleb128 0x3f
 626 0101 19       		.uleb128 0x19
 627 0102 3C       		.uleb128 0x3c
 628 0103 19       		.uleb128 0x19
 629 0104 6E       		.uleb128 0x6e
 630 0105 0E       		.uleb128 0xe
 631 0106 03       		.uleb128 0x3
 632 0107 0E       		.uleb128 0xe
 633 0108 3A       		.uleb128 0x3a
 634 0109 0B       		.uleb128 0xb
 635 010a 3B       		.uleb128 0x3b
 636 010b 0B       		.uleb128 0xb
 637 010c 00       		.byte	0
 638 010d 00       		.byte	0
 639 010e 00       		.byte	0
 640              		.section	.debug_loc,"",%progbits
 641              	.Ldebug_loc0:
 642              	.LLST0:
 643 0000 00000000 		.4byte	.LVL0
 644 0004 07000000 		.4byte	.LVL2-1
 645 0008 0100     		.2byte	0x1
 646 000a 50       		.byte	0x50
 647 000b 07000000 		.4byte	.LVL2-1
 648 000f 0A000000 		.4byte	.LFE110
 649 0013 0400     		.2byte	0x4
 650 0015 F3       		.byte	0xf3
 651 0016 01       		.uleb128 0x1
 652 0017 50       		.byte	0x50
 653 0018 9F       		.byte	0x9f
 654 0019 00000000 		.4byte	0
 655 001d 00000000 		.4byte	0
 656              	.LLST1:
 657 0021 02000000 		.4byte	.LVL1
 658 0025 08000000 		.4byte	.LVL2
 659 0029 0200     		.2byte	0x2
 660 002b 30       		.byte	0x30
 661 002c 9F       		.byte	0x9f
 662 002d 08000000 		.4byte	.LVL2
 663 0031 0A000000 		.4byte	.LFE110
 664 0035 0100     		.2byte	0x1
 665 0037 50       		.byte	0x50
 666 0038 00000000 		.4byte	0
 667 003c 00000000 		.4byte	0
 668              		.section	.debug_aranges,"",%progbits
 669 0000 1C000000 		.4byte	0x1c
 670 0004 0200     		.2byte	0x2
 671 0006 00000000 		.4byte	.Ldebug_info0
 672 000a 04       		.byte	0x4
 673 000b 00       		.byte	0
 674 000c 0000     		.2byte	0
 675 000e 0000     		.2byte	0
 676 0010 00000000 		.4byte	.LFB110
 677 0014 0A000000 		.4byte	.LFE110-.LFB110
 678 0018 00000000 		.4byte	0
 679 001c 00000000 		.4byte	0
 680              		.section	.debug_ranges,"",%progbits
 681              	.Ldebug_ranges0:
ARM GAS  C:\Users\JASON\AppData\Local\Temp\ccilAVBh.s 			page 14


 682 0000 00000000 		.4byte	.LFB110
 683 0004 0A000000 		.4byte	.LFE110
 684 0008 00000000 		.4byte	0
 685 000c 00000000 		.4byte	0
 686              		.section	.debug_line,"",%progbits
 687              	.Ldebug_line0:
 688 0000 66020000 		.section	.debug_str,"MS",%progbits,1
 688      02004D02 
 688      00000201 
 688      FB0E0D00 
 688      01010101 
 689              	.LASF36:
 690 0000 52435F45 		.ascii	"RC_ERROR_READ_ONLY\000"
 690      52524F52 
 690      5F524541 
 690      445F4F4E 
 690      4C5900
 691              	.LASF22:
 692 0013 52435F53 		.ascii	"RC_SUCCESS\000"
 692      55434345 
 692      535300
 693              	.LASF37:
 694 001e 52435F45 		.ascii	"RC_ERROR_WRITE_ONLY\000"
 694      52524F52 
 694      5F575249 
 694      54455F4F 
 694      4E4C5900 
 695              	.LASF2:
 696 0032 73686F72 		.ascii	"short int\000"
 696      7420696E 
 696      7400
 697              	.LASF28:
 698 003c 52435F45 		.ascii	"RC_ERROR_OVERRUN\000"
 698      52524F52 
 698      5F4F5645 
 698      5252554E 
 698      00
 699              	.LASF40:
 700 004d 52435F45 		.ascii	"RC_ERROR_WRITE_FAILS\000"
 700      52524F52 
 700      5F575249 
 700      54455F46 
 700      41494C53 
 701              	.LASF20:
 702 0062 73697A65 		.ascii	"sizetype\000"
 702      74797065 
 702      00
 703              	.LASF25:
 704 006b 52435F45 		.ascii	"RC_ERROR_ZERO\000"
 704      52524F52 
 704      5F5A4552 
 704      4F00
 705              	.LASF18:
 706 0079 45455F46 		.ascii	"EE_FREG\000"
 706      52454700 
 707              	.LASF39:
 708 0081 52435F45 		.ascii	"RC_ERROR_READ_FAILS\000"
ARM GAS  C:\Users\JASON\AppData\Local\Temp\ccilAVBh.s 			page 15


 708      52524F52 
 708      5F524541 
 708      445F4641 
 708      494C5300 
 709              	.LASF16:
 710 0095 45455F55 		.ascii	"EE_UINT32\000"
 710      494E5433 
 710      3200
 711              	.LASF19:
 712 009f 45455F54 		.ascii	"EE_TID\000"
 712      494400
 713              	.LASF45:
 714 00a6 52435F45 		.ascii	"RC_ERROR_INVALID_STATE\000"
 714      52524F52 
 714      5F494E56 
 714      414C4944 
 714      5F535441 
 715              	.LASF56:
 716 00bd 45455F49 		.ascii	"EE_IRQ_nesting_level\000"
 716      52515F6E 
 716      65737469 
 716      6E675F6C 
 716      6576656C 
 717              	.LASF55:
 718 00d2 45455F73 		.ascii	"EE_std_endcycle_next_tid\000"
 718      74645F65 
 718      6E646379 
 718      636C655F 
 718      6E657874 
 719              	.LASF27:
 720 00eb 52435F45 		.ascii	"RC_ERROR_RANGE\000"
 720      52524F52 
 720      5F52414E 
 720      474500
 721              	.LASF11:
 722 00fa 666C6F61 		.ascii	"float\000"
 722      7400
 723              	.LASF47:
 724 0100 52435F45 		.ascii	"RC_ERROR_NOT_IMPLEMENTED\000"
 724      52524F52 
 724      5F4E4F54 
 724      5F494D50 
 724      4C454D45 
 725              	.LASF6:
 726 0119 6C6F6E67 		.ascii	"long long int\000"
 726      206C6F6E 
 726      6720696E 
 726      7400
 727              	.LASF53:
 728 0127 45455F6F 		.ascii	"EE_oo_IRQ_suspend_status\000"
 728      6F5F4952 
 728      515F7375 
 728      7370656E 
 728      645F7374 
 729              	.LASF41:
 730 0140 52435F45 		.ascii	"RC_ERROR_NOT_MATCH\000"
 730      52524F52 
ARM GAS  C:\Users\JASON\AppData\Local\Temp\ccilAVBh.s 			page 16


 730      5F4E4F54 
 730      5F4D4154 
 730      434800
 731              	.LASF46:
 732 0153 52435F45 		.ascii	"RC_ERROR_UNKNOWN\000"
 732      52524F52 
 732      5F554E4B 
 732      4E4F574E 
 732      00
 733              	.LASF4:
 734 0164 6C6F6E67 		.ascii	"long int\000"
 734      20696E74 
 734      00
 735              	.LASF29:
 736 016d 52435F45 		.ascii	"RC_ERROR_UNDERRUN\000"
 736      52524F52 
 736      5F554E44 
 736      45525255 
 736      4E00
 737              	.LASF32:
 738 017f 52435F45 		.ascii	"RC_ERROR_BUSY\000"
 738      52524F52 
 738      5F425553 
 738      5900
 739              	.LASF38:
 740 018d 52435F45 		.ascii	"RC_ERROR_INVALID\000"
 740      52524F52 
 740      5F494E56 
 740      414C4944 
 740      00
 741              	.LASF43:
 742 019e 52435F45 		.ascii	"RC_ERROR_BAD_DATA\000"
 742      52524F52 
 742      5F424144 
 742      5F444154 
 742      4100
 743              	.LASF49:
 744 01b0 4A6F7973 		.ascii	"Joystick_X\000"
 744      7469636B 
 744      5F5800
 745              	.LASF50:
 746 01bb 4A6F7973 		.ascii	"Joystick_Y\000"
 746      7469636B 
 746      5F5900
 747              	.LASF61:
 748 01c6 53435F4A 		.ascii	"SC_JOYSTICK_driverIn\000"
 748      4F595354 
 748      49434B5F 
 748      64726976 
 748      6572496E 
 749              	.LASF14:
 750 01db 6C6F6E67 		.ascii	"long double\000"
 750      20646F75 
 750      626C6500 
 751              	.LASF1:
 752 01e7 756E7369 		.ascii	"unsigned char\000"
 752      676E6564 
ARM GAS  C:\Users\JASON\AppData\Local\Temp\ccilAVBh.s 			page 17


 752      20636861 
 752      7200
 753              	.LASF51:
 754 01f5 53435F4A 		.ascii	"SC_JOYSTICK_data_t\000"
 754      4F595354 
 754      49434B5F 
 754      64617461 
 754      5F7400
 755              	.LASF0:
 756 0208 7369676E 		.ascii	"signed char\000"
 756      65642063 
 756      68617200 
 757              	.LASF7:
 758 0214 6C6F6E67 		.ascii	"long long unsigned int\000"
 758      206C6F6E 
 758      6720756E 
 758      7369676E 
 758      65642069 
 759              	.LASF60:
 760 022b 433A5C4A 		.ascii	"C:\\Jason\\EIT\\Semester_02\\01_EAA\\Lab\\Assignmen"
 760      61736F6E 
 760      5C454954 
 760      5C53656D 
 760      65737465 
 761 0258 745F315C 		.ascii	"t_1\\01_Electronic_GasPedal.cydsn\000"
 761      30315F45 
 761      6C656374 
 761      726F6E69 
 761      635F4761 
 762              	.LASF8:
 763 0279 756E7369 		.ascii	"unsigned int\000"
 763      676E6564 
 763      20696E74 
 763      00
 764              	.LASF34:
 765 0286 52435F45 		.ascii	"RC_ERROR_OPEN\000"
 765      52524F52 
 765      5F4F5045 
 765      4E00
 766              	.LASF24:
 767 0294 52435F45 		.ascii	"RC_ERROR_NULL\000"
 767      52524F52 
 767      5F4E554C 
 767      4C00
 768              	.LASF31:
 769 02a2 52435F45 		.ascii	"RC_ERROR_BUFFER_EMTPY\000"
 769      52524F52 
 769      5F425546 
 769      4645525F 
 769      454D5450 
 770              	.LASF15:
 771 02b8 45455F49 		.ascii	"EE_INT32\000"
 771      4E543332 
 771      00
 772              	.LASF3:
 773 02c1 73686F72 		.ascii	"short unsigned int\000"
 773      7420756E 
ARM GAS  C:\Users\JASON\AppData\Local\Temp\ccilAVBh.s 			page 18


 773      7369676E 
 773      65642069 
 773      6E7400
 774              	.LASF58:
 775 02d4 474E5520 		.ascii	"GNU C11 5.4.1 20160609 (release) [ARM/embedded-5-br"
 775      43313120 
 775      352E342E 
 775      31203230 
 775      31363036 
 776 0307 616E6368 		.ascii	"anch revision 237715] -mcpu=cortex-m3 -mthumb -g -O"
 776      20726576 
 776      6973696F 
 776      6E203233 
 776      37373135 
 777 033a 67202D66 		.ascii	"g -ffunction-sections -ffat-lto-objects\000"
 777      66756E63 
 777      74696F6E 
 777      2D736563 
 777      74696F6E 
 778              	.LASF13:
 779 0362 63686172 		.ascii	"char\000"
 779      00
 780              	.LASF30:
 781 0367 52435F45 		.ascii	"RC_ERROR_BUFFER_FULL\000"
 781      52524F52 
 781      5F425546 
 781      4645525F 
 781      46554C4C 
 782              	.LASF10:
 783 037c 696E7433 		.ascii	"int32_t\000"
 783      325F7400 
 784              	.LASF59:
 785 0384 736F7572 		.ascii	"source\\rte\\sc_joystick_type.c\000"
 785      63655C72 
 785      74655C73 
 785      635F6A6F 
 785      79737469 
 786              	.LASF42:
 787 03a2 52435F45 		.ascii	"RC_ERROR_BAD_PARAM\000"
 787      52524F52 
 787      5F424144 
 787      5F504152 
 787      414D00
 788              	.LASF62:
 789 03b5 64617461 		.ascii	"data\000"
 789      00
 790              	.LASF54:
 791 03ba 45455F41 		.ascii	"EE_ApplicationMode\000"
 791      70706C69 
 791      63617469 
 791      6F6E4D6F 
 791      646500
 792              	.LASF5:
 793 03cd 6C6F6E67 		.ascii	"long unsigned int\000"
 793      20756E73 
 793      69676E65 
 793      6420696E 
ARM GAS  C:\Users\JASON\AppData\Local\Temp\ccilAVBh.s 			page 19


 793      7400
 794              	.LASF12:
 795 03df 646F7562 		.ascii	"double\000"
 795      6C6500
 796              	.LASF35:
 797 03e6 52435F45 		.ascii	"RC_ERROR_CHECKSUM\000"
 797      52524F52 
 797      5F434845 
 797      434B5355 
 797      4D00
 798              	.LASF17:
 799 03f8 45455F55 		.ascii	"EE_UREG\000"
 799      52454700 
 800              	.LASF9:
 801 0400 5F5F696E 		.ascii	"__int32_t\000"
 801      7433325F 
 801      7400
 802              	.LASF44:
 803 040a 52435F45 		.ascii	"RC_ERROR_CANCELED\000"
 803      52524F52 
 803      5F43414E 
 803      43454C45 
 803      4400
 804              	.LASF57:
 805 041c 49544D5F 		.ascii	"ITM_RxBuffer\000"
 805      52784275 
 805      66666572 
 805      00
 806              	.LASF23:
 807 0429 52435F45 		.ascii	"RC_ERROR\000"
 807      52524F52 
 807      00
 808              	.LASF63:
 809 0432 4A4F5953 		.ascii	"JOYSTICK_ReadPosition\000"
 809      5449434B 
 809      5F526561 
 809      64506F73 
 809      6974696F 
 810              	.LASF26:
 811 0448 52435F45 		.ascii	"RC_ERROR_MEMORY\000"
 811      52524F52 
 811      5F4D454D 
 811      4F525900 
 812              	.LASF52:
 813 0458 45455F6F 		.ascii	"EE_oo_IRQ_disable_count\000"
 813      6F5F4952 
 813      515F6469 
 813      7361626C 
 813      655F636F 
 814              	.LASF48:
 815 0470 52435F74 		.ascii	"RC_t\000"
 815      00
 816              	.LASF21:
 817 0475 73696E74 		.ascii	"sint8_t\000"
 817      385F7400 
 818              	.LASF33:
 819 047d 52435F45 		.ascii	"RC_ERROR_TIME_OUT\000"
ARM GAS  C:\Users\JASON\AppData\Local\Temp\ccilAVBh.s 			page 20


 819      52524F52 
 819      5F54494D 
 819      455F4F55 
 819      5400
 820              		.ident	"GCC: (GNU Tools for ARM Embedded Processors) 5.4.1 20160609 (release) [ARM/embedded-5-bran
