ARM GAS  C:\Users\JASON\AppData\Local\Temp\cc893OBz.s 			page 1


   1              		.syntax unified
   2              		.cpu cortex-m3
   3              		.fpu softvfp
   4              		.eabi_attribute 20, 1
   5              		.eabi_attribute 21, 1
   6              		.eabi_attribute 23, 3
   7              		.eabi_attribute 24, 1
   8              		.eabi_attribute 25, 1
   9              		.eabi_attribute 26, 1
  10              		.eabi_attribute 30, 1
  11              		.eabi_attribute 34, 1
  12              		.eabi_attribute 18, 4
  13              		.thumb
  14              		.syntax unified
  15              		.file	"tsk_system.c"
  16              		.text
  17              	.Ltext0:
  18              		.cfi_sections	.debug_frame
  19              		.section	.text.Functsk_system,"ax",%progbits
  20              		.align	2
  21              		.global	Functsk_system
  22              		.thumb
  23              		.thumb_func
  24              		.type	Functsk_system, %function
  25              	Functsk_system:
  26              	.LFB150:
  27              		.file 1 "source\\asw\\tsk_system.c"
   1:source\asw/tsk_system.c **** 
   2:source\asw/tsk_system.c **** 
   3:source\asw/tsk_system.c **** /*
   4:source\asw/tsk_system.c ****  * Filename: tsk_system.c
   5:source\asw/tsk_system.c ****  *
   6:source\asw/tsk_system.c ****  * Author: Autogenerated by H-DA RTE Generator, (c) Prof. Fromm
   7:source\asw/tsk_system.c ****  */
   8:source\asw/tsk_system.c **** 
   9:source\asw/tsk_system.c **** #include "project.h"
  10:source\asw/tsk_system.c **** #include "global.h"
  11:source\asw/tsk_system.c **** #include "rte.h"
  12:source\asw/tsk_system.c **** #include "rte_types.h"
  13:source\asw/tsk_system.c **** #include "tsk_system.h"
  14:source\asw/tsk_system.c **** 
  15:source\asw/tsk_system.c **** 
  16:source\asw/tsk_system.c **** 
  17:source\asw/tsk_system.c **** /* USER CODE START TSK_SYSTEM_INCLUDE */
  18:source\asw/tsk_system.c **** 
  19:source\asw/tsk_system.c **** #include "sp_common.h"
  20:source\asw/tsk_system.c **** 
  21:source\asw/tsk_system.c **** /* USER CODE END TSK_SYSTEM_INCLUDE */
  22:source\asw/tsk_system.c **** 
  23:source\asw/tsk_system.c **** 
  24:source\asw/tsk_system.c **** 
  25:source\asw/tsk_system.c **** 
  26:source\asw/tsk_system.c **** /* USER CODE START TSK_SYSTEM_USERDEFINITIONS */
  27:source\asw/tsk_system.c **** 
  28:source\asw/tsk_system.c **** /* USER CODE END TSK_SYSTEM_USERDEFINITIONS */
  29:source\asw/tsk_system.c **** 
  30:source\asw/tsk_system.c **** /*******************************************************************************
ARM GAS  C:\Users\JASON\AppData\Local\Temp\cc893OBz.s 			page 2


  31:source\asw/tsk_system.c ****  * Runnable Tables from Activation Engine
  32:source\asw/tsk_system.c ****  *******************************************************************************/
  33:source\asw/tsk_system.c **** 
  34:source\asw/tsk_system.c **** 
  35:source\asw/tsk_system.c **** /*******************************************************************************
  36:source\asw/tsk_system.c ****  * Task Body
  37:source\asw/tsk_system.c ****  *******************************************************************************/
  38:source\asw/tsk_system.c **** 
  39:source\asw/tsk_system.c **** 
  40:source\asw/tsk_system.c **** /*
  41:source\asw/tsk_system.c **** * description: Task incrementing the age of all the signals.
  42:source\asw/tsk_system.c **** * events: 
  43:source\asw/tsk_system.c **** * mode: System
  44:source\asw/tsk_system.c **** * name: tsk_system
  45:source\asw/tsk_system.c **** * shortname: system
  46:source\asw/tsk_system.c **** * signalpoolsRO: sp_common
  47:source\asw/tsk_system.c **** * signalpoolsRW: sp_common
  48:source\asw/tsk_system.c **** * tickEvent: 0
  49:source\asw/tsk_system.c **** * timertickperiod: 1
  50:source\asw/tsk_system.c **** */
  51:source\asw/tsk_system.c **** TASK(tsk_system)
  52:source\asw/tsk_system.c **** {
  28              		.loc 1 52 0
  29              		.cfi_startproc
  30              		@ args = 0, pretend = 0, frame = 0
  31              		@ frame_needed = 0, uses_anonymous_args = 0
  32 0000 08B5     		push	{r3, lr}
  33              		.cfi_def_cfa_offset 8
  34              		.cfi_offset 3, -8
  35              		.cfi_offset 14, -4
  53:source\asw/tsk_system.c **** 	//Increment the age of all signals
  54:source\asw/tsk_system.c **** 	//Ticktime of the task: 1 ms
  55:source\asw/tsk_system.c ****     
  56:source\asw/tsk_system.c **** 	/* USER CODE START TSK_SYSTEM_TASKBOBY_PRE */
  57:source\asw/tsk_system.c **** 
  58:source\asw/tsk_system.c **** 	/* USER CODE END TSK_SYSTEM_TASKBODY_PRE */
  59:source\asw/tsk_system.c **** 	
  60:source\asw/tsk_system.c ****     // tick for signalpool sp_common
  61:source\asw/tsk_system.c ****     RTE_timertick_sp_common_tick(1);
  36              		.loc 1 61 0
  37 0002 0120     		movs	r0, #1
  38 0004 FFF7FEFF 		bl	RTE_timertick_sp_common_tick
  39              	.LVL0:
  40 0008 08BD     		pop	{r3, pc}
  41              		.cfi_endproc
  42              	.LFE150:
  43              		.size	Functsk_system, .-Functsk_system
  44 000a 00BF     		.text
  45              	.Letext0:
  46              		.file 2 "c:\\program files (x86)\\cypress\\psoc creator\\4.4\\psoc creator\\import\\gnu\\arm\\5.4.
  47              		.file 3 "c:\\program files (x86)\\cypress\\psoc creator\\4.4\\psoc creator\\import\\gnu\\arm\\5.4.
  48              		.file 4 "Generated_Source\\PSoC5/ErikaOS_common_ee_types.inc"
  49              		.file 5 "Generated_Source\\PSoC5/ErikaOS_cortex_mx_ee_cpu.inc"
  50              		.file 6 "Generated_Source\\PSoC5/ErikaOS_ee_oo_intfunc.inc"
  51              		.file 7 "Generated_Source\\PSoC5/ErikaOS_cortex_mx_ee_context.inc"
  52              		.file 8 "Generated_Source\\PSoC5/ErikaOS_common_ee_primitives.inc"
  53              		.file 9 "Generated_Source\\PSoC5/core_cm3.h"
ARM GAS  C:\Users\JASON\AppData\Local\Temp\cc893OBz.s 			page 3


  54              		.file 10 ".\\source\\rte/sp_common.h"
  55              		.section	.debug_info,"",%progbits
  56              	.Ldebug_info0:
  57 0000 50010000 		.4byte	0x150
  58 0004 0400     		.2byte	0x4
  59 0006 00000000 		.4byte	.Ldebug_abbrev0
  60 000a 04       		.byte	0x4
  61 000b 01       		.uleb128 0x1
  62 000c 5C000000 		.4byte	.LASF27
  63 0010 0C       		.byte	0xc
  64 0011 F5010000 		.4byte	.LASF28
  65 0015 17020000 		.4byte	.LASF29
  66 0019 00000000 		.4byte	.Ldebug_ranges0+0
  67 001d 00000000 		.4byte	0
  68 0021 00000000 		.4byte	.Ldebug_line0
  69 0025 02       		.uleb128 0x2
  70 0026 01       		.byte	0x1
  71 0027 06       		.byte	0x6
  72 0028 7A020000 		.4byte	.LASF0
  73 002c 02       		.uleb128 0x2
  74 002d 01       		.byte	0x1
  75 002e 08       		.byte	0x8
  76 002f 3D010000 		.4byte	.LASF1
  77 0033 02       		.uleb128 0x2
  78 0034 02       		.byte	0x2
  79 0035 05       		.byte	0x5
  80 0036 0D020000 		.4byte	.LASF2
  81 003a 02       		.uleb128 0x2
  82 003b 02       		.byte	0x2
  83 003c 07       		.byte	0x7
  84 003d 05010000 		.4byte	.LASF3
  85 0041 03       		.uleb128 0x3
  86 0042 00000000 		.4byte	.LASF9
  87 0046 02       		.byte	0x2
  88 0047 3F       		.byte	0x3f
  89 0048 4C000000 		.4byte	0x4c
  90 004c 02       		.uleb128 0x2
  91 004d 04       		.byte	0x4
  92 004e 05       		.byte	0x5
  93 004f 65020000 		.4byte	.LASF4
  94 0053 02       		.uleb128 0x2
  95 0054 04       		.byte	0x4
  96 0055 07       		.byte	0x7
  97 0056 F3000000 		.4byte	.LASF5
  98 005a 02       		.uleb128 0x2
  99 005b 08       		.byte	0x8
 100 005c 05       		.byte	0x5
 101 005d C5010000 		.4byte	.LASF6
 102 0061 02       		.uleb128 0x2
 103 0062 08       		.byte	0x8
 104 0063 07       		.byte	0x7
 105 0064 8A010000 		.4byte	.LASF7
 106 0068 04       		.uleb128 0x4
 107 0069 04       		.byte	0x4
 108 006a 05       		.byte	0x5
 109 006b 696E7400 		.ascii	"int\000"
 110 006f 02       		.uleb128 0x2
ARM GAS  C:\Users\JASON\AppData\Local\Temp\cc893OBz.s 			page 4


 111 0070 04       		.byte	0x4
 112 0071 07       		.byte	0x7
 113 0072 6B010000 		.4byte	.LASF8
 114 0076 03       		.uleb128 0x3
 115 0077 B4010000 		.4byte	.LASF10
 116 007b 03       		.byte	0x3
 117 007c 2C       		.byte	0x2c
 118 007d 41000000 		.4byte	0x41
 119 0081 02       		.uleb128 0x2
 120 0082 04       		.byte	0x4
 121 0083 04       		.byte	0x4
 122 0084 47000000 		.4byte	.LASF11
 123 0088 02       		.uleb128 0x2
 124 0089 08       		.byte	0x8
 125 008a 04       		.byte	0x4
 126 008b 4B010000 		.4byte	.LASF12
 127 008f 02       		.uleb128 0x2
 128 0090 01       		.byte	0x1
 129 0091 08       		.byte	0x8
 130 0092 D3010000 		.4byte	.LASF13
 131 0096 02       		.uleb128 0x2
 132 0097 08       		.byte	0x8
 133 0098 04       		.byte	0x4
 134 0099 6E020000 		.4byte	.LASF14
 135 009d 03       		.uleb128 0x3
 136 009e EA000000 		.4byte	.LASF15
 137 00a2 04       		.byte	0x4
 138 00a3 53       		.byte	0x53
 139 00a4 68000000 		.4byte	0x68
 140 00a8 03       		.uleb128 0x3
 141 00a9 80010000 		.4byte	.LASF16
 142 00ad 04       		.byte	0x4
 143 00ae 54       		.byte	0x54
 144 00af 6F000000 		.4byte	0x6f
 145 00b3 03       		.uleb128 0x3
 146 00b4 D8010000 		.4byte	.LASF17
 147 00b8 05       		.byte	0x5
 148 00b9 4D       		.byte	0x4d
 149 00ba A8000000 		.4byte	0xa8
 150 00be 03       		.uleb128 0x3
 151 00bf 78010000 		.4byte	.LASF18
 152 00c3 05       		.byte	0x5
 153 00c4 4F       		.byte	0x4f
 154 00c5 A8000000 		.4byte	0xa8
 155 00c9 03       		.uleb128 0x3
 156 00ca 23000000 		.4byte	.LASF19
 157 00ce 05       		.byte	0x5
 158 00cf 78       		.byte	0x78
 159 00d0 9D000000 		.4byte	0x9d
 160 00d4 02       		.uleb128 0x2
 161 00d5 04       		.byte	0x4
 162 00d6 07       		.byte	0x7
 163 00d7 BC010000 		.4byte	.LASF20
 164 00db 05       		.uleb128 0x5
 165 00dc 4D000000 		.4byte	.LASF30
 166 00e0 01       		.byte	0x1
 167 00e1 33       		.byte	0x33
ARM GAS  C:\Users\JASON\AppData\Local\Temp\cc893OBz.s 			page 5


 168 00e2 00000000 		.4byte	.LFB150
 169 00e6 0A000000 		.4byte	.LFE150-.LFB150
 170 00ea 01       		.uleb128 0x1
 171 00eb 9C       		.byte	0x9c
 172 00ec 00010000 		.4byte	0x100
 173 00f0 06       		.uleb128 0x6
 174 00f1 08000000 		.4byte	.LVL0
 175 00f5 48010000 		.4byte	0x148
 176 00f9 07       		.uleb128 0x7
 177 00fa 01       		.uleb128 0x1
 178 00fb 50       		.byte	0x50
 179 00fc 01       		.uleb128 0x1
 180 00fd 31       		.byte	0x31
 181 00fe 00       		.byte	0
 182 00ff 00       		.byte	0
 183 0100 08       		.uleb128 0x8
 184 0101 18010000 		.4byte	.LASF21
 185 0105 06       		.byte	0x6
 186 0106 40       		.byte	0x40
 187 0107 B3000000 		.4byte	0xb3
 188 010b 08       		.uleb128 0x8
 189 010c 0A000000 		.4byte	.LASF22
 190 0110 06       		.byte	0x6
 191 0111 47       		.byte	0x47
 192 0112 BE000000 		.4byte	0xbe
 193 0116 08       		.uleb128 0x8
 194 0117 A1010000 		.4byte	.LASF23
 195 011b 06       		.byte	0x6
 196 011c 4A       		.byte	0x4a
 197 011d B3000000 		.4byte	0xb3
 198 0121 08       		.uleb128 0x8
 199 0122 52010000 		.4byte	.LASF24
 200 0126 07       		.byte	0x7
 201 0127 48       		.byte	0x48
 202 0128 C9000000 		.4byte	0xc9
 203 012c 08       		.uleb128 0x8
 204 012d E0010000 		.4byte	.LASF25
 205 0131 08       		.byte	0x8
 206 0132 44       		.byte	0x44
 207 0133 B3000000 		.4byte	0xb3
 208 0137 09       		.uleb128 0x9
 209 0138 30010000 		.4byte	.LASF26
 210 013c 09       		.byte	0x9
 211 013d 1207     		.2byte	0x712
 212 013f 43010000 		.4byte	0x143
 213 0143 0A       		.uleb128 0xa
 214 0144 76000000 		.4byte	0x76
 215 0148 0B       		.uleb128 0xb
 216 0149 2A000000 		.4byte	.LASF31
 217 014d 2A000000 		.4byte	.LASF31
 218 0151 0A       		.byte	0xa
 219 0152 5C       		.byte	0x5c
 220 0153 00       		.byte	0
 221              		.section	.debug_abbrev,"",%progbits
 222              	.Ldebug_abbrev0:
 223 0000 01       		.uleb128 0x1
 224 0001 11       		.uleb128 0x11
ARM GAS  C:\Users\JASON\AppData\Local\Temp\cc893OBz.s 			page 6


 225 0002 01       		.byte	0x1
 226 0003 25       		.uleb128 0x25
 227 0004 0E       		.uleb128 0xe
 228 0005 13       		.uleb128 0x13
 229 0006 0B       		.uleb128 0xb
 230 0007 03       		.uleb128 0x3
 231 0008 0E       		.uleb128 0xe
 232 0009 1B       		.uleb128 0x1b
 233 000a 0E       		.uleb128 0xe
 234 000b 55       		.uleb128 0x55
 235 000c 17       		.uleb128 0x17
 236 000d 11       		.uleb128 0x11
 237 000e 01       		.uleb128 0x1
 238 000f 10       		.uleb128 0x10
 239 0010 17       		.uleb128 0x17
 240 0011 00       		.byte	0
 241 0012 00       		.byte	0
 242 0013 02       		.uleb128 0x2
 243 0014 24       		.uleb128 0x24
 244 0015 00       		.byte	0
 245 0016 0B       		.uleb128 0xb
 246 0017 0B       		.uleb128 0xb
 247 0018 3E       		.uleb128 0x3e
 248 0019 0B       		.uleb128 0xb
 249 001a 03       		.uleb128 0x3
 250 001b 0E       		.uleb128 0xe
 251 001c 00       		.byte	0
 252 001d 00       		.byte	0
 253 001e 03       		.uleb128 0x3
 254 001f 16       		.uleb128 0x16
 255 0020 00       		.byte	0
 256 0021 03       		.uleb128 0x3
 257 0022 0E       		.uleb128 0xe
 258 0023 3A       		.uleb128 0x3a
 259 0024 0B       		.uleb128 0xb
 260 0025 3B       		.uleb128 0x3b
 261 0026 0B       		.uleb128 0xb
 262 0027 49       		.uleb128 0x49
 263 0028 13       		.uleb128 0x13
 264 0029 00       		.byte	0
 265 002a 00       		.byte	0
 266 002b 04       		.uleb128 0x4
 267 002c 24       		.uleb128 0x24
 268 002d 00       		.byte	0
 269 002e 0B       		.uleb128 0xb
 270 002f 0B       		.uleb128 0xb
 271 0030 3E       		.uleb128 0x3e
 272 0031 0B       		.uleb128 0xb
 273 0032 03       		.uleb128 0x3
 274 0033 08       		.uleb128 0x8
 275 0034 00       		.byte	0
 276 0035 00       		.byte	0
 277 0036 05       		.uleb128 0x5
 278 0037 2E       		.uleb128 0x2e
 279 0038 01       		.byte	0x1
 280 0039 3F       		.uleb128 0x3f
 281 003a 19       		.uleb128 0x19
ARM GAS  C:\Users\JASON\AppData\Local\Temp\cc893OBz.s 			page 7


 282 003b 03       		.uleb128 0x3
 283 003c 0E       		.uleb128 0xe
 284 003d 3A       		.uleb128 0x3a
 285 003e 0B       		.uleb128 0xb
 286 003f 3B       		.uleb128 0x3b
 287 0040 0B       		.uleb128 0xb
 288 0041 27       		.uleb128 0x27
 289 0042 19       		.uleb128 0x19
 290 0043 11       		.uleb128 0x11
 291 0044 01       		.uleb128 0x1
 292 0045 12       		.uleb128 0x12
 293 0046 06       		.uleb128 0x6
 294 0047 40       		.uleb128 0x40
 295 0048 18       		.uleb128 0x18
 296 0049 9742     		.uleb128 0x2117
 297 004b 19       		.uleb128 0x19
 298 004c 01       		.uleb128 0x1
 299 004d 13       		.uleb128 0x13
 300 004e 00       		.byte	0
 301 004f 00       		.byte	0
 302 0050 06       		.uleb128 0x6
 303 0051 898201   		.uleb128 0x4109
 304 0054 01       		.byte	0x1
 305 0055 11       		.uleb128 0x11
 306 0056 01       		.uleb128 0x1
 307 0057 31       		.uleb128 0x31
 308 0058 13       		.uleb128 0x13
 309 0059 00       		.byte	0
 310 005a 00       		.byte	0
 311 005b 07       		.uleb128 0x7
 312 005c 8A8201   		.uleb128 0x410a
 313 005f 00       		.byte	0
 314 0060 02       		.uleb128 0x2
 315 0061 18       		.uleb128 0x18
 316 0062 9142     		.uleb128 0x2111
 317 0064 18       		.uleb128 0x18
 318 0065 00       		.byte	0
 319 0066 00       		.byte	0
 320 0067 08       		.uleb128 0x8
 321 0068 34       		.uleb128 0x34
 322 0069 00       		.byte	0
 323 006a 03       		.uleb128 0x3
 324 006b 0E       		.uleb128 0xe
 325 006c 3A       		.uleb128 0x3a
 326 006d 0B       		.uleb128 0xb
 327 006e 3B       		.uleb128 0x3b
 328 006f 0B       		.uleb128 0xb
 329 0070 49       		.uleb128 0x49
 330 0071 13       		.uleb128 0x13
 331 0072 3F       		.uleb128 0x3f
 332 0073 19       		.uleb128 0x19
 333 0074 3C       		.uleb128 0x3c
 334 0075 19       		.uleb128 0x19
 335 0076 00       		.byte	0
 336 0077 00       		.byte	0
 337 0078 09       		.uleb128 0x9
 338 0079 34       		.uleb128 0x34
ARM GAS  C:\Users\JASON\AppData\Local\Temp\cc893OBz.s 			page 8


 339 007a 00       		.byte	0
 340 007b 03       		.uleb128 0x3
 341 007c 0E       		.uleb128 0xe
 342 007d 3A       		.uleb128 0x3a
 343 007e 0B       		.uleb128 0xb
 344 007f 3B       		.uleb128 0x3b
 345 0080 05       		.uleb128 0x5
 346 0081 49       		.uleb128 0x49
 347 0082 13       		.uleb128 0x13
 348 0083 3F       		.uleb128 0x3f
 349 0084 19       		.uleb128 0x19
 350 0085 3C       		.uleb128 0x3c
 351 0086 19       		.uleb128 0x19
 352 0087 00       		.byte	0
 353 0088 00       		.byte	0
 354 0089 0A       		.uleb128 0xa
 355 008a 35       		.uleb128 0x35
 356 008b 00       		.byte	0
 357 008c 49       		.uleb128 0x49
 358 008d 13       		.uleb128 0x13
 359 008e 00       		.byte	0
 360 008f 00       		.byte	0
 361 0090 0B       		.uleb128 0xb
 362 0091 2E       		.uleb128 0x2e
 363 0092 00       		.byte	0
 364 0093 3F       		.uleb128 0x3f
 365 0094 19       		.uleb128 0x19
 366 0095 3C       		.uleb128 0x3c
 367 0096 19       		.uleb128 0x19
 368 0097 6E       		.uleb128 0x6e
 369 0098 0E       		.uleb128 0xe
 370 0099 03       		.uleb128 0x3
 371 009a 0E       		.uleb128 0xe
 372 009b 3A       		.uleb128 0x3a
 373 009c 0B       		.uleb128 0xb
 374 009d 3B       		.uleb128 0x3b
 375 009e 0B       		.uleb128 0xb
 376 009f 00       		.byte	0
 377 00a0 00       		.byte	0
 378 00a1 00       		.byte	0
 379              		.section	.debug_aranges,"",%progbits
 380 0000 1C000000 		.4byte	0x1c
 381 0004 0200     		.2byte	0x2
 382 0006 00000000 		.4byte	.Ldebug_info0
 383 000a 04       		.byte	0x4
 384 000b 00       		.byte	0
 385 000c 0000     		.2byte	0
 386 000e 0000     		.2byte	0
 387 0010 00000000 		.4byte	.LFB150
 388 0014 0A000000 		.4byte	.LFE150-.LFB150
 389 0018 00000000 		.4byte	0
 390 001c 00000000 		.4byte	0
 391              		.section	.debug_ranges,"",%progbits
 392              	.Ldebug_ranges0:
 393 0000 00000000 		.4byte	.LFB150
 394 0004 0A000000 		.4byte	.LFE150
 395 0008 00000000 		.4byte	0
ARM GAS  C:\Users\JASON\AppData\Local\Temp\cc893OBz.s 			page 9


 396 000c 00000000 		.4byte	0
 397              		.section	.debug_line,"",%progbits
 398              	.Ldebug_line0:
 399 0000 28020000 		.section	.debug_str,"MS",%progbits,1
 399      02001002 
 399      00000201 
 399      FB0E0D00 
 399      01010101 
 400              	.LASF9:
 401 0000 5F5F696E 		.ascii	"__int32_t\000"
 401      7433325F 
 401      7400
 402              	.LASF22:
 403 000a 45455F6F 		.ascii	"EE_oo_IRQ_suspend_status\000"
 403      6F5F4952 
 403      515F7375 
 403      7370656E 
 403      645F7374 
 404              	.LASF19:
 405 0023 45455F54 		.ascii	"EE_TID\000"
 405      494400
 406              	.LASF31:
 407 002a 5254455F 		.ascii	"RTE_timertick_sp_common_tick\000"
 407      74696D65 
 407      72746963 
 407      6B5F7370 
 407      5F636F6D 
 408              	.LASF11:
 409 0047 666C6F61 		.ascii	"float\000"
 409      7400
 410              	.LASF30:
 411 004d 46756E63 		.ascii	"Functsk_system\000"
 411      74736B5F 
 411      73797374 
 411      656D00
 412              	.LASF27:
 413 005c 474E5520 		.ascii	"GNU C11 5.4.1 20160609 (release) [ARM/embedded-5-br"
 413      43313120 
 413      352E342E 
 413      31203230 
 413      31363036 
 414 008f 616E6368 		.ascii	"anch revision 237715] -mcpu=cortex-m3 -mthumb -g -O"
 414      20726576 
 414      6973696F 
 414      6E203233 
 414      37373135 
 415 00c2 67202D66 		.ascii	"g -ffunction-sections -ffat-lto-objects\000"
 415      66756E63 
 415      74696F6E 
 415      2D736563 
 415      74696F6E 
 416              	.LASF15:
 417 00ea 45455F49 		.ascii	"EE_INT32\000"
 417      4E543332 
 417      00
 418              	.LASF5:
 419 00f3 6C6F6E67 		.ascii	"long unsigned int\000"
ARM GAS  C:\Users\JASON\AppData\Local\Temp\cc893OBz.s 			page 10


 419      20756E73 
 419      69676E65 
 419      6420696E 
 419      7400
 420              	.LASF3:
 421 0105 73686F72 		.ascii	"short unsigned int\000"
 421      7420756E 
 421      7369676E 
 421      65642069 
 421      6E7400
 422              	.LASF21:
 423 0118 45455F6F 		.ascii	"EE_oo_IRQ_disable_count\000"
 423      6F5F4952 
 423      515F6469 
 423      7361626C 
 423      655F636F 
 424              	.LASF26:
 425 0130 49544D5F 		.ascii	"ITM_RxBuffer\000"
 425      52784275 
 425      66666572 
 425      00
 426              	.LASF1:
 427 013d 756E7369 		.ascii	"unsigned char\000"
 427      676E6564 
 427      20636861 
 427      7200
 428              	.LASF12:
 429 014b 646F7562 		.ascii	"double\000"
 429      6C6500
 430              	.LASF24:
 431 0152 45455F73 		.ascii	"EE_std_endcycle_next_tid\000"
 431      74645F65 
 431      6E646379 
 431      636C655F 
 431      6E657874 
 432              	.LASF8:
 433 016b 756E7369 		.ascii	"unsigned int\000"
 433      676E6564 
 433      20696E74 
 433      00
 434              	.LASF18:
 435 0178 45455F46 		.ascii	"EE_FREG\000"
 435      52454700 
 436              	.LASF16:
 437 0180 45455F55 		.ascii	"EE_UINT32\000"
 437      494E5433 
 437      3200
 438              	.LASF7:
 439 018a 6C6F6E67 		.ascii	"long long unsigned int\000"
 439      206C6F6E 
 439      6720756E 
 439      7369676E 
 439      65642069 
 440              	.LASF23:
 441 01a1 45455F41 		.ascii	"EE_ApplicationMode\000"
 441      70706C69 
 441      63617469 
ARM GAS  C:\Users\JASON\AppData\Local\Temp\cc893OBz.s 			page 11


 441      6F6E4D6F 
 441      646500
 442              	.LASF10:
 443 01b4 696E7433 		.ascii	"int32_t\000"
 443      325F7400 
 444              	.LASF20:
 445 01bc 73697A65 		.ascii	"sizetype\000"
 445      74797065 
 445      00
 446              	.LASF6:
 447 01c5 6C6F6E67 		.ascii	"long long int\000"
 447      206C6F6E 
 447      6720696E 
 447      7400
 448              	.LASF13:
 449 01d3 63686172 		.ascii	"char\000"
 449      00
 450              	.LASF17:
 451 01d8 45455F55 		.ascii	"EE_UREG\000"
 451      52454700 
 452              	.LASF25:
 453 01e0 45455F49 		.ascii	"EE_IRQ_nesting_level\000"
 453      52515F6E 
 453      65737469 
 453      6E675F6C 
 453      6576656C 
 454              	.LASF28:
 455 01f5 736F7572 		.ascii	"source\\asw\\tsk_system.c\000"
 455      63655C61 
 455      73775C74 
 455      736B5F73 
 455      79737465 
 456              	.LASF2:
 457 020d 73686F72 		.ascii	"short int\000"
 457      7420696E 
 457      7400
 458              	.LASF29:
 459 0217 433A5C4A 		.ascii	"C:\\Jason\\EIT\\Semester_02\\01_EAA\\Lab\\Assignmen"
 459      61736F6E 
 459      5C454954 
 459      5C53656D 
 459      65737465 
 460 0244 745F315C 		.ascii	"t_1\\01_Electronic_GasPedal.cydsn\000"
 460      30315F45 
 460      6C656374 
 460      726F6E69 
 460      635F4761 
 461              	.LASF4:
 462 0265 6C6F6E67 		.ascii	"long int\000"
 462      20696E74 
 462      00
 463              	.LASF14:
 464 026e 6C6F6E67 		.ascii	"long double\000"
 464      20646F75 
 464      626C6500 
 465              	.LASF0:
 466 027a 7369676E 		.ascii	"signed char\000"
ARM GAS  C:\Users\JASON\AppData\Local\Temp\cc893OBz.s 			page 12


 466      65642063 
 466      68617200 
 467              		.ident	"GCC: (GNU Tools for ARM Embedded Processors) 5.4.1 20160609 (release) [ARM/embedded-5-bran
