ARM GAS  C:\Users\JASON\AppData\Local\Temp\ccANyGiC.s 			page 1


   1              		.syntax unified
   2              		.cpu cortex-m3
   3              		.fpu softvfp
   4              		.eabi_attribute 20, 1
   5              		.eabi_attribute 21, 1
   6              		.eabi_attribute 23, 3
   7              		.eabi_attribute 24, 1
   8              		.eabi_attribute 25, 1
   9              		.eabi_attribute 26, 1
  10              		.eabi_attribute 30, 1
  11              		.eabi_attribute 34, 1
  12              		.eabi_attribute 18, 4
  13              		.thumb
  14              		.syntax unified
  15              		.file	"tsk_tft.c"
  16              		.text
  17              	.Ltext0:
  18              		.cfi_sections	.debug_frame
  19              		.section	.text.Functsk_tft,"ax",%progbits
  20              		.align	2
  21              		.global	Functsk_tft
  22              		.thumb
  23              		.thumb_func
  24              		.type	Functsk_tft, %function
  25              	Functsk_tft:
  26              	.LFB151:
  27              		.file 1 "source\\asw\\tsk_tft.c"
   1:source\asw/tsk_tft.c **** /* ========================================
   2:source\asw/tsk_tft.c ****  *
   3:source\asw/tsk_tft.c ****  * Copyright YOUR COMPANY, THE YEAR
   4:source\asw/tsk_tft.c ****  * All Rights Reserved
   5:source\asw/tsk_tft.c ****  * UNPUBLISHED, LICENSED SOFTWARE.
   6:source\asw/tsk_tft.c ****  *
   7:source\asw/tsk_tft.c ****  * CONFIDENTIAL AND PROPRIETARY INFORMATION
   8:source\asw/tsk_tft.c ****  * WHICH IS THE PROPERTY OF your company.
   9:source\asw/tsk_tft.c ****  *
  10:source\asw/tsk_tft.c ****  * ========================================
  11:source\asw/tsk_tft.c **** */
  12:source\asw/tsk_tft.c **** 
  13:source\asw/tsk_tft.c **** /* [] END OF FILE */
  14:source\asw/tsk_tft.c **** 
  15:source\asw/tsk_tft.c **** #include "project.h"
  16:source\asw/tsk_tft.c **** #include "global.h"
  17:source\asw/tsk_tft.c **** #include "rte.h"
  18:source\asw/tsk_tft.c **** #include "rte_types.h"
  19:source\asw/tsk_tft.c **** #include "sp_common.h"
  20:source\asw/tsk_tft.c **** 
  21:source\asw/tsk_tft.c **** #include "tft.h"
  22:source\asw/tsk_tft.c **** 
  23:source\asw/tsk_tft.c **** TASK(tsk_tft)
  24:source\asw/tsk_tft.c **** {
  28              		.loc 1 24 0
  29              		.cfi_startproc
  30              		@ Volatile: function does not return.
  31              		@ args = 0, pretend = 0, frame = 0
  32              		@ frame_needed = 0, uses_anonymous_args = 0
  33              		@ link register save eliminated.
ARM GAS  C:\Users\JASON\AppData\Local\Temp\ccANyGiC.s 			page 2


  34              	.L2:
  35 0000 FEE7     		b	.L2
  36              		.cfi_endproc
  37              	.LFE151:
  38              		.size	Functsk_tft, .-Functsk_tft
  39 0002 00BF     		.text
  40              	.Letext0:
  41              		.file 2 "c:\\program files (x86)\\cypress\\psoc creator\\4.4\\psoc creator\\import\\gnu\\arm\\5.4.
  42              		.file 3 "c:\\program files (x86)\\cypress\\psoc creator\\4.4\\psoc creator\\import\\gnu\\arm\\5.4.
  43              		.file 4 "c:\\program files (x86)\\cypress\\psoc creator\\4.4\\psoc creator\\import\\gnu\\arm\\5.4.
  44              		.file 5 "Generated_Source\\PSoC5/ErikaOS_common_ee_types.inc"
  45              		.file 6 "Generated_Source\\PSoC5/ErikaOS_cortex_mx_ee_cpu.inc"
  46              		.file 7 "Generated_Source\\PSoC5/ErikaOS_ee_oo_common.inc"
  47              		.file 8 ".\\source\\bsw/global.h"
  48              		.file 9 ".\\source\\rte/rte_types.h"
  49              		.file 10 ".\\source\\rte/rte.h"
  50              		.file 11 ".\\source\\rte/sc_brakelight_type.h"
  51              		.file 12 ".\\source\\rte/sc_brakelight.h"
  52              		.file 13 "Generated_Source\\PSoC5/ErikaOS_ee_oo_intfunc.inc"
  53              		.file 14 "Generated_Source\\PSoC5/ErikaOS_cortex_mx_ee_context.inc"
  54              		.file 15 "Generated_Source\\PSoC5/ErikaOS_common_ee_primitives.inc"
  55              		.file 16 "Generated_Source\\PSoC5/core_cm3.h"
  56              		.file 17 ".\\source\\rte/sp_common.h"
  57              		.section	.debug_info,"",%progbits
  58              	.Ldebug_info0:
  59 0000 11040000 		.4byte	0x411
  60 0004 0400     		.2byte	0x4
  61 0006 00000000 		.4byte	.Ldebug_abbrev0
  62 000a 04       		.byte	0x4
  63 000b 01       		.uleb128 0x1
  64 000c 53050000 		.4byte	.LASF89
  65 0010 0C       		.byte	0xc
  66 0011 8B030000 		.4byte	.LASF90
  67 0015 0E030000 		.4byte	.LASF91
  68 0019 00000000 		.4byte	.Ldebug_ranges0+0
  69 001d 00000000 		.4byte	0
  70 0021 00000000 		.4byte	.Ldebug_line0
  71 0025 02       		.uleb128 0x2
  72 0026 01       		.byte	0x1
  73 0027 06       		.byte	0x6
  74 0028 EB020000 		.4byte	.LASF0
  75 002c 02       		.uleb128 0x2
  76 002d 01       		.byte	0x1
  77 002e 08       		.byte	0x8
  78 002f DD020000 		.4byte	.LASF1
  79 0033 02       		.uleb128 0x2
  80 0034 02       		.byte	0x2
  81 0035 05       		.byte	0x5
  82 0036 51000000 		.4byte	.LASF2
  83 003a 02       		.uleb128 0x2
  84 003b 02       		.byte	0x2
  85 003c 07       		.byte	0x7
  86 003d 42040000 		.4byte	.LASF3
  87 0041 03       		.uleb128 0x3
  88 0042 F2040000 		.4byte	.LASF5
  89 0046 02       		.byte	0x2
  90 0047 3F       		.byte	0x3f
ARM GAS  C:\Users\JASON\AppData\Local\Temp\ccANyGiC.s 			page 3


  91 0048 4C000000 		.4byte	0x4c
  92 004c 02       		.uleb128 0x2
  93 004d 04       		.byte	0x4
  94 004e 05       		.byte	0x5
  95 004f 3D020000 		.4byte	.LASF4
  96 0053 03       		.uleb128 0x3
  97 0054 E0000000 		.4byte	.LASF6
  98 0058 02       		.byte	0x2
  99 0059 41       		.byte	0x41
 100 005a 5E000000 		.4byte	0x5e
 101 005e 02       		.uleb128 0x2
 102 005f 04       		.byte	0x4
 103 0060 07       		.byte	0x7
 104 0061 9A040000 		.4byte	.LASF7
 105 0065 02       		.uleb128 0x2
 106 0066 08       		.byte	0x8
 107 0067 05       		.byte	0x5
 108 0068 E4010000 		.4byte	.LASF8
 109 006c 02       		.uleb128 0x2
 110 006d 08       		.byte	0x8
 111 006e 07       		.byte	0x7
 112 006f F7020000 		.4byte	.LASF9
 113 0073 04       		.uleb128 0x4
 114 0074 04       		.byte	0x4
 115 0075 05       		.byte	0x5
 116 0076 696E7400 		.ascii	"int\000"
 117 007a 02       		.uleb128 0x2
 118 007b 04       		.byte	0x4
 119 007c 07       		.byte	0x7
 120 007d 65030000 		.4byte	.LASF10
 121 0081 03       		.uleb128 0x3
 122 0082 3A040000 		.4byte	.LASF11
 123 0086 03       		.byte	0x3
 124 0087 2C       		.byte	0x2c
 125 0088 41000000 		.4byte	0x41
 126 008c 03       		.uleb128 0x3
 127 008d 5C030000 		.4byte	.LASF12
 128 0091 03       		.byte	0x3
 129 0092 30       		.byte	0x30
 130 0093 53000000 		.4byte	0x53
 131 0097 02       		.uleb128 0x2
 132 0098 04       		.byte	0x4
 133 0099 04       		.byte	0x4
 134 009a 84010000 		.4byte	.LASF13
 135 009e 02       		.uleb128 0x2
 136 009f 08       		.byte	0x8
 137 00a0 04       		.byte	0x4
 138 00a1 1B050000 		.4byte	.LASF14
 139 00a5 02       		.uleb128 0x2
 140 00a6 01       		.byte	0x1
 141 00a7 08       		.byte	0x8
 142 00a8 FF030000 		.4byte	.LASF15
 143 00ac 03       		.uleb128 0x3
 144 00ad 5B000000 		.4byte	.LASF16
 145 00b1 04       		.byte	0x4
 146 00b2 D8       		.byte	0xd8
 147 00b3 7A000000 		.4byte	0x7a
ARM GAS  C:\Users\JASON\AppData\Local\Temp\ccANyGiC.s 			page 4


 148 00b7 02       		.uleb128 0x2
 149 00b8 08       		.byte	0x8
 150 00b9 04       		.byte	0x4
 151 00ba BF020000 		.4byte	.LASF17
 152 00be 03       		.uleb128 0x3
 153 00bf C7030000 		.4byte	.LASF18
 154 00c3 05       		.byte	0x5
 155 00c4 53       		.byte	0x53
 156 00c5 73000000 		.4byte	0x73
 157 00c9 03       		.uleb128 0x3
 158 00ca EB000000 		.4byte	.LASF19
 159 00ce 05       		.byte	0x5
 160 00cf 54       		.byte	0x54
 161 00d0 7A000000 		.4byte	0x7a
 162 00d4 03       		.uleb128 0x3
 163 00d5 26000000 		.4byte	.LASF20
 164 00d9 06       		.byte	0x6
 165 00da 4D       		.byte	0x4d
 166 00db C9000000 		.4byte	0xc9
 167 00df 03       		.uleb128 0x3
 168 00e0 C4000000 		.4byte	.LASF21
 169 00e4 06       		.byte	0x6
 170 00e5 4F       		.byte	0x4f
 171 00e6 C9000000 		.4byte	0xc9
 172 00ea 03       		.uleb128 0x3
 173 00eb 09010000 		.4byte	.LASF22
 174 00ef 06       		.byte	0x6
 175 00f0 78       		.byte	0x78
 176 00f1 BE000000 		.4byte	0xbe
 177 00f5 05       		.uleb128 0x5
 178 00f6 D4020000 		.4byte	.LASF23
 179 00fa 07       		.byte	0x7
 180 00fb F701     		.2byte	0x1f7
 181 00fd EA000000 		.4byte	0xea
 182 0101 05       		.uleb128 0x5
 183 0102 43000000 		.4byte	.LASF24
 184 0106 07       		.byte	0x7
 185 0107 2C02     		.2byte	0x22c
 186 0109 D4000000 		.4byte	0xd4
 187 010d 02       		.uleb128 0x2
 188 010e 04       		.byte	0x4
 189 010f 07       		.byte	0x7
 190 0110 91000000 		.4byte	.LASF25
 191 0114 03       		.uleb128 0x3
 192 0115 A2020000 		.4byte	.LASF26
 193 0119 08       		.byte	0x8
 194 011a 9C       		.byte	0x9c
 195 011b 2C000000 		.4byte	0x2c
 196 011f 06       		.uleb128 0x6
 197 0120 01       		.byte	0x1
 198 0121 25000000 		.4byte	0x25
 199 0125 08       		.byte	0x8
 200 0126 CF       		.byte	0xcf
 201 0127 C8010000 		.4byte	0x1c8
 202 012b 07       		.uleb128 0x7
 203 012c 2E000000 		.4byte	.LASF27
 204 0130 00       		.byte	0
ARM GAS  C:\Users\JASON\AppData\Local\Temp\ccANyGiC.s 			page 5


 205 0131 08       		.uleb128 0x8
 206 0132 CB020000 		.4byte	.LASF28
 207 0136 7F       		.sleb128 -1
 208 0137 08       		.uleb128 0x8
 209 0138 A0030000 		.4byte	.LASF29
 210 013c 7E       		.sleb128 -2
 211 013d 08       		.uleb128 0x8
 212 013e 2F020000 		.4byte	.LASF30
 213 0142 7D       		.sleb128 -3
 214 0143 08       		.uleb128 0x8
 215 0144 E1050000 		.4byte	.LASF31
 216 0148 7C       		.sleb128 -4
 217 0149 08       		.uleb128 0x8
 218 014a 75010000 		.4byte	.LASF32
 219 014e 7B       		.sleb128 -5
 220 014f 08       		.uleb128 0x8
 221 0150 E1040000 		.4byte	.LASF33
 222 0154 7A       		.sleb128 -6
 223 0155 08       		.uleb128 0x8
 224 0156 46020000 		.4byte	.LASF34
 225 015a 79       		.sleb128 -7
 226 015b 08       		.uleb128 0x8
 227 015c 00000000 		.4byte	.LASF35
 228 0160 78       		.sleb128 -8
 229 0161 08       		.uleb128 0x8
 230 0162 17060000 		.4byte	.LASF36
 231 0166 77       		.sleb128 -9
 232 0167 08       		.uleb128 0x8
 233 0168 58020000 		.4byte	.LASF37
 234 016c 76       		.sleb128 -10
 235 016d 08       		.uleb128 0x8
 236 016e 32060000 		.4byte	.LASF38
 237 0172 75       		.sleb128 -11
 238 0173 08       		.uleb128 0x8
 239 0174 72030000 		.4byte	.LASF39
 240 0178 74       		.sleb128 -12
 241 0179 08       		.uleb128 0x8
 242 017a CF040000 		.4byte	.LASF40
 243 017e 73       		.sleb128 -13
 244 017f 08       		.uleb128 0x8
 245 0180 AC020000 		.4byte	.LASF41
 246 0184 72       		.sleb128 -14
 247 0185 08       		.uleb128 0x8
 248 0186 8A010000 		.4byte	.LASF42
 249 018a 71       		.sleb128 -15
 250 018b 08       		.uleb128 0x8
 251 018c 7F020000 		.4byte	.LASF43
 252 0190 70       		.sleb128 -16
 253 0191 08       		.uleb128 0x8
 254 0192 CC000000 		.4byte	.LASF44
 255 0196 6F       		.sleb128 -17
 256 0197 08       		.uleb128 0x8
 257 0198 62000000 		.4byte	.LASF45
 258 019c 6E       		.sleb128 -18
 259 019d 08       		.uleb128 0x8
 260 019e 0B020000 		.4byte	.LASF46
 261 01a2 6D       		.sleb128 -19
ARM GAS  C:\Users\JASON\AppData\Local\Temp\ccANyGiC.s 			page 6


 262 01a3 08       		.uleb128 0x8
 263 01a4 55040000 		.4byte	.LASF47
 264 01a8 6C       		.sleb128 -20
 265 01a9 08       		.uleb128 0x8
 266 01aa 90020000 		.4byte	.LASF48
 267 01ae 6B       		.sleb128 -21
 268 01af 08       		.uleb128 0x8
 269 01b0 FC040000 		.4byte	.LASF49
 270 01b4 6A       		.sleb128 -22
 271 01b5 08       		.uleb128 0x8
 272 01b6 20010000 		.4byte	.LASF50
 273 01ba 69       		.sleb128 -23
 274 01bb 08       		.uleb128 0x8
 275 01bc 1E020000 		.4byte	.LASF51
 276 01c0 68       		.sleb128 -24
 277 01c1 08       		.uleb128 0x8
 278 01c2 CB010000 		.4byte	.LASF52
 279 01c6 67       		.sleb128 -25
 280 01c7 00       		.byte	0
 281 01c8 03       		.uleb128 0x3
 282 01c9 2D060000 		.4byte	.LASF53
 283 01cd 08       		.byte	0x8
 284 01ce EA       		.byte	0xea
 285 01cf 1F010000 		.4byte	0x11f
 286 01d3 03       		.uleb128 0x3
 287 01d4 09060000 		.4byte	.LASF54
 288 01d8 09       		.byte	0x9
 289 01d9 19       		.byte	0x19
 290 01da DE010000 		.4byte	0x1de
 291 01de 09       		.uleb128 0x9
 292 01df F5000000 		.4byte	0xf5
 293 01e3 E9010000 		.4byte	0x1e9
 294 01e7 0A       		.uleb128 0xa
 295 01e8 00       		.byte	0
 296 01e9 03       		.uleb128 0x3
 297 01ea 0E050000 		.4byte	.LASF55
 298 01ee 09       		.byte	0x9
 299 01ef 2D       		.byte	0x2d
 300 01f0 8C000000 		.4byte	0x8c
 301 01f4 06       		.uleb128 0x6
 302 01f5 01       		.byte	0x1
 303 01f6 2C000000 		.4byte	0x2c
 304 01fa 0A       		.byte	0xa
 305 01fb 59       		.byte	0x59
 306 01fc 19020000 		.4byte	0x219
 307 0200 07       		.uleb128 0x7
 308 0201 66020000 		.4byte	.LASF56
 309 0205 00       		.byte	0
 310 0206 07       		.uleb128 0x7
 311 0207 1D040000 		.4byte	.LASF57
 312 020b 01       		.byte	0x1
 313 020c 07       		.uleb128 0x7
 314 020d AD000000 		.4byte	.LASF58
 315 0211 02       		.byte	0x2
 316 0212 07       		.uleb128 0x7
 317 0213 04040000 		.4byte	.LASF59
 318 0217 03       		.byte	0x3
ARM GAS  C:\Users\JASON\AppData\Local\Temp\ccANyGiC.s 			page 7


 319 0218 00       		.byte	0
 320 0219 03       		.uleb128 0x3
 321 021a 9A000000 		.4byte	.LASF60
 322 021e 0A       		.byte	0xa
 323 021f 5E       		.byte	0x5e
 324 0220 F4010000 		.4byte	0x1f4
 325 0224 0B       		.uleb128 0xb
 326 0225 01010000 		.4byte	0x101
 327 0229 0B       		.uleb128 0xb
 328 022a AC000000 		.4byte	0xac
 329 022e 0C       		.uleb128 0xc
 330 022f 04       		.byte	0x4
 331 0230 D3010000 		.4byte	0x1d3
 332 0234 0B       		.uleb128 0xb
 333 0235 2E020000 		.4byte	0x22e
 334 0239 0B       		.uleb128 0xb
 335 023a 14010000 		.4byte	0x114
 336 023e 0B       		.uleb128 0xb
 337 023f E9010000 		.4byte	0x1e9
 338 0243 0D       		.uleb128 0xd
 339 0244 01       		.byte	0x1
 340 0245 0B       		.byte	0xb
 341 0246 1F       		.byte	0x1f
 342 0247 58020000 		.4byte	0x258
 343 024b 0E       		.uleb128 0xe
 344 024c 80030000 		.4byte	.LASF64
 345 0250 0B       		.byte	0xb
 346 0251 21       		.byte	0x21
 347 0252 14010000 		.4byte	0x114
 348 0256 00       		.byte	0
 349 0257 00       		.byte	0
 350 0258 03       		.uleb128 0x3
 351 0259 D8030000 		.4byte	.LASF61
 352 025d 0B       		.byte	0xb
 353 025e 24       		.byte	0x24
 354 025f 43020000 		.4byte	0x243
 355 0263 03       		.uleb128 0x3
 356 0264 9E010000 		.4byte	.LASF62
 357 0268 0C       		.byte	0xc
 358 0269 27       		.byte	0x27
 359 026a 6E020000 		.4byte	0x26e
 360 026e 0C       		.uleb128 0xc
 361 026f 04       		.byte	0x4
 362 0270 74020000 		.4byte	0x274
 363 0274 0F       		.uleb128 0xf
 364 0275 C8010000 		.4byte	0x1c8
 365 0279 83020000 		.4byte	0x283
 366 027d 10       		.uleb128 0x10
 367 027e 89020000 		.4byte	0x289
 368 0282 00       		.byte	0
 369 0283 0C       		.uleb128 0xc
 370 0284 04       		.byte	0x4
 371 0285 58020000 		.4byte	0x258
 372 0289 0B       		.uleb128 0xb
 373 028a 83020000 		.4byte	0x283
 374 028e 03       		.uleb128 0x3
 375 028f 77000000 		.4byte	.LASF63
ARM GAS  C:\Users\JASON\AppData\Local\Temp\ccANyGiC.s 			page 8


 376 0293 0C       		.byte	0xc
 377 0294 2D       		.byte	0x2d
 378 0295 99020000 		.4byte	0x299
 379 0299 0C       		.uleb128 0xc
 380 029a 04       		.byte	0x4
 381 029b 9F020000 		.4byte	0x29f
 382 029f 0F       		.uleb128 0xf
 383 02a0 C8010000 		.4byte	0x1c8
 384 02a4 AE020000 		.4byte	0x2ae
 385 02a8 10       		.uleb128 0x10
 386 02a9 B9020000 		.4byte	0x2b9
 387 02ad 00       		.byte	0
 388 02ae 0C       		.uleb128 0xc
 389 02af 04       		.byte	0x4
 390 02b0 B4020000 		.4byte	0x2b4
 391 02b4 0B       		.uleb128 0xb
 392 02b5 58020000 		.4byte	0x258
 393 02b9 0B       		.uleb128 0xb
 394 02ba AE020000 		.4byte	0x2ae
 395 02be 11       		.uleb128 0x11
 396 02bf B7010000 		.4byte	.LASF76
 397 02c3 28       		.byte	0x28
 398 02c4 0C       		.byte	0xc
 399 02c5 37       		.byte	0x37
 400 02c6 43030000 		.4byte	0x343
 401 02ca 0E       		.uleb128 0xe
 402 02cb 3D050000 		.4byte	.LASF65
 403 02cf 0C       		.byte	0xc
 404 02d0 3C       		.byte	0x3c
 405 02d1 43030000 		.4byte	0x343
 406 02d5 00       		.byte	0
 407 02d6 0E       		.uleb128 0xe
 408 02d7 16010000 		.4byte	.LASF66
 409 02db 0C       		.byte	0xc
 410 02dc 41       		.byte	0x41
 411 02dd 48030000 		.4byte	0x348
 412 02e1 04       		.byte	0x4
 413 02e2 0E       		.uleb128 0xe
 414 02e3 ED030000 		.4byte	.LASF67
 415 02e7 0C       		.byte	0xc
 416 02e8 46       		.byte	0x46
 417 02e9 24020000 		.4byte	0x224
 418 02ed 08       		.byte	0x8
 419 02ee 0E       		.uleb128 0xe
 420 02ef 39000000 		.4byte	.LASF68
 421 02f3 0C       		.byte	0xc
 422 02f4 4C       		.byte	0x4c
 423 02f5 24020000 		.4byte	0x224
 424 02f9 0C       		.byte	0xc
 425 02fa 0E       		.uleb128 0xe
 426 02fb 75040000 		.4byte	.LASF69
 427 02ff 0C       		.byte	0xc
 428 0300 51       		.byte	0x51
 429 0301 29020000 		.4byte	0x229
 430 0305 10       		.byte	0x10
 431 0306 0E       		.uleb128 0xe
 432 0307 AC040000 		.4byte	.LASF70
ARM GAS  C:\Users\JASON\AppData\Local\Temp\ccANyGiC.s 			page 9


 433 030b 0C       		.byte	0xc
 434 030c 56       		.byte	0x56
 435 030d 34020000 		.4byte	0x234
 436 0311 14       		.byte	0x14
 437 0312 0E       		.uleb128 0xe
 438 0313 15000000 		.4byte	.LASF71
 439 0317 0C       		.byte	0xc
 440 0318 5B       		.byte	0x5b
 441 0319 29020000 		.4byte	0x229
 442 031d 18       		.byte	0x18
 443 031e 0E       		.uleb128 0xe
 444 031f 68040000 		.4byte	.LASF72
 445 0323 0C       		.byte	0xc
 446 0324 60       		.byte	0x60
 447 0325 34020000 		.4byte	0x234
 448 0329 1C       		.byte	0x1c
 449 032a 0E       		.uleb128 0xe
 450 032b 2E050000 		.4byte	.LASF73
 451 032f 0C       		.byte	0xc
 452 0330 66       		.byte	0x66
 453 0331 39020000 		.4byte	0x239
 454 0335 20       		.byte	0x20
 455 0336 0E       		.uleb128 0xe
 456 0337 37010000 		.4byte	.LASF74
 457 033b 0C       		.byte	0xc
 458 033c 6B       		.byte	0x6b
 459 033d 3E020000 		.4byte	0x23e
 460 0341 24       		.byte	0x24
 461 0342 00       		.byte	0
 462 0343 0B       		.uleb128 0xb
 463 0344 63020000 		.4byte	0x263
 464 0348 0B       		.uleb128 0xb
 465 0349 8E020000 		.4byte	0x28e
 466 034d 03       		.uleb128 0x3
 467 034e F5000000 		.4byte	.LASF75
 468 0352 0C       		.byte	0xc
 469 0353 6E       		.byte	0x6e
 470 0354 58030000 		.4byte	0x358
 471 0358 0B       		.uleb128 0xb
 472 0359 BE020000 		.4byte	0x2be
 473 035d 11       		.uleb128 0x11
 474 035e 55010000 		.4byte	.LASF77
 475 0362 0C       		.byte	0xc
 476 0363 0C       		.byte	0xc
 477 0364 7A       		.byte	0x7a
 478 0365 9A030000 		.4byte	0x39a
 479 0369 0E       		.uleb128 0xe
 480 036a 10010000 		.4byte	.LASF78
 481 036e 0C       		.byte	0xc
 482 036f 80       		.byte	0x80
 483 0370 58020000 		.4byte	0x258
 484 0374 00       		.byte	0
 485 0375 0E       		.uleb128 0xe
 486 0376 F8030000 		.4byte	.LASF79
 487 037a 0C       		.byte	0xc
 488 037b 85       		.byte	0x85
 489 037c 19020000 		.4byte	0x219
ARM GAS  C:\Users\JASON\AppData\Local\Temp\ccANyGiC.s 			page 10


 490 0380 01       		.byte	0x1
 491 0381 12       		.uleb128 0x12
 492 0382 61676500 		.ascii	"age\000"
 493 0386 0C       		.byte	0xc
 494 0387 8A       		.byte	0x8a
 495 0388 8C000000 		.4byte	0x8c
 496 038c 04       		.byte	0x4
 497 038d 0E       		.uleb128 0xe
 498 038e D0030000 		.4byte	.LASF80
 499 0392 0C       		.byte	0xc
 500 0393 8F       		.byte	0x8f
 501 0394 A0030000 		.4byte	0x3a0
 502 0398 08       		.byte	0x8
 503 0399 00       		.byte	0
 504 039a 0C       		.uleb128 0xc
 505 039b 04       		.byte	0x4
 506 039c 4D030000 		.4byte	0x34d
 507 03a0 0B       		.uleb128 0xb
 508 03a1 9A030000 		.4byte	0x39a
 509 03a5 03       		.uleb128 0x3
 510 03a6 65010000 		.4byte	.LASF81
 511 03aa 0C       		.byte	0xc
 512 03ab 92       		.byte	0x92
 513 03ac 5D030000 		.4byte	0x35d
 514 03b0 13       		.uleb128 0x13
 515 03b1 22050000 		.4byte	.LASF92
 516 03b5 01       		.byte	0x1
 517 03b6 17       		.byte	0x17
 518 03b7 00000000 		.4byte	.LFB151
 519 03bb 02000000 		.4byte	.LFE151-.LFB151
 520 03bf 01       		.uleb128 0x1
 521 03c0 9C       		.byte	0x9c
 522 03c1 14       		.uleb128 0x14
 523 03c2 F1050000 		.4byte	.LASF82
 524 03c6 0D       		.byte	0xd
 525 03c7 40       		.byte	0x40
 526 03c8 D4000000 		.4byte	0xd4
 527 03cc 14       		.uleb128 0x14
 528 03cd F2010000 		.4byte	.LASF83
 529 03d1 0D       		.byte	0xd
 530 03d2 47       		.byte	0x47
 531 03d3 DF000000 		.4byte	0xdf
 532 03d7 14       		.uleb128 0x14
 533 03d8 87040000 		.4byte	.LASF84
 534 03dc 0D       		.byte	0xd
 535 03dd 4A       		.byte	0x4a
 536 03de D4000000 		.4byte	0xd4
 537 03e2 14       		.uleb128 0x14
 538 03e3 AE030000 		.4byte	.LASF85
 539 03e7 0E       		.byte	0xe
 540 03e8 48       		.byte	0x48
 541 03e9 EA000000 		.4byte	0xea
 542 03ed 14       		.uleb128 0x14
 543 03ee 40010000 		.4byte	.LASF86
 544 03f2 0F       		.byte	0xf
 545 03f3 44       		.byte	0x44
 546 03f4 D4000000 		.4byte	0xd4
ARM GAS  C:\Users\JASON\AppData\Local\Temp\ccANyGiC.s 			page 11


 547 03f8 15       		.uleb128 0x15
 548 03f9 46050000 		.4byte	.LASF87
 549 03fd 10       		.byte	0x10
 550 03fe 1207     		.2byte	0x712
 551 0400 04040000 		.4byte	0x404
 552 0404 16       		.uleb128 0x16
 553 0405 81000000 		.4byte	0x81
 554 0409 14       		.uleb128 0x14
 555 040a BA040000 		.4byte	.LASF88
 556 040e 11       		.byte	0x11
 557 040f 55       		.byte	0x55
 558 0410 A5030000 		.4byte	0x3a5
 559 0414 00       		.byte	0
 560              		.section	.debug_abbrev,"",%progbits
 561              	.Ldebug_abbrev0:
 562 0000 01       		.uleb128 0x1
 563 0001 11       		.uleb128 0x11
 564 0002 01       		.byte	0x1
 565 0003 25       		.uleb128 0x25
 566 0004 0E       		.uleb128 0xe
 567 0005 13       		.uleb128 0x13
 568 0006 0B       		.uleb128 0xb
 569 0007 03       		.uleb128 0x3
 570 0008 0E       		.uleb128 0xe
 571 0009 1B       		.uleb128 0x1b
 572 000a 0E       		.uleb128 0xe
 573 000b 55       		.uleb128 0x55
 574 000c 17       		.uleb128 0x17
 575 000d 11       		.uleb128 0x11
 576 000e 01       		.uleb128 0x1
 577 000f 10       		.uleb128 0x10
 578 0010 17       		.uleb128 0x17
 579 0011 00       		.byte	0
 580 0012 00       		.byte	0
 581 0013 02       		.uleb128 0x2
 582 0014 24       		.uleb128 0x24
 583 0015 00       		.byte	0
 584 0016 0B       		.uleb128 0xb
 585 0017 0B       		.uleb128 0xb
 586 0018 3E       		.uleb128 0x3e
 587 0019 0B       		.uleb128 0xb
 588 001a 03       		.uleb128 0x3
 589 001b 0E       		.uleb128 0xe
 590 001c 00       		.byte	0
 591 001d 00       		.byte	0
 592 001e 03       		.uleb128 0x3
 593 001f 16       		.uleb128 0x16
 594 0020 00       		.byte	0
 595 0021 03       		.uleb128 0x3
 596 0022 0E       		.uleb128 0xe
 597 0023 3A       		.uleb128 0x3a
 598 0024 0B       		.uleb128 0xb
 599 0025 3B       		.uleb128 0x3b
 600 0026 0B       		.uleb128 0xb
 601 0027 49       		.uleb128 0x49
 602 0028 13       		.uleb128 0x13
 603 0029 00       		.byte	0
ARM GAS  C:\Users\JASON\AppData\Local\Temp\ccANyGiC.s 			page 12


 604 002a 00       		.byte	0
 605 002b 04       		.uleb128 0x4
 606 002c 24       		.uleb128 0x24
 607 002d 00       		.byte	0
 608 002e 0B       		.uleb128 0xb
 609 002f 0B       		.uleb128 0xb
 610 0030 3E       		.uleb128 0x3e
 611 0031 0B       		.uleb128 0xb
 612 0032 03       		.uleb128 0x3
 613 0033 08       		.uleb128 0x8
 614 0034 00       		.byte	0
 615 0035 00       		.byte	0
 616 0036 05       		.uleb128 0x5
 617 0037 16       		.uleb128 0x16
 618 0038 00       		.byte	0
 619 0039 03       		.uleb128 0x3
 620 003a 0E       		.uleb128 0xe
 621 003b 3A       		.uleb128 0x3a
 622 003c 0B       		.uleb128 0xb
 623 003d 3B       		.uleb128 0x3b
 624 003e 05       		.uleb128 0x5
 625 003f 49       		.uleb128 0x49
 626 0040 13       		.uleb128 0x13
 627 0041 00       		.byte	0
 628 0042 00       		.byte	0
 629 0043 06       		.uleb128 0x6
 630 0044 04       		.uleb128 0x4
 631 0045 01       		.byte	0x1
 632 0046 0B       		.uleb128 0xb
 633 0047 0B       		.uleb128 0xb
 634 0048 49       		.uleb128 0x49
 635 0049 13       		.uleb128 0x13
 636 004a 3A       		.uleb128 0x3a
 637 004b 0B       		.uleb128 0xb
 638 004c 3B       		.uleb128 0x3b
 639 004d 0B       		.uleb128 0xb
 640 004e 01       		.uleb128 0x1
 641 004f 13       		.uleb128 0x13
 642 0050 00       		.byte	0
 643 0051 00       		.byte	0
 644 0052 07       		.uleb128 0x7
 645 0053 28       		.uleb128 0x28
 646 0054 00       		.byte	0
 647 0055 03       		.uleb128 0x3
 648 0056 0E       		.uleb128 0xe
 649 0057 1C       		.uleb128 0x1c
 650 0058 0B       		.uleb128 0xb
 651 0059 00       		.byte	0
 652 005a 00       		.byte	0
 653 005b 08       		.uleb128 0x8
 654 005c 28       		.uleb128 0x28
 655 005d 00       		.byte	0
 656 005e 03       		.uleb128 0x3
 657 005f 0E       		.uleb128 0xe
 658 0060 1C       		.uleb128 0x1c
 659 0061 0D       		.uleb128 0xd
 660 0062 00       		.byte	0
ARM GAS  C:\Users\JASON\AppData\Local\Temp\ccANyGiC.s 			page 13


 661 0063 00       		.byte	0
 662 0064 09       		.uleb128 0x9
 663 0065 01       		.uleb128 0x1
 664 0066 01       		.byte	0x1
 665 0067 49       		.uleb128 0x49
 666 0068 13       		.uleb128 0x13
 667 0069 01       		.uleb128 0x1
 668 006a 13       		.uleb128 0x13
 669 006b 00       		.byte	0
 670 006c 00       		.byte	0
 671 006d 0A       		.uleb128 0xa
 672 006e 21       		.uleb128 0x21
 673 006f 00       		.byte	0
 674 0070 00       		.byte	0
 675 0071 00       		.byte	0
 676 0072 0B       		.uleb128 0xb
 677 0073 26       		.uleb128 0x26
 678 0074 00       		.byte	0
 679 0075 49       		.uleb128 0x49
 680 0076 13       		.uleb128 0x13
 681 0077 00       		.byte	0
 682 0078 00       		.byte	0
 683 0079 0C       		.uleb128 0xc
 684 007a 0F       		.uleb128 0xf
 685 007b 00       		.byte	0
 686 007c 0B       		.uleb128 0xb
 687 007d 0B       		.uleb128 0xb
 688 007e 49       		.uleb128 0x49
 689 007f 13       		.uleb128 0x13
 690 0080 00       		.byte	0
 691 0081 00       		.byte	0
 692 0082 0D       		.uleb128 0xd
 693 0083 13       		.uleb128 0x13
 694 0084 01       		.byte	0x1
 695 0085 0B       		.uleb128 0xb
 696 0086 0B       		.uleb128 0xb
 697 0087 3A       		.uleb128 0x3a
 698 0088 0B       		.uleb128 0xb
 699 0089 3B       		.uleb128 0x3b
 700 008a 0B       		.uleb128 0xb
 701 008b 01       		.uleb128 0x1
 702 008c 13       		.uleb128 0x13
 703 008d 00       		.byte	0
 704 008e 00       		.byte	0
 705 008f 0E       		.uleb128 0xe
 706 0090 0D       		.uleb128 0xd
 707 0091 00       		.byte	0
 708 0092 03       		.uleb128 0x3
 709 0093 0E       		.uleb128 0xe
 710 0094 3A       		.uleb128 0x3a
 711 0095 0B       		.uleb128 0xb
 712 0096 3B       		.uleb128 0x3b
 713 0097 0B       		.uleb128 0xb
 714 0098 49       		.uleb128 0x49
 715 0099 13       		.uleb128 0x13
 716 009a 38       		.uleb128 0x38
 717 009b 0B       		.uleb128 0xb
ARM GAS  C:\Users\JASON\AppData\Local\Temp\ccANyGiC.s 			page 14


 718 009c 00       		.byte	0
 719 009d 00       		.byte	0
 720 009e 0F       		.uleb128 0xf
 721 009f 15       		.uleb128 0x15
 722 00a0 01       		.byte	0x1
 723 00a1 27       		.uleb128 0x27
 724 00a2 19       		.uleb128 0x19
 725 00a3 49       		.uleb128 0x49
 726 00a4 13       		.uleb128 0x13
 727 00a5 01       		.uleb128 0x1
 728 00a6 13       		.uleb128 0x13
 729 00a7 00       		.byte	0
 730 00a8 00       		.byte	0
 731 00a9 10       		.uleb128 0x10
 732 00aa 05       		.uleb128 0x5
 733 00ab 00       		.byte	0
 734 00ac 49       		.uleb128 0x49
 735 00ad 13       		.uleb128 0x13
 736 00ae 00       		.byte	0
 737 00af 00       		.byte	0
 738 00b0 11       		.uleb128 0x11
 739 00b1 13       		.uleb128 0x13
 740 00b2 01       		.byte	0x1
 741 00b3 03       		.uleb128 0x3
 742 00b4 0E       		.uleb128 0xe
 743 00b5 0B       		.uleb128 0xb
 744 00b6 0B       		.uleb128 0xb
 745 00b7 3A       		.uleb128 0x3a
 746 00b8 0B       		.uleb128 0xb
 747 00b9 3B       		.uleb128 0x3b
 748 00ba 0B       		.uleb128 0xb
 749 00bb 01       		.uleb128 0x1
 750 00bc 13       		.uleb128 0x13
 751 00bd 00       		.byte	0
 752 00be 00       		.byte	0
 753 00bf 12       		.uleb128 0x12
 754 00c0 0D       		.uleb128 0xd
 755 00c1 00       		.byte	0
 756 00c2 03       		.uleb128 0x3
 757 00c3 08       		.uleb128 0x8
 758 00c4 3A       		.uleb128 0x3a
 759 00c5 0B       		.uleb128 0xb
 760 00c6 3B       		.uleb128 0x3b
 761 00c7 0B       		.uleb128 0xb
 762 00c8 49       		.uleb128 0x49
 763 00c9 13       		.uleb128 0x13
 764 00ca 38       		.uleb128 0x38
 765 00cb 0B       		.uleb128 0xb
 766 00cc 00       		.byte	0
 767 00cd 00       		.byte	0
 768 00ce 13       		.uleb128 0x13
 769 00cf 2E       		.uleb128 0x2e
 770 00d0 00       		.byte	0
 771 00d1 3F       		.uleb128 0x3f
 772 00d2 19       		.uleb128 0x19
 773 00d3 03       		.uleb128 0x3
 774 00d4 0E       		.uleb128 0xe
ARM GAS  C:\Users\JASON\AppData\Local\Temp\ccANyGiC.s 			page 15


 775 00d5 3A       		.uleb128 0x3a
 776 00d6 0B       		.uleb128 0xb
 777 00d7 3B       		.uleb128 0x3b
 778 00d8 0B       		.uleb128 0xb
 779 00d9 27       		.uleb128 0x27
 780 00da 19       		.uleb128 0x19
 781 00db 8701     		.uleb128 0x87
 782 00dd 19       		.uleb128 0x19
 783 00de 11       		.uleb128 0x11
 784 00df 01       		.uleb128 0x1
 785 00e0 12       		.uleb128 0x12
 786 00e1 06       		.uleb128 0x6
 787 00e2 40       		.uleb128 0x40
 788 00e3 18       		.uleb128 0x18
 789 00e4 9742     		.uleb128 0x2117
 790 00e6 19       		.uleb128 0x19
 791 00e7 00       		.byte	0
 792 00e8 00       		.byte	0
 793 00e9 14       		.uleb128 0x14
 794 00ea 34       		.uleb128 0x34
 795 00eb 00       		.byte	0
 796 00ec 03       		.uleb128 0x3
 797 00ed 0E       		.uleb128 0xe
 798 00ee 3A       		.uleb128 0x3a
 799 00ef 0B       		.uleb128 0xb
 800 00f0 3B       		.uleb128 0x3b
 801 00f1 0B       		.uleb128 0xb
 802 00f2 49       		.uleb128 0x49
 803 00f3 13       		.uleb128 0x13
 804 00f4 3F       		.uleb128 0x3f
 805 00f5 19       		.uleb128 0x19
 806 00f6 3C       		.uleb128 0x3c
 807 00f7 19       		.uleb128 0x19
 808 00f8 00       		.byte	0
 809 00f9 00       		.byte	0
 810 00fa 15       		.uleb128 0x15
 811 00fb 34       		.uleb128 0x34
 812 00fc 00       		.byte	0
 813 00fd 03       		.uleb128 0x3
 814 00fe 0E       		.uleb128 0xe
 815 00ff 3A       		.uleb128 0x3a
 816 0100 0B       		.uleb128 0xb
 817 0101 3B       		.uleb128 0x3b
 818 0102 05       		.uleb128 0x5
 819 0103 49       		.uleb128 0x49
 820 0104 13       		.uleb128 0x13
 821 0105 3F       		.uleb128 0x3f
 822 0106 19       		.uleb128 0x19
 823 0107 3C       		.uleb128 0x3c
 824 0108 19       		.uleb128 0x19
 825 0109 00       		.byte	0
 826 010a 00       		.byte	0
 827 010b 16       		.uleb128 0x16
 828 010c 35       		.uleb128 0x35
 829 010d 00       		.byte	0
 830 010e 49       		.uleb128 0x49
 831 010f 13       		.uleb128 0x13
ARM GAS  C:\Users\JASON\AppData\Local\Temp\ccANyGiC.s 			page 16


 832 0110 00       		.byte	0
 833 0111 00       		.byte	0
 834 0112 00       		.byte	0
 835              		.section	.debug_aranges,"",%progbits
 836 0000 1C000000 		.4byte	0x1c
 837 0004 0200     		.2byte	0x2
 838 0006 00000000 		.4byte	.Ldebug_info0
 839 000a 04       		.byte	0x4
 840 000b 00       		.byte	0
 841 000c 0000     		.2byte	0
 842 000e 0000     		.2byte	0
 843 0010 00000000 		.4byte	.LFB151
 844 0014 02000000 		.4byte	.LFE151-.LFB151
 845 0018 00000000 		.4byte	0
 846 001c 00000000 		.4byte	0
 847              		.section	.debug_ranges,"",%progbits
 848              	.Ldebug_ranges0:
 849 0000 00000000 		.4byte	.LFB151
 850 0004 02000000 		.4byte	.LFE151
 851 0008 00000000 		.4byte	0
 852 000c 00000000 		.4byte	0
 853              		.section	.debug_line,"",%progbits
 854              	.Ldebug_line0:
 855 0000 1C030000 		.section	.debug_str,"MS",%progbits,1
 855      02000703 
 855      00000201 
 855      FB0E0D00 
 855      01010101 
 856              	.LASF35:
 857 0000 52435F45 		.ascii	"RC_ERROR_BUFFER_FULL\000"
 857      52524F52 
 857      5F425546 
 857      4645525F 
 857      46554C4C 
 858              	.LASF71:
 859 0015 6F6E4572 		.ascii	"onErrorTaskCount\000"
 859      726F7254 
 859      61736B43 
 859      6F756E74 
 859      00
 860              	.LASF20:
 861 0026 45455F55 		.ascii	"EE_UREG\000"
 861      52454700 
 862              	.LASF27:
 863 002e 52435F53 		.ascii	"RC_SUCCESS\000"
 863      55434345 
 863      535300
 864              	.LASF68:
 865 0039 65764F6E 		.ascii	"evOnError\000"
 865      4572726F 
 865      7200
 866              	.LASF24:
 867 0043 4576656E 		.ascii	"EventMaskType\000"
 867      744D6173 
 867      6B547970 
 867      6500
 868              	.LASF2:
ARM GAS  C:\Users\JASON\AppData\Local\Temp\ccANyGiC.s 			page 17


 869 0051 73686F72 		.ascii	"short int\000"
 869      7420696E 
 869      7400
 870              	.LASF16:
 871 005b 73697A65 		.ascii	"size_t\000"
 871      5F7400
 872              	.LASF45:
 873 0062 52435F45 		.ascii	"RC_ERROR_WRITE_FAILS\000"
 873      52524F52 
 873      5F575249 
 873      54455F46 
 873      41494C53 
 874              	.LASF63:
 875 0077 53435F42 		.ascii	"SC_BRAKELIGHT_driverOut_t\000"
 875      52414B45 
 875      4C494748 
 875      545F6472 
 875      69766572 
 876              	.LASF25:
 877 0091 73697A65 		.ascii	"sizetype\000"
 877      74797065 
 877      00
 878              	.LASF60:
 879 009a 5254455F 		.ascii	"RTE_signalStatus_t\000"
 879      7369676E 
 879      616C5374 
 879      61747573 
 879      5F7400
 880              	.LASF58:
 881 00ad 5254455F 		.ascii	"RTE_SIGNALSTATUS_VALID\000"
 881      5349474E 
 881      414C5354 
 881      41545553 
 881      5F56414C 
 882              	.LASF21:
 883 00c4 45455F46 		.ascii	"EE_FREG\000"
 883      52454700 
 884              	.LASF44:
 885 00cc 52435F45 		.ascii	"RC_ERROR_READ_FAILS\000"
 885      52524F52 
 885      5F524541 
 885      445F4641 
 885      494C5300 
 886              	.LASF6:
 887 00e0 5F5F7569 		.ascii	"__uint32_t\000"
 887      6E743332 
 887      5F7400
 888              	.LASF19:
 889 00eb 45455F55 		.ascii	"EE_UINT32\000"
 889      494E5433 
 889      3200
 890              	.LASF75:
 891 00f5 53435F42 		.ascii	"SC_BRAKELIGHT_cfg_t\000"
 891      52414B45 
 891      4C494748 
 891      545F6366 
 891      675F7400 
ARM GAS  C:\Users\JASON\AppData\Local\Temp\ccANyGiC.s 			page 18


 892              	.LASF22:
 893 0109 45455F54 		.ascii	"EE_TID\000"
 893      494400
 894              	.LASF78:
 895 0110 76616C75 		.ascii	"value\000"
 895      6500
 896              	.LASF66:
 897 0116 6F757444 		.ascii	"outDriver\000"
 897      72697665 
 897      7200
 898              	.LASF50:
 899 0120 52435F45 		.ascii	"RC_ERROR_INVALID_STATE\000"
 899      52524F52 
 899      5F494E56 
 899      414C4944 
 899      5F535441 
 900              	.LASF74:
 901 0137 7265736F 		.ascii	"resource\000"
 901      75726365 
 901      00
 902              	.LASF86:
 903 0140 45455F49 		.ascii	"EE_IRQ_nesting_level\000"
 903      52515F6E 
 903      65737469 
 903      6E675F6C 
 903      6576656C 
 904              	.LASF77:
 905 0155 53435F42 		.ascii	"SC_BRAKELIGHT_s\000"
 905      52414B45 
 905      4C494748 
 905      545F7300 
 906              	.LASF81:
 907 0165 53435F42 		.ascii	"SC_BRAKELIGHT_t\000"
 907      52414B45 
 907      4C494748 
 907      545F7400 
 908              	.LASF32:
 909 0175 52435F45 		.ascii	"RC_ERROR_RANGE\000"
 909      52524F52 
 909      5F52414E 
 909      474500
 910              	.LASF13:
 911 0184 666C6F61 		.ascii	"float\000"
 911      7400
 912              	.LASF42:
 913 018a 52435F45 		.ascii	"RC_ERROR_WRITE_ONLY\000"
 913      52524F52 
 913      5F575249 
 913      54455F4F 
 913      4E4C5900 
 914              	.LASF62:
 915 019e 53435F42 		.ascii	"SC_BRAKELIGHT_driverIn_t\000"
 915      52414B45 
 915      4C494748 
 915      545F6472 
 915      69766572 
 916              	.LASF76:
ARM GAS  C:\Users\JASON\AppData\Local\Temp\ccANyGiC.s 			page 19


 917 01b7 53435F42 		.ascii	"SC_BRAKELIGHT_cfg_s\000"
 917      52414B45 
 917      4C494748 
 917      545F6366 
 917      675F7300 
 918              	.LASF52:
 919 01cb 52435F45 		.ascii	"RC_ERROR_NOT_IMPLEMENTED\000"
 919      52524F52 
 919      5F4E4F54 
 919      5F494D50 
 919      4C454D45 
 920              	.LASF8:
 921 01e4 6C6F6E67 		.ascii	"long long int\000"
 921      206C6F6E 
 921      6720696E 
 921      7400
 922              	.LASF83:
 923 01f2 45455F6F 		.ascii	"EE_oo_IRQ_suspend_status\000"
 923      6F5F4952 
 923      515F7375 
 923      7370656E 
 923      645F7374 
 924              	.LASF46:
 925 020b 52435F45 		.ascii	"RC_ERROR_NOT_MATCH\000"
 925      52524F52 
 925      5F4E4F54 
 925      5F4D4154 
 925      434800
 926              	.LASF51:
 927 021e 52435F45 		.ascii	"RC_ERROR_UNKNOWN\000"
 927      52524F52 
 927      5F554E4B 
 927      4E4F574E 
 927      00
 928              	.LASF30:
 929 022f 52435F45 		.ascii	"RC_ERROR_ZERO\000"
 929      52524F52 
 929      5F5A4552 
 929      4F00
 930              	.LASF4:
 931 023d 6C6F6E67 		.ascii	"long int\000"
 931      20696E74 
 931      00
 932              	.LASF34:
 933 0246 52435F45 		.ascii	"RC_ERROR_UNDERRUN\000"
 933      52524F52 
 933      5F554E44 
 933      45525255 
 933      4E00
 934              	.LASF37:
 935 0258 52435F45 		.ascii	"RC_ERROR_BUSY\000"
 935      52524F52 
 935      5F425553 
 935      5900
 936              	.LASF56:
 937 0266 5254455F 		.ascii	"RTE_SIGNALSTATUS_STARTUP\000"
 937      5349474E 
ARM GAS  C:\Users\JASON\AppData\Local\Temp\ccANyGiC.s 			page 20


 937      414C5354 
 937      41545553 
 937      5F535441 
 938              	.LASF43:
 939 027f 52435F45 		.ascii	"RC_ERROR_INVALID\000"
 939      52524F52 
 939      5F494E56 
 939      414C4944 
 939      00
 940              	.LASF48:
 941 0290 52435F45 		.ascii	"RC_ERROR_BAD_DATA\000"
 941      52524F52 
 941      5F424144 
 941      5F444154 
 941      4100
 942              	.LASF26:
 943 02a2 626F6F6C 		.ascii	"boolean_t\000"
 943      65616E5F 
 943      7400
 944              	.LASF41:
 945 02ac 52435F45 		.ascii	"RC_ERROR_READ_ONLY\000"
 945      52524F52 
 945      5F524541 
 945      445F4F4E 
 945      4C5900
 946              	.LASF17:
 947 02bf 6C6F6E67 		.ascii	"long double\000"
 947      20646F75 
 947      626C6500 
 948              	.LASF28:
 949 02cb 52435F45 		.ascii	"RC_ERROR\000"
 949      52524F52 
 949      00
 950              	.LASF23:
 951 02d4 5461736B 		.ascii	"TaskType\000"
 951      54797065 
 951      00
 952              	.LASF1:
 953 02dd 756E7369 		.ascii	"unsigned char\000"
 953      676E6564 
 953      20636861 
 953      7200
 954              	.LASF0:
 955 02eb 7369676E 		.ascii	"signed char\000"
 955      65642063 
 955      68617200 
 956              	.LASF9:
 957 02f7 6C6F6E67 		.ascii	"long long unsigned int\000"
 957      206C6F6E 
 957      6720756E 
 957      7369676E 
 957      65642069 
 958              	.LASF91:
 959 030e 433A5C4A 		.ascii	"C:\\Jason\\EIT\\Semester_02\\01_EAA\\Lab\\Assignmen"
 959      61736F6E 
 959      5C454954 
 959      5C53656D 
ARM GAS  C:\Users\JASON\AppData\Local\Temp\ccANyGiC.s 			page 21


 959      65737465 
 960 033b 745F315C 		.ascii	"t_1\\01_Electronic_GasPedal.cydsn\000"
 960      30315F45 
 960      6C656374 
 960      726F6E69 
 960      635F4761 
 961              	.LASF12:
 962 035c 75696E74 		.ascii	"uint32_t\000"
 962      33325F74 
 962      00
 963              	.LASF10:
 964 0365 756E7369 		.ascii	"unsigned int\000"
 964      676E6564 
 964      20696E74 
 964      00
 965              	.LASF39:
 966 0372 52435F45 		.ascii	"RC_ERROR_OPEN\000"
 966      52524F52 
 966      5F4F5045 
 966      4E00
 967              	.LASF64:
 968 0380 6272616B 		.ascii	"brakeLight\000"
 968      654C6967 
 968      687400
 969              	.LASF90:
 970 038b 736F7572 		.ascii	"source\\asw\\tsk_tft.c\000"
 970      63655C61 
 970      73775C74 
 970      736B5F74 
 970      66742E63 
 971              	.LASF29:
 972 03a0 52435F45 		.ascii	"RC_ERROR_NULL\000"
 972      52524F52 
 972      5F4E554C 
 972      4C00
 973              	.LASF85:
 974 03ae 45455F73 		.ascii	"EE_std_endcycle_next_tid\000"
 974      74645F65 
 974      6E646379 
 974      636C655F 
 974      6E657874 
 975              	.LASF18:
 976 03c7 45455F49 		.ascii	"EE_INT32\000"
 976      4E543332 
 976      00
 977              	.LASF80:
 978 03d0 70536967 		.ascii	"pSigCfg\000"
 978      43666700 
 979              	.LASF61:
 980 03d8 53435F42 		.ascii	"SC_BRAKELIGHT_data_t\000"
 980      52414B45 
 980      4C494748 
 980      545F6461 
 980      74615F74 
 981              	.LASF67:
 982 03ed 65764F6E 		.ascii	"evOnUpdate\000"
 982      55706461 
ARM GAS  C:\Users\JASON\AppData\Local\Temp\ccANyGiC.s 			page 22


 982      746500
 983              	.LASF79:
 984 03f8 73746174 		.ascii	"status\000"
 984      757300
 985              	.LASF15:
 986 03ff 63686172 		.ascii	"char\000"
 986      00
 987              	.LASF59:
 988 0404 5254455F 		.ascii	"RTE_SIGNALSTATUS_INVALID\000"
 988      5349474E 
 988      414C5354 
 988      41545553 
 988      5F494E56 
 989              	.LASF57:
 990 041d 5254455F 		.ascii	"RTE_SIGNALSTATUS_INITIALIZED\000"
 990      5349474E 
 990      414C5354 
 990      41545553 
 990      5F494E49 
 991              	.LASF11:
 992 043a 696E7433 		.ascii	"int32_t\000"
 992      325F7400 
 993              	.LASF3:
 994 0442 73686F72 		.ascii	"short unsigned int\000"
 994      7420756E 
 994      7369676E 
 994      65642069 
 994      6E7400
 995              	.LASF47:
 996 0455 52435F45 		.ascii	"RC_ERROR_BAD_PARAM\000"
 996      52524F52 
 996      5F424144 
 996      5F504152 
 996      414D00
 997              	.LASF72:
 998 0468 6F6E4572 		.ascii	"onErrorTasks\000"
 998      726F7254 
 998      61736B73 
 998      00
 999              	.LASF69:
 1000 0475 6F6E5570 		.ascii	"onUpdateTaskCount\000"
 1000      64617465 
 1000      5461736B 
 1000      436F756E 
 1000      7400
 1001              	.LASF84:
 1002 0487 45455F41 		.ascii	"EE_ApplicationMode\000"
 1002      70706C69 
 1002      63617469 
 1002      6F6E4D6F 
 1002      646500
 1003              	.LASF7:
 1004 049a 6C6F6E67 		.ascii	"long unsigned int\000"
 1004      20756E73 
 1004      69676E65 
 1004      6420696E 
 1004      7400
ARM GAS  C:\Users\JASON\AppData\Local\Temp\ccANyGiC.s 			page 23


 1005              	.LASF70:
 1006 04ac 6F6E5570 		.ascii	"onUpdateTasks\000"
 1006      64617465 
 1006      5461736B 
 1006      7300
 1007              	.LASF88:
 1008 04ba 534F5F42 		.ascii	"SO_BRAKELIGHT_signal\000"
 1008      52414B45 
 1008      4C494748 
 1008      545F7369 
 1008      676E616C 
 1009              	.LASF40:
 1010 04cf 52435F45 		.ascii	"RC_ERROR_CHECKSUM\000"
 1010      52524F52 
 1010      5F434845 
 1010      434B5355 
 1010      4D00
 1011              	.LASF33:
 1012 04e1 52435F45 		.ascii	"RC_ERROR_OVERRUN\000"
 1012      52524F52 
 1012      5F4F5645 
 1012      5252554E 
 1012      00
 1013              	.LASF5:
 1014 04f2 5F5F696E 		.ascii	"__int32_t\000"
 1014      7433325F 
 1014      7400
 1015              	.LASF49:
 1016 04fc 52435F45 		.ascii	"RC_ERROR_CANCELED\000"
 1016      52524F52 
 1016      5F43414E 
 1016      43454C45 
 1016      4400
 1017              	.LASF55:
 1018 050e 5265736F 		.ascii	"ResourceType\000"
 1018      75726365 
 1018      54797065 
 1018      00
 1019              	.LASF14:
 1020 051b 646F7562 		.ascii	"double\000"
 1020      6C6500
 1021              	.LASF92:
 1022 0522 46756E63 		.ascii	"Functsk_tft\000"
 1022      74736B5F 
 1022      74667400 
 1023              	.LASF73:
 1024 052e 7265736F 		.ascii	"resourceActive\000"
 1024      75726365 
 1024      41637469 
 1024      766500
 1025              	.LASF65:
 1026 053d 696E4472 		.ascii	"inDriver\000"
 1026      69766572 
 1026      00
 1027              	.LASF87:
 1028 0546 49544D5F 		.ascii	"ITM_RxBuffer\000"
 1028      52784275 
ARM GAS  C:\Users\JASON\AppData\Local\Temp\ccANyGiC.s 			page 24


 1028      66666572 
 1028      00
 1029              	.LASF89:
 1030 0553 474E5520 		.ascii	"GNU C11 5.4.1 20160609 (release) [ARM/embedded-5-br"
 1030      43313120 
 1030      352E342E 
 1030      31203230 
 1030      31363036 
 1031 0586 616E6368 		.ascii	"anch revision 237715] -mcpu=cortex-m3 -mthumb -g -O"
 1031      20726576 
 1031      6973696F 
 1031      6E203233 
 1031      37373135 
 1032 05b9 67202D66 		.ascii	"g -ffunction-sections -ffat-lto-objects\000"
 1032      66756E63 
 1032      74696F6E 
 1032      2D736563 
 1032      74696F6E 
 1033              	.LASF31:
 1034 05e1 52435F45 		.ascii	"RC_ERROR_MEMORY\000"
 1034      52524F52 
 1034      5F4D454D 
 1034      4F525900 
 1035              	.LASF82:
 1036 05f1 45455F6F 		.ascii	"EE_oo_IRQ_disable_count\000"
 1036      6F5F4952 
 1036      515F6469 
 1036      7361626C 
 1036      655F636F 
 1037              	.LASF54:
 1038 0609 5461736B 		.ascii	"TaskTypeArray\000"
 1038      54797065 
 1038      41727261 
 1038      7900
 1039              	.LASF36:
 1040 0617 52435F45 		.ascii	"RC_ERROR_BUFFER_EMTPY\000"
 1040      52524F52 
 1040      5F425546 
 1040      4645525F 
 1040      454D5450 
 1041              	.LASF53:
 1042 062d 52435F74 		.ascii	"RC_t\000"
 1042      00
 1043              	.LASF38:
 1044 0632 52435F45 		.ascii	"RC_ERROR_TIME_OUT\000"
 1044      52524F52 
 1044      5F54494D 
 1044      455F4F55 
 1044      5400
 1045              		.ident	"GCC: (GNU Tools for ARM Embedded Processors) 5.4.1 20160609 (release) [ARM/embedded-5-bran
