ARM GAS  C:\Users\JASON\AppData\Local\Temp\ccIIhwkp.s 			page 1


   1              		.syntax unified
   2              		.cpu cortex-m3
   3              		.fpu softvfp
   4              		.eabi_attribute 20, 1
   5              		.eabi_attribute 21, 1
   6              		.eabi_attribute 23, 3
   7              		.eabi_attribute 24, 1
   8              		.eabi_attribute 25, 1
   9              		.eabi_attribute 26, 1
  10              		.eabi_attribute 30, 1
  11              		.eabi_attribute 34, 1
  12              		.eabi_attribute 18, 4
  13              		.thumb
  14              		.syntax unified
  15              		.file	"tsk_inputoutput.c"
  16              		.text
  17              	.Ltext0:
  18              		.cfi_sections	.debug_frame
  19              		.section	.text.Functsk_inputoutput,"ax",%progbits
  20              		.align	2
  21              		.global	Functsk_inputoutput
  22              		.thumb
  23              		.thumb_func
  24              		.type	Functsk_inputoutput, %function
  25              	Functsk_inputoutput:
  26              	.LFB110:
  27              		.file 1 "source\\asw\\tsk_inputoutput.c"
   1:source\asw/tsk_inputoutput.c **** 
   2:source\asw/tsk_inputoutput.c **** 
   3:source\asw/tsk_inputoutput.c **** /*
   4:source\asw/tsk_inputoutput.c ****  * Filename: tsk_inputoutput.c
   5:source\asw/tsk_inputoutput.c ****  *
   6:source\asw/tsk_inputoutput.c ****  * Author: Autogenerated by H-DA RTE Generator, (c) Prof. Fromm
   7:source\asw/tsk_inputoutput.c ****  */
   8:source\asw/tsk_inputoutput.c **** 
   9:source\asw/tsk_inputoutput.c **** #include "project.h"
  10:source\asw/tsk_inputoutput.c **** #include "global.h"
  11:source\asw/tsk_inputoutput.c **** #include "rte.h"
  12:source\asw/tsk_inputoutput.c **** #include "rte_types.h"
  13:source\asw/tsk_inputoutput.c **** #include "tsk_inputoutput.h"
  14:source\asw/tsk_inputoutput.c **** 
  15:source\asw/tsk_inputoutput.c **** 
  16:source\asw/tsk_inputoutput.c **** 
  17:source\asw/tsk_inputoutput.c **** /* USER CODE START TSK_INPUTOUTPUT_INCLUDE */
  18:source\asw/tsk_inputoutput.c **** 
  19:source\asw/tsk_inputoutput.c **** /* USER CODE END TSK_INPUTOUTPUT_INCLUDE */
  20:source\asw/tsk_inputoutput.c **** 
  21:source\asw/tsk_inputoutput.c **** #include "swc_joystick.h"
  22:source\asw/tsk_inputoutput.c **** #include "swc_engine.h"
  23:source\asw/tsk_inputoutput.c **** #include "swc_brakelight.h"
  24:source\asw/tsk_inputoutput.c **** 
  25:source\asw/tsk_inputoutput.c **** 
  26:source\asw/tsk_inputoutput.c **** 
  27:source\asw/tsk_inputoutput.c **** /* USER CODE START TSK_INPUTOUTPUT_USERDEFINITIONS */
  28:source\asw/tsk_inputoutput.c **** 
  29:source\asw/tsk_inputoutput.c **** /* USER CODE END TSK_INPUTOUTPUT_USERDEFINITIONS */
  30:source\asw/tsk_inputoutput.c **** 
ARM GAS  C:\Users\JASON\AppData\Local\Temp\ccIIhwkp.s 			page 2


  31:source\asw/tsk_inputoutput.c **** /*******************************************************************************
  32:source\asw/tsk_inputoutput.c ****  * Runnable Tables from Activation Engine
  33:source\asw/tsk_inputoutput.c ****  *******************************************************************************/
  34:source\asw/tsk_inputoutput.c **** 
  35:source\asw/tsk_inputoutput.c **** /* Cyclic Table */
  36:source\asw/tsk_inputoutput.c **** 
  37:source\asw/tsk_inputoutput.c **** const RTE_cyclicTable_t RTE_cyclicActivationTable_tsk_inputoutput[] = {
  38:source\asw/tsk_inputoutput.c **** 	{ JOYSTICK_readJoystick_run, 10 },	//Runnable for the joystick.
  39:source\asw/tsk_inputoutput.c **** 	{ ENGINE_setEngine_run, 100 },	//Runnable for running the engine.
  40:source\asw/tsk_inputoutput.c **** };
  41:source\asw/tsk_inputoutput.c **** const uint16_t RTE_cyclicActivation_tsk_inputoutput_size = sizeof (RTE_cyclicActivationTable_tsk_in
  42:source\asw/tsk_inputoutput.c **** 
  43:source\asw/tsk_inputoutput.c **** /* Event Table */
  44:source\asw/tsk_inputoutput.c **** const RTE_eventTable_t RTE_eventActivationTable_tsk_inputoutput[] = {
  45:source\asw/tsk_inputoutput.c ****     { BRAKELIGHT_setBrakeLight_run, ev_speed_onData },  //Runnable for setting the brake light.
  46:source\asw/tsk_inputoutput.c **** }; 
  47:source\asw/tsk_inputoutput.c **** const uint16_t RTE_eventActivation_tsk_inputoutput_size = sizeof (RTE_eventActivationTable_tsk_inpu
  48:source\asw/tsk_inputoutput.c **** 
  49:source\asw/tsk_inputoutput.c **** /*******************************************************************************
  50:source\asw/tsk_inputoutput.c ****  * Task Body
  51:source\asw/tsk_inputoutput.c ****  *******************************************************************************/
  52:source\asw/tsk_inputoutput.c **** 
  53:source\asw/tsk_inputoutput.c **** 
  54:source\asw/tsk_inputoutput.c **** /*
  55:source\asw/tsk_inputoutput.c **** * description: Task that handles the input and output signals.
  56:source\asw/tsk_inputoutput.c **** * events: ev_speed_onData|ev_cyclic_1ms
  57:source\asw/tsk_inputoutput.c **** * mode: Cyclic and Event
  58:source\asw/tsk_inputoutput.c **** * name: tsk_inputoutput
  59:source\asw/tsk_inputoutput.c **** * shortname: inputoutput
  60:source\asw/tsk_inputoutput.c **** * signalpoolsRO: sp_common
  61:source\asw/tsk_inputoutput.c **** * signalpoolsRW: sp_common
  62:source\asw/tsk_inputoutput.c **** * tickEvent: ev_cyclic_1ms
  63:source\asw/tsk_inputoutput.c **** * timertickperiod: 1
  64:source\asw/tsk_inputoutput.c **** */
  65:source\asw/tsk_inputoutput.c **** TASK(tsk_inputoutput)
  66:source\asw/tsk_inputoutput.c **** {
  28              		.loc 1 66 0
  29              		.cfi_startproc
  30              		@ args = 0, pretend = 0, frame = 8
  31              		@ frame_needed = 0, uses_anonymous_args = 0
  32 0000 10B5     		push	{r4, lr}
  33              		.cfi_def_cfa_offset 8
  34              		.cfi_offset 4, -8
  35              		.cfi_offset 14, -4
  36 0002 82B0     		sub	sp, sp, #8
  37              		.cfi_def_cfa_offset 16
  67:source\asw/tsk_inputoutput.c **** 	/* ticktime of the task */
  68:source\asw/tsk_inputoutput.c **** 	static uint32_t ticktime = 0;
  69:source\asw/tsk_inputoutput.c **** 	
  70:source\asw/tsk_inputoutput.c ****     EventMaskType ev = 0;
  38              		.loc 1 70 0
  39 0004 0023     		movs	r3, #0
  40 0006 0193     		str	r3, [sp, #4]
  41              	.L3:
  71:source\asw/tsk_inputoutput.c ****     
  72:source\asw/tsk_inputoutput.c ****     while(1)
  73:source\asw/tsk_inputoutput.c ****     {
ARM GAS  C:\Users\JASON\AppData\Local\Temp\ccIIhwkp.s 			page 3


  74:source\asw/tsk_inputoutput.c ****         //Wait, read and clear the event
  75:source\asw/tsk_inputoutput.c ****         WaitEvent(ev_speed_onData|ev_cyclic_1ms);
  42              		.loc 1 75 0
  43 0008 0620     		movs	r0, #6
  44 000a FFF7FEFF 		bl	EE_oo_WaitEvent
  45              	.LVL0:
  76:source\asw/tsk_inputoutput.c ****         GetEvent(tsk_inputoutput,&ev);
  46              		.loc 1 76 0
  47 000e 01A9     		add	r1, sp, #4
  48 0010 0220     		movs	r0, #2
  49 0012 FFF7FEFF 		bl	EE_oo_GetEvent
  50              	.LVL1:
  77:source\asw/tsk_inputoutput.c ****         ClearEvent(ev);
  51              		.loc 1 77 0
  52 0016 0198     		ldr	r0, [sp, #4]
  53 0018 FFF7FEFF 		bl	EE_oo_ClearEvent
  54              	.LVL2:
  78:source\asw/tsk_inputoutput.c ****     
  79:source\asw/tsk_inputoutput.c **** 		/* USER CODE START TSK_INPUTOUTPUT_TASKBOBY_PRE */
  80:source\asw/tsk_inputoutput.c **** 
  81:source\asw/tsk_inputoutput.c **** 		/* USER CODE END TSK_INPUTOUTPUT_TASKBODY_PRE */
  82:source\asw/tsk_inputoutput.c ****         
  83:source\asw/tsk_inputoutput.c ****         if (ev & ev_cyclic_1ms){
  55              		.loc 1 83 0
  56 001c 019B     		ldr	r3, [sp, #4]
  57 001e 13F0040F 		tst	r3, #4
  58 0022 0DD0     		beq	.L2
  84:source\asw/tsk_inputoutput.c ****             //Process Cyclic table on tick
  85:source\asw/tsk_inputoutput.c ****             RTE_ProcessCyclicTable(RTE_cyclicActivationTable_tsk_inputoutput, RTE_cyclicActivation_
  59              		.loc 1 85 0
  60 0024 094C     		ldr	r4, .L5
  61 0026 2268     		ldr	r2, [r4]
  62 0028 0221     		movs	r1, #2
  63 002a 0948     		ldr	r0, .L5+4
  64 002c FFF7FEFF 		bl	RTE_ProcessCyclicTable
  65              	.LVL3:
  86:source\asw/tsk_inputoutput.c **** 
  87:source\asw/tsk_inputoutput.c **** 			ticktime += 1;
  66              		.loc 1 87 0
  67 0030 2368     		ldr	r3, [r4]
  68 0032 0133     		adds	r3, r3, #1
  69 0034 2360     		str	r3, [r4]
  88:source\asw/tsk_inputoutput.c **** 			if (ticktime > 0xFFFFFF00) ticktime = 0;
  70              		.loc 1 88 0
  71 0036 13F5807F 		cmn	r3, #256
  72 003a 01D9     		bls	.L2
  73              		.loc 1 88 0 is_stmt 0 discriminator 1
  74 003c 0022     		movs	r2, #0
  75 003e 2260     		str	r2, [r4]
  76              	.L2:
  89:source\asw/tsk_inputoutput.c **** 
  90:source\asw/tsk_inputoutput.c **** 		};
  91:source\asw/tsk_inputoutput.c **** 		
  92:source\asw/tsk_inputoutput.c **** 		//Process data driven events
  93:source\asw/tsk_inputoutput.c **** 		RTE_ProcessEventTable(RTE_eventActivationTable_tsk_inputoutput, RTE_eventActivation_tsk_inputoutp
  77              		.loc 1 93 0 is_stmt 1
  78 0040 019A     		ldr	r2, [sp, #4]
ARM GAS  C:\Users\JASON\AppData\Local\Temp\ccIIhwkp.s 			page 4


  79 0042 0121     		movs	r1, #1
  80 0044 0348     		ldr	r0, .L5+8
  81 0046 FFF7FEFF 		bl	RTE_ProcessEventTable
  82              	.LVL4:
  94:source\asw/tsk_inputoutput.c **** 		
  95:source\asw/tsk_inputoutput.c **** 		/* USER CODE START TSK_INPUTOUTPUT_TASKBODY_POST */
  96:source\asw/tsk_inputoutput.c **** 
  97:source\asw/tsk_inputoutput.c **** 		/* USER CODE END TSK_INPUTOUTPUT_TASKBODY_POST */
  98:source\asw/tsk_inputoutput.c **** 
  99:source\asw/tsk_inputoutput.c ****         
 100:source\asw/tsk_inputoutput.c ****     }
  83              		.loc 1 100 0
  84 004a DDE7     		b	.L3
  85              	.L6:
  86              		.align	2
  87              	.L5:
  88 004c 00000000 		.word	.LANCHOR0
  89 0050 00000000 		.word	.LANCHOR1
  90 0054 10000000 		.word	.LANCHOR1+16
  91              		.cfi_endproc
  92              	.LFE110:
  93              		.size	Functsk_inputoutput, .-Functsk_inputoutput
  94              		.global	RTE_eventActivation_tsk_inputoutput_size
  95              		.global	RTE_eventActivationTable_tsk_inputoutput
  96              		.global	RTE_cyclicActivation_tsk_inputoutput_size
  97              		.global	RTE_cyclicActivationTable_tsk_inputoutput
  98              		.section	.rodata
  99              		.align	2
 100              		.set	.LANCHOR1,. + 0
 101              		.type	RTE_cyclicActivationTable_tsk_inputoutput, %object
 102              		.size	RTE_cyclicActivationTable_tsk_inputoutput, 16
 103              	RTE_cyclicActivationTable_tsk_inputoutput:
 104 0000 00000000 		.word	JOYSTICK_readJoystick_run
 105 0004 0A00     		.short	10
 106 0006 0000     		.space	2
 107 0008 00000000 		.word	ENGINE_setEngine_run
 108 000c 6400     		.short	100
 109 000e 0000     		.space	2
 110              		.type	RTE_eventActivationTable_tsk_inputoutput, %object
 111              		.size	RTE_eventActivationTable_tsk_inputoutput, 8
 112              	RTE_eventActivationTable_tsk_inputoutput:
 113 0010 00000000 		.word	BRAKELIGHT_setBrakeLight_run
 114 0014 02000000 		.word	2
 115              		.type	RTE_eventActivation_tsk_inputoutput_size, %object
 116              		.size	RTE_eventActivation_tsk_inputoutput_size, 2
 117              	RTE_eventActivation_tsk_inputoutput_size:
 118 0018 0100     		.short	1
 119              		.type	RTE_cyclicActivation_tsk_inputoutput_size, %object
 120              		.size	RTE_cyclicActivation_tsk_inputoutput_size, 2
 121              	RTE_cyclicActivation_tsk_inputoutput_size:
 122 001a 0200     		.short	2
 123              		.bss
 124              		.align	2
 125              		.set	.LANCHOR0,. + 0
 126              		.type	ticktime.6642, %object
 127              		.size	ticktime.6642, 4
 128              	ticktime.6642:
ARM GAS  C:\Users\JASON\AppData\Local\Temp\ccIIhwkp.s 			page 5


 129 0000 00000000 		.space	4
 130              		.text
 131              	.Letext0:
 132              		.file 2 "c:\\program files (x86)\\cypress\\psoc creator\\4.4\\psoc creator\\import\\gnu\\arm\\5.4.
 133              		.file 3 "c:\\program files (x86)\\cypress\\psoc creator\\4.4\\psoc creator\\import\\gnu\\arm\\5.4.
 134              		.file 4 "Generated_Source\\PSoC5/ErikaOS_common_ee_types.inc"
 135              		.file 5 "Generated_Source\\PSoC5/ErikaOS_cortex_mx_ee_cpu.inc"
 136              		.file 6 "Generated_Source\\PSoC5/ErikaOS_ee_oo_common.inc"
 137              		.file 7 ".\\source\\rte/rte_types.h"
 138              		.file 8 ".\\source\\rte/rte.h"
 139              		.file 9 "Generated_Source\\PSoC5/ErikaOS_ee_oo_intfunc.inc"
 140              		.file 10 "Generated_Source\\PSoC5/ErikaOS_cortex_mx_ee_context.inc"
 141              		.file 11 "Generated_Source\\PSoC5/ErikaOS_common_ee_primitives.inc"
 142              		.file 12 "Generated_Source\\PSoC5/core_cm3.h"
 143              		.file 13 "Generated_Source\\PSoC5/ErikaOS_ee_oo_kernel.inc"
 144              		.section	.debug_info,"",%progbits
 145              	.Ldebug_info0:
 146 0000 2B030000 		.4byte	0x32b
 147 0004 0400     		.2byte	0x4
 148 0006 00000000 		.4byte	.Ldebug_abbrev0
 149 000a 04       		.byte	0x4
 150 000b 01       		.uleb128 0x1
 151 000c DC000000 		.4byte	.LASF48
 152 0010 0C       		.byte	0xc
 153 0011 A3030000 		.4byte	.LASF49
 154 0015 DD020000 		.4byte	.LASF50
 155 0019 00000000 		.4byte	.Ldebug_ranges0+0
 156 001d 00000000 		.4byte	0
 157 0021 00000000 		.4byte	.Ldebug_line0
 158 0025 02       		.uleb128 0x2
 159 0026 01       		.byte	0x1
 160 0027 06       		.byte	0x6
 161 0028 C0030000 		.4byte	.LASF0
 162 002c 02       		.uleb128 0x2
 163 002d 01       		.byte	0x1
 164 002e 08       		.byte	0x8
 165 002f CE000000 		.4byte	.LASF1
 166 0033 02       		.uleb128 0x2
 167 0034 02       		.byte	0x2
 168 0035 05       		.byte	0x5
 169 0036 2B030000 		.4byte	.LASF2
 170 003a 03       		.uleb128 0x3
 171 003b BD010000 		.4byte	.LASF4
 172 003f 02       		.byte	0x2
 173 0040 2B       		.byte	0x2b
 174 0041 45000000 		.4byte	0x45
 175 0045 02       		.uleb128 0x2
 176 0046 02       		.byte	0x2
 177 0047 07       		.byte	0x7
 178 0048 85010000 		.4byte	.LASF3
 179 004c 03       		.uleb128 0x3
 180 004d 21000000 		.4byte	.LASF5
 181 0051 02       		.byte	0x2
 182 0052 3F       		.byte	0x3f
 183 0053 57000000 		.4byte	0x57
 184 0057 02       		.uleb128 0x2
 185 0058 04       		.byte	0x4
ARM GAS  C:\Users\JASON\AppData\Local\Temp\ccIIhwkp.s 			page 6


 186 0059 05       		.byte	0x5
 187 005a 71030000 		.4byte	.LASF6
 188 005e 03       		.uleb128 0x3
 189 005f E3010000 		.4byte	.LASF7
 190 0063 02       		.byte	0x2
 191 0064 41       		.byte	0x41
 192 0065 69000000 		.4byte	0x69
 193 0069 02       		.uleb128 0x2
 194 006a 04       		.byte	0x4
 195 006b 07       		.byte	0x7
 196 006c 73010000 		.4byte	.LASF8
 197 0070 02       		.uleb128 0x2
 198 0071 08       		.byte	0x8
 199 0072 05       		.byte	0x5
 200 0073 AD020000 		.4byte	.LASF9
 201 0077 02       		.uleb128 0x2
 202 0078 08       		.byte	0x8
 203 0079 07       		.byte	0x7
 204 007a 58020000 		.4byte	.LASF10
 205 007e 04       		.uleb128 0x4
 206 007f 04       		.byte	0x4
 207 0080 05       		.byte	0x5
 208 0081 696E7400 		.ascii	"int\000"
 209 0085 02       		.uleb128 0x2
 210 0086 04       		.byte	0x4
 211 0087 07       		.byte	0x7
 212 0088 30020000 		.4byte	.LASF11
 213 008c 03       		.uleb128 0x3
 214 008d 35030000 		.4byte	.LASF12
 215 0091 03       		.byte	0x3
 216 0092 24       		.byte	0x24
 217 0093 3A000000 		.4byte	0x3a
 218 0097 03       		.uleb128 0x3
 219 0098 9D000000 		.4byte	.LASF13
 220 009c 03       		.byte	0x3
 221 009d 2C       		.byte	0x2c
 222 009e 4C000000 		.4byte	0x4c
 223 00a2 03       		.uleb128 0x3
 224 00a3 68030000 		.4byte	.LASF14
 225 00a7 03       		.byte	0x3
 226 00a8 30       		.byte	0x30
 227 00a9 5E000000 		.4byte	0x5e
 228 00ad 02       		.uleb128 0x2
 229 00ae 04       		.byte	0x4
 230 00af 04       		.byte	0x4
 231 00b0 A5000000 		.4byte	.LASF15
 232 00b4 02       		.uleb128 0x2
 233 00b5 08       		.byte	0x8
 234 00b6 04       		.byte	0x4
 235 00b7 39000000 		.4byte	.LASF16
 236 00bb 02       		.uleb128 0x2
 237 00bc 01       		.byte	0x1
 238 00bd 08       		.byte	0x8
 239 00be BB020000 		.4byte	.LASF17
 240 00c2 02       		.uleb128 0x2
 241 00c3 08       		.byte	0x8
 242 00c4 04       		.byte	0x4
ARM GAS  C:\Users\JASON\AppData\Local\Temp\ccIIhwkp.s 			page 7


 243 00c5 98020000 		.4byte	.LASF18
 244 00c9 03       		.uleb128 0x3
 245 00ca 6A010000 		.4byte	.LASF19
 246 00ce 04       		.byte	0x4
 247 00cf 53       		.byte	0x53
 248 00d0 7E000000 		.4byte	0x7e
 249 00d4 03       		.uleb128 0x3
 250 00d5 45020000 		.4byte	.LASF20
 251 00d9 04       		.byte	0x4
 252 00da 54       		.byte	0x54
 253 00db 85000000 		.4byte	0x85
 254 00df 03       		.uleb128 0x3
 255 00e0 C0020000 		.4byte	.LASF21
 256 00e4 05       		.byte	0x5
 257 00e5 4D       		.byte	0x4d
 258 00e6 D4000000 		.4byte	0xd4
 259 00ea 03       		.uleb128 0x3
 260 00eb 3D020000 		.4byte	.LASF22
 261 00ef 05       		.byte	0x5
 262 00f0 4F       		.byte	0x4f
 263 00f1 D4000000 		.4byte	0xd4
 264 00f5 03       		.uleb128 0x3
 265 00f6 96000000 		.4byte	.LASF23
 266 00fa 05       		.byte	0x5
 267 00fb 78       		.byte	0x78
 268 00fc C9000000 		.4byte	0xc9
 269 0100 05       		.uleb128 0x5
 270 0101 2B000000 		.4byte	.LASF24
 271 0105 06       		.byte	0x6
 272 0106 2C02     		.2byte	0x22c
 273 0108 DF000000 		.4byte	0xdf
 274 010c 02       		.uleb128 0x2
 275 010d 04       		.byte	0x4
 276 010e 07       		.byte	0x7
 277 010f A4020000 		.4byte	.LASF25
 278 0113 03       		.uleb128 0x3
 279 0114 C8010000 		.4byte	.LASF26
 280 0118 07       		.byte	0x7
 281 0119 21       		.byte	0x21
 282 011a 00010000 		.4byte	0x100
 283 011e 03       		.uleb128 0x3
 284 011f CC030000 		.4byte	.LASF27
 285 0123 08       		.byte	0x8
 286 0124 66       		.byte	0x66
 287 0125 29010000 		.4byte	0x129
 288 0129 06       		.uleb128 0x6
 289 012a 04       		.byte	0x4
 290 012b 2F010000 		.4byte	0x12f
 291 012f 07       		.uleb128 0x7
 292 0130 3A010000 		.4byte	0x13a
 293 0134 08       		.uleb128 0x8
 294 0135 13010000 		.4byte	0x113
 295 0139 00       		.byte	0
 296 013a 09       		.uleb128 0x9
 297 013b 08       		.byte	0x8
 298 013c 08       		.byte	0x8
 299 013d 6B       		.byte	0x6b
ARM GAS  C:\Users\JASON\AppData\Local\Temp\ccIIhwkp.s 			page 8


 300 013e 5B010000 		.4byte	0x15b
 301 0142 0A       		.uleb128 0xa
 302 0143 72756E00 		.ascii	"run\000"
 303 0147 08       		.byte	0x8
 304 0148 6D       		.byte	0x6d
 305 0149 1E010000 		.4byte	0x11e
 306 014d 00       		.byte	0
 307 014e 0B       		.uleb128 0xb
 308 014f C4000000 		.4byte	.LASF28
 309 0153 08       		.byte	0x8
 310 0154 6E       		.byte	0x6e
 311 0155 8C000000 		.4byte	0x8c
 312 0159 04       		.byte	0x4
 313 015a 00       		.byte	0
 314 015b 03       		.uleb128 0x3
 315 015c 1E020000 		.4byte	.LASF29
 316 0160 08       		.byte	0x8
 317 0161 6F       		.byte	0x6f
 318 0162 3A010000 		.4byte	0x13a
 319 0166 09       		.uleb128 0x9
 320 0167 08       		.byte	0x8
 321 0168 08       		.byte	0x8
 322 0169 74       		.byte	0x74
 323 016a 87010000 		.4byte	0x187
 324 016e 0A       		.uleb128 0xa
 325 016f 72756E00 		.ascii	"run\000"
 326 0173 08       		.byte	0x8
 327 0174 76       		.byte	0x76
 328 0175 1E010000 		.4byte	0x11e
 329 0179 00       		.byte	0
 330 017a 0B       		.uleb128 0xb
 331 017b 18020000 		.4byte	.LASF30
 332 017f 08       		.byte	0x8
 333 0180 77       		.byte	0x77
 334 0181 00010000 		.4byte	0x100
 335 0185 04       		.byte	0x4
 336 0186 00       		.byte	0
 337 0187 03       		.uleb128 0x3
 338 0188 10000000 		.4byte	.LASF31
 339 018c 08       		.byte	0x8
 340 018d 78       		.byte	0x78
 341 018e 66010000 		.4byte	0x166
 342 0192 0C       		.uleb128 0xc
 343 0193 59000000 		.4byte	.LASF51
 344 0197 01       		.byte	0x1
 345 0198 41       		.byte	0x41
 346 0199 00000000 		.4byte	.LFB110
 347 019d 58000000 		.4byte	.LFE110-.LFB110
 348 01a1 01       		.uleb128 0x1
 349 01a2 9C       		.byte	0x9c
 350 01a3 2F020000 		.4byte	0x22f
 351 01a7 0D       		.uleb128 0xd
 352 01a8 4F020000 		.4byte	.LASF32
 353 01ac 01       		.byte	0x1
 354 01ad 44       		.byte	0x44
 355 01ae A2000000 		.4byte	0xa2
 356 01b2 05       		.uleb128 0x5
ARM GAS  C:\Users\JASON\AppData\Local\Temp\ccIIhwkp.s 			page 9


 357 01b3 03       		.byte	0x3
 358 01b4 00000000 		.4byte	ticktime.6642
 359 01b8 0E       		.uleb128 0xe
 360 01b9 657600   		.ascii	"ev\000"
 361 01bc 01       		.byte	0x1
 362 01bd 46       		.byte	0x46
 363 01be 00010000 		.4byte	0x100
 364 01c2 02       		.uleb128 0x2
 365 01c3 91       		.byte	0x91
 366 01c4 74       		.sleb128 -12
 367 01c5 0F       		.uleb128 0xf
 368 01c6 0E000000 		.4byte	.LVL0
 369 01ca F4020000 		.4byte	0x2f4
 370 01ce D8010000 		.4byte	0x1d8
 371 01d2 10       		.uleb128 0x10
 372 01d3 01       		.uleb128 0x1
 373 01d4 50       		.byte	0x50
 374 01d5 01       		.uleb128 0x1
 375 01d6 36       		.byte	0x36
 376 01d7 00       		.byte	0
 377 01d8 0F       		.uleb128 0xf
 378 01d9 16000000 		.4byte	.LVL1
 379 01dd 00030000 		.4byte	0x300
 380 01e1 F1010000 		.4byte	0x1f1
 381 01e5 10       		.uleb128 0x10
 382 01e6 01       		.uleb128 0x1
 383 01e7 50       		.byte	0x50
 384 01e8 01       		.uleb128 0x1
 385 01e9 32       		.byte	0x32
 386 01ea 10       		.uleb128 0x10
 387 01eb 01       		.uleb128 0x1
 388 01ec 51       		.byte	0x51
 389 01ed 02       		.uleb128 0x2
 390 01ee 91       		.byte	0x91
 391 01ef 74       		.sleb128 -12
 392 01f0 00       		.byte	0
 393 01f1 11       		.uleb128 0x11
 394 01f2 1C000000 		.4byte	.LVL2
 395 01f6 0C030000 		.4byte	0x30c
 396 01fa 0F       		.uleb128 0xf
 397 01fb 30000000 		.4byte	.LVL3
 398 01ff 18030000 		.4byte	0x318
 399 0203 16020000 		.4byte	0x216
 400 0207 10       		.uleb128 0x10
 401 0208 01       		.uleb128 0x1
 402 0209 50       		.byte	0x50
 403 020a 05       		.uleb128 0x5
 404 020b 03       		.byte	0x3
 405 020c 00000000 		.4byte	.LANCHOR1
 406 0210 10       		.uleb128 0x10
 407 0211 01       		.uleb128 0x1
 408 0212 51       		.byte	0x51
 409 0213 01       		.uleb128 0x1
 410 0214 32       		.byte	0x32
 411 0215 00       		.byte	0
 412 0216 12       		.uleb128 0x12
 413 0217 4A000000 		.4byte	.LVL4
ARM GAS  C:\Users\JASON\AppData\Local\Temp\ccIIhwkp.s 			page 10


 414 021b 23030000 		.4byte	0x323
 415 021f 10       		.uleb128 0x10
 416 0220 01       		.uleb128 0x1
 417 0221 50       		.byte	0x50
 418 0222 05       		.uleb128 0x5
 419 0223 03       		.byte	0x3
 420 0224 10000000 		.4byte	.LANCHOR1+16
 421 0228 10       		.uleb128 0x10
 422 0229 01       		.uleb128 0x1
 423 022a 51       		.byte	0x51
 424 022b 01       		.uleb128 0x1
 425 022c 31       		.byte	0x31
 426 022d 00       		.byte	0
 427 022e 00       		.byte	0
 428 022f 13       		.uleb128 0x13
 429 0230 98010000 		.4byte	.LASF33
 430 0234 09       		.byte	0x9
 431 0235 40       		.byte	0x40
 432 0236 DF000000 		.4byte	0xdf
 433 023a 13       		.uleb128 0x13
 434 023b 40000000 		.4byte	.LASF34
 435 023f 09       		.byte	0x9
 436 0240 47       		.byte	0x47
 437 0241 EA000000 		.4byte	0xea
 438 0245 13       		.uleb128 0x13
 439 0246 6F020000 		.4byte	.LASF35
 440 024a 09       		.byte	0x9
 441 024b 4A       		.byte	0x4a
 442 024c DF000000 		.4byte	0xdf
 443 0250 13       		.uleb128 0x13
 444 0251 AB000000 		.4byte	.LASF36
 445 0255 0A       		.byte	0xa
 446 0256 48       		.byte	0x48
 447 0257 F5000000 		.4byte	0xf5
 448 025b 13       		.uleb128 0x13
 449 025c C8020000 		.4byte	.LASF37
 450 0260 0B       		.byte	0xb
 451 0261 44       		.byte	0x44
 452 0262 DF000000 		.4byte	0xdf
 453 0266 14       		.uleb128 0x14
 454 0267 B0010000 		.4byte	.LASF38
 455 026b 0C       		.byte	0xc
 456 026c 1207     		.2byte	0x712
 457 026e 72020000 		.4byte	0x272
 458 0272 15       		.uleb128 0x15
 459 0273 97000000 		.4byte	0x97
 460 0277 16       		.uleb128 0x16
 461 0278 87020000 		.4byte	0x287
 462 027c 87020000 		.4byte	0x287
 463 0280 17       		.uleb128 0x17
 464 0281 0C010000 		.4byte	0x10c
 465 0285 01       		.byte	0x1
 466 0286 00       		.byte	0
 467 0287 18       		.uleb128 0x18
 468 0288 5B010000 		.4byte	0x15b
 469 028c 19       		.uleb128 0x19
 470 028d EE010000 		.4byte	.LASF39
ARM GAS  C:\Users\JASON\AppData\Local\Temp\ccIIhwkp.s 			page 11


 471 0291 01       		.byte	0x1
 472 0292 25       		.byte	0x25
 473 0293 9D020000 		.4byte	0x29d
 474 0297 05       		.uleb128 0x5
 475 0298 03       		.byte	0x3
 476 0299 00000000 		.4byte	RTE_cyclicActivationTable_tsk_inputoutput
 477 029d 18       		.uleb128 0x18
 478 029e 77020000 		.4byte	0x277
 479 02a2 19       		.uleb128 0x19
 480 02a3 3E030000 		.4byte	.LASF40
 481 02a7 01       		.byte	0x1
 482 02a8 29       		.byte	0x29
 483 02a9 B3020000 		.4byte	0x2b3
 484 02ad 05       		.uleb128 0x5
 485 02ae 03       		.byte	0x3
 486 02af 00000000 		.4byte	RTE_cyclicActivation_tsk_inputoutput_size
 487 02b3 18       		.uleb128 0x18
 488 02b4 8C000000 		.4byte	0x8c
 489 02b8 16       		.uleb128 0x16
 490 02b9 C8020000 		.4byte	0x2c8
 491 02bd C8020000 		.4byte	0x2c8
 492 02c1 17       		.uleb128 0x17
 493 02c2 0C010000 		.4byte	0x10c
 494 02c6 00       		.byte	0
 495 02c7 00       		.byte	0
 496 02c8 18       		.uleb128 0x18
 497 02c9 87010000 		.4byte	0x187
 498 02cd 19       		.uleb128 0x19
 499 02ce 7A030000 		.4byte	.LASF41
 500 02d2 01       		.byte	0x1
 501 02d3 2C       		.byte	0x2c
 502 02d4 DE020000 		.4byte	0x2de
 503 02d8 05       		.uleb128 0x5
 504 02d9 03       		.byte	0x3
 505 02da 00000000 		.4byte	RTE_eventActivationTable_tsk_inputoutput
 506 02de 18       		.uleb128 0x18
 507 02df B8020000 		.4byte	0x2b8
 508 02e3 19       		.uleb128 0x19
 509 02e4 6D000000 		.4byte	.LASF42
 510 02e8 01       		.byte	0x1
 511 02e9 2F       		.byte	0x2f
 512 02ea B3020000 		.4byte	0x2b3
 513 02ee 05       		.uleb128 0x5
 514 02ef 03       		.byte	0x3
 515 02f0 00000000 		.4byte	RTE_eventActivation_tsk_inputoutput_size
 516 02f4 1A       		.uleb128 0x1a
 517 02f5 00000000 		.4byte	.LASF43
 518 02f9 00000000 		.4byte	.LASF43
 519 02fd 0D       		.byte	0xd
 520 02fe 5901     		.2byte	0x159
 521 0300 1A       		.uleb128 0x1a
 522 0301 DA030000 		.4byte	.LASF44
 523 0305 DA030000 		.4byte	.LASF44
 524 0309 0D       		.byte	0xd
 525 030a 5401     		.2byte	0x154
 526 030c 1A       		.uleb128 0x1a
 527 030d D2010000 		.4byte	.LASF45
ARM GAS  C:\Users\JASON\AppData\Local\Temp\ccIIhwkp.s 			page 12


 528 0311 D2010000 		.4byte	.LASF45
 529 0315 0D       		.byte	0xd
 530 0316 4F01     		.2byte	0x14f
 531 0318 1B       		.uleb128 0x1b
 532 0319 E9030000 		.4byte	.LASF46
 533 031d E9030000 		.4byte	.LASF46
 534 0321 08       		.byte	0x8
 535 0322 8E       		.byte	0x8e
 536 0323 1B       		.uleb128 0x1b
 537 0324 82020000 		.4byte	.LASF47
 538 0328 82020000 		.4byte	.LASF47
 539 032c 08       		.byte	0x8
 540 032d 97       		.byte	0x97
 541 032e 00       		.byte	0
 542              		.section	.debug_abbrev,"",%progbits
 543              	.Ldebug_abbrev0:
 544 0000 01       		.uleb128 0x1
 545 0001 11       		.uleb128 0x11
 546 0002 01       		.byte	0x1
 547 0003 25       		.uleb128 0x25
 548 0004 0E       		.uleb128 0xe
 549 0005 13       		.uleb128 0x13
 550 0006 0B       		.uleb128 0xb
 551 0007 03       		.uleb128 0x3
 552 0008 0E       		.uleb128 0xe
 553 0009 1B       		.uleb128 0x1b
 554 000a 0E       		.uleb128 0xe
 555 000b 55       		.uleb128 0x55
 556 000c 17       		.uleb128 0x17
 557 000d 11       		.uleb128 0x11
 558 000e 01       		.uleb128 0x1
 559 000f 10       		.uleb128 0x10
 560 0010 17       		.uleb128 0x17
 561 0011 00       		.byte	0
 562 0012 00       		.byte	0
 563 0013 02       		.uleb128 0x2
 564 0014 24       		.uleb128 0x24
 565 0015 00       		.byte	0
 566 0016 0B       		.uleb128 0xb
 567 0017 0B       		.uleb128 0xb
 568 0018 3E       		.uleb128 0x3e
 569 0019 0B       		.uleb128 0xb
 570 001a 03       		.uleb128 0x3
 571 001b 0E       		.uleb128 0xe
 572 001c 00       		.byte	0
 573 001d 00       		.byte	0
 574 001e 03       		.uleb128 0x3
 575 001f 16       		.uleb128 0x16
 576 0020 00       		.byte	0
 577 0021 03       		.uleb128 0x3
 578 0022 0E       		.uleb128 0xe
 579 0023 3A       		.uleb128 0x3a
 580 0024 0B       		.uleb128 0xb
 581 0025 3B       		.uleb128 0x3b
 582 0026 0B       		.uleb128 0xb
 583 0027 49       		.uleb128 0x49
 584 0028 13       		.uleb128 0x13
ARM GAS  C:\Users\JASON\AppData\Local\Temp\ccIIhwkp.s 			page 13


 585 0029 00       		.byte	0
 586 002a 00       		.byte	0
 587 002b 04       		.uleb128 0x4
 588 002c 24       		.uleb128 0x24
 589 002d 00       		.byte	0
 590 002e 0B       		.uleb128 0xb
 591 002f 0B       		.uleb128 0xb
 592 0030 3E       		.uleb128 0x3e
 593 0031 0B       		.uleb128 0xb
 594 0032 03       		.uleb128 0x3
 595 0033 08       		.uleb128 0x8
 596 0034 00       		.byte	0
 597 0035 00       		.byte	0
 598 0036 05       		.uleb128 0x5
 599 0037 16       		.uleb128 0x16
 600 0038 00       		.byte	0
 601 0039 03       		.uleb128 0x3
 602 003a 0E       		.uleb128 0xe
 603 003b 3A       		.uleb128 0x3a
 604 003c 0B       		.uleb128 0xb
 605 003d 3B       		.uleb128 0x3b
 606 003e 05       		.uleb128 0x5
 607 003f 49       		.uleb128 0x49
 608 0040 13       		.uleb128 0x13
 609 0041 00       		.byte	0
 610 0042 00       		.byte	0
 611 0043 06       		.uleb128 0x6
 612 0044 0F       		.uleb128 0xf
 613 0045 00       		.byte	0
 614 0046 0B       		.uleb128 0xb
 615 0047 0B       		.uleb128 0xb
 616 0048 49       		.uleb128 0x49
 617 0049 13       		.uleb128 0x13
 618 004a 00       		.byte	0
 619 004b 00       		.byte	0
 620 004c 07       		.uleb128 0x7
 621 004d 15       		.uleb128 0x15
 622 004e 01       		.byte	0x1
 623 004f 27       		.uleb128 0x27
 624 0050 19       		.uleb128 0x19
 625 0051 01       		.uleb128 0x1
 626 0052 13       		.uleb128 0x13
 627 0053 00       		.byte	0
 628 0054 00       		.byte	0
 629 0055 08       		.uleb128 0x8
 630 0056 05       		.uleb128 0x5
 631 0057 00       		.byte	0
 632 0058 49       		.uleb128 0x49
 633 0059 13       		.uleb128 0x13
 634 005a 00       		.byte	0
 635 005b 00       		.byte	0
 636 005c 09       		.uleb128 0x9
 637 005d 13       		.uleb128 0x13
 638 005e 01       		.byte	0x1
 639 005f 0B       		.uleb128 0xb
 640 0060 0B       		.uleb128 0xb
 641 0061 3A       		.uleb128 0x3a
ARM GAS  C:\Users\JASON\AppData\Local\Temp\ccIIhwkp.s 			page 14


 642 0062 0B       		.uleb128 0xb
 643 0063 3B       		.uleb128 0x3b
 644 0064 0B       		.uleb128 0xb
 645 0065 01       		.uleb128 0x1
 646 0066 13       		.uleb128 0x13
 647 0067 00       		.byte	0
 648 0068 00       		.byte	0
 649 0069 0A       		.uleb128 0xa
 650 006a 0D       		.uleb128 0xd
 651 006b 00       		.byte	0
 652 006c 03       		.uleb128 0x3
 653 006d 08       		.uleb128 0x8
 654 006e 3A       		.uleb128 0x3a
 655 006f 0B       		.uleb128 0xb
 656 0070 3B       		.uleb128 0x3b
 657 0071 0B       		.uleb128 0xb
 658 0072 49       		.uleb128 0x49
 659 0073 13       		.uleb128 0x13
 660 0074 38       		.uleb128 0x38
 661 0075 0B       		.uleb128 0xb
 662 0076 00       		.byte	0
 663 0077 00       		.byte	0
 664 0078 0B       		.uleb128 0xb
 665 0079 0D       		.uleb128 0xd
 666 007a 00       		.byte	0
 667 007b 03       		.uleb128 0x3
 668 007c 0E       		.uleb128 0xe
 669 007d 3A       		.uleb128 0x3a
 670 007e 0B       		.uleb128 0xb
 671 007f 3B       		.uleb128 0x3b
 672 0080 0B       		.uleb128 0xb
 673 0081 49       		.uleb128 0x49
 674 0082 13       		.uleb128 0x13
 675 0083 38       		.uleb128 0x38
 676 0084 0B       		.uleb128 0xb
 677 0085 00       		.byte	0
 678 0086 00       		.byte	0
 679 0087 0C       		.uleb128 0xc
 680 0088 2E       		.uleb128 0x2e
 681 0089 01       		.byte	0x1
 682 008a 3F       		.uleb128 0x3f
 683 008b 19       		.uleb128 0x19
 684 008c 03       		.uleb128 0x3
 685 008d 0E       		.uleb128 0xe
 686 008e 3A       		.uleb128 0x3a
 687 008f 0B       		.uleb128 0xb
 688 0090 3B       		.uleb128 0x3b
 689 0091 0B       		.uleb128 0xb
 690 0092 27       		.uleb128 0x27
 691 0093 19       		.uleb128 0x19
 692 0094 8701     		.uleb128 0x87
 693 0096 19       		.uleb128 0x19
 694 0097 11       		.uleb128 0x11
 695 0098 01       		.uleb128 0x1
 696 0099 12       		.uleb128 0x12
 697 009a 06       		.uleb128 0x6
 698 009b 40       		.uleb128 0x40
ARM GAS  C:\Users\JASON\AppData\Local\Temp\ccIIhwkp.s 			page 15


 699 009c 18       		.uleb128 0x18
 700 009d 9742     		.uleb128 0x2117
 701 009f 19       		.uleb128 0x19
 702 00a0 01       		.uleb128 0x1
 703 00a1 13       		.uleb128 0x13
 704 00a2 00       		.byte	0
 705 00a3 00       		.byte	0
 706 00a4 0D       		.uleb128 0xd
 707 00a5 34       		.uleb128 0x34
 708 00a6 00       		.byte	0
 709 00a7 03       		.uleb128 0x3
 710 00a8 0E       		.uleb128 0xe
 711 00a9 3A       		.uleb128 0x3a
 712 00aa 0B       		.uleb128 0xb
 713 00ab 3B       		.uleb128 0x3b
 714 00ac 0B       		.uleb128 0xb
 715 00ad 49       		.uleb128 0x49
 716 00ae 13       		.uleb128 0x13
 717 00af 02       		.uleb128 0x2
 718 00b0 18       		.uleb128 0x18
 719 00b1 00       		.byte	0
 720 00b2 00       		.byte	0
 721 00b3 0E       		.uleb128 0xe
 722 00b4 34       		.uleb128 0x34
 723 00b5 00       		.byte	0
 724 00b6 03       		.uleb128 0x3
 725 00b7 08       		.uleb128 0x8
 726 00b8 3A       		.uleb128 0x3a
 727 00b9 0B       		.uleb128 0xb
 728 00ba 3B       		.uleb128 0x3b
 729 00bb 0B       		.uleb128 0xb
 730 00bc 49       		.uleb128 0x49
 731 00bd 13       		.uleb128 0x13
 732 00be 02       		.uleb128 0x2
 733 00bf 18       		.uleb128 0x18
 734 00c0 00       		.byte	0
 735 00c1 00       		.byte	0
 736 00c2 0F       		.uleb128 0xf
 737 00c3 898201   		.uleb128 0x4109
 738 00c6 01       		.byte	0x1
 739 00c7 11       		.uleb128 0x11
 740 00c8 01       		.uleb128 0x1
 741 00c9 31       		.uleb128 0x31
 742 00ca 13       		.uleb128 0x13
 743 00cb 01       		.uleb128 0x1
 744 00cc 13       		.uleb128 0x13
 745 00cd 00       		.byte	0
 746 00ce 00       		.byte	0
 747 00cf 10       		.uleb128 0x10
 748 00d0 8A8201   		.uleb128 0x410a
 749 00d3 00       		.byte	0
 750 00d4 02       		.uleb128 0x2
 751 00d5 18       		.uleb128 0x18
 752 00d6 9142     		.uleb128 0x2111
 753 00d8 18       		.uleb128 0x18
 754 00d9 00       		.byte	0
 755 00da 00       		.byte	0
ARM GAS  C:\Users\JASON\AppData\Local\Temp\ccIIhwkp.s 			page 16


 756 00db 11       		.uleb128 0x11
 757 00dc 898201   		.uleb128 0x4109
 758 00df 00       		.byte	0
 759 00e0 11       		.uleb128 0x11
 760 00e1 01       		.uleb128 0x1
 761 00e2 31       		.uleb128 0x31
 762 00e3 13       		.uleb128 0x13
 763 00e4 00       		.byte	0
 764 00e5 00       		.byte	0
 765 00e6 12       		.uleb128 0x12
 766 00e7 898201   		.uleb128 0x4109
 767 00ea 01       		.byte	0x1
 768 00eb 11       		.uleb128 0x11
 769 00ec 01       		.uleb128 0x1
 770 00ed 31       		.uleb128 0x31
 771 00ee 13       		.uleb128 0x13
 772 00ef 00       		.byte	0
 773 00f0 00       		.byte	0
 774 00f1 13       		.uleb128 0x13
 775 00f2 34       		.uleb128 0x34
 776 00f3 00       		.byte	0
 777 00f4 03       		.uleb128 0x3
 778 00f5 0E       		.uleb128 0xe
 779 00f6 3A       		.uleb128 0x3a
 780 00f7 0B       		.uleb128 0xb
 781 00f8 3B       		.uleb128 0x3b
 782 00f9 0B       		.uleb128 0xb
 783 00fa 49       		.uleb128 0x49
 784 00fb 13       		.uleb128 0x13
 785 00fc 3F       		.uleb128 0x3f
 786 00fd 19       		.uleb128 0x19
 787 00fe 3C       		.uleb128 0x3c
 788 00ff 19       		.uleb128 0x19
 789 0100 00       		.byte	0
 790 0101 00       		.byte	0
 791 0102 14       		.uleb128 0x14
 792 0103 34       		.uleb128 0x34
 793 0104 00       		.byte	0
 794 0105 03       		.uleb128 0x3
 795 0106 0E       		.uleb128 0xe
 796 0107 3A       		.uleb128 0x3a
 797 0108 0B       		.uleb128 0xb
 798 0109 3B       		.uleb128 0x3b
 799 010a 05       		.uleb128 0x5
 800 010b 49       		.uleb128 0x49
 801 010c 13       		.uleb128 0x13
 802 010d 3F       		.uleb128 0x3f
 803 010e 19       		.uleb128 0x19
 804 010f 3C       		.uleb128 0x3c
 805 0110 19       		.uleb128 0x19
 806 0111 00       		.byte	0
 807 0112 00       		.byte	0
 808 0113 15       		.uleb128 0x15
 809 0114 35       		.uleb128 0x35
 810 0115 00       		.byte	0
 811 0116 49       		.uleb128 0x49
 812 0117 13       		.uleb128 0x13
ARM GAS  C:\Users\JASON\AppData\Local\Temp\ccIIhwkp.s 			page 17


 813 0118 00       		.byte	0
 814 0119 00       		.byte	0
 815 011a 16       		.uleb128 0x16
 816 011b 01       		.uleb128 0x1
 817 011c 01       		.byte	0x1
 818 011d 49       		.uleb128 0x49
 819 011e 13       		.uleb128 0x13
 820 011f 01       		.uleb128 0x1
 821 0120 13       		.uleb128 0x13
 822 0121 00       		.byte	0
 823 0122 00       		.byte	0
 824 0123 17       		.uleb128 0x17
 825 0124 21       		.uleb128 0x21
 826 0125 00       		.byte	0
 827 0126 49       		.uleb128 0x49
 828 0127 13       		.uleb128 0x13
 829 0128 2F       		.uleb128 0x2f
 830 0129 0B       		.uleb128 0xb
 831 012a 00       		.byte	0
 832 012b 00       		.byte	0
 833 012c 18       		.uleb128 0x18
 834 012d 26       		.uleb128 0x26
 835 012e 00       		.byte	0
 836 012f 49       		.uleb128 0x49
 837 0130 13       		.uleb128 0x13
 838 0131 00       		.byte	0
 839 0132 00       		.byte	0
 840 0133 19       		.uleb128 0x19
 841 0134 34       		.uleb128 0x34
 842 0135 00       		.byte	0
 843 0136 03       		.uleb128 0x3
 844 0137 0E       		.uleb128 0xe
 845 0138 3A       		.uleb128 0x3a
 846 0139 0B       		.uleb128 0xb
 847 013a 3B       		.uleb128 0x3b
 848 013b 0B       		.uleb128 0xb
 849 013c 49       		.uleb128 0x49
 850 013d 13       		.uleb128 0x13
 851 013e 3F       		.uleb128 0x3f
 852 013f 19       		.uleb128 0x19
 853 0140 02       		.uleb128 0x2
 854 0141 18       		.uleb128 0x18
 855 0142 00       		.byte	0
 856 0143 00       		.byte	0
 857 0144 1A       		.uleb128 0x1a
 858 0145 2E       		.uleb128 0x2e
 859 0146 00       		.byte	0
 860 0147 3F       		.uleb128 0x3f
 861 0148 19       		.uleb128 0x19
 862 0149 3C       		.uleb128 0x3c
 863 014a 19       		.uleb128 0x19
 864 014b 6E       		.uleb128 0x6e
 865 014c 0E       		.uleb128 0xe
 866 014d 03       		.uleb128 0x3
 867 014e 0E       		.uleb128 0xe
 868 014f 3A       		.uleb128 0x3a
 869 0150 0B       		.uleb128 0xb
ARM GAS  C:\Users\JASON\AppData\Local\Temp\ccIIhwkp.s 			page 18


 870 0151 3B       		.uleb128 0x3b
 871 0152 05       		.uleb128 0x5
 872 0153 00       		.byte	0
 873 0154 00       		.byte	0
 874 0155 1B       		.uleb128 0x1b
 875 0156 2E       		.uleb128 0x2e
 876 0157 00       		.byte	0
 877 0158 3F       		.uleb128 0x3f
 878 0159 19       		.uleb128 0x19
 879 015a 3C       		.uleb128 0x3c
 880 015b 19       		.uleb128 0x19
 881 015c 6E       		.uleb128 0x6e
 882 015d 0E       		.uleb128 0xe
 883 015e 03       		.uleb128 0x3
 884 015f 0E       		.uleb128 0xe
 885 0160 3A       		.uleb128 0x3a
 886 0161 0B       		.uleb128 0xb
 887 0162 3B       		.uleb128 0x3b
 888 0163 0B       		.uleb128 0xb
 889 0164 00       		.byte	0
 890 0165 00       		.byte	0
 891 0166 00       		.byte	0
 892              		.section	.debug_aranges,"",%progbits
 893 0000 1C000000 		.4byte	0x1c
 894 0004 0200     		.2byte	0x2
 895 0006 00000000 		.4byte	.Ldebug_info0
 896 000a 04       		.byte	0x4
 897 000b 00       		.byte	0
 898 000c 0000     		.2byte	0
 899 000e 0000     		.2byte	0
 900 0010 00000000 		.4byte	.LFB110
 901 0014 58000000 		.4byte	.LFE110-.LFB110
 902 0018 00000000 		.4byte	0
 903 001c 00000000 		.4byte	0
 904              		.section	.debug_ranges,"",%progbits
 905              	.Ldebug_ranges0:
 906 0000 00000000 		.4byte	.LFB110
 907 0004 58000000 		.4byte	.LFE110
 908 0008 00000000 		.4byte	0
 909 000c 00000000 		.4byte	0
 910              		.section	.debug_line,"",%progbits
 911              	.Ldebug_line0:
 912 0000 7D020000 		.section	.debug_str,"MS",%progbits,1
 912      02005602 
 912      00000201 
 912      FB0E0D00 
 912      01010101 
 913              	.LASF43:
 914 0000 45455F6F 		.ascii	"EE_oo_WaitEvent\000"
 914      6F5F5761 
 914      69744576 
 914      656E7400 
 915              	.LASF31:
 916 0010 5254455F 		.ascii	"RTE_eventTable_t\000"
 916      6576656E 
 916      74546162 
 916      6C655F74 
ARM GAS  C:\Users\JASON\AppData\Local\Temp\ccIIhwkp.s 			page 19


 916      00
 917              	.LASF5:
 918 0021 5F5F696E 		.ascii	"__int32_t\000"
 918      7433325F 
 918      7400
 919              	.LASF24:
 920 002b 4576656E 		.ascii	"EventMaskType\000"
 920      744D6173 
 920      6B547970 
 920      6500
 921              	.LASF16:
 922 0039 646F7562 		.ascii	"double\000"
 922      6C6500
 923              	.LASF34:
 924 0040 45455F6F 		.ascii	"EE_oo_IRQ_suspend_status\000"
 924      6F5F4952 
 924      515F7375 
 924      7370656E 
 924      645F7374 
 925              	.LASF51:
 926 0059 46756E63 		.ascii	"Functsk_inputoutput\000"
 926      74736B5F 
 926      696E7075 
 926      746F7574 
 926      70757400 
 927              	.LASF42:
 928 006d 5254455F 		.ascii	"RTE_eventActivation_tsk_inputoutput_size\000"
 928      6576656E 
 928      74416374 
 928      69766174 
 928      696F6E5F 
 929              	.LASF23:
 930 0096 45455F54 		.ascii	"EE_TID\000"
 930      494400
 931              	.LASF13:
 932 009d 696E7433 		.ascii	"int32_t\000"
 932      325F7400 
 933              	.LASF15:
 934 00a5 666C6F61 		.ascii	"float\000"
 934      7400
 935              	.LASF36:
 936 00ab 45455F73 		.ascii	"EE_std_endcycle_next_tid\000"
 936      74645F65 
 936      6E646379 
 936      636C655F 
 936      6E657874 
 937              	.LASF28:
 938 00c4 6379636C 		.ascii	"cycleTime\000"
 938      6554696D 
 938      6500
 939              	.LASF1:
 940 00ce 756E7369 		.ascii	"unsigned char\000"
 940      676E6564 
 940      20636861 
 940      7200
 941              	.LASF48:
 942 00dc 474E5520 		.ascii	"GNU C11 5.4.1 20160609 (release) [ARM/embedded-5-br"
ARM GAS  C:\Users\JASON\AppData\Local\Temp\ccIIhwkp.s 			page 20


 942      43313120 
 942      352E342E 
 942      31203230 
 942      31363036 
 943 010f 616E6368 		.ascii	"anch revision 237715] -mcpu=cortex-m3 -mthumb -g -O"
 943      20726576 
 943      6973696F 
 943      6E203233 
 943      37373135 
 944 0142 67202D66 		.ascii	"g -ffunction-sections -ffat-lto-objects\000"
 944      66756E63 
 944      74696F6E 
 944      2D736563 
 944      74696F6E 
 945              	.LASF19:
 946 016a 45455F49 		.ascii	"EE_INT32\000"
 946      4E543332 
 946      00
 947              	.LASF8:
 948 0173 6C6F6E67 		.ascii	"long unsigned int\000"
 948      20756E73 
 948      69676E65 
 948      6420696E 
 948      7400
 949              	.LASF3:
 950 0185 73686F72 		.ascii	"short unsigned int\000"
 950      7420756E 
 950      7369676E 
 950      65642069 
 950      6E7400
 951              	.LASF33:
 952 0198 45455F6F 		.ascii	"EE_oo_IRQ_disable_count\000"
 952      6F5F4952 
 952      515F6469 
 952      7361626C 
 952      655F636F 
 953              	.LASF38:
 954 01b0 49544D5F 		.ascii	"ITM_RxBuffer\000"
 954      52784275 
 954      66666572 
 954      00
 955              	.LASF4:
 956 01bd 5F5F7569 		.ascii	"__uint16_t\000"
 956      6E743136 
 956      5F7400
 957              	.LASF26:
 958 01c8 5254455F 		.ascii	"RTE_event\000"
 958      6576656E 
 958      7400
 959              	.LASF45:
 960 01d2 45455F6F 		.ascii	"EE_oo_ClearEvent\000"
 960      6F5F436C 
 960      65617245 
 960      76656E74 
 960      00
 961              	.LASF7:
 962 01e3 5F5F7569 		.ascii	"__uint32_t\000"
ARM GAS  C:\Users\JASON\AppData\Local\Temp\ccIIhwkp.s 			page 21


 962      6E743332 
 962      5F7400
 963              	.LASF39:
 964 01ee 5254455F 		.ascii	"RTE_cyclicActivationTable_tsk_inputoutput\000"
 964      6379636C 
 964      69634163 
 964      74697661 
 964      74696F6E 
 965              	.LASF30:
 966 0218 6576656E 		.ascii	"event\000"
 966      7400
 967              	.LASF29:
 968 021e 5254455F 		.ascii	"RTE_cyclicTable_t\000"
 968      6379636C 
 968      69635461 
 968      626C655F 
 968      7400
 969              	.LASF11:
 970 0230 756E7369 		.ascii	"unsigned int\000"
 970      676E6564 
 970      20696E74 
 970      00
 971              	.LASF22:
 972 023d 45455F46 		.ascii	"EE_FREG\000"
 972      52454700 
 973              	.LASF20:
 974 0245 45455F55 		.ascii	"EE_UINT32\000"
 974      494E5433 
 974      3200
 975              	.LASF32:
 976 024f 7469636B 		.ascii	"ticktime\000"
 976      74696D65 
 976      00
 977              	.LASF10:
 978 0258 6C6F6E67 		.ascii	"long long unsigned int\000"
 978      206C6F6E 
 978      6720756E 
 978      7369676E 
 978      65642069 
 979              	.LASF35:
 980 026f 45455F41 		.ascii	"EE_ApplicationMode\000"
 980      70706C69 
 980      63617469 
 980      6F6E4D6F 
 980      646500
 981              	.LASF47:
 982 0282 5254455F 		.ascii	"RTE_ProcessEventTable\000"
 982      50726F63 
 982      65737345 
 982      76656E74 
 982      5461626C 
 983              	.LASF18:
 984 0298 6C6F6E67 		.ascii	"long double\000"
 984      20646F75 
 984      626C6500 
 985              	.LASF25:
 986 02a4 73697A65 		.ascii	"sizetype\000"
ARM GAS  C:\Users\JASON\AppData\Local\Temp\ccIIhwkp.s 			page 22


 986      74797065 
 986      00
 987              	.LASF9:
 988 02ad 6C6F6E67 		.ascii	"long long int\000"
 988      206C6F6E 
 988      6720696E 
 988      7400
 989              	.LASF17:
 990 02bb 63686172 		.ascii	"char\000"
 990      00
 991              	.LASF21:
 992 02c0 45455F55 		.ascii	"EE_UREG\000"
 992      52454700 
 993              	.LASF37:
 994 02c8 45455F49 		.ascii	"EE_IRQ_nesting_level\000"
 994      52515F6E 
 994      65737469 
 994      6E675F6C 
 994      6576656C 
 995              	.LASF50:
 996 02dd 433A5C4A 		.ascii	"C:\\Jason\\EIT\\Semester_02\\01_EAA\\Lab\\Assignmen"
 996      61736F6E 
 996      5C454954 
 996      5C53656D 
 996      65737465 
 997 030a 745F315C 		.ascii	"t_1\\01_Electronic_GasPedal.cydsn\000"
 997      30315F45 
 997      6C656374 
 997      726F6E69 
 997      635F4761 
 998              	.LASF2:
 999 032b 73686F72 		.ascii	"short int\000"
 999      7420696E 
 999      7400
 1000              	.LASF12:
 1001 0335 75696E74 		.ascii	"uint16_t\000"
 1001      31365F74 
 1001      00
 1002              	.LASF40:
 1003 033e 5254455F 		.ascii	"RTE_cyclicActivation_tsk_inputoutput_size\000"
 1003      6379636C 
 1003      69634163 
 1003      74697661 
 1003      74696F6E 
 1004              	.LASF14:
 1005 0368 75696E74 		.ascii	"uint32_t\000"
 1005      33325F74 
 1005      00
 1006              	.LASF6:
 1007 0371 6C6F6E67 		.ascii	"long int\000"
 1007      20696E74 
 1007      00
 1008              	.LASF41:
 1009 037a 5254455F 		.ascii	"RTE_eventActivationTable_tsk_inputoutput\000"
 1009      6576656E 
 1009      74416374 
 1009      69766174 
ARM GAS  C:\Users\JASON\AppData\Local\Temp\ccIIhwkp.s 			page 23


 1009      696F6E54 
 1010              	.LASF49:
 1011 03a3 736F7572 		.ascii	"source\\asw\\tsk_inputoutput.c\000"
 1011      63655C61 
 1011      73775C74 
 1011      736B5F69 
 1011      6E707574 
 1012              	.LASF0:
 1013 03c0 7369676E 		.ascii	"signed char\000"
 1013      65642063 
 1013      68617200 
 1014              	.LASF27:
 1015 03cc 5254455F 		.ascii	"RTE_pRunnable\000"
 1015      7052756E 
 1015      6E61626C 
 1015      6500
 1016              	.LASF44:
 1017 03da 45455F6F 		.ascii	"EE_oo_GetEvent\000"
 1017      6F5F4765 
 1017      74457665 
 1017      6E7400
 1018              	.LASF46:
 1019 03e9 5254455F 		.ascii	"RTE_ProcessCyclicTable\000"
 1019      50726F63 
 1019      65737343 
 1019      79636C69 
 1019      63546162 
 1020              		.ident	"GCC: (GNU Tools for ARM Embedded Processors) 5.4.1 20160609 (release) [ARM/embedded-5-bran
