ARM GAS  C:\Users\JASON\AppData\Local\Temp\ccy6Hjop.s 			page 1


   1              		.syntax unified
   2              		.cpu cortex-m3
   3              		.fpu softvfp
   4              		.eabi_attribute 20, 1
   5              		.eabi_attribute 21, 1
   6              		.eabi_attribute 23, 3
   7              		.eabi_attribute 24, 1
   8              		.eabi_attribute 25, 1
   9              		.eabi_attribute 26, 1
  10              		.eabi_attribute 30, 1
  11              		.eabi_attribute 34, 1
  12              		.eabi_attribute 18, 4
  13              		.thumb
  14              		.syntax unified
  15              		.file	"watchdog.c"
  16              		.text
  17              	.Ltext0:
  18              		.cfi_sections	.debug_frame
  19              		.section	.text.WD_Start,"ax",%progbits
  20              		.align	2
  21              		.global	WD_Start
  22              		.thumb
  23              		.thumb_func
  24              		.type	WD_Start, %function
  25              	WD_Start:
  26              	.LFB110:
  27              		.file 1 "source\\bsw\\watchdog.c"
   1:source\bsw/watchdog.c **** /* ========================================
   2:source\bsw/watchdog.c ****  *
   3:source\bsw/watchdog.c ****  * Copyright YOUR COMPANY, THE YEAR
   4:source\bsw/watchdog.c ****  * All Rights Reserved
   5:source\bsw/watchdog.c ****  * UNPUBLISHED, LICENSED SOFTWARE.
   6:source\bsw/watchdog.c ****  *
   7:source\bsw/watchdog.c ****  * CONFIDENTIAL AND PROPRIETARY INFORMATION
   8:source\bsw/watchdog.c ****  * WHICH IS THE PROPERTY OF your company.
   9:source\bsw/watchdog.c ****  *
  10:source\bsw/watchdog.c ****  * ========================================
  11:source\bsw/watchdog.c **** */
  12:source\bsw/watchdog.c **** 
  13:source\bsw/watchdog.c **** /*****************************************************************************/
  14:source\bsw/watchdog.c **** /* Include files                                                             */
  15:source\bsw/watchdog.c **** /*****************************************************************************/
  16:source\bsw/watchdog.c **** 
  17:source\bsw/watchdog.c **** #include "watchdog.h"
  18:source\bsw/watchdog.c **** #include "intToASCII.h"
  19:source\bsw/watchdog.c **** 
  20:source\bsw/watchdog.c **** /**
  21:source\bsw/watchdog.c **** * \brief Watchdog status register
  22:source\bsw/watchdog.c **** */
  23:source\bsw/watchdog.c **** uint8_t aliveWD_st = {0};
  24:source\bsw/watchdog.c **** 
  25:source\bsw/watchdog.c **** /**
  26:source\bsw/watchdog.c **** * \brief Watchdog timer test variable
  27:source\bsw/watchdog.c **** */
  28:source\bsw/watchdog.c **** boolean_t wdt_test;
  29:source\bsw/watchdog.c **** 
  30:source\bsw/watchdog.c **** /**
ARM GAS  C:\Users\JASON\AppData\Local\Temp\ccy6Hjop.s 			page 2


  31:source\bsw/watchdog.c **** * Activate the Watchdog Trigger
  32:source\bsw/watchdog.c **** * \param WDT_TimeOut_t timeout - [IN] Timeout Period
  33:source\bsw/watchdog.c **** * @return RC_SUCCESS
  34:source\bsw/watchdog.c **** */
  35:source\bsw/watchdog.c **** RC_t WD_Start(WDT_TimeOut_t timeout)
  36:source\bsw/watchdog.c **** {
  28              		.loc 1 36 0
  29              		.cfi_startproc
  30              		@ args = 0, pretend = 0, frame = 0
  31              		@ frame_needed = 0, uses_anonymous_args = 0
  32              	.LVL0:
  33 0000 08B5     		push	{r3, lr}
  34              		.cfi_def_cfa_offset 8
  35              		.cfi_offset 3, -8
  36              		.cfi_offset 14, -4
  37:source\bsw/watchdog.c ****     CyResetStatus &= (~CY_RESET_WD);
  37              		.loc 1 37 0
  38 0002 064A     		ldr	r2, .L3
  39 0004 1378     		ldrb	r3, [r2]	@ zero_extendqisi2
  40 0006 23F00803 		bic	r3, r3, #8
  41 000a 1370     		strb	r3, [r2]
  38:source\bsw/watchdog.c ****     CyWdtStart(timeout, CYWDT_LPMODE_NOCHANGE);
  42              		.loc 1 38 0
  43 000c 0021     		movs	r1, #0
  44 000e FFF7FEFF 		bl	CyWdtStart
  45              	.LVL1:
  39:source\bsw/watchdog.c ****     aliveWD_st &= RUNNABLES_NOT_ALIVE;
  46              		.loc 1 39 0
  47 0012 0020     		movs	r0, #0
  48 0014 024B     		ldr	r3, .L3+4
  49 0016 1870     		strb	r0, [r3]
  40:source\bsw/watchdog.c ****     
  41:source\bsw/watchdog.c ****     return RC_SUCCESS;
  42:source\bsw/watchdog.c **** }
  50              		.loc 1 42 0
  51 0018 08BD     		pop	{r3, pc}
  52              	.L4:
  53 001a 00BF     		.align	2
  54              	.L3:
  55 001c 00000000 		.word	CyResetStatus
  56 0020 00000000 		.word	.LANCHOR0
  57              		.cfi_endproc
  58              	.LFE110:
  59              		.size	WD_Start, .-WD_Start
  60              		.section	.text.WD_Trigger,"ax",%progbits
  61              		.align	2
  62              		.global	WD_Trigger
  63              		.thumb
  64              		.thumb_func
  65              		.type	WD_Trigger, %function
  66              	WD_Trigger:
  67              	.LFB111:
  43:source\bsw/watchdog.c **** 
  44:source\bsw/watchdog.c **** /**
  45:source\bsw/watchdog.c **** * Service the Watchdog Trigger
  46:source\bsw/watchdog.c **** * @return RC_SUCCESS
  47:source\bsw/watchdog.c **** */
ARM GAS  C:\Users\JASON\AppData\Local\Temp\ccy6Hjop.s 			page 3


  48:source\bsw/watchdog.c **** RC_t WD_Trigger()
  49:source\bsw/watchdog.c **** {    
  68              		.loc 1 49 0
  69              		.cfi_startproc
  70              		@ args = 0, pretend = 0, frame = 0
  71              		@ frame_needed = 0, uses_anonymous_args = 0
  72 0000 08B5     		push	{r3, lr}
  73              		.cfi_def_cfa_offset 8
  74              		.cfi_offset 3, -8
  75              		.cfi_offset 14, -4
  50:source\bsw/watchdog.c ****     CyWdtClear();   
  76              		.loc 1 50 0
  77 0002 FFF7FEFF 		bl	CyWdtClear
  78              	.LVL2:
  51:source\bsw/watchdog.c ****     return RC_SUCCESS;
  52:source\bsw/watchdog.c **** }
  79              		.loc 1 52 0
  80 0006 0020     		movs	r0, #0
  81 0008 08BD     		pop	{r3, pc}
  82              		.cfi_endproc
  83              	.LFE111:
  84              		.size	WD_Trigger, .-WD_Trigger
  85 000a 00BF     		.section	.text.WD_CheckResetBit,"ax",%progbits
  86              		.align	2
  87              		.global	WD_CheckResetBit
  88              		.thumb
  89              		.thumb_func
  90              		.type	WD_CheckResetBit, %function
  91              	WD_CheckResetBit:
  92              	.LFB112:
  53:source\bsw/watchdog.c **** 
  54:source\bsw/watchdog.c **** /**
  55:source\bsw/watchdog.c **** * Checks the watchdog bit
  56:source\bsw/watchdog.c **** * @return TRUE if watchdog reset bit was set
  57:source\bsw/watchdog.c **** */
  58:source\bsw/watchdog.c **** boolean_t WD_CheckResetBit()
  59:source\bsw/watchdog.c **** {  
  93              		.loc 1 59 0
  94              		.cfi_startproc
  95              		@ args = 0, pretend = 0, frame = 0
  96              		@ frame_needed = 0, uses_anonymous_args = 0
  97              		@ link register save eliminated.
  60:source\bsw/watchdog.c ****     return  ((CyResetStatus & CY_RESET_WD) == CY_RESET_WD);
  98              		.loc 1 60 0
  99 0000 024B     		ldr	r3, .L8
 100 0002 1878     		ldrb	r0, [r3]	@ zero_extendqisi2
  61:source\bsw/watchdog.c **** }
 101              		.loc 1 61 0
 102 0004 C0F3C000 		ubfx	r0, r0, #3, #1
 103 0008 7047     		bx	lr
 104              	.L9:
 105 000a 00BF     		.align	2
 106              	.L8:
 107 000c 00000000 		.word	CyResetStatus
 108              		.cfi_endproc
 109              	.LFE112:
 110              		.size	WD_CheckResetBit, .-WD_CheckResetBit
ARM GAS  C:\Users\JASON\AppData\Local\Temp\ccy6Hjop.s 			page 4


 111              		.section	.text.WD_Alive,"ax",%progbits
 112              		.align	2
 113              		.global	WD_Alive
 114              		.thumb
 115              		.thumb_func
 116              		.type	WD_Alive, %function
 117              	WD_Alive:
 118              	.LFB113:
  62:source\bsw/watchdog.c **** 
  63:source\bsw/watchdog.c **** /**
  64:source\bsw/watchdog.c **** * Updates the alive status register
  65:source\bsw/watchdog.c **** * @return RC_SUCCESS
  66:source\bsw/watchdog.c **** */
  67:source\bsw/watchdog.c **** RC_t WD_Alive(uint8_t myBitPosition)
  68:source\bsw/watchdog.c **** {  
 119              		.loc 1 68 0
 120              		.cfi_startproc
 121              		@ args = 0, pretend = 0, frame = 0
 122              		@ frame_needed = 0, uses_anonymous_args = 0
 123              		@ link register save eliminated.
 124              	.LVL3:
  69:source\bsw/watchdog.c ****     switch(myBitPosition)
 125              		.loc 1 69 0
 126 0000 0328     		cmp	r0, #3
 127 0002 1FD8     		bhi	.L17
 128 0004 DFE800F0 		tbb	[pc, r0]
 129              	.L13:
 130 0008 02       		.byte	(.L12-.L13)/2
 131 0009 09       		.byte	(.L14-.L13)/2
 132 000a 10       		.byte	(.L15-.L13)/2
 133 000b 17       		.byte	(.L16-.L13)/2
 134              		.p2align 1
 135              	.L12:
  70:source\bsw/watchdog.c ****     {
  71:source\bsw/watchdog.c ****         case 0 : aliveWD_st |= RUNNABLE_READJOYSTICK;
 136              		.loc 1 71 0
 137 000c 0F4A     		ldr	r2, .L18
 138 000e 1378     		ldrb	r3, [r2]	@ zero_extendqisi2
 139 0010 43F00103 		orr	r3, r3, #1
 140 0014 1370     		strb	r3, [r2]
  72:source\bsw/watchdog.c ****         break;
  73:source\bsw/watchdog.c ****         case 1 : aliveWD_st |= RUNNABLE_CALCCONTROL;
  74:source\bsw/watchdog.c ****         break;
  75:source\bsw/watchdog.c ****         case 2 : aliveWD_st |= RUNNABLE_SETENGINE;;
  76:source\bsw/watchdog.c ****         break;
  77:source\bsw/watchdog.c ****         case 3 : aliveWD_st |= RUNNABLE_SETBRAKELIGHT;
  78:source\bsw/watchdog.c ****         break;
  79:source\bsw/watchdog.c ****         default : return RC_ERROR_BAD_DATA;
  80:source\bsw/watchdog.c ****         break;
  81:source\bsw/watchdog.c ****     }
  82:source\bsw/watchdog.c ****     return  RC_SUCCESS;
 141              		.loc 1 82 0
 142 0016 0020     		movs	r0, #0
 143              	.LVL4:
  72:source\bsw/watchdog.c ****         break;
 144              		.loc 1 72 0
 145 0018 7047     		bx	lr
ARM GAS  C:\Users\JASON\AppData\Local\Temp\ccy6Hjop.s 			page 5


 146              	.LVL5:
 147              	.L14:
  73:source\bsw/watchdog.c ****         break;
 148              		.loc 1 73 0
 149 001a 0C4A     		ldr	r2, .L18
 150 001c 1378     		ldrb	r3, [r2]	@ zero_extendqisi2
 151 001e 43F00203 		orr	r3, r3, #2
 152 0022 1370     		strb	r3, [r2]
 153              		.loc 1 82 0
 154 0024 0020     		movs	r0, #0
 155              	.LVL6:
  74:source\bsw/watchdog.c ****         case 2 : aliveWD_st |= RUNNABLE_SETENGINE;;
 156              		.loc 1 74 0
 157 0026 7047     		bx	lr
 158              	.LVL7:
 159              	.L15:
  75:source\bsw/watchdog.c ****         break;
 160              		.loc 1 75 0
 161 0028 084A     		ldr	r2, .L18
 162 002a 1378     		ldrb	r3, [r2]	@ zero_extendqisi2
 163 002c 43F00403 		orr	r3, r3, #4
 164 0030 1370     		strb	r3, [r2]
 165              		.loc 1 82 0
 166 0032 0020     		movs	r0, #0
 167              	.LVL8:
  76:source\bsw/watchdog.c ****         case 3 : aliveWD_st |= RUNNABLE_SETBRAKELIGHT;
 168              		.loc 1 76 0
 169 0034 7047     		bx	lr
 170              	.LVL9:
 171              	.L16:
  77:source\bsw/watchdog.c ****         break;
 172              		.loc 1 77 0
 173 0036 054A     		ldr	r2, .L18
 174 0038 1378     		ldrb	r3, [r2]	@ zero_extendqisi2
 175 003a 43F00803 		orr	r3, r3, #8
 176 003e 1370     		strb	r3, [r2]
 177              		.loc 1 82 0
 178 0040 0020     		movs	r0, #0
 179              	.LVL10:
  78:source\bsw/watchdog.c ****         default : return RC_ERROR_BAD_DATA;
 180              		.loc 1 78 0
 181 0042 7047     		bx	lr
 182              	.LVL11:
 183              	.L17:
  79:source\bsw/watchdog.c ****         break;
 184              		.loc 1 79 0
 185 0044 6FF01400 		mvn	r0, #20
 186              	.LVL12:
  83:source\bsw/watchdog.c **** }
 187              		.loc 1 83 0
 188 0048 7047     		bx	lr
 189              	.L19:
 190 004a 00BF     		.align	2
 191              	.L18:
 192 004c 00000000 		.word	.LANCHOR0
 193              		.cfi_endproc
 194              	.LFE113:
ARM GAS  C:\Users\JASON\AppData\Local\Temp\ccy6Hjop.s 			page 6


 195              		.size	WD_Alive, .-WD_Alive
 196              		.comm	wdt_test,1,1
 197              		.global	aliveWD_st
 198              		.bss
 199              		.set	.LANCHOR0,. + 0
 200              		.type	aliveWD_st, %object
 201              		.size	aliveWD_st, 1
 202              	aliveWD_st:
 203 0000 00       		.space	1
 204              		.text
 205              	.Letext0:
 206              		.file 2 "c:\\program files (x86)\\cypress\\psoc creator\\4.4\\psoc creator\\import\\gnu\\arm\\5.4.
 207              		.file 3 "c:\\program files (x86)\\cypress\\psoc creator\\4.4\\psoc creator\\import\\gnu\\arm\\5.4.
 208              		.file 4 "Generated_Source\\PSoC5/cytypes.h"
 209              		.file 5 "Generated_Source\\PSoC5/ErikaOS_common_ee_types.inc"
 210              		.file 6 "Generated_Source\\PSoC5/ErikaOS_cortex_mx_ee_cpu.inc"
 211              		.file 7 "source\\bsw\\global.h"
 212              		.file 8 "source\\bsw\\watchdog.h"
 213              		.file 9 "Generated_Source\\PSoC5/ErikaOS_ee_oo_intfunc.inc"
 214              		.file 10 "Generated_Source\\PSoC5/ErikaOS_cortex_mx_ee_context.inc"
 215              		.file 11 "Generated_Source\\PSoC5/ErikaOS_common_ee_primitives.inc"
 216              		.file 12 "Generated_Source\\PSoC5/CyLib.h"
 217              		.file 13 "Generated_Source\\PSoC5/core_cm3.h"
 218              		.section	.debug_info,"",%progbits
 219              	.Ldebug_info0:
 220 0000 11030000 		.4byte	0x311
 221 0004 0400     		.2byte	0x4
 222 0006 00000000 		.4byte	.Ldebug_abbrev0
 223 000a 04       		.byte	0x4
 224 000b 01       		.uleb128 0x1
 225 000c 1E030000 		.4byte	.LASF72
 226 0010 0C       		.byte	0xc
 227 0011 66040000 		.4byte	.LASF73
 228 0015 4F020000 		.4byte	.LASF74
 229 0019 00000000 		.4byte	.Ldebug_ranges0+0
 230 001d 00000000 		.4byte	0
 231 0021 00000000 		.4byte	.Ldebug_line0
 232 0025 02       		.uleb128 0x2
 233 0026 01       		.byte	0x1
 234 0027 06       		.byte	0x6
 235 0028 2C020000 		.4byte	.LASF0
 236 002c 03       		.uleb128 0x3
 237 002d C8010000 		.4byte	.LASF4
 238 0031 02       		.byte	0x2
 239 0032 1D       		.byte	0x1d
 240 0033 37000000 		.4byte	0x37
 241 0037 02       		.uleb128 0x2
 242 0038 01       		.byte	0x1
 243 0039 08       		.byte	0x8
 244 003a 1E020000 		.4byte	.LASF1
 245 003e 02       		.uleb128 0x2
 246 003f 02       		.byte	0x2
 247 0040 05       		.byte	0x5
 248 0041 38000000 		.4byte	.LASF2
 249 0045 02       		.uleb128 0x2
 250 0046 02       		.byte	0x2
 251 0047 07       		.byte	0x7
ARM GAS  C:\Users\JASON\AppData\Local\Temp\ccy6Hjop.s 			page 7


 252 0048 FB020000 		.4byte	.LASF3
 253 004c 03       		.uleb128 0x3
 254 004d 7C040000 		.4byte	.LASF5
 255 0051 02       		.byte	0x2
 256 0052 3F       		.byte	0x3f
 257 0053 57000000 		.4byte	0x57
 258 0057 02       		.uleb128 0x2
 259 0058 04       		.byte	0x4
 260 0059 05       		.byte	0x5
 261 005a 9F010000 		.4byte	.LASF6
 262 005e 02       		.uleb128 0x2
 263 005f 04       		.byte	0x4
 264 0060 07       		.byte	0x7
 265 0061 33040000 		.4byte	.LASF7
 266 0065 02       		.uleb128 0x2
 267 0066 08       		.byte	0x8
 268 0067 05       		.byte	0x5
 269 0068 54010000 		.4byte	.LASF8
 270 006c 02       		.uleb128 0x2
 271 006d 08       		.byte	0x8
 272 006e 07       		.byte	0x7
 273 006f 38020000 		.4byte	.LASF9
 274 0073 04       		.uleb128 0x4
 275 0074 04       		.byte	0x4
 276 0075 05       		.byte	0x5
 277 0076 696E7400 		.ascii	"int\000"
 278 007a 02       		.uleb128 0x2
 279 007b 04       		.byte	0x4
 280 007c 07       		.byte	0x7
 281 007d 9D020000 		.4byte	.LASF10
 282 0081 03       		.uleb128 0x3
 283 0082 AE000000 		.4byte	.LASF11
 284 0086 03       		.byte	0x3
 285 0087 18       		.byte	0x18
 286 0088 2C000000 		.4byte	0x2c
 287 008c 03       		.uleb128 0x3
 288 008d C6030000 		.4byte	.LASF12
 289 0091 03       		.byte	0x3
 290 0092 2C       		.byte	0x2c
 291 0093 4C000000 		.4byte	0x4c
 292 0097 05       		.uleb128 0x5
 293 0098 DE000000 		.4byte	.LASF13
 294 009c 04       		.byte	0x4
 295 009d E801     		.2byte	0x1e8
 296 009f 37000000 		.4byte	0x37
 297 00a3 02       		.uleb128 0x2
 298 00a4 04       		.byte	0x4
 299 00a5 04       		.byte	0x4
 300 00a6 35010000 		.4byte	.LASF14
 301 00aa 02       		.uleb128 0x2
 302 00ab 08       		.byte	0x8
 303 00ac 04       		.byte	0x4
 304 00ad 45040000 		.4byte	.LASF15
 305 00b1 02       		.uleb128 0x2
 306 00b2 01       		.byte	0x1
 307 00b3 08       		.byte	0x8
 308 00b4 AC030000 		.4byte	.LASF16
ARM GAS  C:\Users\JASON\AppData\Local\Temp\ccy6Hjop.s 			page 8


 309 00b8 02       		.uleb128 0x2
 310 00b9 08       		.byte	0x8
 311 00ba 04       		.byte	0x4
 312 00bb 12020000 		.4byte	.LASF17
 313 00bf 03       		.uleb128 0x3
 314 00c0 F9000000 		.4byte	.LASF18
 315 00c4 05       		.byte	0x5
 316 00c5 53       		.byte	0x53
 317 00c6 73000000 		.4byte	0x73
 318 00ca 03       		.uleb128 0x3
 319 00cb 9D000000 		.4byte	.LASF19
 320 00cf 05       		.byte	0x5
 321 00d0 54       		.byte	0x54
 322 00d1 7A000000 		.4byte	0x7a
 323 00d5 03       		.uleb128 0x3
 324 00d6 5E040000 		.4byte	.LASF20
 325 00da 06       		.byte	0x6
 326 00db 4D       		.byte	0x4d
 327 00dc CA000000 		.4byte	0xca
 328 00e0 03       		.uleb128 0x3
 329 00e1 8C000000 		.4byte	.LASF21
 330 00e5 06       		.byte	0x6
 331 00e6 4F       		.byte	0x4f
 332 00e7 CA000000 		.4byte	0xca
 333 00eb 03       		.uleb128 0x3
 334 00ec A7000000 		.4byte	.LASF22
 335 00f0 06       		.byte	0x6
 336 00f1 78       		.byte	0x78
 337 00f2 BF000000 		.4byte	0xbf
 338 00f6 02       		.uleb128 0x2
 339 00f7 04       		.byte	0x4
 340 00f8 07       		.byte	0x7
 341 00f9 68000000 		.4byte	.LASF23
 342 00fd 03       		.uleb128 0x3
 343 00fe F5010000 		.4byte	.LASF24
 344 0102 07       		.byte	0x7
 345 0103 9C       		.byte	0x9c
 346 0104 37000000 		.4byte	0x37
 347 0108 06       		.uleb128 0x6
 348 0109 01       		.byte	0x1
 349 010a 25000000 		.4byte	0x25
 350 010e 07       		.byte	0x7
 351 010f CF       		.byte	0xcf
 352 0110 B1010000 		.4byte	0x1b1
 353 0114 07       		.uleb128 0x7
 354 0115 0E000000 		.4byte	.LASF25
 355 0119 00       		.byte	0
 356 011a 08       		.uleb128 0x8
 357 011b CA040000 		.4byte	.LASF26
 358 011f 7F       		.sleb128 -1
 359 0120 08       		.uleb128 0x8
 360 0121 B8020000 		.4byte	.LASF27
 361 0125 7E       		.sleb128 -2
 362 0126 08       		.uleb128 0x8
 363 0127 7E000000 		.4byte	.LASF28
 364 012b 7D       		.sleb128 -3
 365 012c 08       		.uleb128 0x8
ARM GAS  C:\Users\JASON\AppData\Local\Temp\ccy6Hjop.s 			page 9


 366 012d D3040000 		.4byte	.LASF29
 367 0131 7C       		.sleb128 -4
 368 0132 08       		.uleb128 0x8
 369 0133 26010000 		.4byte	.LASF30
 370 0137 7B       		.sleb128 -5
 371 0138 08       		.uleb128 0x8
 372 0139 42000000 		.4byte	.LASF31
 373 013d 7A       		.sleb128 -6
 374 013e 08       		.uleb128 0x8
 375 013f A8010000 		.4byte	.LASF32
 376 0143 79       		.sleb128 -7
 377 0144 08       		.uleb128 0x8
 378 0145 B1030000 		.4byte	.LASF33
 379 0149 78       		.sleb128 -8
 380 014a 08       		.uleb128 0x8
 381 014b C6020000 		.4byte	.LASF34
 382 014f 77       		.sleb128 -9
 383 0150 08       		.uleb128 0x8
 384 0151 BA010000 		.4byte	.LASF35
 385 0155 76       		.sleb128 -10
 386 0156 08       		.uleb128 0x8
 387 0157 13050000 		.4byte	.LASF36
 388 015b 75       		.sleb128 -11
 389 015c 08       		.uleb128 0x8
 390 015d AA020000 		.4byte	.LASF37
 391 0161 74       		.sleb128 -12
 392 0162 08       		.uleb128 0x8
 393 0163 4C040000 		.4byte	.LASF38
 394 0167 73       		.sleb128 -13
 395 0168 08       		.uleb128 0x8
 396 0169 FF010000 		.4byte	.LASF39
 397 016d 72       		.sleb128 -14
 398 016e 08       		.uleb128 0x8
 399 016f 24000000 		.4byte	.LASF40
 400 0173 71       		.sleb128 -15
 401 0174 08       		.uleb128 0x8
 402 0175 D2010000 		.4byte	.LASF41
 403 0179 70       		.sleb128 -16
 404 017a 08       		.uleb128 0x8
 405 017b EB030000 		.4byte	.LASF42
 406 017f 6F       		.sleb128 -17
 407 0180 08       		.uleb128 0x8
 408 0181 53000000 		.4byte	.LASF43
 409 0185 6E       		.sleb128 -18
 410 0186 08       		.uleb128 0x8
 411 0187 7B010000 		.4byte	.LASF44
 412 018b 6D       		.sleb128 -19
 413 018c 08       		.uleb128 0x8
 414 018d FF030000 		.4byte	.LASF45
 415 0191 6C       		.sleb128 -20
 416 0192 08       		.uleb128 0x8
 417 0193 E3010000 		.4byte	.LASF46
 418 0197 6B       		.sleb128 -21
 419 0198 08       		.uleb128 0x8
 420 0199 AB040000 		.4byte	.LASF47
 421 019d 6A       		.sleb128 -22
 422 019e 08       		.uleb128 0x8
ARM GAS  C:\Users\JASON\AppData\Local\Temp\ccy6Hjop.s 			page 10


 423 019f B6000000 		.4byte	.LASF48
 424 01a3 69       		.sleb128 -23
 425 01a4 08       		.uleb128 0x8
 426 01a5 8E010000 		.4byte	.LASF49
 427 01a9 68       		.sleb128 -24
 428 01aa 08       		.uleb128 0x8
 429 01ab 3B010000 		.4byte	.LASF50
 430 01af 67       		.sleb128 -25
 431 01b0 00       		.byte	0
 432 01b1 03       		.uleb128 0x3
 433 01b2 03050000 		.4byte	.LASF51
 434 01b6 07       		.byte	0x7
 435 01b7 EA       		.byte	0xea
 436 01b8 08010000 		.4byte	0x108
 437 01bc 09       		.uleb128 0x9
 438 01bd 71000000 		.4byte	.LASF75
 439 01c1 01       		.byte	0x1
 440 01c2 37000000 		.4byte	0x37
 441 01c6 08       		.byte	0x8
 442 01c7 18       		.byte	0x18
 443 01c8 E5010000 		.4byte	0x1e5
 444 01cc 07       		.uleb128 0x7
 445 01cd 0E030000 		.4byte	.LASF52
 446 01d1 00       		.byte	0
 447 01d2 07       		.uleb128 0x7
 448 01d3 DC020000 		.4byte	.LASF53
 449 01d7 01       		.byte	0x1
 450 01d8 07       		.uleb128 0x7
 451 01d9 CE030000 		.4byte	.LASF54
 452 01dd 02       		.byte	0x2
 453 01de 07       		.uleb128 0x7
 454 01df 86040000 		.4byte	.LASF55
 455 01e3 03       		.byte	0x3
 456 01e4 00       		.byte	0
 457 01e5 03       		.uleb128 0x3
 458 01e6 12040000 		.4byte	.LASF56
 459 01ea 08       		.byte	0x8
 460 01eb 1F       		.byte	0x1f
 461 01ec BC010000 		.4byte	0x1bc
 462 01f0 0A       		.uleb128 0xa
 463 01f1 94000000 		.4byte	.LASF57
 464 01f5 01       		.byte	0x1
 465 01f6 23       		.byte	0x23
 466 01f7 B1010000 		.4byte	0x1b1
 467 01fb 00000000 		.4byte	.LFB110
 468 01ff 24000000 		.4byte	.LFE110-.LFB110
 469 0203 01       		.uleb128 0x1
 470 0204 9C       		.byte	0x9c
 471 0205 28020000 		.4byte	0x228
 472 0209 0B       		.uleb128 0xb
 473 020a FB040000 		.4byte	.LASF59
 474 020e 01       		.byte	0x1
 475 020f 23       		.byte	0x23
 476 0210 E5010000 		.4byte	0x1e5
 477 0214 00000000 		.4byte	.LLST0
 478 0218 0C       		.uleb128 0xc
 479 0219 12000000 		.4byte	.LVL1
ARM GAS  C:\Users\JASON\AppData\Local\Temp\ccy6Hjop.s 			page 11


 480 021d FE020000 		.4byte	0x2fe
 481 0221 0D       		.uleb128 0xd
 482 0222 01       		.uleb128 0x1
 483 0223 51       		.byte	0x51
 484 0224 01       		.uleb128 0x1
 485 0225 30       		.byte	0x30
 486 0226 00       		.byte	0
 487 0227 00       		.byte	0
 488 0228 0E       		.uleb128 0xe
 489 0229 19000000 		.4byte	.LASF76
 490 022d 01       		.byte	0x1
 491 022e 30       		.byte	0x30
 492 022f B1010000 		.4byte	0x1b1
 493 0233 00000000 		.4byte	.LFB111
 494 0237 0A000000 		.4byte	.LFE111-.LFB111
 495 023b 01       		.uleb128 0x1
 496 023c 9C       		.byte	0x9c
 497 023d 4B020000 		.4byte	0x24b
 498 0241 0F       		.uleb128 0xf
 499 0242 06000000 		.4byte	.LVL2
 500 0246 09030000 		.4byte	0x309
 501 024a 00       		.byte	0
 502 024b 10       		.uleb128 0x10
 503 024c CD000000 		.4byte	.LASF77
 504 0250 01       		.byte	0x1
 505 0251 3A       		.byte	0x3a
 506 0252 FD000000 		.4byte	0xfd
 507 0256 00000000 		.4byte	.LFB112
 508 025a 10000000 		.4byte	.LFE112-.LFB112
 509 025e 01       		.uleb128 0x1
 510 025f 9C       		.byte	0x9c
 511 0260 0A       		.uleb128 0xa
 512 0261 99040000 		.4byte	.LASF58
 513 0265 01       		.byte	0x1
 514 0266 43       		.byte	0x43
 515 0267 B1010000 		.4byte	0x1b1
 516 026b 00000000 		.4byte	.LFB113
 517 026f 50000000 		.4byte	.LFE113-.LFB113
 518 0273 01       		.uleb128 0x1
 519 0274 9C       		.byte	0x9c
 520 0275 89020000 		.4byte	0x289
 521 0279 0B       		.uleb128 0xb
 522 027a 00000000 		.4byte	.LASF60
 523 027e 01       		.byte	0x1
 524 027f 43       		.byte	0x43
 525 0280 81000000 		.4byte	0x81
 526 0284 21000000 		.4byte	.LLST1
 527 0288 00       		.byte	0
 528 0289 11       		.uleb128 0x11
 529 028a E3040000 		.4byte	.LASF61
 530 028e 09       		.byte	0x9
 531 028f 40       		.byte	0x40
 532 0290 D5000000 		.4byte	0xd5
 533 0294 11       		.uleb128 0x11
 534 0295 62010000 		.4byte	.LASF62
 535 0299 09       		.byte	0x9
 536 029a 47       		.byte	0x47
ARM GAS  C:\Users\JASON\AppData\Local\Temp\ccy6Hjop.s 			page 12


 537 029b E0000000 		.4byte	0xe0
 538 029f 11       		.uleb128 0x11
 539 02a0 20040000 		.4byte	.LASF63
 540 02a4 09       		.byte	0x9
 541 02a5 4A       		.byte	0x4a
 542 02a6 D5000000 		.4byte	0xd5
 543 02aa 11       		.uleb128 0x11
 544 02ab 0D010000 		.4byte	.LASF64
 545 02af 0A       		.byte	0xa
 546 02b0 48       		.byte	0x48
 547 02b1 EB000000 		.4byte	0xeb
 548 02b5 11       		.uleb128 0x11
 549 02b6 E4000000 		.4byte	.LASF65
 550 02ba 0B       		.byte	0xb
 551 02bb 44       		.byte	0x44
 552 02bc D5000000 		.4byte	0xd5
 553 02c0 11       		.uleb128 0x11
 554 02c1 ED020000 		.4byte	.LASF66
 555 02c5 0C       		.byte	0xc
 556 02c6 2C       		.byte	0x2c
 557 02c7 97000000 		.4byte	0x97
 558 02cb 12       		.uleb128 0x12
 559 02cc BD040000 		.4byte	.LASF67
 560 02d0 0D       		.byte	0xd
 561 02d1 1207     		.2byte	0x712
 562 02d3 D7020000 		.4byte	0x2d7
 563 02d7 13       		.uleb128 0x13
 564 02d8 8C000000 		.4byte	0x8c
 565 02dc 14       		.uleb128 0x14
 566 02dd 02010000 		.4byte	.LASF68
 567 02e1 01       		.byte	0x1
 568 02e2 17       		.byte	0x17
 569 02e3 81000000 		.4byte	0x81
 570 02e7 05       		.uleb128 0x5
 571 02e8 03       		.byte	0x3
 572 02e9 00000000 		.4byte	aliveWD_st
 573 02ed 14       		.uleb128 0x14
 574 02ee A2040000 		.4byte	.LASF69
 575 02f2 01       		.byte	0x1
 576 02f3 1C       		.byte	0x1c
 577 02f4 FD000000 		.4byte	0xfd
 578 02f8 05       		.uleb128 0x5
 579 02f9 03       		.byte	0x3
 580 02fa 00000000 		.4byte	wdt_test
 581 02fe 15       		.uleb128 0x15
 582 02ff E0030000 		.4byte	.LASF70
 583 0303 E0030000 		.4byte	.LASF70
 584 0307 0C       		.byte	0xc
 585 0308 72       		.byte	0x72
 586 0309 15       		.uleb128 0x15
 587 030a 08050000 		.4byte	.LASF71
 588 030e 08050000 		.4byte	.LASF71
 589 0312 0C       		.byte	0xc
 590 0313 73       		.byte	0x73
 591 0314 00       		.byte	0
 592              		.section	.debug_abbrev,"",%progbits
 593              	.Ldebug_abbrev0:
ARM GAS  C:\Users\JASON\AppData\Local\Temp\ccy6Hjop.s 			page 13


 594 0000 01       		.uleb128 0x1
 595 0001 11       		.uleb128 0x11
 596 0002 01       		.byte	0x1
 597 0003 25       		.uleb128 0x25
 598 0004 0E       		.uleb128 0xe
 599 0005 13       		.uleb128 0x13
 600 0006 0B       		.uleb128 0xb
 601 0007 03       		.uleb128 0x3
 602 0008 0E       		.uleb128 0xe
 603 0009 1B       		.uleb128 0x1b
 604 000a 0E       		.uleb128 0xe
 605 000b 55       		.uleb128 0x55
 606 000c 17       		.uleb128 0x17
 607 000d 11       		.uleb128 0x11
 608 000e 01       		.uleb128 0x1
 609 000f 10       		.uleb128 0x10
 610 0010 17       		.uleb128 0x17
 611 0011 00       		.byte	0
 612 0012 00       		.byte	0
 613 0013 02       		.uleb128 0x2
 614 0014 24       		.uleb128 0x24
 615 0015 00       		.byte	0
 616 0016 0B       		.uleb128 0xb
 617 0017 0B       		.uleb128 0xb
 618 0018 3E       		.uleb128 0x3e
 619 0019 0B       		.uleb128 0xb
 620 001a 03       		.uleb128 0x3
 621 001b 0E       		.uleb128 0xe
 622 001c 00       		.byte	0
 623 001d 00       		.byte	0
 624 001e 03       		.uleb128 0x3
 625 001f 16       		.uleb128 0x16
 626 0020 00       		.byte	0
 627 0021 03       		.uleb128 0x3
 628 0022 0E       		.uleb128 0xe
 629 0023 3A       		.uleb128 0x3a
 630 0024 0B       		.uleb128 0xb
 631 0025 3B       		.uleb128 0x3b
 632 0026 0B       		.uleb128 0xb
 633 0027 49       		.uleb128 0x49
 634 0028 13       		.uleb128 0x13
 635 0029 00       		.byte	0
 636 002a 00       		.byte	0
 637 002b 04       		.uleb128 0x4
 638 002c 24       		.uleb128 0x24
 639 002d 00       		.byte	0
 640 002e 0B       		.uleb128 0xb
 641 002f 0B       		.uleb128 0xb
 642 0030 3E       		.uleb128 0x3e
 643 0031 0B       		.uleb128 0xb
 644 0032 03       		.uleb128 0x3
 645 0033 08       		.uleb128 0x8
 646 0034 00       		.byte	0
 647 0035 00       		.byte	0
 648 0036 05       		.uleb128 0x5
 649 0037 16       		.uleb128 0x16
 650 0038 00       		.byte	0
ARM GAS  C:\Users\JASON\AppData\Local\Temp\ccy6Hjop.s 			page 14


 651 0039 03       		.uleb128 0x3
 652 003a 0E       		.uleb128 0xe
 653 003b 3A       		.uleb128 0x3a
 654 003c 0B       		.uleb128 0xb
 655 003d 3B       		.uleb128 0x3b
 656 003e 05       		.uleb128 0x5
 657 003f 49       		.uleb128 0x49
 658 0040 13       		.uleb128 0x13
 659 0041 00       		.byte	0
 660 0042 00       		.byte	0
 661 0043 06       		.uleb128 0x6
 662 0044 04       		.uleb128 0x4
 663 0045 01       		.byte	0x1
 664 0046 0B       		.uleb128 0xb
 665 0047 0B       		.uleb128 0xb
 666 0048 49       		.uleb128 0x49
 667 0049 13       		.uleb128 0x13
 668 004a 3A       		.uleb128 0x3a
 669 004b 0B       		.uleb128 0xb
 670 004c 3B       		.uleb128 0x3b
 671 004d 0B       		.uleb128 0xb
 672 004e 01       		.uleb128 0x1
 673 004f 13       		.uleb128 0x13
 674 0050 00       		.byte	0
 675 0051 00       		.byte	0
 676 0052 07       		.uleb128 0x7
 677 0053 28       		.uleb128 0x28
 678 0054 00       		.byte	0
 679 0055 03       		.uleb128 0x3
 680 0056 0E       		.uleb128 0xe
 681 0057 1C       		.uleb128 0x1c
 682 0058 0B       		.uleb128 0xb
 683 0059 00       		.byte	0
 684 005a 00       		.byte	0
 685 005b 08       		.uleb128 0x8
 686 005c 28       		.uleb128 0x28
 687 005d 00       		.byte	0
 688 005e 03       		.uleb128 0x3
 689 005f 0E       		.uleb128 0xe
 690 0060 1C       		.uleb128 0x1c
 691 0061 0D       		.uleb128 0xd
 692 0062 00       		.byte	0
 693 0063 00       		.byte	0
 694 0064 09       		.uleb128 0x9
 695 0065 04       		.uleb128 0x4
 696 0066 01       		.byte	0x1
 697 0067 03       		.uleb128 0x3
 698 0068 0E       		.uleb128 0xe
 699 0069 0B       		.uleb128 0xb
 700 006a 0B       		.uleb128 0xb
 701 006b 49       		.uleb128 0x49
 702 006c 13       		.uleb128 0x13
 703 006d 3A       		.uleb128 0x3a
 704 006e 0B       		.uleb128 0xb
 705 006f 3B       		.uleb128 0x3b
 706 0070 0B       		.uleb128 0xb
 707 0071 01       		.uleb128 0x1
ARM GAS  C:\Users\JASON\AppData\Local\Temp\ccy6Hjop.s 			page 15


 708 0072 13       		.uleb128 0x13
 709 0073 00       		.byte	0
 710 0074 00       		.byte	0
 711 0075 0A       		.uleb128 0xa
 712 0076 2E       		.uleb128 0x2e
 713 0077 01       		.byte	0x1
 714 0078 3F       		.uleb128 0x3f
 715 0079 19       		.uleb128 0x19
 716 007a 03       		.uleb128 0x3
 717 007b 0E       		.uleb128 0xe
 718 007c 3A       		.uleb128 0x3a
 719 007d 0B       		.uleb128 0xb
 720 007e 3B       		.uleb128 0x3b
 721 007f 0B       		.uleb128 0xb
 722 0080 27       		.uleb128 0x27
 723 0081 19       		.uleb128 0x19
 724 0082 49       		.uleb128 0x49
 725 0083 13       		.uleb128 0x13
 726 0084 11       		.uleb128 0x11
 727 0085 01       		.uleb128 0x1
 728 0086 12       		.uleb128 0x12
 729 0087 06       		.uleb128 0x6
 730 0088 40       		.uleb128 0x40
 731 0089 18       		.uleb128 0x18
 732 008a 9742     		.uleb128 0x2117
 733 008c 19       		.uleb128 0x19
 734 008d 01       		.uleb128 0x1
 735 008e 13       		.uleb128 0x13
 736 008f 00       		.byte	0
 737 0090 00       		.byte	0
 738 0091 0B       		.uleb128 0xb
 739 0092 05       		.uleb128 0x5
 740 0093 00       		.byte	0
 741 0094 03       		.uleb128 0x3
 742 0095 0E       		.uleb128 0xe
 743 0096 3A       		.uleb128 0x3a
 744 0097 0B       		.uleb128 0xb
 745 0098 3B       		.uleb128 0x3b
 746 0099 0B       		.uleb128 0xb
 747 009a 49       		.uleb128 0x49
 748 009b 13       		.uleb128 0x13
 749 009c 02       		.uleb128 0x2
 750 009d 17       		.uleb128 0x17
 751 009e 00       		.byte	0
 752 009f 00       		.byte	0
 753 00a0 0C       		.uleb128 0xc
 754 00a1 898201   		.uleb128 0x4109
 755 00a4 01       		.byte	0x1
 756 00a5 11       		.uleb128 0x11
 757 00a6 01       		.uleb128 0x1
 758 00a7 31       		.uleb128 0x31
 759 00a8 13       		.uleb128 0x13
 760 00a9 00       		.byte	0
 761 00aa 00       		.byte	0
 762 00ab 0D       		.uleb128 0xd
 763 00ac 8A8201   		.uleb128 0x410a
 764 00af 00       		.byte	0
ARM GAS  C:\Users\JASON\AppData\Local\Temp\ccy6Hjop.s 			page 16


 765 00b0 02       		.uleb128 0x2
 766 00b1 18       		.uleb128 0x18
 767 00b2 9142     		.uleb128 0x2111
 768 00b4 18       		.uleb128 0x18
 769 00b5 00       		.byte	0
 770 00b6 00       		.byte	0
 771 00b7 0E       		.uleb128 0xe
 772 00b8 2E       		.uleb128 0x2e
 773 00b9 01       		.byte	0x1
 774 00ba 3F       		.uleb128 0x3f
 775 00bb 19       		.uleb128 0x19
 776 00bc 03       		.uleb128 0x3
 777 00bd 0E       		.uleb128 0xe
 778 00be 3A       		.uleb128 0x3a
 779 00bf 0B       		.uleb128 0xb
 780 00c0 3B       		.uleb128 0x3b
 781 00c1 0B       		.uleb128 0xb
 782 00c2 49       		.uleb128 0x49
 783 00c3 13       		.uleb128 0x13
 784 00c4 11       		.uleb128 0x11
 785 00c5 01       		.uleb128 0x1
 786 00c6 12       		.uleb128 0x12
 787 00c7 06       		.uleb128 0x6
 788 00c8 40       		.uleb128 0x40
 789 00c9 18       		.uleb128 0x18
 790 00ca 9742     		.uleb128 0x2117
 791 00cc 19       		.uleb128 0x19
 792 00cd 01       		.uleb128 0x1
 793 00ce 13       		.uleb128 0x13
 794 00cf 00       		.byte	0
 795 00d0 00       		.byte	0
 796 00d1 0F       		.uleb128 0xf
 797 00d2 898201   		.uleb128 0x4109
 798 00d5 00       		.byte	0
 799 00d6 11       		.uleb128 0x11
 800 00d7 01       		.uleb128 0x1
 801 00d8 31       		.uleb128 0x31
 802 00d9 13       		.uleb128 0x13
 803 00da 00       		.byte	0
 804 00db 00       		.byte	0
 805 00dc 10       		.uleb128 0x10
 806 00dd 2E       		.uleb128 0x2e
 807 00de 00       		.byte	0
 808 00df 3F       		.uleb128 0x3f
 809 00e0 19       		.uleb128 0x19
 810 00e1 03       		.uleb128 0x3
 811 00e2 0E       		.uleb128 0xe
 812 00e3 3A       		.uleb128 0x3a
 813 00e4 0B       		.uleb128 0xb
 814 00e5 3B       		.uleb128 0x3b
 815 00e6 0B       		.uleb128 0xb
 816 00e7 49       		.uleb128 0x49
 817 00e8 13       		.uleb128 0x13
 818 00e9 11       		.uleb128 0x11
 819 00ea 01       		.uleb128 0x1
 820 00eb 12       		.uleb128 0x12
 821 00ec 06       		.uleb128 0x6
ARM GAS  C:\Users\JASON\AppData\Local\Temp\ccy6Hjop.s 			page 17


 822 00ed 40       		.uleb128 0x40
 823 00ee 18       		.uleb128 0x18
 824 00ef 9742     		.uleb128 0x2117
 825 00f1 19       		.uleb128 0x19
 826 00f2 00       		.byte	0
 827 00f3 00       		.byte	0
 828 00f4 11       		.uleb128 0x11
 829 00f5 34       		.uleb128 0x34
 830 00f6 00       		.byte	0
 831 00f7 03       		.uleb128 0x3
 832 00f8 0E       		.uleb128 0xe
 833 00f9 3A       		.uleb128 0x3a
 834 00fa 0B       		.uleb128 0xb
 835 00fb 3B       		.uleb128 0x3b
 836 00fc 0B       		.uleb128 0xb
 837 00fd 49       		.uleb128 0x49
 838 00fe 13       		.uleb128 0x13
 839 00ff 3F       		.uleb128 0x3f
 840 0100 19       		.uleb128 0x19
 841 0101 3C       		.uleb128 0x3c
 842 0102 19       		.uleb128 0x19
 843 0103 00       		.byte	0
 844 0104 00       		.byte	0
 845 0105 12       		.uleb128 0x12
 846 0106 34       		.uleb128 0x34
 847 0107 00       		.byte	0
 848 0108 03       		.uleb128 0x3
 849 0109 0E       		.uleb128 0xe
 850 010a 3A       		.uleb128 0x3a
 851 010b 0B       		.uleb128 0xb
 852 010c 3B       		.uleb128 0x3b
 853 010d 05       		.uleb128 0x5
 854 010e 49       		.uleb128 0x49
 855 010f 13       		.uleb128 0x13
 856 0110 3F       		.uleb128 0x3f
 857 0111 19       		.uleb128 0x19
 858 0112 3C       		.uleb128 0x3c
 859 0113 19       		.uleb128 0x19
 860 0114 00       		.byte	0
 861 0115 00       		.byte	0
 862 0116 13       		.uleb128 0x13
 863 0117 35       		.uleb128 0x35
 864 0118 00       		.byte	0
 865 0119 49       		.uleb128 0x49
 866 011a 13       		.uleb128 0x13
 867 011b 00       		.byte	0
 868 011c 00       		.byte	0
 869 011d 14       		.uleb128 0x14
 870 011e 34       		.uleb128 0x34
 871 011f 00       		.byte	0
 872 0120 03       		.uleb128 0x3
 873 0121 0E       		.uleb128 0xe
 874 0122 3A       		.uleb128 0x3a
 875 0123 0B       		.uleb128 0xb
 876 0124 3B       		.uleb128 0x3b
 877 0125 0B       		.uleb128 0xb
 878 0126 49       		.uleb128 0x49
ARM GAS  C:\Users\JASON\AppData\Local\Temp\ccy6Hjop.s 			page 18


 879 0127 13       		.uleb128 0x13
 880 0128 3F       		.uleb128 0x3f
 881 0129 19       		.uleb128 0x19
 882 012a 02       		.uleb128 0x2
 883 012b 18       		.uleb128 0x18
 884 012c 00       		.byte	0
 885 012d 00       		.byte	0
 886 012e 15       		.uleb128 0x15
 887 012f 2E       		.uleb128 0x2e
 888 0130 00       		.byte	0
 889 0131 3F       		.uleb128 0x3f
 890 0132 19       		.uleb128 0x19
 891 0133 3C       		.uleb128 0x3c
 892 0134 19       		.uleb128 0x19
 893 0135 6E       		.uleb128 0x6e
 894 0136 0E       		.uleb128 0xe
 895 0137 03       		.uleb128 0x3
 896 0138 0E       		.uleb128 0xe
 897 0139 3A       		.uleb128 0x3a
 898 013a 0B       		.uleb128 0xb
 899 013b 3B       		.uleb128 0x3b
 900 013c 0B       		.uleb128 0xb
 901 013d 00       		.byte	0
 902 013e 00       		.byte	0
 903 013f 00       		.byte	0
 904              		.section	.debug_loc,"",%progbits
 905              	.Ldebug_loc0:
 906              	.LLST0:
 907 0000 00000000 		.4byte	.LVL0
 908 0004 11000000 		.4byte	.LVL1-1
 909 0008 0100     		.2byte	0x1
 910 000a 50       		.byte	0x50
 911 000b 11000000 		.4byte	.LVL1-1
 912 000f 24000000 		.4byte	.LFE110
 913 0013 0400     		.2byte	0x4
 914 0015 F3       		.byte	0xf3
 915 0016 01       		.uleb128 0x1
 916 0017 50       		.byte	0x50
 917 0018 9F       		.byte	0x9f
 918 0019 00000000 		.4byte	0
 919 001d 00000000 		.4byte	0
 920              	.LLST1:
 921 0021 00000000 		.4byte	.LVL3
 922 0025 18000000 		.4byte	.LVL4
 923 0029 0100     		.2byte	0x1
 924 002b 50       		.byte	0x50
 925 002c 18000000 		.4byte	.LVL4
 926 0030 1A000000 		.4byte	.LVL5
 927 0034 0400     		.2byte	0x4
 928 0036 F3       		.byte	0xf3
 929 0037 01       		.uleb128 0x1
 930 0038 50       		.byte	0x50
 931 0039 9F       		.byte	0x9f
 932 003a 1A000000 		.4byte	.LVL5
 933 003e 26000000 		.4byte	.LVL6
 934 0042 0100     		.2byte	0x1
 935 0044 50       		.byte	0x50
ARM GAS  C:\Users\JASON\AppData\Local\Temp\ccy6Hjop.s 			page 19


 936 0045 26000000 		.4byte	.LVL6
 937 0049 28000000 		.4byte	.LVL7
 938 004d 0400     		.2byte	0x4
 939 004f F3       		.byte	0xf3
 940 0050 01       		.uleb128 0x1
 941 0051 50       		.byte	0x50
 942 0052 9F       		.byte	0x9f
 943 0053 28000000 		.4byte	.LVL7
 944 0057 34000000 		.4byte	.LVL8
 945 005b 0100     		.2byte	0x1
 946 005d 50       		.byte	0x50
 947 005e 34000000 		.4byte	.LVL8
 948 0062 36000000 		.4byte	.LVL9
 949 0066 0400     		.2byte	0x4
 950 0068 F3       		.byte	0xf3
 951 0069 01       		.uleb128 0x1
 952 006a 50       		.byte	0x50
 953 006b 9F       		.byte	0x9f
 954 006c 36000000 		.4byte	.LVL9
 955 0070 42000000 		.4byte	.LVL10
 956 0074 0100     		.2byte	0x1
 957 0076 50       		.byte	0x50
 958 0077 42000000 		.4byte	.LVL10
 959 007b 44000000 		.4byte	.LVL11
 960 007f 0400     		.2byte	0x4
 961 0081 F3       		.byte	0xf3
 962 0082 01       		.uleb128 0x1
 963 0083 50       		.byte	0x50
 964 0084 9F       		.byte	0x9f
 965 0085 44000000 		.4byte	.LVL11
 966 0089 48000000 		.4byte	.LVL12
 967 008d 0100     		.2byte	0x1
 968 008f 50       		.byte	0x50
 969 0090 48000000 		.4byte	.LVL12
 970 0094 50000000 		.4byte	.LFE113
 971 0098 0400     		.2byte	0x4
 972 009a F3       		.byte	0xf3
 973 009b 01       		.uleb128 0x1
 974 009c 50       		.byte	0x50
 975 009d 9F       		.byte	0x9f
 976 009e 00000000 		.4byte	0
 977 00a2 00000000 		.4byte	0
 978              		.section	.debug_aranges,"",%progbits
 979 0000 34000000 		.4byte	0x34
 980 0004 0200     		.2byte	0x2
 981 0006 00000000 		.4byte	.Ldebug_info0
 982 000a 04       		.byte	0x4
 983 000b 00       		.byte	0
 984 000c 0000     		.2byte	0
 985 000e 0000     		.2byte	0
 986 0010 00000000 		.4byte	.LFB110
 987 0014 24000000 		.4byte	.LFE110-.LFB110
 988 0018 00000000 		.4byte	.LFB111
 989 001c 0A000000 		.4byte	.LFE111-.LFB111
 990 0020 00000000 		.4byte	.LFB112
 991 0024 10000000 		.4byte	.LFE112-.LFB112
 992 0028 00000000 		.4byte	.LFB113
ARM GAS  C:\Users\JASON\AppData\Local\Temp\ccy6Hjop.s 			page 20


 993 002c 50000000 		.4byte	.LFE113-.LFB113
 994 0030 00000000 		.4byte	0
 995 0034 00000000 		.4byte	0
 996              		.section	.debug_ranges,"",%progbits
 997              	.Ldebug_ranges0:
 998 0000 00000000 		.4byte	.LFB110
 999 0004 24000000 		.4byte	.LFE110
 1000 0008 00000000 		.4byte	.LFB111
 1001 000c 0A000000 		.4byte	.LFE111
 1002 0010 00000000 		.4byte	.LFB112
 1003 0014 10000000 		.4byte	.LFE112
 1004 0018 00000000 		.4byte	.LFB113
 1005 001c 50000000 		.4byte	.LFE113
 1006 0020 00000000 		.4byte	0
 1007 0024 00000000 		.4byte	0
 1008              		.section	.debug_line,"",%progbits
 1009              	.Ldebug_line0:
 1010 0000 88020000 		.section	.debug_str,"MS",%progbits,1
 1010      02002402 
 1010      00000201 
 1010      FB0E0D00 
 1010      01010101 
 1011              	.LASF60:
 1012 0000 6D794269 		.ascii	"myBitPosition\000"
 1012      74506F73 
 1012      6974696F 
 1012      6E00
 1013              	.LASF25:
 1014 000e 52435F53 		.ascii	"RC_SUCCESS\000"
 1014      55434345 
 1014      535300
 1015              	.LASF76:
 1016 0019 57445F54 		.ascii	"WD_Trigger\000"
 1016      72696767 
 1016      657200
 1017              	.LASF40:
 1018 0024 52435F45 		.ascii	"RC_ERROR_WRITE_ONLY\000"
 1018      52524F52 
 1018      5F575249 
 1018      54455F4F 
 1018      4E4C5900 
 1019              	.LASF2:
 1020 0038 73686F72 		.ascii	"short int\000"
 1020      7420696E 
 1020      7400
 1021              	.LASF31:
 1022 0042 52435F45 		.ascii	"RC_ERROR_OVERRUN\000"
 1022      52524F52 
 1022      5F4F5645 
 1022      5252554E 
 1022      00
 1023              	.LASF43:
 1024 0053 52435F45 		.ascii	"RC_ERROR_WRITE_FAILS\000"
 1024      52524F52 
 1024      5F575249 
 1024      54455F46 
 1024      41494C53 
ARM GAS  C:\Users\JASON\AppData\Local\Temp\ccy6Hjop.s 			page 21


 1025              	.LASF23:
 1026 0068 73697A65 		.ascii	"sizetype\000"
 1026      74797065 
 1026      00
 1027              	.LASF75:
 1028 0071 65574454 		.ascii	"eWDT_TimeOut\000"
 1028      5F54696D 
 1028      654F7574 
 1028      00
 1029              	.LASF28:
 1030 007e 52435F45 		.ascii	"RC_ERROR_ZERO\000"
 1030      52524F52 
 1030      5F5A4552 
 1030      4F00
 1031              	.LASF21:
 1032 008c 45455F46 		.ascii	"EE_FREG\000"
 1032      52454700 
 1033              	.LASF57:
 1034 0094 57445F53 		.ascii	"WD_Start\000"
 1034      74617274 
 1034      00
 1035              	.LASF19:
 1036 009d 45455F55 		.ascii	"EE_UINT32\000"
 1036      494E5433 
 1036      3200
 1037              	.LASF22:
 1038 00a7 45455F54 		.ascii	"EE_TID\000"
 1038      494400
 1039              	.LASF11:
 1040 00ae 75696E74 		.ascii	"uint8_t\000"
 1040      385F7400 
 1041              	.LASF48:
 1042 00b6 52435F45 		.ascii	"RC_ERROR_INVALID_STATE\000"
 1042      52524F52 
 1042      5F494E56 
 1042      414C4944 
 1042      5F535441 
 1043              	.LASF77:
 1044 00cd 57445F43 		.ascii	"WD_CheckResetBit\000"
 1044      6865636B 
 1044      52657365 
 1044      74426974 
 1044      00
 1045              	.LASF13:
 1046 00de 75696E74 		.ascii	"uint8\000"
 1046      3800
 1047              	.LASF65:
 1048 00e4 45455F49 		.ascii	"EE_IRQ_nesting_level\000"
 1048      52515F6E 
 1048      65737469 
 1048      6E675F6C 
 1048      6576656C 
 1049              	.LASF18:
 1050 00f9 45455F49 		.ascii	"EE_INT32\000"
 1050      4E543332 
 1050      00
 1051              	.LASF68:
ARM GAS  C:\Users\JASON\AppData\Local\Temp\ccy6Hjop.s 			page 22


 1052 0102 616C6976 		.ascii	"aliveWD_st\000"
 1052      6557445F 
 1052      737400
 1053              	.LASF64:
 1054 010d 45455F73 		.ascii	"EE_std_endcycle_next_tid\000"
 1054      74645F65 
 1054      6E646379 
 1054      636C655F 
 1054      6E657874 
 1055              	.LASF30:
 1056 0126 52435F45 		.ascii	"RC_ERROR_RANGE\000"
 1056      52524F52 
 1056      5F52414E 
 1056      474500
 1057              	.LASF14:
 1058 0135 666C6F61 		.ascii	"float\000"
 1058      7400
 1059              	.LASF50:
 1060 013b 52435F45 		.ascii	"RC_ERROR_NOT_IMPLEMENTED\000"
 1060      52524F52 
 1060      5F4E4F54 
 1060      5F494D50 
 1060      4C454D45 
 1061              	.LASF8:
 1062 0154 6C6F6E67 		.ascii	"long long int\000"
 1062      206C6F6E 
 1062      6720696E 
 1062      7400
 1063              	.LASF62:
 1064 0162 45455F6F 		.ascii	"EE_oo_IRQ_suspend_status\000"
 1064      6F5F4952 
 1064      515F7375 
 1064      7370656E 
 1064      645F7374 
 1065              	.LASF44:
 1066 017b 52435F45 		.ascii	"RC_ERROR_NOT_MATCH\000"
 1066      52524F52 
 1066      5F4E4F54 
 1066      5F4D4154 
 1066      434800
 1067              	.LASF49:
 1068 018e 52435F45 		.ascii	"RC_ERROR_UNKNOWN\000"
 1068      52524F52 
 1068      5F554E4B 
 1068      4E4F574E 
 1068      00
 1069              	.LASF6:
 1070 019f 6C6F6E67 		.ascii	"long int\000"
 1070      20696E74 
 1070      00
 1071              	.LASF32:
 1072 01a8 52435F45 		.ascii	"RC_ERROR_UNDERRUN\000"
 1072      52524F52 
 1072      5F554E44 
 1072      45525255 
 1072      4E00
 1073              	.LASF35:
ARM GAS  C:\Users\JASON\AppData\Local\Temp\ccy6Hjop.s 			page 23


 1074 01ba 52435F45 		.ascii	"RC_ERROR_BUSY\000"
 1074      52524F52 
 1074      5F425553 
 1074      5900
 1075              	.LASF4:
 1076 01c8 5F5F7569 		.ascii	"__uint8_t\000"
 1076      6E74385F 
 1076      7400
 1077              	.LASF41:
 1078 01d2 52435F45 		.ascii	"RC_ERROR_INVALID\000"
 1078      52524F52 
 1078      5F494E56 
 1078      414C4944 
 1078      00
 1079              	.LASF46:
 1080 01e3 52435F45 		.ascii	"RC_ERROR_BAD_DATA\000"
 1080      52524F52 
 1080      5F424144 
 1080      5F444154 
 1080      4100
 1081              	.LASF24:
 1082 01f5 626F6F6C 		.ascii	"boolean_t\000"
 1082      65616E5F 
 1082      7400
 1083              	.LASF39:
 1084 01ff 52435F45 		.ascii	"RC_ERROR_READ_ONLY\000"
 1084      52524F52 
 1084      5F524541 
 1084      445F4F4E 
 1084      4C5900
 1085              	.LASF17:
 1086 0212 6C6F6E67 		.ascii	"long double\000"
 1086      20646F75 
 1086      626C6500 
 1087              	.LASF1:
 1088 021e 756E7369 		.ascii	"unsigned char\000"
 1088      676E6564 
 1088      20636861 
 1088      7200
 1089              	.LASF0:
 1090 022c 7369676E 		.ascii	"signed char\000"
 1090      65642063 
 1090      68617200 
 1091              	.LASF9:
 1092 0238 6C6F6E67 		.ascii	"long long unsigned int\000"
 1092      206C6F6E 
 1092      6720756E 
 1092      7369676E 
 1092      65642069 
 1093              	.LASF74:
 1094 024f 433A5C4A 		.ascii	"C:\\Jason\\EIT\\Semester_02\\01_EAA\\Lab\\Assignmen"
 1094      61736F6E 
 1094      5C454954 
 1094      5C53656D 
 1094      65737465 
 1095 027c 745F315C 		.ascii	"t_1\\01_Electronic_GasPedal.cydsn\000"
 1095      30315F45 
ARM GAS  C:\Users\JASON\AppData\Local\Temp\ccy6Hjop.s 			page 24


 1095      6C656374 
 1095      726F6E69 
 1095      635F4761 
 1096              	.LASF10:
 1097 029d 756E7369 		.ascii	"unsigned int\000"
 1097      676E6564 
 1097      20696E74 
 1097      00
 1098              	.LASF37:
 1099 02aa 52435F45 		.ascii	"RC_ERROR_OPEN\000"
 1099      52524F52 
 1099      5F4F5045 
 1099      4E00
 1100              	.LASF27:
 1101 02b8 52435F45 		.ascii	"RC_ERROR_NULL\000"
 1101      52524F52 
 1101      5F4E554C 
 1101      4C00
 1102              	.LASF34:
 1103 02c6 52435F45 		.ascii	"RC_ERROR_BUFFER_EMTPY\000"
 1103      52524F52 
 1103      5F425546 
 1103      4645525F 
 1103      454D5450 
 1104              	.LASF53:
 1105 02dc 54494D45 		.ascii	"TIMEOUT_16_TICKS\000"
 1105      4F55545F 
 1105      31365F54 
 1105      49434B53 
 1105      00
 1106              	.LASF66:
 1107 02ed 43795265 		.ascii	"CyResetStatus\000"
 1107      73657453 
 1107      74617475 
 1107      7300
 1108              	.LASF3:
 1109 02fb 73686F72 		.ascii	"short unsigned int\000"
 1109      7420756E 
 1109      7369676E 
 1109      65642069 
 1109      6E7400
 1110              	.LASF52:
 1111 030e 54494D45 		.ascii	"TIMEOUT_2_TICKS\000"
 1111      4F55545F 
 1111      325F5449 
 1111      434B5300 
 1112              	.LASF72:
 1113 031e 474E5520 		.ascii	"GNU C11 5.4.1 20160609 (release) [ARM/embedded-5-br"
 1113      43313120 
 1113      352E342E 
 1113      31203230 
 1113      31363036 
 1114 0351 616E6368 		.ascii	"anch revision 237715] -mcpu=cortex-m3 -mthumb -g -O"
 1114      20726576 
 1114      6973696F 
 1114      6E203233 
 1114      37373135 
ARM GAS  C:\Users\JASON\AppData\Local\Temp\ccy6Hjop.s 			page 25


 1115 0384 67202D66 		.ascii	"g -ffunction-sections -ffat-lto-objects\000"
 1115      66756E63 
 1115      74696F6E 
 1115      2D736563 
 1115      74696F6E 
 1116              	.LASF16:
 1117 03ac 63686172 		.ascii	"char\000"
 1117      00
 1118              	.LASF33:
 1119 03b1 52435F45 		.ascii	"RC_ERROR_BUFFER_FULL\000"
 1119      52524F52 
 1119      5F425546 
 1119      4645525F 
 1119      46554C4C 
 1120              	.LASF12:
 1121 03c6 696E7433 		.ascii	"int32_t\000"
 1121      325F7400 
 1122              	.LASF54:
 1123 03ce 54494D45 		.ascii	"TIMEOUT_128_TICKS\000"
 1123      4F55545F 
 1123      3132385F 
 1123      5449434B 
 1123      5300
 1124              	.LASF70:
 1125 03e0 43795764 		.ascii	"CyWdtStart\000"
 1125      74537461 
 1125      727400
 1126              	.LASF42:
 1127 03eb 52435F45 		.ascii	"RC_ERROR_READ_FAILS\000"
 1127      52524F52 
 1127      5F524541 
 1127      445F4641 
 1127      494C5300 
 1128              	.LASF45:
 1129 03ff 52435F45 		.ascii	"RC_ERROR_BAD_PARAM\000"
 1129      52524F52 
 1129      5F424144 
 1129      5F504152 
 1129      414D00
 1130              	.LASF56:
 1131 0412 5744545F 		.ascii	"WDT_TimeOut_t\000"
 1131      54696D65 
 1131      4F75745F 
 1131      7400
 1132              	.LASF63:
 1133 0420 45455F41 		.ascii	"EE_ApplicationMode\000"
 1133      70706C69 
 1133      63617469 
 1133      6F6E4D6F 
 1133      646500
 1134              	.LASF7:
 1135 0433 6C6F6E67 		.ascii	"long unsigned int\000"
 1135      20756E73 
 1135      69676E65 
 1135      6420696E 
 1135      7400
 1136              	.LASF15:
ARM GAS  C:\Users\JASON\AppData\Local\Temp\ccy6Hjop.s 			page 26


 1137 0445 646F7562 		.ascii	"double\000"
 1137      6C6500
 1138              	.LASF38:
 1139 044c 52435F45 		.ascii	"RC_ERROR_CHECKSUM\000"
 1139      52524F52 
 1139      5F434845 
 1139      434B5355 
 1139      4D00
 1140              	.LASF20:
 1141 045e 45455F55 		.ascii	"EE_UREG\000"
 1141      52454700 
 1142              	.LASF73:
 1143 0466 736F7572 		.ascii	"source\\bsw\\watchdog.c\000"
 1143      63655C62 
 1143      73775C77 
 1143      61746368 
 1143      646F672E 
 1144              	.LASF5:
 1145 047c 5F5F696E 		.ascii	"__int32_t\000"
 1145      7433325F 
 1145      7400
 1146              	.LASF55:
 1147 0486 54494D45 		.ascii	"TIMEOUT_1024_TICKS\000"
 1147      4F55545F 
 1147      31303234 
 1147      5F544943 
 1147      4B5300
 1148              	.LASF58:
 1149 0499 57445F41 		.ascii	"WD_Alive\000"
 1149      6C697665 
 1149      00
 1150              	.LASF69:
 1151 04a2 7764745F 		.ascii	"wdt_test\000"
 1151      74657374 
 1151      00
 1152              	.LASF47:
 1153 04ab 52435F45 		.ascii	"RC_ERROR_CANCELED\000"
 1153      52524F52 
 1153      5F43414E 
 1153      43454C45 
 1153      4400
 1154              	.LASF67:
 1155 04bd 49544D5F 		.ascii	"ITM_RxBuffer\000"
 1155      52784275 
 1155      66666572 
 1155      00
 1156              	.LASF26:
 1157 04ca 52435F45 		.ascii	"RC_ERROR\000"
 1157      52524F52 
 1157      00
 1158              	.LASF29:
 1159 04d3 52435F45 		.ascii	"RC_ERROR_MEMORY\000"
 1159      52524F52 
 1159      5F4D454D 
 1159      4F525900 
 1160              	.LASF61:
 1161 04e3 45455F6F 		.ascii	"EE_oo_IRQ_disable_count\000"
ARM GAS  C:\Users\JASON\AppData\Local\Temp\ccy6Hjop.s 			page 27


 1161      6F5F4952 
 1161      515F6469 
 1161      7361626C 
 1161      655F636F 
 1162              	.LASF59:
 1163 04fb 74696D65 		.ascii	"timeout\000"
 1163      6F757400 
 1164              	.LASF51:
 1165 0503 52435F74 		.ascii	"RC_t\000"
 1165      00
 1166              	.LASF71:
 1167 0508 43795764 		.ascii	"CyWdtClear\000"
 1167      74436C65 
 1167      617200
 1168              	.LASF36:
 1169 0513 52435F45 		.ascii	"RC_ERROR_TIME_OUT\000"
 1169      52524F52 
 1169      5F54494D 
 1169      455F4F55 
 1169      5400
 1170              		.ident	"GCC: (GNU Tools for ARM Embedded Processors) 5.4.1 20160609 (release) [ARM/embedded-5-bran
